#
# A fatal error has been detected by the Java Runtime Environment:
#
#  SIGSEGV (0xb) at pc=0x00000001287904d3, pid=994, tid=0x0000000000000307
#
# JRE version: Java(TM) SE Runtime Environment (8.0_111-b14) (build 1.8.0_111-b14)
# Java VM: Java HotSpot(TM) 64-Bit Server VM (25.111-b14 mixed mode bsd-amd64 compressed oops)
# Problematic frame:
# C  [GLEngine+0x164d3]  glScissor_Exec+0x24
#
# Failed to write core dump. Core dumps have been disabled. To enable core dumping, try "ulimit -c unlimited" before starting Java again
#
# If you would like to submit a bug report, please visit:
#   http://bugreport.java.com/bugreport/crash.jsp
# The crash happened outside the Java Virtual Machine in native code.
# See problematic frame for where to report the bug.
#

---------------  T H R E A D  ---------------

Current thread (0x00007ff62416e000):  JavaThread "AppKit Thread" daemon [_thread_in_native, id=775, stack(0x00007fff5190a000,0x00007fff5210a000)]

siginfo: si_signo: 11 (SIGSEGV), si_code: 1 (SEGV_MAPERR), si_addr: 0x0000000000009914

Registers:
RAX=0x0000000000000000, RBX=0x3015195fe16e00f7, RCX=0x0000000000000500, RDX=0x0000000000000000
RSP=0x00007fff52102b90, RBP=0x00007fff52102bb0, RSI=0x0000000000000000, RDI=0x0000000000000000
R8 =0x0000000000000320, R9 =0x0000000000000000, R10=0x0000000000000038, R11=0x0000000000000206
R12=0x00007ff6242e4800, R13=0x0000000000001b7f, R14=0x00007ff6236e1d30, R15=0x0000000000000000
RIP=0x00000001287904d3, EFLAGS=0x0000000000010206, ERR=0x0000000000000004
  TRAPNO=0x000000000000000e

Top of Stack: (sp=0x00007fff52102b90)
0x00007fff52102b90:   0000000000000000 0000032000000500
0x00007fff52102ba0:   3015195fe16e00f7 0000000000001019
0x00007fff52102bb0:   00007fff52102c20 00007fffbb562a6f
0x00007fff52102bc0:   0000101900000117 00007fffb42a82fb
0x00007fff52102bd0:   3ff0000000000000 00000000c2000000
0x00007fff52102be0:   00007fffb4822015 4094000000000000
0x00007fff52102bf0:   4089000000000000 00007ff6235b0930
0x00007fff52102c00:   0000000000000117 0000000000001b7f
0x00007fff52102c10:   00007fffcb413040 00007ff6235b57c0
0x00007fff52102c20:   00007fff52102c70 00007fffb438efc4
0x00007fff52102c30:   0000000000000000 00007ff62358dc80
0x00007fff52102c40:   00007ff6242e4800 00007fff52102cf8
0x00007fff52102c50:   00007fffb4ce3024 00007ff62358dc80
0x00007fff52102c60:   00007fffb4d26777 00007ff6235b0930
0x00007fff52102c70:   00007fff52102cb0 00007fffb4748f3f
0x00007fff52102c80:   0000000000000000 0000000000000000
0x00007fff52102c90:   0000000000000094 00007fffb4d0919d
0x00007fff52102ca0:   00007fff52102cf8 0000000000000001
0x00007fff52102cb0:   00007fff52102ce0 00007fffb41d3118
0x00007fff52102cc0:   0000000000000000 00007ff6235b0930
0x00007fff52102cd0:   00007ff62358dc80 0000000000000000
0x00007fff52102ce0:   00007fff52102d40 00007fffb437b87c
0x00007fff52102cf0:   0000000000000000 00007fffd4bf7060
0x00007fff52102d00:   00000000c2000000 00007fffb4748e6c
0x00007fff52102d10:   00007fffd0ccecf0 0000000000000000
0x00007fff52102d20:   00007ff6235b0930 00007ff62358dc80
0x00007fff52102d30:   00007ff62358dc80 00007ff6235b0930
0x00007fff52102d40:   00007fff52102d70 000000012a903586
0x00007fff52102d50:   00007ff62358dc80 000000012a937c60
0x00007fff52102d60:   00007ff623672660 00007ff623672660
0x00007fff52102d70:   00007fff521032e0 00007fffb41f624b
0x00007fff52102d80:   0000000000000000 0000000000000000 

Instructions: (pc=0x00000001287904d3)
0x00000001287904b3:   53 48 83 ec 18 48 8b 1d 51 0b 19 00 48 8b 1b 48
0x00000001287904c3:   89 5d f0 89 75 e0 89 55 e4 89 4d e8 44 89 45 ec
0x00000001287904d3:   66 83 bf 14 99 00 00 00 78 15 66 83 bf a8 9f 00
0x00000001287904e3:   00 00 75 1b 66 c7 87 a8 9f 00 00 02 05 eb 10 48 

Register to memory mapping:

RAX=0x0000000000000000 is an unknown value
RBX=0x3015195fe16e00f7 is an unknown value
RCX=0x0000000000000500 is an unknown value
RDX=0x0000000000000000 is an unknown value
RSP=0x00007fff52102b90 is pointing into the stack for thread: 0x00007ff62416e000
RBP=0x00007fff52102bb0 is pointing into the stack for thread: 0x00007ff62416e000
RSI=0x0000000000000000 is an unknown value
RDI=0x0000000000000000 is an unknown value
R8 =0x0000000000000320 is an unknown value
R9 =0x0000000000000000 is an unknown value
R10=0x0000000000000038 is an unknown value
R11=0x0000000000000206 is an unknown value
R12=0x00007ff6242e4800 is an unknown value
R13=0x0000000000001b7f is an unknown value
R14=0x00007ff6236e1d30 is an unknown value
R15=0x0000000000000000 is an unknown value


Stack: [0x00007fff5190a000,0x00007fff5210a000],  sp=0x00007fff52102b90,  free space=8162k
Native frames: (J=compiled Java code, j=interpreted, Vv=VM code, C=native code)
C  [GLEngine+0x164d3]  glScissor_Exec+0x24
C  [OpenGL+0x7a6f]  CGLSetSurface+0x17f
C  [AppKit+0x335fc4]  NSOpenGLContextAttachOnScreenViewSurface+0x187
C  [AppKit+0x6eff3f]  __27-[NSOpenGLContext setView:]_block_invoke+0xd3
C  [AppKit+0x17a118]  NSPerformVisuallyAtomicChange+0x93
C  [AppKit+0x32287c]  -[NSOpenGLContext setView:]+0x69
C  [liblwjgl.dylib+0xa586]  -[MacOSXOpenGLView lockFocus]+0x76
C  [AppKit+0x19d24b]  -[NSView _recursiveDisplayRectIfNeededIgnoringOpacity:isVisibleRect:rectIsVisibleRectForView:topView:]+0x6ee
C  [AppKit+0x19daa1]  -[NSView _recursiveDisplayRectIfNeededIgnoringOpacity:isVisibleRect:rectIsVisibleRectForView:topView:]+0xf44
C  [AppKit+0x19c67f]  -[NSThemeFrame _recursiveDisplayRectIfNeededIgnoringOpacity:isVisibleRect:rectIsVisibleRectForView:topView:]+0x14e
C  [AppKit+0x19aaa8]  -[NSView _displayRectIgnoringOpacity:isVisibleRect:rectIsVisibleRectForView:]+0x994
C  [AppKit+0x19639a]  -[NSView displayIfNeeded]+0x6d4
C  [AppKit+0x195cab]  -[NSWindow displayIfNeeded]+0xe6
C  [AppKit+0x8f5d24]  ___NSWindowGetDisplayCycleObserver_block_invoke.6228+0x115
C  [AppKit+0x195789]  __37+[NSDisplayCycle currentDisplayCycle]_block_invoke+0x1c6
C  [QuartzCore+0x11dc6]  _ZN2CA11Transaction19run_commit_handlersE18CATransactionPhase+0x2e
C  [QuartzCore+0x11b8f0]  _ZN2CA7Context18commit_transactionEPNS_11TransactionE+0xa0
C  [QuartzCore+0x108a1]  _ZN2CA11Transaction6commitEv+0x1db
C  [AppKit+0x478b99]  __37+[NSDisplayCycle currentDisplayCycle]_block_invoke.31+0x143
C  [CoreFoundation+0xa6dd7]  __CFRUNLOOP_IS_CALLING_OUT_TO_AN_OBSERVER_CALLBACK_FUNCTION__+0x17
C  [CoreFoundation+0xa6d47]  __CFRunLoopDoObservers+0x187
C  [CoreFoundation+0x87789]  __CFRunLoopRun+0x369
C  [CoreFoundation+0x871c4]  CFRunLoopRunSpecific+0x1a4
C  [HIToolbox+0x30ebc]  RunCurrentEventLoopInMode+0xf0
C  [HIToolbox+0x30bf9]  ReceiveNextEventCommon+0xb8
C  [HIToolbox+0x30b26]  _BlockUntilNextEventMatchingListInModeWithFilter+0x47
C  [AppKit+0x46e24]  _DPSNextEvent+0x460
C  [AppKit+0x7c285e]  -[NSApplication(NSEvent) _nextEventMatchingEventMask:untilDate:inMode:dequeue:]+0xaec
C  [libosxapp.dylib+0x23aa]  -[NSApplicationAWT nextEventMatchingMask:untilDate:inMode:dequeue:]+0x7c
C  [AppKit+0x3b7ab]  -[NSApplication run]+0x39e
C  [libosxapp.dylib+0x214d]  +[NSApplicationAWT runAWTLoopWithApp:]+0x9c
C  [libawt_lwawt.dylib+0x444b3]  -[AWTStarter starter:]+0x389
C  [Foundation+0x7184a]  __NSThreadPerformPerform+0x146
C  [CoreFoundation+0xa73c1]  __CFRUNLOOP_IS_CALLING_OUT_TO_A_SOURCE0_PERFORM_FUNCTION__+0x11
C  [CoreFoundation+0x882cd]  __CFRunLoopDoSources0+0x22d
C  [CoreFoundation+0x877c6]  __CFRunLoopRun+0x3a6
C  [CoreFoundation+0x871c4]  CFRunLoopRunSpecific+0x1a4
C  [java+0x6465]  CreateExecutionEnvironment+0x367
C  [java+0x218c]  JLI_Launch+0x7a0
C  [java+0x84c2]  main+0x65
C  [java+0x19e4]  start+0x34
C  0x0000000000000005


---------------  P R O C E S S  ---------------

Java Threads: ( => current thread )
  0x00007ff629029800 JavaThread "AWT-Shutdown" [_thread_blocked, id=4643, stack(0x000070000feea000,0x000070000ffea000)]
  0x00007ff624a81800 JavaThread "Java2D Queue Flusher" daemon [_thread_blocked, id=64015, stack(0x0000700010279000,0x0000700010379000)]
  0x00007ff624356800 JavaThread "Java2D Disposer" daemon [_thread_blocked, id=60203, stack(0x0000700010176000,0x0000700010276000)]
=>0x00007ff62416e000 JavaThread "AppKit Thread" daemon [_thread_in_native, id=775, stack(0x00007fff5190a000,0x00007fff5210a000)]
  0x00007ff625017000 JavaThread "Service Thread" daemon [_thread_blocked, id=18691, stack(0x000070000fce4000,0x000070000fde4000)]
  0x00007ff62483b800 JavaThread "C1 CompilerThread2" daemon [_thread_blocked, id=18179, stack(0x000070000fbe1000,0x000070000fce1000)]
  0x00007ff62482e000 JavaThread "C2 CompilerThread1" daemon [_thread_blocked, id=17667, stack(0x000070000fade000,0x000070000fbde000)]
  0x00007ff624839800 JavaThread "C2 CompilerThread0" daemon [_thread_blocked, id=17155, stack(0x000070000f9db000,0x000070000fadb000)]
  0x00007ff624838800 JavaThread "Signal Dispatcher" daemon [_thread_blocked, id=16643, stack(0x000070000f8d8000,0x000070000f9d8000)]
  0x00007ff624036000 JavaThread "Finalizer" daemon [_thread_blocked, id=12547, stack(0x000070000f7d5000,0x000070000f8d5000)]
  0x00007ff624035800 JavaThread "Reference Handler" daemon [_thread_blocked, id=12035, stack(0x000070000f6d2000,0x000070000f7d2000)]
  0x00007ff62500a000 JavaThread "main" [_thread_in_native, id=7171, stack(0x000070000f0c0000,0x000070000f1c0000)]

Other Threads:
  0x00007ff624030800 VMThread [stack: 0x000070000f5cf000,0x000070000f6cf000] [id=11523]
  0x00007ff623822000 WatcherThread [stack: 0x000070000fde7000,0x000070000fee7000] [id=19203]

VM state:not at safepoint (normal execution)

VM Mutex/Monitor currently owned by a thread: None

Heap:
 PSYoungGen      total 67072K, used 5600K [0x0000000795580000, 0x000000079ea00000, 0x00000007c0000000)
  eden space 61952K, 8% used [0x0000000795580000,0x0000000795ab81c8,0x0000000799200000)
  from space 5120K, 5% used [0x0000000799200000,0x0000000799240000,0x0000000799700000)
  to   space 25600K, 0% used [0x000000079d100000,0x000000079d100000,0x000000079ea00000)
 ParOldGen       total 110080K, used 55416K [0x0000000740000000, 0x0000000746b80000, 0x0000000795580000)
  object space 110080K, 50% used [0x0000000740000000,0x000000074361e1a8,0x0000000746b80000)
 Metaspace       used 10702K, capacity 10865K, committed 11264K, reserved 1058816K
  class space    used 1108K, capacity 1183K, committed 1280K, reserved 1048576K

Card table byte_map: [0x000000010f81a000,0x000000010fc1b000] byte_map_base: 0x000000010be1a000

Marking Bits: (ParMarkBitMap*) 0x000000010ecefd20
 Begin Bits: [0x000000010fec6000, 0x0000000111ec6000)
 End Bits:   [0x0000000111ec6000, 0x0000000113ec6000)

Polling page: 0x000000010dbb6000

CodeCache: size=245760Kb used=5298Kb max_used=5309Kb free=240461Kb
 bounds [0x0000000115ef8000, 0x0000000116438000, 0x0000000124ef8000]
 total_blobs=1858 nmethods=1332 adapters=440
 compilation: enabled

Compilation events (10 events):
Event: 59.367 Thread 0x00007ff62483b800 1329   !   3       java.text.DecimalFormat::format (390 bytes)
Event: 59.368 Thread 0x00007ff62483b800 nmethod 1329 0x0000000116423b10 code [0x0000000116423e60, 0x0000000116425e38]
Event: 59.368 Thread 0x00007ff62483b800 1330       3       java.lang.Double::isNaN (12 bytes)
Event: 59.368 Thread 0x00007ff62483b800 nmethod 1330 0x0000000116404c50 code [0x0000000116404dc0, 0x0000000116404f70]
Event: 59.368 Thread 0x00007ff62483b800 1332       3       java.text.DigitList::getDataChars (28 bytes)
Event: 59.368 Thread 0x00007ff62483b800 nmethod 1332 0x00000001164046d0 code [0x0000000116404840, 0x0000000116404ad0]
Event: 59.922 Thread 0x00007ff62483b800 1334       3       java.text.DigitList::shouldRoundUp (417 bytes)
Event: 59.924 Thread 0x00007ff62483b800 nmethod 1334 0x0000000116426890 code [0x0000000116426ae0, 0x0000000116427928]
Event: 61.256 Thread 0x00007ff624839800 1335       4       org.newdawn.slick.geom.Rectangle::intersects (108 bytes)
Event: 61.257 Thread 0x00007ff624839800 nmethod 1335 0x000000011642ac10 code [0x000000011642ad60, 0x000000011642ae38]

GC Heap History (10 events):
Event: 1.759 GC heap before
{Heap before GC invocations=2 (full 0):
 PSYoungGen      total 38400K, used 38375K [0x0000000795580000, 0x0000000798000000, 0x00000007c0000000)
  eden space 33280K, 100% used [0x0000000795580000,0x0000000797600000,0x0000000797600000)
  from space 5120K, 99% used [0x0000000797600000,0x0000000797af9fd0,0x0000000797b00000)
  to   space 5120K, 0% used [0x0000000797b00000,0x0000000797b00000,0x0000000798000000)
 ParOldGen       total 87552K, used 18738K [0x0000000740000000, 0x0000000745580000, 0x0000000795580000)
  object space 87552K, 21% used [0x0000000740000000,0x000000074124c870,0x0000000745580000)
 Metaspace       used 9030K, capacity 9219K, committed 9472K, reserved 1058816K
  class space    used 940K, capacity 1020K, committed 1024K, reserved 1048576K
Event: 1.764 GC heap after
Heap after GC invocations=2 (full 0):
 PSYoungGen      total 38400K, used 4694K [0x0000000795580000, 0x000000079a080000, 0x00000007c0000000)
  eden space 33280K, 0% used [0x0000000795580000,0x0000000795580000,0x0000000797600000)
  from space 5120K, 91% used [0x0000000797b00000,0x0000000797f95878,0x0000000798000000)
  to   space 5120K, 0% used [0x0000000797600000,0x0000000797600000,0x0000000797b00000)
 ParOldGen       total 87552K, used 18746K [0x0000000740000000, 0x0000000745580000, 0x0000000795580000)
  object space 87552K, 21% used [0x0000000740000000,0x000000074124e870,0x0000000745580000)
 Metaspace       used 9030K, capacity 9219K, committed 9472K, reserved 1058816K
  class space    used 940K, capacity 1020K, committed 1024K, reserved 1048576K
}
Event: 1.903 GC heap before
{Heap before GC invocations=3 (full 0):
 PSYoungGen      total 38400K, used 34896K [0x0000000795580000, 0x000000079a080000, 0x00000007c0000000)
  eden space 33280K, 90% used [0x0000000795580000,0x00000007972fe8b0,0x0000000797600000)
  from space 5120K, 91% used [0x0000000797b00000,0x0000000797f95878,0x0000000798000000)
  to   space 5120K, 0% used [0x0000000797600000,0x0000000797600000,0x0000000797b00000)
 ParOldGen       total 87552K, used 18746K [0x0000000740000000, 0x0000000745580000, 0x0000000795580000)
  object space 87552K, 21% used [0x0000000740000000,0x000000074124e870,0x0000000745580000)
 Metaspace       used 10047K, capacity 10257K, committed 10368K, reserved 1058816K
  class space    used 1071K, capacity 1151K, committed 1152K, reserved 1048576K
Event: 1.924 GC heap after
Heap after GC invocations=3 (full 0):
 PSYoungGen      total 38400K, used 4736K [0x0000000795580000, 0x000000079a080000, 0x00000007c0000000)
  eden space 33280K, 0% used [0x0000000795580000,0x0000000795580000,0x0000000797600000)
  from space 5120K, 92% used [0x0000000797600000,0x0000000797aa0020,0x0000000797b00000)
  to   space 5120K, 0% used [0x0000000799b80000,0x0000000799b80000,0x000000079a080000)
 ParOldGen       total 87552K, used 55618K [0x0000000740000000, 0x0000000745580000, 0x0000000795580000)
  object space 87552K, 63% used [0x0000000740000000,0x00000007436508a0,0x0000000745580000)
 Metaspace       used 10047K, capacity 10257K, committed 10368K, reserved 1058816K
  class space    used 1071K, capacity 1151K, committed 1152K, reserved 1048576K
}
Event: 1.924 GC heap before
{Heap before GC invocations=4 (full 1):
 PSYoungGen      total 38400K, used 4736K [0x0000000795580000, 0x000000079a080000, 0x00000007c0000000)
  eden space 33280K, 0% used [0x0000000795580000,0x0000000795580000,0x0000000797600000)
  from space 5120K, 92% used [0x0000000797600000,0x0000000797aa0020,0x0000000797b00000)
  to   space 5120K, 0% used [0x0000000799b80000,0x0000000799b80000,0x000000079a080000)
 ParOldGen       total 87552K, used 55618K [0x0000000740000000, 0x0000000745580000, 0x0000000795580000)
  object space 87552K, 63% used [0x0000000740000000,0x00000007436508a0,0x0000000745580000)
 Metaspace       used 10047K, capacity 10257K, committed 10368K, reserved 1058816K
  class space    used 1071K, capacity 1151K, committed 1152K, reserved 1048576K
Event: 1.953 GC heap after
Heap after GC invocations=4 (full 1):
 PSYoungGen      total 38400K, used 0K [0x0000000795580000, 0x000000079a080000, 0x00000007c0000000)
  eden space 33280K, 0% used [0x0000000795580000,0x0000000795580000,0x0000000797600000)
  from space 5120K, 0% used [0x0000000797600000,0x0000000797600000,0x0000000797b00000)
  to   space 5120K, 0% used [0x0000000799b80000,0x0000000799b80000,0x000000079a080000)
 ParOldGen       total 110080K, used 23000K [0x0000000740000000, 0x0000000746b80000, 0x0000000795580000)
  object space 110080K, 20% used [0x0000000740000000,0x0000000741676168,0x0000000746b80000)
 Metaspace       used 10047K, capacity 10257K, committed 10368K, reserved 1058816K
  class space    used 1071K, capacity 1151K, committed 1152K, reserved 1048576K
}
Event: 2.093 GC heap before
{Heap before GC invocations=5 (full 1):
 PSYoungGen      total 38400K, used 33280K [0x0000000795580000, 0x000000079a080000, 0x00000007c0000000)
  eden space 33280K, 100% used [0x0000000795580000,0x0000000797600000,0x0000000797600000)
  from space 5120K, 0% used [0x0000000797600000,0x0000000797600000,0x0000000797b00000)
  to   space 5120K, 0% used [0x0000000799b80000,0x0000000799b80000,0x000000079a080000)
 ParOldGen       total 110080K, used 23000K [0x0000000740000000, 0x0000000746b80000, 0x0000000795580000)
  object space 110080K, 20% used [0x0000000740000000,0x0000000741676168,0x0000000746b80000)
 Metaspace       used 10095K, capacity 10321K, committed 10624K, reserved 1058816K
  class space    used 1074K, capacity 1151K, committed 1152K, reserved 1048576K
Event: 2.098 GC heap after
Heap after GC invocations=5 (full 1):
 PSYoungGen      total 59392K, used 128K [0x0000000795580000, 0x0000000799c00000, 0x00000007c0000000)
  eden space 58880K, 0% used [0x0000000795580000,0x0000000795580000,0x0000000798f00000)
  from space 512K, 25% used [0x0000000799b80000,0x0000000799ba0000,0x0000000799c00000)
  to   space 5120K, 0% used [0x0000000799200000,0x0000000799200000,0x0000000799700000)
 ParOldGen       total 110080K, used 55408K [0x0000000740000000, 0x0000000746b80000, 0x0000000795580000)
  object space 110080K, 50% used [0x0000000740000000,0x000000074361c1a8,0x0000000746b80000)
 Metaspace       used 10095K, capacity 10321K, committed 10624K, reserved 1058816K
  class space    used 1074K, capacity 1151K, committed 1152K, reserved 1048576K
}
Event: 54.689 GC heap before
{Heap before GC invocations=6 (full 1):
 PSYoungGen      total 59392K, used 59008K [0x0000000795580000, 0x0000000799c00000, 0x00000007c0000000)
  eden space 58880K, 100% used [0x0000000795580000,0x0000000798f00000,0x0000000798f00000)
  from space 512K, 25% used [0x0000000799b80000,0x0000000799ba0000,0x0000000799c00000)
  to   space 5120K, 0% used [0x0000000799200000,0x0000000799200000,0x0000000799700000)
 ParOldGen       total 110080K, used 55408K [0x0000000740000000, 0x0000000746b80000, 0x0000000795580000)
  object space 110080K, 50% used [0x0000000740000000,0x000000074361c1a8,0x0000000746b80000)
 Metaspace       used 10682K, capacity 10865K, committed 11264K, reserved 1058816K
  class space    used 1108K, capacity 1183K, committed 1280K, reserved 1048576K
Event: 54.691 GC heap after
Heap after GC invocations=6 (full 1):
 PSYoungGen      total 67072K, used 256K [0x0000000795580000, 0x000000079ea00000, 0x00000007c0000000)
  eden space 61952K, 0% used [0x0000000795580000,0x0000000795580000,0x0000000799200000)
  from space 5120K, 5% used [0x0000000799200000,0x0000000799240000,0x0000000799700000)
  to   space 25600K, 0% used [0x000000079d100000,0x000000079d100000,0x000000079ea00000)
 ParOldGen       total 110080K, used 55416K [0x0000000740000000, 0x0000000746b80000, 0x0000000795580000)
  object space 110080K, 50% used [0x0000000740000000,0x000000074361e1a8,0x0000000746b80000)
 Metaspace       used 10682K, capacity 10865K, committed 11264K, reserved 1058816K
  class space    used 1108K, capacity 1183K, committed 1280K, reserved 1048576K
}

Deoptimization events (10 events):
Event: 1.452 Thread 0x00007ff62500a000 Uncommon trap: reason=class_check action=maybe_recompile pc=0x000000011613f2b0 method=java.util.HashMap.putVal(ILjava/lang/Object;Ljava/lang/Object;ZZ)Ljava/lang/Object; @ 253
Event: 2.156 Thread 0x00007ff62500a000 Uncommon trap: reason=unstable_if action=reinterpret pc=0x00000001161f8b4c method=java.awt.image.ComponentColorModel.getDataElements(ILjava/lang/Object;)Ljava/lang/Object; @ 2993
Event: 2.156 Thread 0x00007ff62500a000 Uncommon trap: reason=unstable_if action=reinterpret pc=0x00000001161d8bec method=sun.awt.image.ByteInterleavedRaster.getDataElements(IILjava/lang/Object;)Ljava/lang/Object; @ 43
Event: 2.624 Thread 0x00007ff62500a000 Uncommon trap: reason=unstable_if action=reinterpret pc=0x00000001162184bc method=java.nio.DirectByteBuffer.put([BII)Ljava/nio/ByteBuffer; @ 8
Event: 27.692 Thread 0x00007ff62500a000 Uncommon trap: reason=unstable_if action=reinterpret pc=0x000000011635db60 method=org.newdawn.slick.Image.draw(FFFFLorg/newdawn/slick/Color;)V @ 80
Event: 28.770 Thread 0x00007ff62500a000 Uncommon trap: reason=unstable_if action=reinterpret pc=0x000000011636b5fc method=org.newdawn.slick.geom.Shape.calculateTriangles()V @ 4
Event: 29.440 Thread 0x00007ff62500a000 Uncommon trap: reason=unstable_if action=reinterpret pc=0x0000000116331030 method=org.newdawn.slick.AngelCodeFont.drawString(FFLjava/lang/String;Lorg/newdawn/slick/Color;II)V @ 110
Event: 34.425 Thread 0x00007ff62500a000 Uncommon trap: reason=predicate action=maybe_recompile pc=0x000000011639b6c4 method=java.util.ArrayList.indexOf(Ljava/lang/Object;)I @ 44
Event: 47.488 Thread 0x00007ff62426d800 Uncommon trap: reason=unstable_if action=reinterpret pc=0x000000011639e178 method=java.util.HashMap.keySet()Ljava/util/Set; @ 6
Event: 48.156 Thread 0x00007ff62416e000 Uncommon trap: reason=unstable_if action=reinterpret pc=0x00000001163e5238 method=sun.awt.AWTAutoShutdown.setToolkitBusy(Z)V @ 38

Internal exceptions (10 events):
Event: 0.241 Thread 0x00007ff62500a000 Exception <a 'java/security/PrivilegedActionException'> (0x00000007957ed5e8) thrown at [/Users/java_re/workspace/8-2-build-macosx-x86_64/jdk8u111/7883/hotspot/src/share/vm/prims/jvm.cpp, line 1386]
Event: 0.241 Thread 0x00007ff62500a000 Exception <a 'java/security/PrivilegedActionException'> (0x00000007957f0ad8) thrown at [/Users/java_re/workspace/8-2-build-macosx-x86_64/jdk8u111/7883/hotspot/src/share/vm/prims/jvm.cpp, line 1386]
Event: 0.241 Thread 0x00007ff62500a000 Exception <a 'java/security/PrivilegedActionException'> (0x00000007957f0ce8) thrown at [/Users/java_re/workspace/8-2-build-macosx-x86_64/jdk8u111/7883/hotspot/src/share/vm/prims/jvm.cpp, line 1386]
Event: 0.334 Thread 0x00007ff62500a000 Exception <a 'java/lang/NoSuchFieldError': method resolution failed> (0x000000079592e070) thrown at [/Users/java_re/workspace/8-2-build-macosx-x86_64/jdk8u111/7883/hotspot/src/share/vm/prims/methodHandles.cpp, line 1146]
Event: 0.336 Thread 0x00007ff62500a000 Exception <a 'java/lang/NoSuchFieldError': method resolution failed> (0x000000079593b7c0) thrown at [/Users/java_re/workspace/8-2-build-macosx-x86_64/jdk8u111/7883/hotspot/src/share/vm/prims/methodHandles.cpp, line 1146]
Event: 0.636 Thread 0x00007ff62500a000 Exception <a 'java/io/FileNotFoundException'> (0x00000007959b6fe8) thrown at [/Users/java_re/workspace/8-2-build-macosx-x86_64/jdk8u111/7883/hotspot/src/share/vm/prims/jni.cpp, line 709]
Event: 0.637 Thread 0x00007ff62500a000 Exception <a 'java/io/FileNotFoundException'> (0x00000007959b7b88) thrown at [/Users/java_re/workspace/8-2-build-macosx-x86_64/jdk8u111/7883/hotspot/src/share/vm/prims/jni.cpp, line 709]
Event: 0.672 Thread 0x00007ff62500a000 Exception <a 'java/io/FileNotFoundException'> (0x0000000795a0da38) thrown at [/Users/java_re/workspace/8-2-build-macosx-x86_64/jdk8u111/7883/hotspot/src/share/vm/prims/jni.cpp, line 709]
Event: 2.156 Thread 0x00007ff62500a000 Implicit null exception at 0x00000001161f8536 to 0x00000001161f8b31
Event: 2.156 Thread 0x00007ff62500a000 Implicit null exception at 0x00000001161d89a4 to 0x00000001161d8bd1

Events (10 events):
Event: 61.835 Executing VM operation: RevokeBias
Event: 61.835 Executing VM operation: RevokeBias done
Event: 61.836 Thread 0x00007ff629829000 Thread exited: 0x00007ff629829000
Event: 64.702 Thread 0x00007ff623952000 Thread added: 0x00007ff623952000
Event: 68.029 Executing VM operation: RevokeBias
Event: 68.029 Executing VM operation: RevokeBias done
Event: 68.029 Thread 0x00007ff623952000 Thread exited: 0x00007ff623952000
Event: 70.427 Thread 0x00007ff629029800 Thread added: 0x00007ff629029800
Event: 70.510 loading class org/lwjgl/opengl/CallbackUtil
Event: 70.510 loading class org/lwjgl/opengl/CallbackUtil done


Dynamic libraries:
0x00000000411a8000 	/System/Library/Frameworks/Cocoa.framework/Versions/A/Cocoa
0x00000000411a8000 	/System/Library/Frameworks/Security.framework/Versions/A/Security
0x00000000411a8000 	/System/Library/Frameworks/ApplicationServices.framework/Versions/A/ApplicationServices
0x00000000411a8000 	/usr/lib/libz.1.dylib
0x00000000411a8000 	/usr/lib/libSystem.B.dylib
0x00000000411a8000 	/usr/lib/libobjc.A.dylib
0x00000000411a8000 	/System/Library/Frameworks/CoreFoundation.framework/Versions/A/CoreFoundation
0x00000000411a8000 	/System/Library/Frameworks/Foundation.framework/Versions/C/Foundation
0x00000000411a8000 	/System/Library/Frameworks/AppKit.framework/Versions/C/AppKit
0x00000000411a8000 	/System/Library/Frameworks/CoreData.framework/Versions/A/CoreData
0x00000000411a8000 	/System/Library/PrivateFrameworks/RemoteViewServices.framework/Versions/A/RemoteViewServices
0x00000000411a8000 	/System/Library/PrivateFrameworks/UIFoundation.framework/Versions/A/UIFoundation
0x00000000411a8000 	/System/Library/PrivateFrameworks/DFRFoundation.framework/Versions/A/DFRFoundation
0x00000000411a8000 	/usr/lib/libenergytrace.dylib
0x00000000411a8000 	/System/Library/PrivateFrameworks/SkyLight.framework/Versions/A/SkyLight
0x00000000411a8000 	/System/Library/Frameworks/CoreGraphics.framework/Versions/A/CoreGraphics
0x00000000411a8000 	/usr/lib/libScreenReader.dylib
0x00000000411a8000 	/System/Library/Frameworks/Accelerate.framework/Versions/A/Accelerate
0x00000000411a8000 	/System/Library/Frameworks/IOSurface.framework/Versions/A/IOSurface
0x00000000411a8000 	/System/Library/Frameworks/AudioToolbox.framework/Versions/A/AudioToolbox
0x00000000411a8000 	/System/Library/Frameworks/AudioUnit.framework/Versions/A/AudioUnit
0x00000000411a8000 	/System/Library/PrivateFrameworks/DataDetectorsCore.framework/Versions/A/DataDetectorsCore
0x00000000411a8000 	/System/Library/PrivateFrameworks/DesktopServicesPriv.framework/Versions/A/DesktopServicesPriv
0x00000000411a8000 	/System/Library/Frameworks/Carbon.framework/Versions/A/Frameworks/HIToolbox.framework/Versions/A/HIToolbox
0x00000000411a8000 	/usr/lib/libicucore.A.dylib
0x00000000411a8000 	/System/Library/Frameworks/QuartzCore.framework/Versions/A/QuartzCore
0x00000000411a8000 	/System/Library/Frameworks/Carbon.framework/Versions/A/Frameworks/SpeechRecognition.framework/Versions/A/SpeechRecognition
0x00000000411a8000 	/usr/lib/libauto.dylib
0x00000000411a8000 	/usr/lib/libxml2.2.dylib
0x00000000411a8000 	/System/Library/PrivateFrameworks/CoreUI.framework/Versions/A/CoreUI
0x00000000411a8000 	/System/Library/Frameworks/CoreAudio.framework/Versions/A/CoreAudio
0x00000000411a8000 	/System/Library/Frameworks/DiskArbitration.framework/Versions/A/DiskArbitration
0x00000000411a8000 	/usr/lib/liblangid.dylib
0x00000000411a8000 	/System/Library/PrivateFrameworks/MultitouchSupport.framework/Versions/A/MultitouchSupport
0x00000000411a8000 	/System/Library/Frameworks/IOKit.framework/Versions/A/IOKit
0x00000000411a8000 	/usr/lib/libDiagnosticMessagesClient.dylib
0x00000000411a8000 	/System/Library/Frameworks/CoreServices.framework/Versions/A/CoreServices
0x00000000411a8000 	/System/Library/PrivateFrameworks/PerformanceAnalysis.framework/Versions/A/PerformanceAnalysis
0x00000000411a8000 	/System/Library/PrivateFrameworks/GenerationalStorage.framework/Versions/A/GenerationalStorage
0x00000000411a8000 	/System/Library/Frameworks/OpenGL.framework/Versions/A/OpenGL
0x00000000411a8000 	/System/Library/Frameworks/CoreImage.framework/Versions/A/CoreImage
0x00000000411a8000 	/System/Library/Frameworks/CoreText.framework/Versions/A/CoreText
0x00000000411a8000 	/System/Library/Frameworks/ImageIO.framework/Versions/A/ImageIO
0x00000000411a8000 	/System/Library/PrivateFrameworks/Backup.framework/Versions/A/Backup
0x00000000411a8000 	/usr/lib/libarchive.2.dylib
0x00000000411a8000 	/System/Library/Frameworks/CFNetwork.framework/Versions/A/CFNetwork
0x00000000411a8000 	/System/Library/Frameworks/SystemConfiguration.framework/Versions/A/SystemConfiguration
0x00000000411a8000 	/usr/lib/libCRFSuite.dylib
0x00000000411a8000 	/usr/lib/libc++.1.dylib
0x00000000411a8000 	/usr/lib/libc++abi.dylib
0x00000000411a8000 	/usr/lib/system/libcache.dylib
0x00000000411a8000 	/usr/lib/system/libcommonCrypto.dylib
0x00000000411a8000 	/usr/lib/system/libcompiler_rt.dylib
0x00000000411a8000 	/usr/lib/system/libcopyfile.dylib
0x00000000411a8000 	/usr/lib/system/libcorecrypto.dylib
0x00000000411a8000 	/usr/lib/system/libdispatch.dylib
0x00000000411a8000 	/usr/lib/system/libdyld.dylib
0x00000000411a8000 	/usr/lib/system/libkeymgr.dylib
0x00000000411a8000 	/usr/lib/system/liblaunch.dylib
0x00000000411a8000 	/usr/lib/system/libmacho.dylib
0x00000000411a8000 	/usr/lib/system/libquarantine.dylib
0x00000000411a8000 	/usr/lib/system/libremovefile.dylib
0x00000000411a8000 	/usr/lib/system/libsystem_asl.dylib
0x00000000411a8000 	/usr/lib/system/libsystem_blocks.dylib
0x00000000411a8000 	/usr/lib/system/libsystem_c.dylib
0x00000000411a8000 	/usr/lib/system/libsystem_configuration.dylib
0x00000000411a8000 	/usr/lib/system/libsystem_coreservices.dylib
0x00000000411a8000 	/usr/lib/system/libsystem_coretls.dylib
0x00000000411a8000 	/usr/lib/system/libsystem_dnssd.dylib
0x00000000411a8000 	/usr/lib/system/libsystem_info.dylib
0x00000000411a8000 	/usr/lib/system/libsystem_kernel.dylib
0x00000000411a8000 	/usr/lib/system/libsystem_m.dylib
0x00000000411a8000 	/usr/lib/system/libsystem_malloc.dylib
0x00000000411a8000 	/usr/lib/system/libsystem_network.dylib
0x00000000411a8000 	/usr/lib/system/libsystem_networkextension.dylib
0x00000000411a8000 	/usr/lib/system/libsystem_notify.dylib
0x00000000411a8000 	/usr/lib/system/libsystem_platform.dylib
0x00000000411a8000 	/usr/lib/system/libsystem_pthread.dylib
0x00000000411a8000 	/usr/lib/system/libsystem_sandbox.dylib
0x00000000411a8000 	/usr/lib/system/libsystem_secinit.dylib
0x00000000411a8000 	/usr/lib/system/libsystem_symptoms.dylib
0x00000000411a8000 	/usr/lib/system/libsystem_trace.dylib
0x00000000411a8000 	/usr/lib/system/libunwind.dylib
0x00000000411a8000 	/usr/lib/system/libxpc.dylib
0x00000000411a8000 	/usr/lib/libbsm.0.dylib
0x00000000411a8000 	/usr/lib/system/libkxld.dylib
0x00000000411a8000 	/usr/lib/libcoretls.dylib
0x00000000411a8000 	/usr/lib/libcoretls_cfhelpers.dylib
0x00000000411a8000 	/usr/lib/libOpenScriptingUtil.dylib
0x00000000411a8000 	/usr/lib/libpam.2.dylib
0x00000000411a8000 	/usr/lib/libsqlite3.dylib
0x00000000411a8000 	/usr/lib/libxar.1.dylib
0x00000000411a8000 	/usr/lib/libbz2.1.0.dylib
0x00000000411a8000 	/usr/lib/liblzma.5.dylib
0x00000000411a8000 	/usr/lib/libnetwork.dylib
0x00000000411a8000 	/usr/lib/libpcap.A.dylib
0x00000000411a8000 	/System/Library/Frameworks/CoreServices.framework/Versions/A/Frameworks/FSEvents.framework/Versions/A/FSEvents
0x00000000411a8000 	/System/Library/Frameworks/CoreServices.framework/Versions/A/Frameworks/CarbonCore.framework/Versions/A/CarbonCore
0x00000000411a8000 	/System/Library/Frameworks/CoreServices.framework/Versions/A/Frameworks/Metadata.framework/Versions/A/Metadata
0x00000000411a8000 	/System/Library/Frameworks/CoreServices.framework/Versions/A/Frameworks/OSServices.framework/Versions/A/OSServices
0x00000000411a8000 	/System/Library/Frameworks/CoreServices.framework/Versions/A/Frameworks/SearchKit.framework/Versions/A/SearchKit
0x00000000411a8000 	/System/Library/Frameworks/CoreServices.framework/Versions/A/Frameworks/AE.framework/Versions/A/AE
0x00000000411a8000 	/System/Library/Frameworks/CoreServices.framework/Versions/A/Frameworks/LaunchServices.framework/Versions/A/LaunchServices
0x00000000411a8000 	/System/Library/Frameworks/CoreServices.framework/Versions/A/Frameworks/DictionaryServices.framework/Versions/A/DictionaryServices
0x00000000411a8000 	/System/Library/Frameworks/CoreServices.framework/Versions/A/Frameworks/SharedFileList.framework/Versions/A/SharedFileList
0x00000000411a8000 	/System/Library/Frameworks/NetFS.framework/Versions/A/NetFS
0x00000000411a8000 	/System/Library/PrivateFrameworks/NetAuth.framework/Versions/A/NetAuth
0x00000000411a8000 	/System/Library/PrivateFrameworks/login.framework/Versions/A/Frameworks/loginsupport.framework/Versions/A/loginsupport
0x00000000411a8000 	/System/Library/PrivateFrameworks/TCC.framework/Versions/A/TCC
0x00000000411a8000 	/usr/lib/libmecabra.dylib
0x00000000411a8000 	/System/Library/Frameworks/ApplicationServices.framework/Versions/A/Frameworks/ATS.framework/Versions/A/ATS
0x00000000411a8000 	/System/Library/Frameworks/ApplicationServices.framework/Versions/A/Frameworks/ColorSync.framework/Versions/A/ColorSync
0x00000000411a8000 	/System/Library/Frameworks/ApplicationServices.framework/Versions/A/Frameworks/HIServices.framework/Versions/A/HIServices
0x00000000411a8000 	/System/Library/Frameworks/ApplicationServices.framework/Versions/A/Frameworks/LangAnalysis.framework/Versions/A/LangAnalysis
0x00000000411a8000 	/System/Library/Frameworks/ApplicationServices.framework/Versions/A/Frameworks/PrintCore.framework/Versions/A/PrintCore
0x00000000411a8000 	/System/Library/Frameworks/ApplicationServices.framework/Versions/A/Frameworks/QD.framework/Versions/A/QD
0x00000000411a8000 	/System/Library/Frameworks/ApplicationServices.framework/Versions/A/Frameworks/SpeechSynthesis.framework/Versions/A/SpeechSynthesis
0x00000000411a8000 	/System/Library/Frameworks/Accelerate.framework/Versions/A/Frameworks/vImage.framework/Versions/A/vImage
0x00000000411a8000 	/System/Library/Frameworks/Accelerate.framework/Versions/A/Frameworks/vecLib.framework/Versions/A/vecLib
0x00000000411a8000 	/System/Library/Frameworks/Accelerate.framework/Versions/A/Frameworks/vecLib.framework/Versions/A/libvDSP.dylib
0x00000000411a8000 	/System/Library/Frameworks/Accelerate.framework/Versions/A/Frameworks/vecLib.framework/Versions/A/libBNNS.dylib
0x00000000411a8000 	/System/Library/Frameworks/Accelerate.framework/Versions/A/Frameworks/vecLib.framework/Versions/A/libQuadrature.dylib
0x00000000411a8000 	/System/Library/Frameworks/Accelerate.framework/Versions/A/Frameworks/vecLib.framework/Versions/A/libvMisc.dylib
0x00000000411a8000 	/System/Library/Frameworks/Accelerate.framework/Versions/A/Frameworks/vecLib.framework/Versions/A/libLAPACK.dylib
0x00000000411a8000 	/System/Library/Frameworks/Accelerate.framework/Versions/A/Frameworks/vecLib.framework/Versions/A/libBLAS.dylib
0x00000000411a8000 	/System/Library/Frameworks/Accelerate.framework/Versions/A/Frameworks/vecLib.framework/Versions/A/libLinearAlgebra.dylib
0x00000000411a8000 	/System/Library/Frameworks/Accelerate.framework/Versions/A/Frameworks/vecLib.framework/Versions/A/libSparseBLAS.dylib
0x00000000411a8000 	/System/Library/Frameworks/ApplicationServices.framework/Versions/A/Frameworks/ATS.framework/Versions/A/Resources/libFontParser.dylib
0x00000000411a8000 	/System/Library/Frameworks/ApplicationServices.framework/Versions/A/Frameworks/ATS.framework/Versions/A/Resources/libFontRegistry.dylib
0x00000000411a8000 	/System/Library/Frameworks/ImageIO.framework/Versions/A/Resources/libJPEG.dylib
0x00000000411a8000 	/System/Library/Frameworks/ImageIO.framework/Versions/A/Resources/libTIFF.dylib
0x00000000411a8000 	/System/Library/Frameworks/ImageIO.framework/Versions/A/Resources/libPng.dylib
0x00000000411a8000 	/System/Library/Frameworks/ImageIO.framework/Versions/A/Resources/libGIF.dylib
0x00000000411a8000 	/System/Library/Frameworks/ImageIO.framework/Versions/A/Resources/libJP2.dylib
0x00000000411a8000 	/System/Library/Frameworks/ImageIO.framework/Versions/A/Resources/libRadiance.dylib
0x00000000411a8000 	/usr/lib/libcompression.dylib
0x00000000411a8000 	/System/Library/PrivateFrameworks/AppleJPEG.framework/Versions/A/AppleJPEG
0x00000000411a8000 	/usr/lib/libcups.2.dylib
0x00000000411a8000 	/System/Library/Frameworks/Kerberos.framework/Versions/A/Kerberos
0x00000000411a8000 	/System/Library/Frameworks/GSS.framework/Versions/A/GSS
0x00000000411a8000 	/usr/lib/libresolv.9.dylib
0x00000000411a8000 	/usr/lib/libiconv.2.dylib
0x00000000411a8000 	/System/Library/PrivateFrameworks/Heimdal.framework/Versions/A/Heimdal
0x00000000411a8000 	/usr/lib/libheimdal-asn1.dylib
0x00000000411a8000 	/System/Library/Frameworks/OpenDirectory.framework/Versions/A/OpenDirectory
0x00000000411a8000 	/System/Library/PrivateFrameworks/CommonAuth.framework/Versions/A/CommonAuth
0x00000000411a8000 	/System/Library/Frameworks/OpenDirectory.framework/Versions/A/Frameworks/CFOpenDirectory.framework/Versions/A/CFOpenDirectory
0x00000000411a8000 	/System/Library/Frameworks/SecurityFoundation.framework/Versions/A/SecurityFoundation
0x00000000411a8000 	/System/Library/PrivateFrameworks/LanguageModeling.framework/Versions/A/LanguageModeling
0x00000000411a8000 	/usr/lib/libmarisa.dylib
0x00000000411a8000 	/usr/lib/libChineseTokenizer.dylib
0x00000000411a8000 	/usr/lib/libcmph.dylib
0x00000000411a8000 	/System/Library/PrivateFrameworks/CoreEmoji.framework/Versions/A/CoreEmoji
0x00000000411a8000 	/System/Library/Frameworks/ServiceManagement.framework/Versions/A/ServiceManagement
0x00000000411a8000 	/usr/lib/libxslt.1.dylib
0x00000000411a8000 	/System/Library/Frameworks/Carbon.framework/Versions/A/Frameworks/Ink.framework/Versions/A/Ink
0x00000000411a8000 	/System/Library/PrivateFrameworks/TextureIO.framework/Versions/A/TextureIO
0x00000000411a8000 	/System/Library/Frameworks/Metal.framework/Versions/A/Metal
0x00000000411a8000 	/usr/lib/libate.dylib
0x00000000411a8000 	/System/Library/PrivateFrameworks/GPUCompiler.framework/libmetal_timestamp.dylib
0x00000000411a8000 	/System/Library/Frameworks/OpenGL.framework/Versions/A/Libraries/libCoreFSCache.dylib
0x00000000411a8000 	/System/Library/PrivateFrameworks/IOAccelerator.framework/Versions/A/IOAccelerator
0x00000000411a8000 	/System/Library/Frameworks/CoreVideo.framework/Versions/A/CoreVideo
0x00000000411a8000 	/usr/lib/libFosl_dynamic.dylib
0x00000000411a8000 	/System/Library/PrivateFrameworks/MetalPerformanceShaders.framework/Versions/A/MetalPerformanceShaders
0x00000000411a8000 	/System/Library/PrivateFrameworks/FaceCore.framework/Versions/A/FaceCore
0x00000000411a8000 	/System/Library/Frameworks/OpenCL.framework/Versions/A/OpenCL
0x00000000411a8000 	/System/Library/Frameworks/OpenGL.framework/Versions/A/Libraries/libGLU.dylib
0x00000000411a8000 	/System/Library/Frameworks/OpenGL.framework/Versions/A/Libraries/libGFXShared.dylib
0x00000000411a8000 	/System/Library/Frameworks/OpenGL.framework/Versions/A/Libraries/libGL.dylib
0x00000000411a8000 	/System/Library/Frameworks/OpenGL.framework/Versions/A/Libraries/libGLImage.dylib
0x00000000411a8000 	/System/Library/Frameworks/OpenGL.framework/Versions/A/Libraries/libCVMSPluginSupport.dylib
0x00000000411a8000 	/System/Library/Frameworks/OpenGL.framework/Versions/A/Libraries/libCoreVMClient.dylib
0x00000000411a8000 	/System/Library/PrivateFrameworks/CrashReporterSupport.framework/Versions/A/CrashReporterSupport
0x00000000411a8000 	/System/Library/PrivateFrameworks/Sharing.framework/Versions/A/Sharing
0x00000000411a8000 	/System/Library/PrivateFrameworks/IconServices.framework/Versions/A/IconServices
0x00000000411a8000 	/System/Library/PrivateFrameworks/ProtocolBuffer.framework/Versions/A/ProtocolBuffer
0x00000000411a8000 	/System/Library/PrivateFrameworks/Apple80211.framework/Versions/A/Apple80211
0x00000000411a8000 	/System/Library/Frameworks/CoreWLAN.framework/Versions/A/CoreWLAN
0x00000000411a8000 	/System/Library/PrivateFrameworks/CoreUtils.framework/Versions/A/CoreUtils
0x00000000411a8000 	/System/Library/Frameworks/IOBluetooth.framework/Versions/A/IOBluetooth
0x00000000411a8000 	/System/Library/PrivateFrameworks/CoreWiFi.framework/Versions/A/CoreWiFi
0x00000000411a8000 	/System/Library/Frameworks/CoreBluetooth.framework/Versions/A/CoreBluetooth
0x00000000411a8000 	/System/Library/Frameworks/CoreDisplay.framework/Versions/A/CoreDisplay
0x00000000411a8000 	/System/Library/PrivateFrameworks/IOPresentment.framework/Versions/A/IOPresentment
0x00000000411a8000 	/System/Library/PrivateFrameworks/DSExternalDisplay.framework/Versions/A/DSExternalDisplay
0x00000000411a8000 	/System/Library/PrivateFrameworks/DebugSymbols.framework/Versions/A/DebugSymbols
0x00000000411a8000 	/System/Library/PrivateFrameworks/CoreSymbolication.framework/Versions/A/CoreSymbolication
0x00000000411a8000 	/System/Library/PrivateFrameworks/Symbolication.framework/Versions/A/Symbolication
0x00000000411a8000 	/System/Library/PrivateFrameworks/AppleFSCompression.framework/Versions/A/AppleFSCompression
0x00000000411a8000 	/System/Library/PrivateFrameworks/SpeechRecognitionCore.framework/Versions/A/SpeechRecognitionCore
0x00000000411a8000 	/System/Library/PrivateFrameworks/ChunkingLibrary.framework/Versions/A/ChunkingLibrary
0x000000010e400000 	/Library/Java/JavaVirtualMachines/jdk1.8.0_111.jdk/Contents/Home/jre/lib/server/libjvm.dylib
0x000000010f3a1000 	/usr/lib/libstdc++.6.dylib
0x000000010db73000 	/Library/Java/JavaVirtualMachines/jdk1.8.0_111.jdk/Contents/Home/jre/lib/libverify.dylib
0x000000010db81000 	/Library/Java/JavaVirtualMachines/jdk1.8.0_111.jdk/Contents/Home/jre/lib/libjava.dylib
0x000000010dbc0000 	/Library/Java/JavaVirtualMachines/jdk1.8.0_111.jdk/Contents/Home/jre/lib/libzip.dylib
0x0000000115d95000 	/System/Library/Frameworks/JavaVM.framework/Frameworks/JavaRuntimeSupport.framework/JavaRuntimeSupport
0x0000000115daf000 	/System/Library/Frameworks/JavaVM.framework/Versions/A/Frameworks/JavaNativeFoundation.framework/Versions/A/JavaNativeFoundation
0x000000010dbf2000 	/System/Library/Frameworks/JavaVM.framework/Versions/A/JavaVM
0x00000000411a8000 	/System/Library/Frameworks/Carbon.framework/Versions/A/Carbon
0x0000000115dc4000 	/System/Library/PrivateFrameworks/JavaLaunching.framework/Versions/A/JavaLaunching
0x00000000411a8000 	/System/Library/Frameworks/Carbon.framework/Versions/A/Frameworks/CommonPanels.framework/Versions/A/CommonPanels
0x00000000411a8000 	/System/Library/Frameworks/Carbon.framework/Versions/A/Frameworks/Help.framework/Versions/A/Help
0x00000000411a8000 	/System/Library/Frameworks/Carbon.framework/Versions/A/Frameworks/ImageCapture.framework/Versions/A/ImageCapture
0x00000000411a8000 	/System/Library/Frameworks/Carbon.framework/Versions/A/Frameworks/OpenScripting.framework/Versions/A/OpenScripting
0x00000000411a8000 	/System/Library/Frameworks/Carbon.framework/Versions/A/Frameworks/Print.framework/Versions/A/Print
0x00000000411a8000 	/System/Library/Frameworks/Carbon.framework/Versions/A/Frameworks/SecurityHI.framework/Versions/A/SecurityHI
0x0000000126807000 	/Library/Java/JavaVirtualMachines/jdk1.8.0_111.jdk/Contents/Home/jre/lib/libawt.dylib
0x00000001268af000 	/Library/Java/JavaVirtualMachines/jdk1.8.0_111.jdk/Contents/Home/jre/lib/./libmlib_image.dylib
0x000000012697b000 	/Library/Java/JavaVirtualMachines/jdk1.8.0_111.jdk/Contents/Home/jre/lib/libawt_lwawt.dylib
0x0000000126a30000 	/Library/Java/JavaVirtualMachines/jdk1.8.0_111.jdk/Contents/Home/jre/lib/./libosxapp.dylib
0x00000000411a8000 	/System/Library/Frameworks/ExceptionHandling.framework/Versions/A/ExceptionHandling
0x00000000411a8000 	/System/Library/PrivateFrameworks/CoreServicesInternal.framework/Versions/A/CoreServicesInternal
0x00000000411a8000 	/System/Library/CoreServices/RawCamera.bundle/Contents/MacOS/RawCamera
0x0000000126ac4000 	/System/Library/Frameworks/Accelerate.framework/Frameworks/vImage.framework/Versions/A/Libraries/libCGInterfaces.dylib
0x00000000411a8000 	/System/Library/Frameworks/ApplicationServices.framework/Versions/A/Frameworks/ATS.framework/Versions/A/Resources/libTrueTypeScaler.dylib
0x000000012877a000 	/System/Library/Frameworks/OpenGL.framework/Resources/GLEngine.bundle/GLEngine
0x00000000411a8000 	/System/Library/Frameworks/OpenGL.framework/Versions/A/Libraries/libGLProgrammability.dylib
0x000000012895f000 	/System/Library/Extensions/AppleIntelBDWGraphicsGLDriver.bundle/Contents/MacOS/AppleIntelBDWGraphicsGLDriver
0x00000000411a8000 	/System/Library/PrivateFrameworks/GPUSupport.framework/Versions/A/Libraries/libGPUSupportMercury.dylib
0x00000001290c9000 	/System/Library/Frameworks/OpenGL.framework/Resources//GLRendererFloat.bundle/GLRendererFloat
0x00000000411a8000 	/System/Library/Frameworks/OpenCL.framework/Versions/A/Libraries/libcldcpuengine.dylib
0x00000000411a8000 	/usr/lib/libcrypto.0.9.8.dylib
0x00000000411a8000 	/System/Library/PrivateFrameworks/TrustEvaluationAgent.framework/Versions/A/TrustEvaluationAgent
0x00000001290fd000 	/System/Library/Extensions/AppleIntelBDWGraphicsMTLDriver.bundle/Contents/MacOS/AppleIntelBDWGraphicsMTLDriver
0x00000000411a8000 	/System/Library/PrivateFrameworks/FamilyControls.framework/Versions/A/FamilyControls
0x00000000411a8000 	/System/Library/PrivateFrameworks/CommerceKit.framework/Versions/A/Frameworks/CommerceCore.framework/Versions/A/CommerceCore
0x00000000411a8000 	/System/Library/PrivateFrameworks/SystemAdministration.framework/Versions/A/SystemAdministration
0x00000000411a8000 	/System/Library/PrivateFrameworks/AppContainer.framework/Versions/A/AppContainer
0x00000000411a8000 	/System/Library/PrivateFrameworks/SecCodeWrapper.framework/Versions/A/SecCodeWrapper
0x00000000411a8000 	/System/Library/Frameworks/DirectoryService.framework/Versions/A/DirectoryService
0x00000000411a8000 	/System/Library/PrivateFrameworks/DiskImages.framework/Versions/A/DiskImages
0x00000000411a8000 	/System/Library/PrivateFrameworks/LoginUIKit.framework/Versions/A/Frameworks/LoginUICore.framework/Versions/A/LoginUICore
0x00000000411a8000 	/usr/lib/libCoreStorage.dylib
0x00000000411a8000 	/usr/lib/libcsfde.dylib
0x00000000411a8000 	/usr/lib/libodfde.dylib
0x00000000411a8000 	/System/Library/Frameworks/DiscRecording.framework/Versions/A/DiscRecording
0x00000000411a8000 	/usr/lib/libcurl.4.dylib
0x00000000411a8000 	/System/Library/PrivateFrameworks/MediaKit.framework/Versions/A/MediaKit
0x00000000411a8000 	/System/Library/PrivateFrameworks/ProtectedCloudStorage.framework/Versions/A/ProtectedCloudStorage
0x00000000411a8000 	/System/Library/PrivateFrameworks/EFILogin.framework/Versions/A/EFILogin
0x00000000411a8000 	/usr/lib/libutil.dylib
0x00000000411a8000 	/System/Library/Frameworks/LDAP.framework/Versions/A/LDAP
0x00000000411a8000 	/usr/lib/libsasl2.2.dylib
0x00000000411a8000 	/System/Library/PrivateFrameworks/CoreDaemon.framework/Versions/B/CoreDaemon
0x00000000411a8000 	/System/Library/PrivateFrameworks/AppleSRP.framework/Versions/A/AppleSRP
0x00000000411a8000 	/System/Library/PrivateFrameworks/APFS.framework/Versions/A/APFS
0x000000012a892000 	/Library/Java/JavaVirtualMachines/jdk1.8.0_111.jdk/Contents/Home/jre/lib/libfontmanager.dylib
0x000000012a8f9000 	/Users/miguelgascon/NetBeansProjects/trunk/target/natives/liblwjgl.dylib
0x0000000126cdd000 	/Library/Java/JavaVirtualMachines/jdk1.8.0_111.jdk/Contents/Home/jre/lib/libjawt.dylib
0x00000000411a8000 	/System/Library/PrivateFrameworks/ViewBridge.framework/Versions/A/ViewBridge
0x00000000411a8000 	/System/Library/PrivateFrameworks/XPCService.framework/Versions/A/XPCService
0x00000000411a8000 	/System/Library/PrivateFrameworks/AppSandbox.framework/Versions/A/AppSandbox
0x00000000411a8000 	/usr/lib/libsandbox.1.dylib
0x00000000411a8000 	/usr/lib/libMatch.1.dylib
0x000000012d28d000 	/Users/miguelgascon/NetBeansProjects/trunk/target/natives/libjinput-osx.jnilib
0x000000012d292000 	/System/Library/Extensions/IOHIDFamily.kext/Contents/PlugIns/IOHIDLib.plugin/Contents/MacOS/IOHIDLib
0x000000012d2f0000 	/Library/Java/JavaVirtualMachines/jdk1.8.0_111.jdk/Contents/Home/jre/lib/libnio.dylib
0x000000012d300000 	/Library/Java/JavaVirtualMachines/jdk1.8.0_111.jdk/Contents/Home/jre/lib/./libnet.dylib
0x000000012d487000 	/Library/Java/JavaVirtualMachines/jdk1.8.0_111.jdk/Contents/Home/jre/lib/libjpeg.dylib

VM Arguments:
jvm_args: -Djava.library.path=target/natives 
java_command: ca.qc.bdeb.projetIntegrateur.Main
java_class_path (initial): /Users/miguelgascon/NetBeansProjects/trunk/target/classes:/Users/miguelgascon/.m2/repository/org/slick2d/slick2d-core/1.0.2/slick2d-core-1.0.2.jar:/Users/miguelgascon/.m2/repository/org/lwjgl/lwjgl/lwjgl/2.9.3/lwjgl-2.9.3.jar:/Users/miguelgascon/.m2/repository/org/lwjgl/lwjgl/lwjgl-platform/2.9.3/lwjgl-platform-2.9.3-natives-windows.jar:/Users/miguelgascon/.m2/repository/org/lwjgl/lwjgl/lwjgl-platform/2.9.3/lwjgl-platform-2.9.3-natives-linux.jar:/Users/miguelgascon/.m2/repository/org/lwjgl/lwjgl/lwjgl-platform/2.9.3/lwjgl-platform-2.9.3-natives-osx.jar:/Users/miguelgascon/.m2/repository/net/java/jinput/jinput/2.0.5/jinput-2.0.5.jar:/Users/miguelgascon/.m2/repository/net/java/jutils/jutils/1.0.0/jutils-1.0.0.jar:/Users/miguelgascon/.m2/repository/net/java/jinput/jinput-platform/2.0.5/jinput-platform-2.0.5-natives-linux.jar:/Users/miguelgascon/.m2/repository/net/java/jinput/jinput-platform/2.0.5/jinput-platform-2.0.5-natives-windows.jar:/Users/miguelgascon/.m2/repository/net/java/jinput/jinput-platform/2.0.5/jinput-platform-2.0.5-natives-osx.jar:/Users/miguelgascon/.m2/repository/org/jcraft/jorbis/0.0.17/jorbis-0.0.17.jar:/Users/miguelgascon/.m2/repository/org/lwjgl/lwjgl/3.1.1/lwjgl-3.1.1-natives-windows.jar:/Users/miguelgascon/.m2/repository/com/googlecode/mavennatives/maven-nativedependencies-plugin/0.0.7/maven-nativedependencies-plugin-0.0.7.jar:/Users/miguelgascon/.m2/repository/org/apache/maven/maven-artifact/2.0.10/maven-artifact-2.0.10.jar:/Users/miguelgascon/.m2/repository/org/apache/maven/maven-plugin-api/2.0.10/maven-plugin-api-2.0.10.jar:/Users/miguelgascon/.m2/repository/org/apache/maven/maven-project/2.0.10/maven-project-2.0.10.jar:/Users/miguelgascon/.m2/repository/org/apache/maven/maven-settings/2.0.10/maven-settings-2.0.10.jar:/Users/miguelgascon/.m2/repository/org/apache/maven/maven-profile/2.0.10/maven-profile-2.0.10.jar:/Users/miguelgascon/.m2/repository/org/apache/maven/maven-artifact-manager/2.0.10/maven-artifact-mana
Launcher Type: SUN_STANDARD

Environment Variables:
JAVA_HOME=/Library/Java/JavaVirtualMachines/jdk1.8.0_111.jdk/Contents/Home
PATH=/usr/bin:/bin:/usr/sbin:/sbin
SHELL=/bin/bash

Signal Handlers:
SIGSEGV: [libjvm.dylib+0x5b03ed], sa_mask[0]=11111111011111110111111111111111, sa_flags=SA_ONSTACK|SA_RESTART|SA_SIGINFO
SIGBUS: [libjvm.dylib+0x5b03ed], sa_mask[0]=11111111011111110111111111111111, sa_flags=SA_RESTART|SA_SIGINFO
SIGFPE: [libjvm.dylib+0x48711c], sa_mask[0]=11111111011111110111111111111111, sa_flags=SA_RESTART|SA_SIGINFO
SIGPIPE: [libjvm.dylib+0x48711c], sa_mask[0]=11111111011111110111111111111111, sa_flags=SA_RESTART|SA_SIGINFO
SIGXFSZ: [libjvm.dylib+0x48711c], sa_mask[0]=11111111011111110111111111111111, sa_flags=SA_RESTART|SA_SIGINFO
SIGILL: [libjvm.dylib+0x48711c], sa_mask[0]=11111111011111110111111111111111, sa_flags=SA_RESTART|SA_SIGINFO
SIGUSR1: SIG_DFL, sa_mask[0]=00000000000000000000000000000000, sa_flags=none
SIGUSR2: [libjvm.dylib+0x486c3a], sa_mask[0]=00100000000000000000000000000000, sa_flags=SA_RESTART|SA_SIGINFO
SIGHUP: [libjvm.dylib+0x485211], sa_mask[0]=11111111011111110111111111111111, sa_flags=SA_RESTART|SA_SIGINFO
SIGINT: SIG_IGN, sa_mask[0]=00000000000000000000000000000000, sa_flags=none
SIGTERM: [libjvm.dylib+0x485211], sa_mask[0]=11111111011111110111111111111111, sa_flags=SA_RESTART|SA_SIGINFO
SIGQUIT: [libjvm.dylib+0x485211], sa_mask[0]=11111111011111110111111111111111, sa_flags=SA_RESTART|SA_SIGINFO


---------------  S Y S T E M  ---------------

OS:Bsduname:Darwin 16.5.0 Darwin Kernel Version 16.5.0: Fri Mar  3 16:52:33 PST 2017; root:xnu-3789.51.2~3/RELEASE_X86_64 x86_64
rlimit: STACK 8192k, CORE 0k, NPROC 709, NOFILE 10240, AS infinity
load average:1.31 1.34 1.33

CPU:total 4 (2 cores per cpu, 2 threads per core) family 6 model 61 stepping 4, cmov, cx8, fxsr, mmx, sse, sse2, sse3, ssse3, sse4.1, sse4.2, popcnt, avx, avx2, aes, clmul, erms, 3dnowpref, lzcnt, ht, tsc, tscinvbit, bmi1, bmi2, adx

Memory: 4k page, physical 8388608k(2870708k free)

/proc/meminfo:


vm_info: Java HotSpot(TM) 64-Bit Server VM (25.111-b14) for bsd-amd64 JRE (1.8.0_111-b14), built on Sep 22 2016 15:31:41 by "java_re" with gcc 4.2.1 (Based on Apple Inc. build 5658) (LLVM build 2336.11.00)

time: Thu Apr 20 10:44:33 2017
elapsed time: 70 seconds (0d 0h 1m 10s)

