#
# A fatal error has been detected by the Java Runtime Environment:
#
#  SIGSEGV (0xb) at pc=0x00007fffd326205d, pid=2392, tid=0x0000000000000307
#
# JRE version: Java(TM) SE Runtime Environment (8.0_111-b14) (build 1.8.0_111-b14)
# Java VM: Java HotSpot(TM) 64-Bit Server VM (25.111-b14 mixed mode bsd-amd64 compressed oops)
# Problematic frame:
# C  [libobjc.A.dylib+0x705d]  objc_msgSend+0x1d
#
# Failed to write core dump. Core dumps have been disabled. To enable core dumping, try "ulimit -c unlimited" before starting Java again
#
# If you would like to submit a bug report, please visit:
#   http://bugreport.java.com/bugreport/crash.jsp
# The crash happened outside the Java Virtual Machine in native code.
# See problematic frame for where to report the bug.
#

---------------  T H R E A D  ---------------

Current thread (0x00007ff0489b7800):  JavaThread "AppKit Thread" daemon [_thread_in_native, id=775, stack(0x00007fff5301b000,0x00007fff5381b000)]

siginfo: si_signo: 11 (SIGSEGV), si_code: 1 (SEGV_MAPERR), si_addr: 0x000007ff04879488

Registers:
RAX=0x00007ff04d8f0540, RBX=0x00007ff04859d4b0, RCX=0x00007ff04876d8d0, RDX=0x00007ff04d8f0540
RSP=0x00007fff538144d8, RBP=0x00007fff538144e0, RSI=0x00007fffbcb75861, RDI=0x00007ff04876d8d0
R8 =0x00000000000000ff, R9 =0x00007ff048583c60, R10=0x000007ff04879470, R11=0x00007fffbcb75861
R12=0x0000000000000000, R13=0x00007ff048583c60, R14=0x00007ff04d8f0540, R15=0x0000000000000000
RIP=0x00007fffd326205d, EFLAGS=0x0000000000010202, ERR=0x0000000000000004
  TRAPNO=0x000000000000000e

Top of Stack: (sp=0x00007fff538144d8)
0x00007fff538144d8:   00007fffbe40850c 00007fff53814550
0x00007fff538144e8:   00007fffbe40840b 0000000000000000
0x00007fff538144f8:   00007fffdca46060 00000000c2000000
0x00007fff53814508:   00007fffbe408460 00007fffd92c6680
0x00007fff53814518:   00007ff048583c60 00007ff04d8f0540
0x00007fff53814528:   00007fff53814d18 00007fffd3262040
0x00007fff53814538:   00007fff53814620 00007ff048583c60
0x00007fff53814548:   00007fffbcb0d078 00007fff53814590
0x00007fff53814558:   00007fffbe408172 00007fff53814b60
0x00007fff53814568:   0000000000000001 00007fffd3262040
0x00007fff53814578:   00007fff53814620 00007fff53814d18
0x00007fff53814588:   00007fffbcb0d078 00007fff53814cb0
0x00007fff53814598:   00007fffbe3c55a3 00007ff04d800000
0x00007fff538145a8:   0000000000000002 000000010c405e00
0x00007fff538145b8:   0000000000000004 00007ff0485094c0
0x00007fff538145c8:   00007fffd92c7cb0 0000000000000000
0x00007fff538145d8:   00007ff04a1450d0 00007ff048509401
0x00007fff538145e8:   00007ff048777e10 00007fffd93fa0e0
0x00007fff538145f8:   0000000000000000 0000000000000000
0x00007fff53814608:   0000000000000000 00007ff0487788e0
0x00007fff53814618:   00007fffd9306900 00007fff53814b60
0x00007fff53814628:   0000000000000002 0000000000000100
0x00007fff53814638:   00007fffdc9b3400 00007fff53814a60
0x00007fff53814648:   0000000000000000 0000000000000100
0x00007fff53814658:   00007ff04d8dce00 00007fff53814690
0x00007fff53814668:   00007fffbe408dbc ffff800fb2723180
0x00007fff53814678:   00007ff04d8dce80 00007fffd93f7640
0x00007fff53814688:   00007ff04d8dce80 00007fff538146c0
0x00007fff53814698:   00007fffbe408e08 ffff800fb2723180
0x00007fff538146a8:   00007ff04d8dce80 00007fffd93f78c0
0x00007fff538146b8:   00007ff04d8dce80 00007fff538146f0
0x00007fff538146c8:   00007fffbe408eeb 0000000000000c40 

Instructions: (pc=0x00007fffd326205d)
0x00007fffd326203d:   0f 1f 00 48 85 ff 2e 74 62 40 f6 c7 01 2e 75 66
0x00007fffd326204d:   49 ba f8 ff ff ff ff 7f 00 00 4c 23 17 49 89 f3
0x00007fffd326205d:   45 23 5a 18 49 c1 e3 04 4d 03 5a 10 49 3b 33 75
0x00007fffd326206d:   04 41 ff 63 08 49 83 3b 01 76 0d 49 83 c3 10 49 

Register to memory mapping:

RAX=0x00007ff04d8f0540 is an unknown value
RBX=0x00007ff04859d4b0 is an unknown value
RCX=0x00007ff04876d8d0 is an unknown value
RDX=0x00007ff04d8f0540 is an unknown value
RSP=0x00007fff538144d8 is pointing into the stack for thread: 0x00007ff0489b7800
RBP=0x00007fff538144e0 is pointing into the stack for thread: 0x00007ff0489b7800
RSI=0x00007fffbcb75861: __NSStyleNameIndexTable+0xe0419 in /System/Library/Frameworks/AppKit.framework/Versions/C/AppKit at 0x00007fffbbea8000
RDI=0x00007ff04876d8d0 is an unknown value
R8 =0x00000000000000ff is an unknown value
R9 =0x00007ff048583c60 is an unknown value
R10=0x000007ff04879470 is an unknown value
R11=0x00007fffbcb75861: __NSStyleNameIndexTable+0xe0419 in /System/Library/Frameworks/AppKit.framework/Versions/C/AppKit at 0x00007fffbbea8000
R12=0x0000000000000000 is an unknown value
R13=0x00007ff048583c60 is an unknown value
R14=0x00007ff04d8f0540 is an unknown value
R15=0x0000000000000000 is an unknown value


Stack: [0x00007fff5301b000,0x00007fff5381b000],  sp=0x00007fff538144d8,  free space=8165k
Native frames: (J=compiled Java code, j=interpreted, Vv=VM code, C=native code)
C  [libobjc.A.dylib+0x705d]  objc_msgSend+0x1d
C  [CoreFoundation+0x9d40b]  _CFXRegistrationPost+0x1ab
C  [CoreFoundation+0x9d172]  ___CFXNotificationPost_block_invoke+0x32
C  [CoreFoundation+0x5a5a3]  -[_CFXNotificationRegistrar find:object:observer:enumerator:]+0x723
C  [CoreFoundation+0x595dc]  _CFXNotificationPost+0x25c
C  [Foundation+0x6997]  -[NSNotificationCenter postNotificationName:object:userInfo:]+0x42
C  [AppKit+0x24f177]  -[NSSurface _disposeSurface]+0x98
C  [AppKit+0x24ed26]  -[NSSurface setWindow:]+0x35
C  [AppKit+0x28d30]  -[NSView _setWindow:]+0xa0f
C  [AppKit+0x2b957]  -[NSView removeFromSuperview]+0x1d1
C  [AppKit+0x14d130]  -[NSView removeFromSuperviewWithoutNeedingDisplay]+0x26
C  [liblwjgl.dylib+0xa205]  +[MacOSXKeyableWindow destroyWindow]+0xb5
C  [Foundation+0x7184a]  __NSThreadPerformPerform+0x146
C  [CoreFoundation+0xa73c1]  __CFRUNLOOP_IS_CALLING_OUT_TO_A_SOURCE0_PERFORM_FUNCTION__+0x11
C  [CoreFoundation+0x882cd]  __CFRunLoopDoSources0+0x22d
C  [CoreFoundation+0x877c6]  __CFRunLoopRun+0x3a6
C  [CoreFoundation+0x871c4]  CFRunLoopRunSpecific+0x1a4
C  [HIToolbox+0x30ebc]  RunCurrentEventLoopInMode+0xf0
C  [HIToolbox+0x30cf1]  ReceiveNextEventCommon+0x1b0
C  [HIToolbox+0x30b26]  _BlockUntilNextEventMatchingListInModeWithFilter+0x47
C  [AppKit+0x46e24]  _DPSNextEvent+0x460
C  [AppKit+0x7c285e]  -[NSApplication(NSEvent) _nextEventMatchingEventMask:untilDate:inMode:dequeue:]+0xaec
C  [libosxapp.dylib+0x23aa]  -[NSApplicationAWT nextEventMatchingMask:untilDate:inMode:dequeue:]+0x7c
C  [AppKit+0x3b7ab]  -[NSApplication run]+0x39e
C  [libosxapp.dylib+0x214d]  +[NSApplicationAWT runAWTLoopWithApp:]+0x9c
C  [libawt_lwawt.dylib+0x444b3]  -[AWTStarter starter:]+0x389
C  [Foundation+0x7184a]  __NSThreadPerformPerform+0x146
C  [CoreFoundation+0xa73c1]  __CFRUNLOOP_IS_CALLING_OUT_TO_A_SOURCE0_PERFORM_FUNCTION__+0x11
C  [CoreFoundation+0x882cd]  __CFRunLoopDoSources0+0x22d
C  [CoreFoundation+0x877c6]  __CFRunLoopRun+0x3a6
C  [CoreFoundation+0x871c4]  CFRunLoopRunSpecific+0x1a4
C  [java+0x6465]  CreateExecutionEnvironment+0x367
C  [java+0x218c]  JLI_Launch+0x7a0
C  [java+0x84c2]  main+0x65
C  [java+0x19e4]  start+0x34
C  0x0000000000000005


---------------  P R O C E S S  ---------------

Java Threads: ( => current thread )
  0x00007ff04a2f3800 JavaThread "AWT-Shutdown" [_thread_blocked, id=34359, stack(0x000070000ea1b000,0x000070000eb1b000)]
  0x00007ff048a72000 JavaThread "Java2D Queue Flusher" daemon [_thread_blocked, id=64263, stack(0x000070000fbd7000,0x000070000fcd7000)]
  0x00007ff04a1f3800 JavaThread "Java2D Disposer" daemon [_thread_blocked, id=60179, stack(0x000070000fad4000,0x000070000fbd4000)]
=>0x00007ff0489b7800 JavaThread "AppKit Thread" daemon [_thread_in_native, id=775, stack(0x00007fff5301b000,0x00007fff5381b000)]
  0x00007ff04902a000 JavaThread "Service Thread" daemon [_thread_blocked, id=18435, stack(0x000070000f642000,0x000070000f742000)]
  0x00007ff04882f800 JavaThread "C1 CompilerThread2" daemon [_thread_blocked, id=17923, stack(0x000070000f53f000,0x000070000f63f000)]
  0x00007ff049812000 JavaThread "C2 CompilerThread1" daemon [_thread_blocked, id=17411, stack(0x000070000f43c000,0x000070000f53c000)]
  0x00007ff04a053800 JavaThread "C2 CompilerThread0" daemon [_thread_blocked, id=16899, stack(0x000070000f339000,0x000070000f439000)]
  0x00007ff048809000 JavaThread "Signal Dispatcher" daemon [_thread_blocked, id=16387, stack(0x000070000f236000,0x000070000f336000)]
  0x00007ff049019000 JavaThread "Finalizer" daemon [_thread_blocked, id=12547, stack(0x000070000f133000,0x000070000f233000)]
  0x00007ff04980f800 JavaThread "Reference Handler" daemon [_thread_blocked, id=12035, stack(0x000070000f030000,0x000070000f130000)]
  0x00007ff049005000 JavaThread "main" [_thread_in_native, id=3587, stack(0x000070000e895000,0x000070000e995000)]

Other Threads:
  0x00007ff049012800 VMThread [stack: 0x000070000ef2d000,0x000070000f02d000] [id=11523]
  0x00007ff049029800 WatcherThread [stack: 0x000070000f745000,0x000070000f845000] [id=18947]

VM state:not at safepoint (normal execution)

VM Mutex/Monitor currently owned by a thread: None

Heap:
 PSYoungGen      total 179200K, used 105301K [0x0000000795580000, 0x00000007a2680000, 0x00000007c0000000)
  eden space 159744K, 65% used [0x0000000795580000,0x000000079bb8d5e0,0x000000079f180000)
  from space 19456K, 4% used [0x00000007a1380000,0x00000007a1448000,0x00000007a2680000)
  to   space 27136K, 0% used [0x000000079f180000,0x000000079f180000,0x00000007a0c00000)
 ParOldGen       total 110592K, used 43543K [0x0000000740000000, 0x0000000746c00000, 0x0000000795580000)
  object space 110592K, 39% used [0x0000000740000000,0x0000000742a85c30,0x0000000746c00000)
 Metaspace       used 11790K, capacity 11953K, committed 12160K, reserved 1060864K
  class space    used 1218K, capacity 1311K, committed 1408K, reserved 1048576K

Card table byte_map: [0x000000011d564000,0x000000011d965000] byte_map_base: 0x0000000119b64000

Marking Bits: (ParMarkBitMap*) 0x000000010cd51d20
 Begin Bits: [0x000000011d965000, 0x000000011f965000)
 End Bits:   [0x000000011f965000, 0x0000000121965000)

Polling page: 0x000000010d446000

CodeCache: size=245760Kb used=5176Kb max_used=5925Kb free=240583Kb
 bounds [0x000000010e564000, 0x000000010eb44000, 0x000000011d564000]
 total_blobs=1938 nmethods=1386 adapters=466
 compilation: enabled

Compilation events (10 events):
Event: 501.429 Thread 0x00007ff04882f800 1534       3       java.security.AccessControlContext::combine (205 bytes)
Event: 501.430 Thread 0x00007ff04882f800 nmethod 1534 0x000000010e8ae010 code [0x000000010e8ae200, 0x000000010e8aecf8]
Event: 506.323 Thread 0x00007ff04882f800 1535       3       java.security.AccessControlContext::calculateFields (89 bytes)
Event: 506.324 Thread 0x00007ff04882f800 nmethod 1535 0x000000010e678ed0 code [0x000000010e679060, 0x000000010e679418]
Event: 506.324 Thread 0x00007ff04882f800 1536   !   3       sun.awt.AppContext::get (123 bytes)
Event: 506.324 Thread 0x00007ff04882f800 nmethod 1536 0x000000010e67c050 code [0x000000010e67c200, 0x000000010e67cb28]
Event: 508.637 Thread 0x00007ff04882f800 1538       1       sun.awt.AWTAutoShutdown::getInstance (4 bytes)
Event: 508.638 Thread 0x00007ff04882f800 nmethod 1538 0x000000010e8e9c10 code [0x000000010e8e9d60, 0x000000010e8e9e50]
Event: 516.919 Thread 0x00007ff04882f800 1539   !   3       sun.awt.AWTAutoShutdown::run (159 bytes)
Event: 516.920 Thread 0x00007ff04882f800 nmethod 1539 0x000000010e68f9d0 code [0x000000010e68fbc0, 0x000000010e690668]

GC Heap History (10 events):
Event: 3.035 GC heap before
{Heap before GC invocations=6 (full 1):
 PSYoungGen      total 59904K, used 59520K [0x0000000795580000, 0x0000000799c00000, 0x00000007c0000000)
  eden space 59392K, 100% used [0x0000000795580000,0x0000000798f80000,0x0000000798f80000)
  from space 512K, 25% used [0x0000000799b80000,0x0000000799ba0000,0x0000000799c00000)
  to   space 5120K, 0% used [0x0000000799200000,0x0000000799200000,0x0000000799700000)
 ParOldGen       total 109568K, used 55418K [0x0000000740000000, 0x0000000746b00000, 0x0000000795580000)
  object space 109568K, 50% used [0x0000000740000000,0x000000074361e890,0x0000000746b00000)
 Metaspace       used 10219K, capacity 10321K, committed 10624K, reserved 1058816K
  class space    used 1091K, capacity 1151K, committed 1152K, reserved 1048576K
Event: 3.045 GC heap after
Heap after GC invocations=6 (full 1):
 PSYoungGen      total 67072K, used 288K [0x0000000795580000, 0x000000079ed00000, 0x00000007c0000000)
  eden space 61952K, 0% used [0x0000000795580000,0x0000000795580000,0x0000000799200000)
  from space 5120K, 5% used [0x0000000799200000,0x0000000799248000,0x0000000799700000)
  to   space 25600K, 0% used [0x000000079d400000,0x000000079d400000,0x000000079ed00000)
 ParOldGen       total 109568K, used 73651K [0x0000000740000000, 0x0000000746b00000, 0x0000000795580000)
  object space 109568K, 67% used [0x0000000740000000,0x00000007447eccc0,0x0000000746b00000)
 Metaspace       used 10219K, capacity 10321K, committed 10624K, reserved 1058816K
  class space    used 1091K, capacity 1151K, committed 1152K, reserved 1048576K
}
Event: 3.045 GC heap before
{Heap before GC invocations=7 (full 2):
 PSYoungGen      total 67072K, used 288K [0x0000000795580000, 0x000000079ed00000, 0x00000007c0000000)
  eden space 61952K, 0% used [0x0000000795580000,0x0000000795580000,0x0000000799200000)
  from space 5120K, 5% used [0x0000000799200000,0x0000000799248000,0x0000000799700000)
  to   space 25600K, 0% used [0x000000079d400000,0x000000079d400000,0x000000079ed00000)
 ParOldGen       total 109568K, used 73651K [0x0000000740000000, 0x0000000746b00000, 0x0000000795580000)
  object space 109568K, 67% used [0x0000000740000000,0x00000007447eccc0,0x0000000746b00000)
 Metaspace       used 10219K, capacity 10321K, committed 10624K, reserved 1058816K
  class space    used 1091K, capacity 1151K, committed 1152K, reserved 1048576K
Event: 3.069 GC heap after
Heap after GC invocations=7 (full 2):
 PSYoungGen      total 67072K, used 0K [0x0000000795580000, 0x000000079ed00000, 0x00000007c0000000)
  eden space 61952K, 0% used [0x0000000795580000,0x0000000795580000,0x0000000799200000)
  from space 5120K, 0% used [0x0000000799200000,0x0000000799200000,0x0000000799700000)
  to   space 25600K, 0% used [0x000000079d400000,0x000000079d400000,0x000000079ed00000)
 ParOldGen       total 110592K, used 10843K [0x0000000740000000, 0x0000000746c00000, 0x0000000795580000)
  object space 110592K, 9% used [0x0000000740000000,0x0000000740a96c00,0x0000000746c00000)
 Metaspace       used 10219K, capacity 10321K, committed 10624K, reserved 1058816K
  class space    used 1091K, capacity 1151K, committed 1152K, reserved 1048576K
}
Event: 3.260 GC heap before
{Heap before GC invocations=8 (full 2):
 PSYoungGen      total 67072K, used 61952K [0x0000000795580000, 0x000000079ed00000, 0x00000007c0000000)
  eden space 61952K, 100% used [0x0000000795580000,0x0000000799200000,0x0000000799200000)
  from space 5120K, 0% used [0x0000000799200000,0x0000000799200000,0x0000000799700000)
  to   space 25600K, 0% used [0x000000079d400000,0x000000079d400000,0x000000079ed00000)
 ParOldGen       total 110592K, used 10843K [0x0000000740000000, 0x0000000746c00000, 0x0000000795580000)
  object space 110592K, 9% used [0x0000000740000000,0x0000000740a96c00,0x0000000746c00000)
 Metaspace       used 10264K, capacity 10385K, committed 10624K, reserved 1058816K
  class space    used 1094K, capacity 1151K, committed 1152K, reserved 1048576K
Event: 3.282 GC heap after
Heap after GC invocations=8 (full 2):
 PSYoungGen      total 124928K, used 20516K [0x0000000795580000, 0x000000079f980000, 0x00000007c0000000)
  eden space 99328K, 0% used [0x0000000795580000,0x0000000795580000,0x000000079b680000)
  from space 25600K, 80% used [0x000000079d400000,0x000000079e809020,0x000000079ed00000)
  to   space 30208K, 0% used [0x000000079b680000,0x000000079b680000,0x000000079d400000)
 ParOldGen       total 110592K, used 43527K [0x0000000740000000, 0x0000000746c00000, 0x0000000795580000)
  object space 110592K, 39% used [0x0000000740000000,0x0000000742a81c30,0x0000000746c00000)
 Metaspace       used 10264K, capacity 10385K, committed 10624K, reserved 1058816K
  class space    used 1094K, capacity 1151K, committed 1152K, reserved 1048576K
}
Event: 5.676 GC heap before
{Heap before GC invocations=9 (full 2):
 PSYoungGen      total 124928K, used 117876K [0x0000000795580000, 0x000000079f980000, 0x00000007c0000000)
  eden space 99328K, 98% used [0x0000000795580000,0x000000079b494290,0x000000079b680000)
  from space 25600K, 80% used [0x000000079d400000,0x000000079e809020,0x000000079ed00000)
  to   space 30208K, 0% used [0x000000079b680000,0x000000079b680000,0x000000079d400000)
 ParOldGen       total 110592K, used 43527K [0x0000000740000000, 0x0000000746c00000, 0x0000000795580000)
  object space 110592K, 39% used [0x0000000740000000,0x0000000742a81c30,0x0000000746c00000)
 Metaspace       used 11588K, capacity 11729K, committed 12032K, reserved 1060864K
  class space    used 1214K, capacity 1279K, committed 1280K, reserved 1048576K
Event: 5.682 GC heap after
Heap after GC invocations=9 (full 2):
 PSYoungGen      total 129536K, used 6013K [0x0000000795580000, 0x00000007a2f00000, 0x00000007c0000000)
  eden space 99328K, 0% used [0x0000000795580000,0x0000000795580000,0x000000079b680000)
  from space 30208K, 19% used [0x000000079b680000,0x000000079bc5f6d8,0x000000079d400000)
  to   space 28160K, 0% used [0x00000007a1380000,0x00000007a1380000,0x00000007a2f00000)
 ParOldGen       total 110592K, used 43535K [0x0000000740000000, 0x0000000746c00000, 0x0000000795580000)
  object space 110592K, 39% used [0x0000000740000000,0x0000000742a83c30,0x0000000746c00000)
 Metaspace       used 11588K, capacity 11729K, committed 12032K, reserved 1060864K
  class space    used 1214K, capacity 1279K, committed 1280K, reserved 1048576K
}
Event: 142.399 GC heap before
{Heap before GC invocations=10 (full 2):
 PSYoungGen      total 129536K, used 105341K [0x0000000795580000, 0x00000007a2f00000, 0x00000007c0000000)
  eden space 99328K, 100% used [0x0000000795580000,0x000000079b680000,0x000000079b680000)
  from space 30208K, 19% used [0x000000079b680000,0x000000079bc5f6d8,0x000000079d400000)
  to   space 28160K, 0% used [0x00000007a1380000,0x00000007a1380000,0x00000007a2f00000)
 ParOldGen       total 110592K, used 43535K [0x0000000740000000, 0x0000000746c00000, 0x0000000795580000)
  object space 110592K, 39% used [0x0000000740000000,0x0000000742a83c30,0x0000000746c00000)
 Metaspace       used 11775K, capacity 11953K, committed 12160K, reserved 1060864K
  class space    used 1217K, capacity 1311K, committed 1408K, reserved 1048576K
Event: 142.402 GC heap after
Heap after GC invocations=10 (full 2):
 PSYoungGen      total 179200K, used 800K [0x0000000795580000, 0x00000007a2680000, 0x00000007c0000000)
  eden space 159744K, 0% used [0x0000000795580000,0x0000000795580000,0x000000079f180000)
  from space 19456K, 4% used [0x00000007a1380000,0x00000007a1448000,0x00000007a2680000)
  to   space 27136K, 0% used [0x000000079f180000,0x000000079f180000,0x00000007a0c00000)
 ParOldGen       total 110592K, used 43543K [0x0000000740000000, 0x0000000746c00000, 0x0000000795580000)
  object space 110592K, 39% used [0x0000000740000000,0x0000000742a85c30,0x0000000746c00000)
 Metaspace       used 11775K, capacity 11953K, committed 12160K, reserved 1060864K
  class space    used 1217K, capacity 1311K, committed 1408K, reserved 1048576K
}

Deoptimization events (10 events):
Event: 4.806 Thread 0x00007ff049005000 Uncommon trap: reason=unstable_if action=reinterpret pc=0x000000010e832180 method=java.awt.image.ComponentColorModel.getAlpha(Ljava/lang/Object;)I @ 4
Event: 4.806 Thread 0x00007ff049005000 Uncommon trap: reason=unstable_if action=reinterpret pc=0x000000010e83fe94 method=java.awt.image.ComponentColorModel.getAlpha(Ljava/lang/Object;)I @ 4
Event: 5.108 Thread 0x00007ff049005000 Uncommon trap: reason=unstable_if action=reinterpret pc=0x000000010e988b94 method=com.jcraft.jogg.Buffer.read(I)I @ 23
Event: 6.059 Thread 0x00007ff049005000 Uncommon trap: reason=unstable_if action=reinterpret pc=0x000000010ea1f2f8 method=com.jcraft.jorbis.Floor1.inverse1(Lcom/jcraft/jorbis/Block;Ljava/lang/Object;Ljava/lang/Object;)Ljava/lang/Object; @ 31
Event: 6.059 Thread 0x00007ff049005000 Uncommon trap: reason=unstable_if action=reinterpret pc=0x000000010e9fa2f4 method=com.jcraft.jorbis.Floor1.inverse2(Lcom/jcraft/jorbis/Block;Ljava/lang/Object;Ljava/lang/Object;[F)I @ 33
Event: 6.067 Thread 0x00007ff049005000 Uncommon trap: reason=unstable_if action=reinterpret pc=0x000000010e9de66c method=com.jcraft.jorbis.DspState.synthesis_blockin(Lcom/jcraft/jorbis/Block;)I @ 701
Event: 6.068 Thread 0x00007ff049005000 Uncommon trap: reason=unstable_if action=reinterpret pc=0x000000010e9e5d94 method=org.newdawn.slick.openal.OggInputStream.atEnd()Z @ 4
Event: 6.068 Thread 0x00007ff049005000 Uncommon trap: reason=unstable_if action=reinterpret pc=0x000000010e985e78 method=org.newdawn.slick.openal.OggInputStream.atEnd()Z @ 4
Event: 6.142 Thread 0x00007ff049005000 Uncommon trap: reason=unstable_if action=reinterpret pc=0x000000010e885a7c method=java.nio.DirectByteBuffer.put([BII)Ljava/nio/ByteBuffer; @ 8
Event: 518.811 Thread 0x00007ff049005000 Uncommon trap: reason=unstable_if action=reinterpret pc=0x000000010eb1bfcc method=org.newdawn.slick.AppGameContainer.gameLoop()V @ 60

Internal exceptions (10 events):
Event: 0.757 Thread 0x00007ff049005000 Exception <a 'java/io/FileNotFoundException'> (0x0000000795a0c7a0) thrown at [/Users/java_re/workspace/8-2-build-macosx-x86_64/jdk8u111/7883/hotspot/src/share/vm/prims/jni.cpp, line 709]
Event: 2.359 Thread 0x00007ff049005000 Implicit null exception at 0x000000010e851c76 to 0x000000010e852271
Event: 2.359 Thread 0x00007ff049005000 Implicit null exception at 0x000000010e831b64 to 0x000000010e831d91
Event: 5.057 Thread 0x00007ff049005000 Exception <a 'java/security/PrivilegedActionException'> (0x000000079a9a8748) thrown at [/Users/java_re/workspace/8-2-build-macosx-x86_64/jdk8u111/7883/hotspot/src/share/vm/prims/jvm.cpp, line 1386]
Event: 5.057 Thread 0x00007ff049005000 Exception <a 'java/security/PrivilegedActionException'> (0x000000079a9aa330) thrown at [/Users/java_re/workspace/8-2-build-macosx-x86_64/jdk8u111/7883/hotspot/src/share/vm/prims/jvm.cpp, line 1386]
Event: 5.057 Thread 0x00007ff049005000 Exception <a 'java/security/PrivilegedActionException'> (0x000000079a9ab450) thrown at [/Users/java_re/workspace/8-2-build-macosx-x86_64/jdk8u111/7883/hotspot/src/share/vm/prims/jvm.cpp, line 1386]
Event: 5.058 Thread 0x00007ff049005000 Exception <a 'java/security/PrivilegedActionException'> (0x000000079a9b0570) thrown at [/Users/java_re/workspace/8-2-build-macosx-x86_64/jdk8u111/7883/hotspot/src/share/vm/prims/jvm.cpp, line 1386]
Event: 5.058 Thread 0x00007ff049005000 Exception <a 'java/security/PrivilegedActionException'> (0x000000079a9b11c8) thrown at [/Users/java_re/workspace/8-2-build-macosx-x86_64/jdk8u111/7883/hotspot/src/share/vm/prims/jvm.cpp, line 1386]
Event: 5.058 Thread 0x00007ff049005000 Exception <a 'java/security/PrivilegedActionException'> (0x000000079a9b1df0) thrown at [/Users/java_re/workspace/8-2-build-macosx-x86_64/jdk8u111/7883/hotspot/src/share/vm/prims/jvm.cpp, line 1386]
Event: 6.059 Thread 0x00007ff049005000 Implicit null exception at 0x000000010e9f81cd to 0x000000010e9fa2b5

Events (10 events):
Event: 514.110 Thread 0x00007ff04a2f3800 Thread added: 0x00007ff04a2f3800
Event: 515.146 Executing VM operation: RevokeBias
Event: 515.146 Executing VM operation: RevokeBias done
Event: 515.146 Thread 0x00007ff04a2f3800 Thread exited: 0x00007ff04a2f3800
Event: 516.919 Thread 0x00007ff04a2f3800 Thread added: 0x00007ff04a2f3800
Event: 518.811 Thread 0x00007ff049005000 Uncommon trap: trap_request=0xffffff65 fr.pc=0x000000010eb1bfcc
Event: 518.811 Thread 0x00007ff049005000 DEOPT PACKING pc=0x000000010eb1bfcc sp=0x000070000e994830
Event: 518.811 Thread 0x00007ff049005000 DEOPT UNPACKING pc=0x000000010e569229 sp=0x000070000e994808 mode 2
Event: 518.845 loading class org/lwjgl/opengl/CallbackUtil
Event: 518.845 loading class org/lwjgl/opengl/CallbackUtil done


Dynamic libraries:
0x0000000048ff7000 	/System/Library/Frameworks/Cocoa.framework/Versions/A/Cocoa
0x0000000048ff7000 	/System/Library/Frameworks/Security.framework/Versions/A/Security
0x0000000048ff7000 	/System/Library/Frameworks/ApplicationServices.framework/Versions/A/ApplicationServices
0x0000000048ff7000 	/usr/lib/libz.1.dylib
0x0000000048ff7000 	/usr/lib/libSystem.B.dylib
0x0000000048ff7000 	/usr/lib/libobjc.A.dylib
0x0000000048ff7000 	/System/Library/Frameworks/CoreFoundation.framework/Versions/A/CoreFoundation
0x0000000048ff7000 	/System/Library/Frameworks/Foundation.framework/Versions/C/Foundation
0x0000000048ff7000 	/System/Library/Frameworks/AppKit.framework/Versions/C/AppKit
0x0000000048ff7000 	/System/Library/Frameworks/CoreData.framework/Versions/A/CoreData
0x0000000048ff7000 	/System/Library/PrivateFrameworks/RemoteViewServices.framework/Versions/A/RemoteViewServices
0x0000000048ff7000 	/System/Library/PrivateFrameworks/UIFoundation.framework/Versions/A/UIFoundation
0x0000000048ff7000 	/System/Library/PrivateFrameworks/DFRFoundation.framework/Versions/A/DFRFoundation
0x0000000048ff7000 	/usr/lib/libenergytrace.dylib
0x0000000048ff7000 	/System/Library/PrivateFrameworks/SkyLight.framework/Versions/A/SkyLight
0x0000000048ff7000 	/System/Library/Frameworks/CoreGraphics.framework/Versions/A/CoreGraphics
0x0000000048ff7000 	/usr/lib/libScreenReader.dylib
0x0000000048ff7000 	/System/Library/Frameworks/Accelerate.framework/Versions/A/Accelerate
0x0000000048ff7000 	/System/Library/Frameworks/IOSurface.framework/Versions/A/IOSurface
0x0000000048ff7000 	/System/Library/Frameworks/AudioToolbox.framework/Versions/A/AudioToolbox
0x0000000048ff7000 	/System/Library/Frameworks/AudioUnit.framework/Versions/A/AudioUnit
0x0000000048ff7000 	/System/Library/PrivateFrameworks/DataDetectorsCore.framework/Versions/A/DataDetectorsCore
0x0000000048ff7000 	/System/Library/PrivateFrameworks/DesktopServicesPriv.framework/Versions/A/DesktopServicesPriv
0x0000000048ff7000 	/System/Library/Frameworks/Carbon.framework/Versions/A/Frameworks/HIToolbox.framework/Versions/A/HIToolbox
0x0000000048ff7000 	/usr/lib/libicucore.A.dylib
0x0000000048ff7000 	/System/Library/Frameworks/QuartzCore.framework/Versions/A/QuartzCore
0x0000000048ff7000 	/System/Library/Frameworks/Carbon.framework/Versions/A/Frameworks/SpeechRecognition.framework/Versions/A/SpeechRecognition
0x0000000048ff7000 	/usr/lib/libauto.dylib
0x0000000048ff7000 	/usr/lib/libxml2.2.dylib
0x0000000048ff7000 	/System/Library/PrivateFrameworks/CoreUI.framework/Versions/A/CoreUI
0x0000000048ff7000 	/System/Library/Frameworks/CoreAudio.framework/Versions/A/CoreAudio
0x0000000048ff7000 	/System/Library/Frameworks/DiskArbitration.framework/Versions/A/DiskArbitration
0x0000000048ff7000 	/usr/lib/liblangid.dylib
0x0000000048ff7000 	/System/Library/PrivateFrameworks/MultitouchSupport.framework/Versions/A/MultitouchSupport
0x0000000048ff7000 	/System/Library/Frameworks/IOKit.framework/Versions/A/IOKit
0x0000000048ff7000 	/usr/lib/libDiagnosticMessagesClient.dylib
0x0000000048ff7000 	/System/Library/Frameworks/CoreServices.framework/Versions/A/CoreServices
0x0000000048ff7000 	/System/Library/PrivateFrameworks/PerformanceAnalysis.framework/Versions/A/PerformanceAnalysis
0x0000000048ff7000 	/System/Library/PrivateFrameworks/GenerationalStorage.framework/Versions/A/GenerationalStorage
0x0000000048ff7000 	/System/Library/Frameworks/OpenGL.framework/Versions/A/OpenGL
0x0000000048ff7000 	/System/Library/Frameworks/CoreImage.framework/Versions/A/CoreImage
0x0000000048ff7000 	/System/Library/Frameworks/CoreText.framework/Versions/A/CoreText
0x0000000048ff7000 	/System/Library/Frameworks/ImageIO.framework/Versions/A/ImageIO
0x0000000048ff7000 	/System/Library/PrivateFrameworks/Backup.framework/Versions/A/Backup
0x0000000048ff7000 	/usr/lib/libarchive.2.dylib
0x0000000048ff7000 	/System/Library/Frameworks/CFNetwork.framework/Versions/A/CFNetwork
0x0000000048ff7000 	/System/Library/Frameworks/SystemConfiguration.framework/Versions/A/SystemConfiguration
0x0000000048ff7000 	/usr/lib/libCRFSuite.dylib
0x0000000048ff7000 	/usr/lib/libc++.1.dylib
0x0000000048ff7000 	/usr/lib/libc++abi.dylib
0x0000000048ff7000 	/usr/lib/system/libcache.dylib
0x0000000048ff7000 	/usr/lib/system/libcommonCrypto.dylib
0x0000000048ff7000 	/usr/lib/system/libcompiler_rt.dylib
0x0000000048ff7000 	/usr/lib/system/libcopyfile.dylib
0x0000000048ff7000 	/usr/lib/system/libcorecrypto.dylib
0x0000000048ff7000 	/usr/lib/system/libdispatch.dylib
0x0000000048ff7000 	/usr/lib/system/libdyld.dylib
0x0000000048ff7000 	/usr/lib/system/libkeymgr.dylib
0x0000000048ff7000 	/usr/lib/system/liblaunch.dylib
0x0000000048ff7000 	/usr/lib/system/libmacho.dylib
0x0000000048ff7000 	/usr/lib/system/libquarantine.dylib
0x0000000048ff7000 	/usr/lib/system/libremovefile.dylib
0x0000000048ff7000 	/usr/lib/system/libsystem_asl.dylib
0x0000000048ff7000 	/usr/lib/system/libsystem_blocks.dylib
0x0000000048ff7000 	/usr/lib/system/libsystem_c.dylib
0x0000000048ff7000 	/usr/lib/system/libsystem_configuration.dylib
0x0000000048ff7000 	/usr/lib/system/libsystem_coreservices.dylib
0x0000000048ff7000 	/usr/lib/system/libsystem_coretls.dylib
0x0000000048ff7000 	/usr/lib/system/libsystem_dnssd.dylib
0x0000000048ff7000 	/usr/lib/system/libsystem_info.dylib
0x0000000048ff7000 	/usr/lib/system/libsystem_kernel.dylib
0x0000000048ff7000 	/usr/lib/system/libsystem_m.dylib
0x0000000048ff7000 	/usr/lib/system/libsystem_malloc.dylib
0x0000000048ff7000 	/usr/lib/system/libsystem_network.dylib
0x0000000048ff7000 	/usr/lib/system/libsystem_networkextension.dylib
0x0000000048ff7000 	/usr/lib/system/libsystem_notify.dylib
0x0000000048ff7000 	/usr/lib/system/libsystem_platform.dylib
0x0000000048ff7000 	/usr/lib/system/libsystem_pthread.dylib
0x0000000048ff7000 	/usr/lib/system/libsystem_sandbox.dylib
0x0000000048ff7000 	/usr/lib/system/libsystem_secinit.dylib
0x0000000048ff7000 	/usr/lib/system/libsystem_symptoms.dylib
0x0000000048ff7000 	/usr/lib/system/libsystem_trace.dylib
0x0000000048ff7000 	/usr/lib/system/libunwind.dylib
0x0000000048ff7000 	/usr/lib/system/libxpc.dylib
0x0000000048ff7000 	/usr/lib/libbsm.0.dylib
0x0000000048ff7000 	/usr/lib/system/libkxld.dylib
0x0000000048ff7000 	/usr/lib/libcoretls.dylib
0x0000000048ff7000 	/usr/lib/libcoretls_cfhelpers.dylib
0x0000000048ff7000 	/usr/lib/libOpenScriptingUtil.dylib
0x0000000048ff7000 	/usr/lib/libpam.2.dylib
0x0000000048ff7000 	/usr/lib/libsqlite3.dylib
0x0000000048ff7000 	/usr/lib/libxar.1.dylib
0x0000000048ff7000 	/usr/lib/libbz2.1.0.dylib
0x0000000048ff7000 	/usr/lib/liblzma.5.dylib
0x0000000048ff7000 	/usr/lib/libnetwork.dylib
0x0000000048ff7000 	/usr/lib/libpcap.A.dylib
0x0000000048ff7000 	/System/Library/Frameworks/CoreServices.framework/Versions/A/Frameworks/FSEvents.framework/Versions/A/FSEvents
0x0000000048ff7000 	/System/Library/Frameworks/CoreServices.framework/Versions/A/Frameworks/CarbonCore.framework/Versions/A/CarbonCore
0x0000000048ff7000 	/System/Library/Frameworks/CoreServices.framework/Versions/A/Frameworks/Metadata.framework/Versions/A/Metadata
0x0000000048ff7000 	/System/Library/Frameworks/CoreServices.framework/Versions/A/Frameworks/OSServices.framework/Versions/A/OSServices
0x0000000048ff7000 	/System/Library/Frameworks/CoreServices.framework/Versions/A/Frameworks/SearchKit.framework/Versions/A/SearchKit
0x0000000048ff7000 	/System/Library/Frameworks/CoreServices.framework/Versions/A/Frameworks/AE.framework/Versions/A/AE
0x0000000048ff7000 	/System/Library/Frameworks/CoreServices.framework/Versions/A/Frameworks/LaunchServices.framework/Versions/A/LaunchServices
0x0000000048ff7000 	/System/Library/Frameworks/CoreServices.framework/Versions/A/Frameworks/DictionaryServices.framework/Versions/A/DictionaryServices
0x0000000048ff7000 	/System/Library/Frameworks/CoreServices.framework/Versions/A/Frameworks/SharedFileList.framework/Versions/A/SharedFileList
0x0000000048ff7000 	/System/Library/Frameworks/NetFS.framework/Versions/A/NetFS
0x0000000048ff7000 	/System/Library/PrivateFrameworks/NetAuth.framework/Versions/A/NetAuth
0x0000000048ff7000 	/System/Library/PrivateFrameworks/login.framework/Versions/A/Frameworks/loginsupport.framework/Versions/A/loginsupport
0x0000000048ff7000 	/System/Library/PrivateFrameworks/TCC.framework/Versions/A/TCC
0x0000000048ff7000 	/usr/lib/libmecabra.dylib
0x0000000048ff7000 	/System/Library/Frameworks/ApplicationServices.framework/Versions/A/Frameworks/ATS.framework/Versions/A/ATS
0x0000000048ff7000 	/System/Library/Frameworks/ApplicationServices.framework/Versions/A/Frameworks/ColorSync.framework/Versions/A/ColorSync
0x0000000048ff7000 	/System/Library/Frameworks/ApplicationServices.framework/Versions/A/Frameworks/HIServices.framework/Versions/A/HIServices
0x0000000048ff7000 	/System/Library/Frameworks/ApplicationServices.framework/Versions/A/Frameworks/LangAnalysis.framework/Versions/A/LangAnalysis
0x0000000048ff7000 	/System/Library/Frameworks/ApplicationServices.framework/Versions/A/Frameworks/PrintCore.framework/Versions/A/PrintCore
0x0000000048ff7000 	/System/Library/Frameworks/ApplicationServices.framework/Versions/A/Frameworks/QD.framework/Versions/A/QD
0x0000000048ff7000 	/System/Library/Frameworks/ApplicationServices.framework/Versions/A/Frameworks/SpeechSynthesis.framework/Versions/A/SpeechSynthesis
0x0000000048ff7000 	/System/Library/Frameworks/Accelerate.framework/Versions/A/Frameworks/vImage.framework/Versions/A/vImage
0x0000000048ff7000 	/System/Library/Frameworks/Accelerate.framework/Versions/A/Frameworks/vecLib.framework/Versions/A/vecLib
0x0000000048ff7000 	/System/Library/Frameworks/Accelerate.framework/Versions/A/Frameworks/vecLib.framework/Versions/A/libvDSP.dylib
0x0000000048ff7000 	/System/Library/Frameworks/Accelerate.framework/Versions/A/Frameworks/vecLib.framework/Versions/A/libBNNS.dylib
0x0000000048ff7000 	/System/Library/Frameworks/Accelerate.framework/Versions/A/Frameworks/vecLib.framework/Versions/A/libQuadrature.dylib
0x0000000048ff7000 	/System/Library/Frameworks/Accelerate.framework/Versions/A/Frameworks/vecLib.framework/Versions/A/libvMisc.dylib
0x0000000048ff7000 	/System/Library/Frameworks/Accelerate.framework/Versions/A/Frameworks/vecLib.framework/Versions/A/libLAPACK.dylib
0x0000000048ff7000 	/System/Library/Frameworks/Accelerate.framework/Versions/A/Frameworks/vecLib.framework/Versions/A/libBLAS.dylib
0x0000000048ff7000 	/System/Library/Frameworks/Accelerate.framework/Versions/A/Frameworks/vecLib.framework/Versions/A/libLinearAlgebra.dylib
0x0000000048ff7000 	/System/Library/Frameworks/Accelerate.framework/Versions/A/Frameworks/vecLib.framework/Versions/A/libSparseBLAS.dylib
0x0000000048ff7000 	/System/Library/Frameworks/ApplicationServices.framework/Versions/A/Frameworks/ATS.framework/Versions/A/Resources/libFontParser.dylib
0x0000000048ff7000 	/System/Library/Frameworks/ApplicationServices.framework/Versions/A/Frameworks/ATS.framework/Versions/A/Resources/libFontRegistry.dylib
0x0000000048ff7000 	/System/Library/Frameworks/ImageIO.framework/Versions/A/Resources/libJPEG.dylib
0x0000000048ff7000 	/System/Library/Frameworks/ImageIO.framework/Versions/A/Resources/libTIFF.dylib
0x0000000048ff7000 	/System/Library/Frameworks/ImageIO.framework/Versions/A/Resources/libPng.dylib
0x0000000048ff7000 	/System/Library/Frameworks/ImageIO.framework/Versions/A/Resources/libGIF.dylib
0x0000000048ff7000 	/System/Library/Frameworks/ImageIO.framework/Versions/A/Resources/libJP2.dylib
0x0000000048ff7000 	/System/Library/Frameworks/ImageIO.framework/Versions/A/Resources/libRadiance.dylib
0x0000000048ff7000 	/usr/lib/libcompression.dylib
0x0000000048ff7000 	/System/Library/PrivateFrameworks/AppleJPEG.framework/Versions/A/AppleJPEG
0x0000000048ff7000 	/usr/lib/libcups.2.dylib
0x0000000048ff7000 	/System/Library/Frameworks/Kerberos.framework/Versions/A/Kerberos
0x0000000048ff7000 	/System/Library/Frameworks/GSS.framework/Versions/A/GSS
0x0000000048ff7000 	/usr/lib/libresolv.9.dylib
0x0000000048ff7000 	/usr/lib/libiconv.2.dylib
0x0000000048ff7000 	/System/Library/PrivateFrameworks/Heimdal.framework/Versions/A/Heimdal
0x0000000048ff7000 	/usr/lib/libheimdal-asn1.dylib
0x0000000048ff7000 	/System/Library/Frameworks/OpenDirectory.framework/Versions/A/OpenDirectory
0x0000000048ff7000 	/System/Library/PrivateFrameworks/CommonAuth.framework/Versions/A/CommonAuth
0x0000000048ff7000 	/System/Library/Frameworks/OpenDirectory.framework/Versions/A/Frameworks/CFOpenDirectory.framework/Versions/A/CFOpenDirectory
0x0000000048ff7000 	/System/Library/Frameworks/SecurityFoundation.framework/Versions/A/SecurityFoundation
0x0000000048ff7000 	/System/Library/PrivateFrameworks/LanguageModeling.framework/Versions/A/LanguageModeling
0x0000000048ff7000 	/usr/lib/libmarisa.dylib
0x0000000048ff7000 	/usr/lib/libChineseTokenizer.dylib
0x0000000048ff7000 	/usr/lib/libcmph.dylib
0x0000000048ff7000 	/System/Library/PrivateFrameworks/CoreEmoji.framework/Versions/A/CoreEmoji
0x0000000048ff7000 	/System/Library/Frameworks/ServiceManagement.framework/Versions/A/ServiceManagement
0x0000000048ff7000 	/usr/lib/libxslt.1.dylib
0x0000000048ff7000 	/System/Library/Frameworks/Carbon.framework/Versions/A/Frameworks/Ink.framework/Versions/A/Ink
0x0000000048ff7000 	/System/Library/PrivateFrameworks/TextureIO.framework/Versions/A/TextureIO
0x0000000048ff7000 	/System/Library/Frameworks/Metal.framework/Versions/A/Metal
0x0000000048ff7000 	/usr/lib/libate.dylib
0x0000000048ff7000 	/System/Library/PrivateFrameworks/GPUCompiler.framework/libmetal_timestamp.dylib
0x0000000048ff7000 	/System/Library/Frameworks/OpenGL.framework/Versions/A/Libraries/libCoreFSCache.dylib
0x0000000048ff7000 	/System/Library/PrivateFrameworks/IOAccelerator.framework/Versions/A/IOAccelerator
0x0000000048ff7000 	/System/Library/Frameworks/CoreVideo.framework/Versions/A/CoreVideo
0x0000000048ff7000 	/usr/lib/libFosl_dynamic.dylib
0x0000000048ff7000 	/System/Library/PrivateFrameworks/MetalPerformanceShaders.framework/Versions/A/MetalPerformanceShaders
0x0000000048ff7000 	/System/Library/PrivateFrameworks/FaceCore.framework/Versions/A/FaceCore
0x0000000048ff7000 	/System/Library/Frameworks/OpenCL.framework/Versions/A/OpenCL
0x0000000048ff7000 	/System/Library/Frameworks/OpenGL.framework/Versions/A/Libraries/libGLU.dylib
0x0000000048ff7000 	/System/Library/Frameworks/OpenGL.framework/Versions/A/Libraries/libGFXShared.dylib
0x0000000048ff7000 	/System/Library/Frameworks/OpenGL.framework/Versions/A/Libraries/libGL.dylib
0x0000000048ff7000 	/System/Library/Frameworks/OpenGL.framework/Versions/A/Libraries/libGLImage.dylib
0x0000000048ff7000 	/System/Library/Frameworks/OpenGL.framework/Versions/A/Libraries/libCVMSPluginSupport.dylib
0x0000000048ff7000 	/System/Library/Frameworks/OpenGL.framework/Versions/A/Libraries/libCoreVMClient.dylib
0x0000000048ff7000 	/System/Library/PrivateFrameworks/CrashReporterSupport.framework/Versions/A/CrashReporterSupport
0x0000000048ff7000 	/System/Library/PrivateFrameworks/Sharing.framework/Versions/A/Sharing
0x0000000048ff7000 	/System/Library/PrivateFrameworks/IconServices.framework/Versions/A/IconServices
0x0000000048ff7000 	/System/Library/PrivateFrameworks/ProtocolBuffer.framework/Versions/A/ProtocolBuffer
0x0000000048ff7000 	/System/Library/PrivateFrameworks/Apple80211.framework/Versions/A/Apple80211
0x0000000048ff7000 	/System/Library/Frameworks/CoreWLAN.framework/Versions/A/CoreWLAN
0x0000000048ff7000 	/System/Library/PrivateFrameworks/CoreUtils.framework/Versions/A/CoreUtils
0x0000000048ff7000 	/System/Library/Frameworks/IOBluetooth.framework/Versions/A/IOBluetooth
0x0000000048ff7000 	/System/Library/PrivateFrameworks/CoreWiFi.framework/Versions/A/CoreWiFi
0x0000000048ff7000 	/System/Library/Frameworks/CoreBluetooth.framework/Versions/A/CoreBluetooth
0x0000000048ff7000 	/System/Library/Frameworks/CoreDisplay.framework/Versions/A/CoreDisplay
0x0000000048ff7000 	/System/Library/PrivateFrameworks/IOPresentment.framework/Versions/A/IOPresentment
0x0000000048ff7000 	/System/Library/PrivateFrameworks/DSExternalDisplay.framework/Versions/A/DSExternalDisplay
0x0000000048ff7000 	/System/Library/PrivateFrameworks/DebugSymbols.framework/Versions/A/DebugSymbols
0x0000000048ff7000 	/System/Library/PrivateFrameworks/CoreSymbolication.framework/Versions/A/CoreSymbolication
0x0000000048ff7000 	/System/Library/PrivateFrameworks/Symbolication.framework/Versions/A/Symbolication
0x0000000048ff7000 	/System/Library/PrivateFrameworks/AppleFSCompression.framework/Versions/A/AppleFSCompression
0x0000000048ff7000 	/System/Library/PrivateFrameworks/SpeechRecognitionCore.framework/Versions/A/SpeechRecognitionCore
0x0000000048ff7000 	/System/Library/PrivateFrameworks/ChunkingLibrary.framework/Versions/A/ChunkingLibrary
0x000000010c462000 	/Library/Java/JavaVirtualMachines/jdk1.8.0_111.jdk/Contents/Home/jre/lib/server/libjvm.dylib
0x0000000048ff7000 	/usr/lib/libstdc++.6.dylib
0x000000010d403000 	/Library/Java/JavaVirtualMachines/jdk1.8.0_111.jdk/Contents/Home/jre/lib/libverify.dylib
0x000000010d411000 	/Library/Java/JavaVirtualMachines/jdk1.8.0_111.jdk/Contents/Home/jre/lib/libjava.dylib
0x000000010d450000 	/Library/Java/JavaVirtualMachines/jdk1.8.0_111.jdk/Contents/Home/jre/lib/libzip.dylib
0x000000012366a000 	/System/Library/Frameworks/JavaVM.framework/Frameworks/JavaRuntimeSupport.framework/JavaRuntimeSupport
0x0000000123684000 	/System/Library/Frameworks/JavaVM.framework/Versions/A/Frameworks/JavaNativeFoundation.framework/Versions/A/JavaNativeFoundation
0x000000010d5ec000 	/System/Library/Frameworks/JavaVM.framework/Versions/A/JavaVM
0x0000000048ff7000 	/System/Library/Frameworks/Carbon.framework/Versions/A/Carbon
0x000000010e4cb000 	/System/Library/PrivateFrameworks/JavaLaunching.framework/Versions/A/JavaLaunching
0x0000000048ff7000 	/System/Library/Frameworks/Carbon.framework/Versions/A/Frameworks/CommonPanels.framework/Versions/A/CommonPanels
0x0000000048ff7000 	/System/Library/Frameworks/Carbon.framework/Versions/A/Frameworks/Help.framework/Versions/A/Help
0x0000000048ff7000 	/System/Library/Frameworks/Carbon.framework/Versions/A/Frameworks/ImageCapture.framework/Versions/A/ImageCapture
0x0000000048ff7000 	/System/Library/Frameworks/Carbon.framework/Versions/A/Frameworks/OpenScripting.framework/Versions/A/OpenScripting
0x0000000048ff7000 	/System/Library/Frameworks/Carbon.framework/Versions/A/Frameworks/Print.framework/Versions/A/Print
0x0000000048ff7000 	/System/Library/Frameworks/Carbon.framework/Versions/A/Frameworks/SecurityHI.framework/Versions/A/SecurityHI
0x0000000125040000 	/Library/Java/JavaVirtualMachines/jdk1.8.0_111.jdk/Contents/Home/jre/lib/libawt.dylib
0x00000001250e8000 	/Library/Java/JavaVirtualMachines/jdk1.8.0_111.jdk/Contents/Home/jre/lib/./libmlib_image.dylib
0x00000001251b4000 	/Library/Java/JavaVirtualMachines/jdk1.8.0_111.jdk/Contents/Home/jre/lib/libawt_lwawt.dylib
0x0000000125269000 	/Library/Java/JavaVirtualMachines/jdk1.8.0_111.jdk/Contents/Home/jre/lib/./libosxapp.dylib
0x0000000048ff7000 	/System/Library/Frameworks/ExceptionHandling.framework/Versions/A/ExceptionHandling
0x0000000048ff7000 	/System/Library/PrivateFrameworks/CoreServicesInternal.framework/Versions/A/CoreServicesInternal
0x0000000048ff7000 	/System/Library/CoreServices/RawCamera.bundle/Contents/MacOS/RawCamera
0x0000000048ff7000 	/System/Library/Frameworks/Accelerate.framework/Versions/A/Frameworks/vImage.framework/Versions/A/Libraries/libCGInterfaces.dylib
0x0000000048ff7000 	/System/Library/Frameworks/ApplicationServices.framework/Versions/A/Frameworks/ATS.framework/Versions/A/Resources/libTrueTypeScaler.dylib
0x0000000126f54000 	/System/Library/Frameworks/OpenGL.framework/Resources/GLEngine.bundle/GLEngine
0x0000000048ff7000 	/System/Library/Frameworks/OpenGL.framework/Versions/A/Libraries/libGLProgrammability.dylib
0x0000000127139000 	/System/Library/Extensions/AppleIntelBDWGraphicsGLDriver.bundle/Contents/MacOS/AppleIntelBDWGraphicsGLDriver
0x0000000048ff7000 	/System/Library/PrivateFrameworks/GPUSupport.framework/Versions/A/Libraries/libGPUSupportMercury.dylib
0x00000001278a3000 	/System/Library/Frameworks/OpenGL.framework/Resources//GLRendererFloat.bundle/GLRendererFloat
0x0000000048ff7000 	/System/Library/Frameworks/OpenCL.framework/Versions/A/Libraries/libcldcpuengine.dylib
0x0000000048ff7000 	/usr/lib/libcrypto.0.9.8.dylib
0x0000000048ff7000 	/System/Library/PrivateFrameworks/TrustEvaluationAgent.framework/Versions/A/TrustEvaluationAgent
0x00000001278d7000 	/System/Library/Extensions/AppleIntelBDWGraphicsMTLDriver.bundle/Contents/MacOS/AppleIntelBDWGraphicsMTLDriver
0x0000000048ff7000 	/System/Library/PrivateFrameworks/FamilyControls.framework/Versions/A/FamilyControls
0x0000000048ff7000 	/System/Library/PrivateFrameworks/CommerceKit.framework/Versions/A/Frameworks/CommerceCore.framework/Versions/A/CommerceCore
0x0000000048ff7000 	/System/Library/PrivateFrameworks/SystemAdministration.framework/Versions/A/SystemAdministration
0x0000000048ff7000 	/System/Library/PrivateFrameworks/AppContainer.framework/Versions/A/AppContainer
0x0000000048ff7000 	/System/Library/PrivateFrameworks/SecCodeWrapper.framework/Versions/A/SecCodeWrapper
0x0000000048ff7000 	/System/Library/Frameworks/DirectoryService.framework/Versions/A/DirectoryService
0x0000000048ff7000 	/System/Library/PrivateFrameworks/DiskImages.framework/Versions/A/DiskImages
0x0000000048ff7000 	/System/Library/PrivateFrameworks/LoginUIKit.framework/Versions/A/Frameworks/LoginUICore.framework/Versions/A/LoginUICore
0x0000000048ff7000 	/usr/lib/libCoreStorage.dylib
0x0000000048ff7000 	/usr/lib/libcsfde.dylib
0x0000000048ff7000 	/usr/lib/libodfde.dylib
0x0000000048ff7000 	/System/Library/Frameworks/DiscRecording.framework/Versions/A/DiscRecording
0x0000000048ff7000 	/usr/lib/libcurl.4.dylib
0x0000000048ff7000 	/System/Library/PrivateFrameworks/MediaKit.framework/Versions/A/MediaKit
0x0000000048ff7000 	/System/Library/PrivateFrameworks/ProtectedCloudStorage.framework/Versions/A/ProtectedCloudStorage
0x0000000048ff7000 	/System/Library/PrivateFrameworks/EFILogin.framework/Versions/A/EFILogin
0x0000000048ff7000 	/usr/lib/libutil.dylib
0x0000000048ff7000 	/System/Library/Frameworks/LDAP.framework/Versions/A/LDAP
0x0000000048ff7000 	/usr/lib/libsasl2.2.dylib
0x0000000048ff7000 	/System/Library/PrivateFrameworks/CoreDaemon.framework/Versions/B/CoreDaemon
0x0000000048ff7000 	/System/Library/PrivateFrameworks/AppleSRP.framework/Versions/A/AppleSRP
0x0000000048ff7000 	/System/Library/PrivateFrameworks/APFS.framework/Versions/A/APFS
0x0000000129048000 	/Library/Java/JavaVirtualMachines/jdk1.8.0_111.jdk/Contents/Home/jre/lib/libfontmanager.dylib
0x00000001290dd000 	/Users/miguelgascon/NetBeansProjects/target/natives/liblwjgl.dylib
0x00000001254f3000 	/Library/Java/JavaVirtualMachines/jdk1.8.0_111.jdk/Contents/Home/jre/lib/libjawt.dylib
0x0000000048ff7000 	/System/Library/PrivateFrameworks/ViewBridge.framework/Versions/A/ViewBridge
0x0000000048ff7000 	/System/Library/PrivateFrameworks/XPCService.framework/Versions/A/XPCService
0x0000000048ff7000 	/System/Library/PrivateFrameworks/AppSandbox.framework/Versions/A/AppSandbox
0x0000000048ff7000 	/usr/lib/libsandbox.1.dylib
0x0000000048ff7000 	/usr/lib/libMatch.1.dylib
0x000000012ba31000 	/Users/miguelgascon/NetBeansProjects/target/natives/libjinput-osx.jnilib
0x000000012ba36000 	/System/Library/Extensions/IOHIDFamily.kext/Contents/PlugIns/IOHIDLib.plugin/Contents/MacOS/IOHIDLib
0x000000012ba66000 	/Library/Java/JavaVirtualMachines/jdk1.8.0_111.jdk/Contents/Home/jre/lib/libnio.dylib
0x000000012ba76000 	/Library/Java/JavaVirtualMachines/jdk1.8.0_111.jdk/Contents/Home/jre/lib/./libnet.dylib
0x000000012ba91000 	/Library/Java/JavaVirtualMachines/jdk1.8.0_111.jdk/Contents/Home/jre/lib/libjpeg.dylib
0x0000000145381000 	/Library/Java/JavaVirtualMachines/jdk1.8.0_111.jdk/Contents/Home/jre/lib/liblcms.dylib
0x0000000048ff7000 	/System/Library/Frameworks/ApplicationServices.framework/Versions/A/Frameworks/ATS.framework/Versions/A/Resources/libType1Scaler.dylib
0x0000000171255000 	/Users/miguelgascon/NetBeansProjects/target/natives/openal.dylib
0x00000001714db000 	/System/Library/Components/CoreAudio.component/Contents/MacOS/CoreAudio
0x00000001716d9000 	/System/Library/Extensions/AppleHDA.kext/Contents/PlugIns/AppleHDAHALPlugIn.bundle/Contents/MacOS/AppleHDAHALPlugIn

VM Arguments:
jvm_args: -Djava.library.path=target/natives 
java_command: ca.qc.bdeb.projetIntegrateur.Main
java_class_path (initial): /Users/miguelgascon/NetBeansProjects/target/classes:/Users/miguelgascon/.m2/repository/org/slick2d/slick2d-core/1.0.2/slick2d-core-1.0.2.jar:/Users/miguelgascon/.m2/repository/org/lwjgl/lwjgl/lwjgl/2.9.3/lwjgl-2.9.3.jar:/Users/miguelgascon/.m2/repository/org/lwjgl/lwjgl/lwjgl-platform/2.9.3/lwjgl-platform-2.9.3-natives-windows.jar:/Users/miguelgascon/.m2/repository/org/lwjgl/lwjgl/lwjgl-platform/2.9.3/lwjgl-platform-2.9.3-natives-linux.jar:/Users/miguelgascon/.m2/repository/org/lwjgl/lwjgl/lwjgl-platform/2.9.3/lwjgl-platform-2.9.3-natives-osx.jar:/Users/miguelgascon/.m2/repository/net/java/jinput/jinput/2.0.5/jinput-2.0.5.jar:/Users/miguelgascon/.m2/repository/net/java/jutils/jutils/1.0.0/jutils-1.0.0.jar:/Users/miguelgascon/.m2/repository/net/java/jinput/jinput-platform/2.0.5/jinput-platform-2.0.5-natives-linux.jar:/Users/miguelgascon/.m2/repository/net/java/jinput/jinput-platform/2.0.5/jinput-platform-2.0.5-natives-windows.jar:/Users/miguelgascon/.m2/repository/net/java/jinput/jinput-platform/2.0.5/jinput-platform-2.0.5-natives-osx.jar:/Users/miguelgascon/.m2/repository/org/lwjgl/lwjgl/3.1.1/lwjgl-3.1.1-natives-windows.jar:/Users/miguelgascon/.m2/repository/com/googlecode/mavennatives/maven-nativedependencies-plugin/0.0.7/maven-nativedependencies-plugin-0.0.7.jar:/Users/miguelgascon/.m2/repository/org/apache/maven/maven-artifact/2.0.10/maven-artifact-2.0.10.jar:/Users/miguelgascon/.m2/repository/org/apache/maven/maven-plugin-api/2.0.10/maven-plugin-api-2.0.10.jar:/Users/miguelgascon/.m2/repository/org/apache/maven/maven-project/2.0.10/maven-project-2.0.10.jar:/Users/miguelgascon/.m2/repository/org/apache/maven/maven-settings/2.0.10/maven-settings-2.0.10.jar:/Users/miguelgascon/.m2/repository/org/apache/maven/maven-profile/2.0.10/maven-profile-2.0.10.jar:/Users/miguelgascon/.m2/repository/org/apache/maven/maven-artifact-manager/2.0.10/maven-artifact-manager-2.0.10.jar:/Users/miguelgascon/.m2/repository/org/apache/maven/maven-plugin-regi
Launcher Type: SUN_STANDARD

Environment Variables:
JAVA_HOME=/Library/Java/JavaVirtualMachines/jdk1.8.0_111.jdk/Contents/Home
PATH=/usr/bin:/bin:/usr/sbin:/sbin
SHELL=/bin/bash

Signal Handlers:
SIGSEGV: [libjvm.dylib+0x5b03ed], sa_mask[0]=11111111011111110111111111111111, sa_flags=SA_ONSTACK|SA_RESTART|SA_SIGINFO
SIGBUS: [libjvm.dylib+0x5b03ed], sa_mask[0]=11111111011111110111111111111111, sa_flags=SA_RESTART|SA_SIGINFO
SIGFPE: [libjvm.dylib+0x48711c], sa_mask[0]=11111111011111110111111111111111, sa_flags=SA_RESTART|SA_SIGINFO
SIGPIPE: [libjvm.dylib+0x48711c], sa_mask[0]=11111111011111110111111111111111, sa_flags=SA_RESTART|SA_SIGINFO
SIGXFSZ: [libjvm.dylib+0x48711c], sa_mask[0]=11111111011111110111111111111111, sa_flags=SA_RESTART|SA_SIGINFO
SIGILL: [libjvm.dylib+0x48711c], sa_mask[0]=11111111011111110111111111111111, sa_flags=SA_RESTART|SA_SIGINFO
SIGUSR1: SIG_DFL, sa_mask[0]=00000000000000000000000000000000, sa_flags=none
SIGUSR2: [libjvm.dylib+0x486c3a], sa_mask[0]=00100000000000000000000000000000, sa_flags=SA_RESTART|SA_SIGINFO
SIGHUP: [libjvm.dylib+0x485211], sa_mask[0]=11111111011111110111111111111111, sa_flags=SA_RESTART|SA_SIGINFO
SIGINT: SIG_IGN, sa_mask[0]=00000000000000000000000000000000, sa_flags=none
SIGTERM: [libjvm.dylib+0x485211], sa_mask[0]=11111111011111110111111111111111, sa_flags=SA_RESTART|SA_SIGINFO
SIGQUIT: [libjvm.dylib+0x485211], sa_mask[0]=11111111011111110111111111111111, sa_flags=SA_RESTART|SA_SIGINFO


---------------  S Y S T E M  ---------------

OS:Bsduname:Darwin 16.5.0 Darwin Kernel Version 16.5.0: Fri Mar  3 16:52:33 PST 2017; root:xnu-3789.51.2~3/RELEASE_X86_64 x86_64
rlimit: STACK 8192k, CORE 0k, NPROC 709, NOFILE 10240, AS infinity
load average:1.39 1.67 1.75

CPU:total 4 (2 cores per cpu, 2 threads per core) family 6 model 61 stepping 4, cmov, cx8, fxsr, mmx, sse, sse2, sse3, ssse3, sse4.1, sse4.2, popcnt, avx, avx2, aes, clmul, erms, 3dnowpref, lzcnt, ht, tsc, tscinvbit, bmi1, bmi2, adx

Memory: 4k page, physical 8388608k(499696k free)

/proc/meminfo:


vm_info: Java HotSpot(TM) 64-Bit Server VM (25.111-b14) for bsd-amd64 JRE (1.8.0_111-b14), built on Sep 22 2016 15:31:41 by "java_re" with gcc 4.2.1 (Based on Apple Inc. build 5658) (LLVM build 2336.11.00)

time: Mon May 22 20:45:08 2017
elapsed time: 518 seconds (0d 0h 8m 38s)

