#
# A fatal error has been detected by the Java Runtime Environment:
#
#  SIGSEGV (0xb) at pc=0x00000001296634d3, pid=4205, tid=0x0000000000000307
#
# JRE version: Java(TM) SE Runtime Environment (8.0_111-b14) (build 1.8.0_111-b14)
# Java VM: Java HotSpot(TM) 64-Bit Server VM (25.111-b14 mixed mode bsd-amd64 compressed oops)
# Problematic frame:
# C  [GLEngine+0x164d3]  glScissor_Exec+0x24
#
# Failed to write core dump. Core dumps have been disabled. To enable core dumping, try "ulimit -c unlimited" before starting Java again
#
# If you would like to submit a bug report, please visit:
#   http://bugreport.java.com/bugreport/crash.jsp
# The crash happened outside the Java Virtual Machine in native code.
# See problematic frame for where to report the bug.
#

---------------  T H R E A D  ---------------

Current thread (0x00007fc95134d800):  JavaThread "AppKit Thread" daemon [_thread_in_native, id=775, stack(0x00007fff50923000,0x00007fff51123000)]

siginfo: si_signo: 11 (SIGSEGV), si_code: 1 (SEGV_MAPERR), si_addr: 0x0000000000009914

Registers:
RAX=0x0000000000000000, RBX=0x40e8fd1570dc000d, RCX=0x0000000000000500, RDX=0x0000000000000000
RSP=0x00007fff5111bb50, RBP=0x00007fff5111bb70, RSI=0x0000000000000000, RDI=0x0000000000000000
R8 =0x0000000000000320, R9 =0x0000000000000000, R10=0x0000000000000038, R11=0x0000000000000206
R12=0x00007fc9501de200, R13=0x0000000000015deb, R14=0x00007fc94f5eb500, R15=0x0000000000000000
RIP=0x00000001296634d3, EFLAGS=0x0000000000010206, ERR=0x0000000000000004
  TRAPNO=0x000000000000000e

Top of Stack: (sp=0x00007fff5111bb50)
0x00007fff5111bb50:   0000000000000000 0000032000000500
0x00007fff5111bb60:   40e8fd1570dc000d 0000000000001001
0x00007fff5111bb70:   00007fff5111bbe0 00007fffcc2d0a6f
0x00007fff5111bb80:   0000100100000cf3 00007fffc5010fbf
0x00007fff5111bb90:   3ff0000000000000 00000000c2000000
0x00007fff5111bba0:   00007fffc558afa5 4094000000000000
0x00007fff5111bbb0:   4089000000000000 00007fc94f5a5030
0x00007fff5111bbc0:   0000000000000cf3 0000000000015deb
0x00007fff5111bbd0:   00007fffdc195040 00007fc94f472850
0x00007fff5111bbe0:   00007fff5111bc30 00007fffc50f7c80
0x00007fff5111bbf0:   0000000000000000 00007fc94f5849a0
0x00007fff5111bc00:   00007fc9501de200 00007fff5111bcb8
0x00007fff5111bc10:   00007fffc5a4c006 00007fc94f5849a0
0x00007fff5111bc20:   00007fffc5a8f759 00007fc94f5a5030
0x00007fff5111bc30:   00007fff5111bc70 00007fffc54b1c57
0x00007fff5111bc40:   0000000000000000 0000000000000000
0x00007fff5111bc50:   0000000000000094 00007fffc5a7217f
0x00007fff5111bc60:   00007fff5111bcb8 0000000000000001
0x00007fff5111bc70:   00007fff5111bca0 00007fffc4f3bd48
0x00007fff5111bc80:   0000000000000000 00007fc94f5a5030
0x00007fff5111bc90:   00007fc94f5849a0 0000000000000000
0x00007fff5111bca0:   00007fff5111bd00 00007fffc50e4538
0x00007fff5111bcb0:   0000000000000000 00007fffe5981060
0x00007fff5111bcc0:   00000000c2000000 00007fffc54b1b84
0x00007fff5111bcd0:   00007fffe1a50cf0 0000000000000000
0x00007fff5111bce0:   00007fc94f5a5030 00007fc94f5849a0
0x00007fff5111bcf0:   00007fc94f5849a0 00007fc94f5a5030
0x00007fff5111bd00:   00007fff5111bd30 000000012b7de586
0x00007fff5111bd10:   00007fc94f5849a0 000000012b812c60
0x00007fff5111bd20:   00007fc94f43abb0 00007fc94f43abb0
0x00007fff5111bd30:   00007fff5111c2a0 00007fffc4f5ee7b
0x00007fff5111bd40:   0000000000000000 0000000000000000 

Instructions: (pc=0x00000001296634d3)
0x00000001296634b3:   53 48 83 ec 18 48 8b 1d 51 0b 19 00 48 8b 1b 48
0x00000001296634c3:   89 5d f0 89 75 e0 89 55 e4 89 4d e8 44 89 45 ec
0x00000001296634d3:   66 83 bf 14 99 00 00 00 78 15 66 83 bf a8 9f 00
0x00000001296634e3:   00 00 75 1b 66 c7 87 a8 9f 00 00 02 05 eb 10 48 

Register to memory mapping:

RAX=0x0000000000000000 is an unknown value
RBX=0x40e8fd1570dc000d is an unknown value
RCX=0x0000000000000500 is an unknown value
RDX=0x0000000000000000 is an unknown value
RSP=0x00007fff5111bb50 is pointing into the stack for thread: 0x00007fc95134d800
RBP=0x00007fff5111bb70 is pointing into the stack for thread: 0x00007fc95134d800
RSI=0x0000000000000000 is an unknown value
RDI=0x0000000000000000 is an unknown value
R8 =0x0000000000000320 is an unknown value
R9 =0x0000000000000000 is an unknown value
R10=0x0000000000000038 is an unknown value
R11=0x0000000000000206 is an unknown value
R12=0x00007fc9501de200 is an unknown value
R13=0x0000000000015deb is an unknown value
R14=0x00007fc94f5eb500 is an unknown value
R15=0x0000000000000000 is an unknown value


Stack: [0x00007fff50923000,0x00007fff51123000],  sp=0x00007fff5111bb50,  free space=8162k
Native frames: (J=compiled Java code, j=interpreted, Vv=VM code, C=native code)
C  [GLEngine+0x164d3]  glScissor_Exec+0x24
C  [OpenGL+0x7a6f]  CGLSetSurface+0x17f
C  [AppKit+0x335c80]  NSOpenGLContextAttachOnScreenViewSurface+0x187
C  [AppKit+0x6efc57]  __27-[NSOpenGLContext setView:]_block_invoke+0xd3
C  [AppKit+0x179d48]  NSPerformVisuallyAtomicChange+0x93
C  [AppKit+0x322538]  -[NSOpenGLContext setView:]+0x69
C  [liblwjgl.dylib+0xa586]  -[MacOSXOpenGLView lockFocus]+0x76
C  [AppKit+0x19ce7b]  -[NSView _recursiveDisplayRectIfNeededIgnoringOpacity:isVisibleRect:rectIsVisibleRectForView:topView:]+0x6ee
C  [AppKit+0x19d6d1]  -[NSView _recursiveDisplayRectIfNeededIgnoringOpacity:isVisibleRect:rectIsVisibleRectForView:topView:]+0xf44
C  [AppKit+0x19c2af]  -[NSThemeFrame _recursiveDisplayRectIfNeededIgnoringOpacity:isVisibleRect:rectIsVisibleRectForView:topView:]+0x14e
C  [AppKit+0x19a6d8]  -[NSView _displayRectIgnoringOpacity:isVisibleRect:rectIsVisibleRectForView:]+0x994
C  [AppKit+0x195fca]  -[NSView displayIfNeeded]+0x6d4
C  [AppKit+0x1958db]  -[NSWindow displayIfNeeded]+0xe6
C  [AppKit+0x8f5cb4]  ___NSWindowGetDisplayCycleObserver_block_invoke.6228+0x115
C  [AppKit+0x1953b9]  __37+[NSDisplayCycle currentDisplayCycle]_block_invoke+0x1c6
C  [QuartzCore+0x11da6]  _ZN2CA11Transaction19run_commit_handlersE18CATransactionPhase+0x2e
C  [QuartzCore+0x11b8d8]  _ZN2CA7Context18commit_transactionEPNS_11TransactionE+0xa0
C  [QuartzCore+0x10881]  _ZN2CA11Transaction6commitEv+0x1db
C  [AppKit+0x4788b1]  __37+[NSDisplayCycle currentDisplayCycle]_block_invoke.31+0x143
C  [CoreFoundation+0xa6d37]  __CFRUNLOOP_IS_CALLING_OUT_TO_AN_OBSERVER_CALLBACK_FUNCTION__+0x17
C  [CoreFoundation+0xa6ca7]  __CFRunLoopDoObservers+0x187
C  [CoreFoundation+0x876d9]  __CFRunLoopRun+0x369
C  [CoreFoundation+0x87114]  CFRunLoopRunSpecific+0x1a4
C  [HIToolbox+0x30ebc]  RunCurrentEventLoopInMode+0xf0
C  [HIToolbox+0x30bf9]  ReceiveNextEventCommon+0xb8
C  [HIToolbox+0x30b26]  _BlockUntilNextEventMatchingListInModeWithFilter+0x47
C  [AppKit+0x46a54]  _DPSNextEvent+0x460
C  [AppKit+0x7c27ee]  -[NSApplication(NSEvent) _nextEventMatchingEventMask:untilDate:inMode:dequeue:]+0xaec
C  [libosxapp.dylib+0x23aa]  -[NSApplicationAWT nextEventMatchingMask:untilDate:inMode:dequeue:]+0x7c
C  [AppKit+0x3b3db]  -[NSApplication run]+0x39e
C  [libosxapp.dylib+0x214d]  +[NSApplicationAWT runAWTLoopWithApp:]+0x9c
C  [libawt_lwawt.dylib+0x444b3]  -[AWTStarter starter:]+0x389
C  [Foundation+0x717ba]  __NSThreadPerformPerform+0x146
C  [CoreFoundation+0xa7321]  __CFRUNLOOP_IS_CALLING_OUT_TO_A_SOURCE0_PERFORM_FUNCTION__+0x11
C  [CoreFoundation+0x8821d]  __CFRunLoopDoSources0+0x22d
C  [CoreFoundation+0x87716]  __CFRunLoopRun+0x3a6
C  [CoreFoundation+0x87114]  CFRunLoopRunSpecific+0x1a4
C  [java+0x6465]  CreateExecutionEnvironment+0x367
C  [java+0x218c]  JLI_Launch+0x7a0
C  [java+0x84c2]  main+0x65
C  [java+0x19e4]  start+0x34
C  0x0000000000000005


---------------  P R O C E S S  ---------------

Java Threads: ( => current thread )
  0x00007fc955b8a800 JavaThread "AWT-Shutdown" [_thread_blocked, id=4391, stack(0x0000700007f0f000,0x000070000800f000)]
  0x00007fc95147c000 JavaThread "Java2D Queue Flusher" daemon [_thread_blocked, id=64015, stack(0x0000700009251000,0x0000700009351000)]
  0x00007fc950213000 JavaThread "Java2D Disposer" daemon [_thread_blocked, id=60183, stack(0x000070000914e000,0x000070000924e000)]
=>0x00007fc95134d800 JavaThread "AppKit Thread" daemon [_thread_in_native, id=775, stack(0x00007fff50923000,0x00007fff51123000)]
  0x00007fc95081d800 JavaThread "Service Thread" daemon [_thread_blocked, id=18691, stack(0x0000700008cbc000,0x0000700008dbc000)]
  0x00007fc95004e000 JavaThread "C1 CompilerThread2" daemon [_thread_blocked, id=18179, stack(0x0000700008bb9000,0x0000700008cb9000)]
  0x00007fc95004d800 JavaThread "C2 CompilerThread1" daemon [_thread_blocked, id=17667, stack(0x0000700008ab6000,0x0000700008bb6000)]
  0x00007fc95004b800 JavaThread "C2 CompilerThread0" daemon [_thread_blocked, id=17155, stack(0x00007000089b3000,0x0000700008ab3000)]
  0x00007fc95004a800 JavaThread "Signal Dispatcher" daemon [_thread_blocked, id=16643, stack(0x00007000088b0000,0x00007000089b0000)]
  0x00007fc94f824800 JavaThread "Finalizer" daemon [_thread_blocked, id=12547, stack(0x00007000087ad000,0x00007000088ad000)]
  0x00007fc950807800 JavaThread "Reference Handler" daemon [_thread_blocked, id=12035, stack(0x00007000086aa000,0x00007000087aa000)]
  0x00007fc951005000 JavaThread "main" [_thread_in_native, id=7171, stack(0x0000700008098000,0x0000700008198000)]

Other Threads:
  0x00007fc94f824000 VMThread [stack: 0x00007000085a7000,0x00007000086a7000] [id=11523]
  0x00007fc950006000 WatcherThread [stack: 0x0000700008dbf000,0x0000700008ebf000] [id=19203]

VM state:not at safepoint (normal execution)

VM Mutex/Monitor currently owned by a thread: None

Heap:
 PSYoungGen      total 216064K, used 62977K [0x0000000795580000, 0x00000007aa100000, 0x00000007c0000000)
  eden space 193024K, 31% used [0x0000000795580000,0x00000007991006f0,0x00000007a1200000)
  from space 23040K, 8% used [0x00000007a1200000,0x00000007a1400000,0x00000007a2880000)
  to   space 22016K, 0% used [0x00000007a8b80000,0x00000007a8b80000,0x00000007aa100000)
 ParOldGen       total 142336K, used 58453K [0x0000000740000000, 0x0000000748b00000, 0x0000000795580000)
  object space 142336K, 41% used [0x0000000740000000,0x0000000743915400,0x0000000748b00000)
 Metaspace       used 11454K, capacity 11633K, committed 11776K, reserved 1060864K
  class space    used 1181K, capacity 1247K, committed 1280K, reserved 1048576K

Card table byte_map: [0x000000011f9c0000,0x000000011fdc1000] byte_map_base: 0x000000011bfc0000

Marking Bits: (ParMarkBitMap*) 0x000000010f5e3d20
 Begin Bits: [0x000000012006c000, 0x000000012206c000)
 End Bits:   [0x000000012206c000, 0x000000012406c000)

Polling page: 0x000000010eb9d000

CodeCache: size=245760Kb used=5791Kb max_used=5918Kb free=239968Kb
 bounds [0x0000000110600000, 0x0000000110be0000, 0x000000011f600000]
 total_blobs=2046 nmethods=1503 adapters=457
 compilation: enabled

Compilation events (10 events):
Event: 131.852 Thread 0x00007fc95004b800 1550       4       java.util.HashMap::putVal (300 bytes)
Event: 131.862 Thread 0x00007fc95004b800 nmethod 1550 0x000000011070c510 code [0x000000011070c700, 0x000000011070cf88]
Event: 131.957 Thread 0x00007fc95004e000 1551       1       sun.java2d.pipe.RenderBuffer::position (11 bytes)
Event: 131.958 Thread 0x00007fc95004e000 nmethod 1551 0x00000001107254d0 code [0x0000000110725620, 0x0000000110725730]
Event: 153.889 Thread 0x00007fc95004d800 1553       4       org.lwjgl.opengl.DrawableGL::swapBuffers (4 bytes)
Event: 153.889 Thread 0x00007fc95004e000 1552   !   3       org.lwjgl.opengl.Display::update (154 bytes)
Event: 153.892 Thread 0x00007fc95004e000 nmethod 1552 0x0000000110bcacd0 code [0x0000000110bcaf80, 0x0000000110bcc0f8]
Event: 153.894 Thread 0x00007fc95004d800 nmethod 1553 0x0000000110b9f710 code [0x0000000110b9f8a0, 0x0000000110b9fcc8]
Event: 154.531 Thread 0x00007fc95004e000 1554   !   3       java.util.zip.Inflater::reset (69 bytes)
Event: 154.532 Thread 0x00007fc95004e000 nmethod 1554 0x0000000110732e10 code [0x0000000110732fa0, 0x0000000110733418]

GC Heap History (10 events):
Event: 2.078 GC heap before
{Heap before GC invocations=4 (full 1):
 PSYoungGen      total 71680K, used 4720K [0x0000000795580000, 0x000000079e180000, 0x00000007c0000000)
  eden space 66560K, 0% used [0x0000000795580000,0x0000000795580000,0x0000000799680000)
  from space 5120K, 92% used [0x0000000799680000,0x0000000799b1c010,0x0000000799b80000)
  to   space 5120K, 0% used [0x000000079dc80000,0x000000079dc80000,0x000000079e180000)
 ParOldGen       total 87552K, used 71800K [0x0000000740000000, 0x0000000745580000, 0x0000000795580000)
  object space 87552K, 82% used [0x0000000740000000,0x000000074461e220,0x0000000745580000)
 Metaspace       used 10106K, capacity 10257K, committed 10368K, reserved 1058816K
  class space    used 1075K, capacity 1151K, committed 1152K, reserved 1048576K
Event: 2.109 GC heap after
Heap after GC invocations=4 (full 1):
 PSYoungGen      total 71680K, used 0K [0x0000000795580000, 0x000000079e180000, 0x00000007c0000000)
  eden space 66560K, 0% used [0x0000000795580000,0x0000000795580000,0x0000000799680000)
  from space 5120K, 0% used [0x0000000799680000,0x0000000799680000,0x0000000799b80000)
  to   space 5120K, 0% used [0x000000079dc80000,0x000000079dc80000,0x000000079e180000)
 ParOldGen       total 142336K, used 39171K [0x0000000740000000, 0x0000000748b00000, 0x0000000795580000)
  object space 142336K, 27% used [0x0000000740000000,0x0000000742640fc0,0x0000000748b00000)
 Metaspace       used 10106K, capacity 10257K, committed 10368K, reserved 1058816K
  class space    used 1075K, capacity 1151K, committed 1152K, reserved 1048576K
}
Event: 2.891 GC heap before
{Heap before GC invocations=5 (full 1):
 PSYoungGen      total 71680K, used 65878K [0x0000000795580000, 0x000000079e180000, 0x00000007c0000000)
  eden space 66560K, 98% used [0x0000000795580000,0x00000007995d5a48,0x0000000799680000)
  from space 5120K, 0% used [0x0000000799680000,0x0000000799680000,0x0000000799b80000)
  to   space 5120K, 0% used [0x000000079dc80000,0x000000079dc80000,0x000000079e180000)
 ParOldGen       total 142336K, used 39171K [0x0000000740000000, 0x0000000748b00000, 0x0000000795580000)
  object space 142336K, 27% used [0x0000000740000000,0x0000000742640fc0,0x0000000748b00000)
 Metaspace       used 10269K, capacity 10449K, committed 10624K, reserved 1058816K
  class space    used 1094K, capacity 1151K, committed 1152K, reserved 1048576K
Event: 2.894 GC heap after
Heap after GC invocations=5 (full 1):
 PSYoungGen      total 115712K, used 192K [0x0000000795580000, 0x000000079dd00000, 0x00000007c0000000)
  eden space 115200K, 0% used [0x0000000795580000,0x0000000795580000,0x000000079c600000)
  from space 512K, 37% used [0x000000079dc80000,0x000000079dcb0000,0x000000079dd00000)
  to   space 5120K, 0% used [0x000000079d300000,0x000000079d300000,0x000000079d800000)
 ParOldGen       total 142336K, used 57404K [0x0000000740000000, 0x0000000748b00000, 0x0000000795580000)
  object space 142336K, 40% used [0x0000000740000000,0x000000074380f3f0,0x0000000748b00000)
 Metaspace       used 10269K, capacity 10449K, committed 10624K, reserved 1058816K
  class space    used 1094K, capacity 1151K, committed 1152K, reserved 1048576K
}
Event: 4.910 GC heap before
{Heap before GC invocations=6 (full 1):
 PSYoungGen      total 115712K, used 115392K [0x0000000795580000, 0x000000079dd00000, 0x00000007c0000000)
  eden space 115200K, 100% used [0x0000000795580000,0x000000079c600000,0x000000079c600000)
  from space 512K, 37% used [0x000000079dc80000,0x000000079dcb0000,0x000000079dd00000)
  to   space 5120K, 0% used [0x000000079d300000,0x000000079d300000,0x000000079d800000)
 ParOldGen       total 142336K, used 57404K [0x0000000740000000, 0x0000000748b00000, 0x0000000795580000)
  object space 142336K, 40% used [0x0000000740000000,0x000000074380f3f0,0x0000000748b00000)
 Metaspace       used 11006K, capacity 11153K, committed 11520K, reserved 1058816K
  class space    used 1160K, capacity 1215K, committed 1280K, reserved 1048576K
Event: 4.913 GC heap after
Heap after GC invocations=6 (full 1):
 PSYoungGen      total 133632K, used 4896K [0x0000000795580000, 0x00000007a4000000, 0x00000007c0000000)
  eden space 128512K, 0% used [0x0000000795580000,0x0000000795580000,0x000000079d300000)
  from space 5120K, 95% used [0x000000079d300000,0x000000079d7c8040,0x000000079d800000)
  to   space 24064K, 0% used [0x00000007a2880000,0x00000007a2880000,0x00000007a4000000)
 ParOldGen       total 142336K, used 58437K [0x0000000740000000, 0x0000000748b00000, 0x0000000795580000)
  object space 142336K, 41% used [0x0000000740000000,0x0000000743911400,0x0000000748b00000)
 Metaspace       used 11006K, capacity 11153K, committed 11520K, reserved 1058816K
  class space    used 1160K, capacity 1215K, committed 1280K, reserved 1048576K
}
Event: 72.330 GC heap before
{Heap before GC invocations=7 (full 1):
 PSYoungGen      total 133632K, used 133408K [0x0000000795580000, 0x00000007a4000000, 0x00000007c0000000)
  eden space 128512K, 100% used [0x0000000795580000,0x000000079d300000,0x000000079d300000)
  from space 5120K, 95% used [0x000000079d300000,0x000000079d7c8040,0x000000079d800000)
  to   space 24064K, 0% used [0x00000007a2880000,0x00000007a2880000,0x00000007a4000000)
 ParOldGen       total 142336K, used 58437K [0x0000000740000000, 0x0000000748b00000, 0x0000000795580000)
  object space 142336K, 41% used [0x0000000740000000,0x0000000743911400,0x0000000748b00000)
 Metaspace       used 11440K, capacity 11633K, committed 11776K, reserved 1060864K
  class space    used 1181K, capacity 1247K, committed 1280K, reserved 1048576K
Event: 72.334 GC heap after
Heap after GC invocations=7 (full 1):
 PSYoungGen      total 217088K, used 1568K [0x0000000795580000, 0x00000007a4b80000, 0x00000007c0000000)
  eden space 193024K, 0% used [0x0000000795580000,0x0000000795580000,0x00000007a1200000)
  from space 24064K, 6% used [0x00000007a2880000,0x00000007a2a08000,0x00000007a4000000)
  to   space 23040K, 0% used [0x00000007a1200000,0x00000007a1200000,0x00000007a2880000)
 ParOldGen       total 142336K, used 58445K [0x0000000740000000, 0x0000000748b00000, 0x0000000795580000)
  object space 142336K, 41% used [0x0000000740000000,0x0000000743913400,0x0000000748b00000)
 Metaspace       used 11440K, capacity 11633K, committed 11776K, reserved 1060864K
  class space    used 1181K, capacity 1247K, committed 1280K, reserved 1048576K
}
Event: 129.711 GC heap before
{Heap before GC invocations=8 (full 1):
 PSYoungGen      total 217088K, used 194592K [0x0000000795580000, 0x00000007a4b80000, 0x00000007c0000000)
  eden space 193024K, 100% used [0x0000000795580000,0x00000007a1200000,0x00000007a1200000)
  from space 24064K, 6% used [0x00000007a2880000,0x00000007a2a08000,0x00000007a4000000)
  to   space 23040K, 0% used [0x00000007a1200000,0x00000007a1200000,0x00000007a2880000)
 ParOldGen       total 142336K, used 58445K [0x0000000740000000, 0x0000000748b00000, 0x0000000795580000)
  object space 142336K, 41% used [0x0000000740000000,0x0000000743913400,0x0000000748b00000)
 Metaspace       used 11446K, capacity 11633K, committed 11776K, reserved 1060864K
  class space    used 1181K, capacity 1247K, committed 1280K, reserved 1048576K
Event: 129.717 GC heap after
Heap after GC invocations=8 (full 1):
 PSYoungGen      total 216064K, used 2048K [0x0000000795580000, 0x00000007aa100000, 0x00000007c0000000)
  eden space 193024K, 0% used [0x0000000795580000,0x0000000795580000,0x00000007a1200000)
  from space 23040K, 8% used [0x00000007a1200000,0x00000007a1400000,0x00000007a2880000)
  to   space 22016K, 0% used [0x00000007a8b80000,0x00000007a8b80000,0x00000007aa100000)
 ParOldGen       total 142336K, used 58453K [0x0000000740000000, 0x0000000748b00000, 0x0000000795580000)
  object space 142336K, 41% used [0x0000000740000000,0x0000000743915400,0x0000000748b00000)
 Metaspace       used 11446K, capacity 11633K, committed 11776K, reserved 1060864K
  class space    used 1181K, capacity 1247K, committed 1280K, reserved 1048576K
}

Deoptimization events (10 events):
Event: 4.719 Thread 0x00007fc951005000 Uncommon trap: reason=unstable_if action=reinterpret pc=0x00000001108fc2f8 method=java.awt.image.ComponentColorModel.getAlpha(Ljava/lang/Object;)I @ 4
Event: 4.719 Thread 0x00007fc951005000 Uncommon trap: reason=unstable_if action=reinterpret pc=0x00000001108cb7dc method=java.awt.image.ComponentColorModel.extractComponent(Ljava/lang/Object;II)I @ 4
Event: 4.719 Thread 0x00007fc951005000 Uncommon trap: reason=unstable_if action=reinterpret pc=0x00000001108c8788 method=java.awt.image.ComponentColorModel.getAlpha(Ljava/lang/Object;)I @ 4
Event: 4.719 Thread 0x00007fc951005000 Uncommon trap: reason=unstable_if action=reinterpret pc=0x00000001108c8d80 method=java.awt.image.ComponentColorModel.getAlpha(Ljava/lang/Object;)I @ 4
Event: 4.719 Thread 0x00007fc951005000 Uncommon trap: reason=unstable_if action=reinterpret pc=0x00000001108d5d94 method=java.awt.image.ComponentColorModel.getAlpha(Ljava/lang/Object;)I @ 4
Event: 4.987 Thread 0x00007fc951005000 Uncommon trap: reason=unstable_if action=reinterpret pc=0x00000001109127bc method=java.nio.DirectByteBuffer.put([BII)Ljava/nio/ByteBuffer; @ 8
Event: 102.078 Thread 0x00007fc951005000 Uncommon trap: reason=unstable_if action=reinterpret pc=0x0000000110b9b9cc method=ca.qc.bdeb.projetIntegrateur.ResolutionImage.dessinerStringParchemin(Lorg/newdawn/slick/Graphics;D)V @ 833
Event: 102.078 Thread 0x00007fc951005000 Uncommon trap: reason=unstable_if action=reinterpret pc=0x0000000110bab350 method=ca.qc.bdeb.projetIntegrateur.Instructions.render(Lorg/newdawn/slick/GameContainer;Lorg/newdawn/slick/state/StateBasedGame;Lorg/newdawn/slick/Graphics;)V @ 530
Event: 151.809 Thread 0x00007fc951005000 Uncommon trap: reason=unstable_if action=reinterpret pc=0x0000000110b95368 method=org.lwjgl.opengl.MacOSXDisplay.update()V @ 86
Event: 154.493 Thread 0x00007fc951005000 Uncommon trap: reason=unstable_if action=reinterpret pc=0x0000000110b81760 method=org.newdawn.slick.AppGameContainer.gameLoop()V @ 60

Internal exceptions (10 events):
Event: 0.216 Thread 0x00007fc951005000 Exception <a 'java/security/PrivilegedActionException'> (0x00000007957eb1b0) thrown at [/Users/java_re/workspace/8-2-build-macosx-x86_64/jdk8u111/7883/hotspot/src/share/vm/prims/jvm.cpp, line 1386]
Event: 0.216 Thread 0x00007fc951005000 Exception <a 'java/security/PrivilegedActionException'> (0x00000007957ee6a0) thrown at [/Users/java_re/workspace/8-2-build-macosx-x86_64/jdk8u111/7883/hotspot/src/share/vm/prims/jvm.cpp, line 1386]
Event: 0.217 Thread 0x00007fc951005000 Exception <a 'java/security/PrivilegedActionException'> (0x00000007957ee8b0) thrown at [/Users/java_re/workspace/8-2-build-macosx-x86_64/jdk8u111/7883/hotspot/src/share/vm/prims/jvm.cpp, line 1386]
Event: 0.314 Thread 0x00007fc951005000 Exception <a 'java/lang/NoSuchFieldError': method resolution failed> (0x000000079592d2b0) thrown at [/Users/java_re/workspace/8-2-build-macosx-x86_64/jdk8u111/7883/hotspot/src/share/vm/prims/methodHandles.cpp, line 1146]
Event: 0.319 Thread 0x00007fc951005000 Exception <a 'java/lang/NoSuchFieldError': method resolution failed> (0x000000079593a9d0) thrown at [/Users/java_re/workspace/8-2-build-macosx-x86_64/jdk8u111/7883/hotspot/src/share/vm/prims/methodHandles.cpp, line 1146]
Event: 0.694 Thread 0x00007fc951005000 Exception <a 'java/io/FileNotFoundException'> (0x00000007959b61f0) thrown at [/Users/java_re/workspace/8-2-build-macosx-x86_64/jdk8u111/7883/hotspot/src/share/vm/prims/jni.cpp, line 709]
Event: 0.695 Thread 0x00007fc951005000 Exception <a 'java/io/FileNotFoundException'> (0x00000007959b6d90) thrown at [/Users/java_re/workspace/8-2-build-macosx-x86_64/jdk8u111/7883/hotspot/src/share/vm/prims/jni.cpp, line 709]
Event: 0.744 Thread 0x00007fc951005000 Exception <a 'java/io/FileNotFoundException'> (0x0000000795a0c1c0) thrown at [/Users/java_re/workspace/8-2-build-macosx-x86_64/jdk8u111/7883/hotspot/src/share/vm/prims/jni.cpp, line 709]
Event: 2.156 Thread 0x00007fc951005000 Implicit null exception at 0x00000001108e7b76 to 0x00000001108e8171
Event: 2.157 Thread 0x00007fc951005000 Implicit null exception at 0x00000001108c8064 to 0x00000001108c8291

Events (10 events):
Event: 154.532 Thread 0x00007fc95004e000 flushing nmethod 0x0000000110719a10
Event: 154.532 Thread 0x00007fc95004e000 flushing nmethod 0x000000011071bc10
Event: 154.532 Thread 0x00007fc95004e000 flushing nmethod 0x000000011071efd0
Event: 154.532 Thread 0x00007fc95004e000 flushing nmethod 0x000000011071f410
Event: 154.532 Thread 0x00007fc95004e000 flushing nmethod 0x0000000110724610
Event: 154.532 Thread 0x00007fc95004e000 flushing nmethod 0x0000000110729fd0
Event: 154.532 Thread 0x00007fc95004e000 flushing nmethod 0x000000011072b650
Event: 154.532 Thread 0x00007fc95004e000 flushing nmethod 0x000000011072fcd0
Event: 154.532 Thread 0x00007fc95004e000 flushing nmethod 0x0000000110732910
Event: 154.532 Thread 0x00007fc95004e000 flushing nmethod 0x0000000110733950


Dynamic libraries:
0x0000000051f11000 	/System/Library/Frameworks/Cocoa.framework/Versions/A/Cocoa
0x0000000051f11000 	/System/Library/Frameworks/Security.framework/Versions/A/Security
0x0000000051f11000 	/System/Library/Frameworks/ApplicationServices.framework/Versions/A/ApplicationServices
0x0000000051f11000 	/usr/lib/libz.1.dylib
0x0000000051f11000 	/usr/lib/libSystem.B.dylib
0x0000000051f11000 	/usr/lib/libobjc.A.dylib
0x0000000051f11000 	/System/Library/Frameworks/CoreFoundation.framework/Versions/A/CoreFoundation
0x0000000051f11000 	/System/Library/Frameworks/Foundation.framework/Versions/C/Foundation
0x0000000051f11000 	/System/Library/Frameworks/AppKit.framework/Versions/C/AppKit
0x0000000051f11000 	/System/Library/Frameworks/CoreData.framework/Versions/A/CoreData
0x0000000051f11000 	/System/Library/PrivateFrameworks/RemoteViewServices.framework/Versions/A/RemoteViewServices
0x0000000051f11000 	/System/Library/PrivateFrameworks/UIFoundation.framework/Versions/A/UIFoundation
0x0000000051f11000 	/System/Library/PrivateFrameworks/DFRFoundation.framework/Versions/A/DFRFoundation
0x0000000051f11000 	/usr/lib/libenergytrace.dylib
0x0000000051f11000 	/System/Library/PrivateFrameworks/SkyLight.framework/Versions/A/SkyLight
0x0000000051f11000 	/System/Library/Frameworks/CoreGraphics.framework/Versions/A/CoreGraphics
0x0000000051f11000 	/usr/lib/libScreenReader.dylib
0x0000000051f11000 	/System/Library/Frameworks/Accelerate.framework/Versions/A/Accelerate
0x0000000051f11000 	/System/Library/Frameworks/IOSurface.framework/Versions/A/IOSurface
0x0000000051f11000 	/System/Library/Frameworks/AudioToolbox.framework/Versions/A/AudioToolbox
0x0000000051f11000 	/System/Library/Frameworks/AudioUnit.framework/Versions/A/AudioUnit
0x0000000051f11000 	/System/Library/PrivateFrameworks/DataDetectorsCore.framework/Versions/A/DataDetectorsCore
0x0000000051f11000 	/System/Library/PrivateFrameworks/DesktopServicesPriv.framework/Versions/A/DesktopServicesPriv
0x0000000051f11000 	/System/Library/Frameworks/Carbon.framework/Versions/A/Frameworks/HIToolbox.framework/Versions/A/HIToolbox
0x0000000051f11000 	/usr/lib/libicucore.A.dylib
0x0000000051f11000 	/System/Library/Frameworks/QuartzCore.framework/Versions/A/QuartzCore
0x0000000051f11000 	/System/Library/Frameworks/Carbon.framework/Versions/A/Frameworks/SpeechRecognition.framework/Versions/A/SpeechRecognition
0x0000000051f11000 	/usr/lib/libauto.dylib
0x0000000051f11000 	/usr/lib/libxml2.2.dylib
0x0000000051f11000 	/System/Library/PrivateFrameworks/CoreUI.framework/Versions/A/CoreUI
0x0000000051f11000 	/System/Library/Frameworks/CoreAudio.framework/Versions/A/CoreAudio
0x0000000051f11000 	/System/Library/Frameworks/DiskArbitration.framework/Versions/A/DiskArbitration
0x0000000051f11000 	/usr/lib/liblangid.dylib
0x0000000051f11000 	/System/Library/PrivateFrameworks/MultitouchSupport.framework/Versions/A/MultitouchSupport
0x0000000051f11000 	/System/Library/Frameworks/IOKit.framework/Versions/A/IOKit
0x0000000051f11000 	/usr/lib/libDiagnosticMessagesClient.dylib
0x0000000051f11000 	/System/Library/Frameworks/CoreServices.framework/Versions/A/CoreServices
0x0000000051f11000 	/System/Library/PrivateFrameworks/PerformanceAnalysis.framework/Versions/A/PerformanceAnalysis
0x0000000051f11000 	/System/Library/PrivateFrameworks/GenerationalStorage.framework/Versions/A/GenerationalStorage
0x0000000051f11000 	/System/Library/Frameworks/OpenGL.framework/Versions/A/OpenGL
0x0000000051f11000 	/System/Library/Frameworks/CoreImage.framework/Versions/A/CoreImage
0x0000000051f11000 	/System/Library/Frameworks/CoreText.framework/Versions/A/CoreText
0x0000000051f11000 	/System/Library/Frameworks/ImageIO.framework/Versions/A/ImageIO
0x0000000051f11000 	/System/Library/PrivateFrameworks/Backup.framework/Versions/A/Backup
0x0000000051f11000 	/usr/lib/libarchive.2.dylib
0x0000000051f11000 	/System/Library/Frameworks/CFNetwork.framework/Versions/A/CFNetwork
0x0000000051f11000 	/System/Library/Frameworks/SystemConfiguration.framework/Versions/A/SystemConfiguration
0x0000000051f11000 	/usr/lib/libCRFSuite.dylib
0x0000000051f11000 	/usr/lib/libc++.1.dylib
0x0000000051f11000 	/usr/lib/libc++abi.dylib
0x0000000051f11000 	/usr/lib/system/libcache.dylib
0x0000000051f11000 	/usr/lib/system/libcommonCrypto.dylib
0x0000000051f11000 	/usr/lib/system/libcompiler_rt.dylib
0x0000000051f11000 	/usr/lib/system/libcopyfile.dylib
0x0000000051f11000 	/usr/lib/system/libcorecrypto.dylib
0x0000000051f11000 	/usr/lib/system/libdispatch.dylib
0x0000000051f11000 	/usr/lib/system/libdyld.dylib
0x0000000051f11000 	/usr/lib/system/libkeymgr.dylib
0x0000000051f11000 	/usr/lib/system/liblaunch.dylib
0x0000000051f11000 	/usr/lib/system/libmacho.dylib
0x0000000051f11000 	/usr/lib/system/libquarantine.dylib
0x0000000051f11000 	/usr/lib/system/libremovefile.dylib
0x0000000051f11000 	/usr/lib/system/libsystem_asl.dylib
0x0000000051f11000 	/usr/lib/system/libsystem_blocks.dylib
0x0000000051f11000 	/usr/lib/system/libsystem_c.dylib
0x0000000051f11000 	/usr/lib/system/libsystem_configuration.dylib
0x0000000051f11000 	/usr/lib/system/libsystem_coreservices.dylib
0x0000000051f11000 	/usr/lib/system/libsystem_coretls.dylib
0x0000000051f11000 	/usr/lib/system/libsystem_dnssd.dylib
0x0000000051f11000 	/usr/lib/system/libsystem_info.dylib
0x0000000051f11000 	/usr/lib/system/libsystem_kernel.dylib
0x0000000051f11000 	/usr/lib/system/libsystem_m.dylib
0x0000000051f11000 	/usr/lib/system/libsystem_malloc.dylib
0x0000000051f11000 	/usr/lib/system/libsystem_network.dylib
0x0000000051f11000 	/usr/lib/system/libsystem_networkextension.dylib
0x0000000051f11000 	/usr/lib/system/libsystem_notify.dylib
0x0000000051f11000 	/usr/lib/system/libsystem_platform.dylib
0x0000000051f11000 	/usr/lib/system/libsystem_pthread.dylib
0x0000000051f11000 	/usr/lib/system/libsystem_sandbox.dylib
0x0000000051f11000 	/usr/lib/system/libsystem_secinit.dylib
0x0000000051f11000 	/usr/lib/system/libsystem_symptoms.dylib
0x0000000051f11000 	/usr/lib/system/libsystem_trace.dylib
0x0000000051f11000 	/usr/lib/system/libunwind.dylib
0x0000000051f11000 	/usr/lib/system/libxpc.dylib
0x0000000051f11000 	/usr/lib/libbsm.0.dylib
0x0000000051f11000 	/usr/lib/system/libkxld.dylib
0x0000000051f11000 	/usr/lib/libcoretls.dylib
0x0000000051f11000 	/usr/lib/libcoretls_cfhelpers.dylib
0x0000000051f11000 	/usr/lib/libOpenScriptingUtil.dylib
0x0000000051f11000 	/usr/lib/libpam.2.dylib
0x0000000051f11000 	/usr/lib/libsqlite3.dylib
0x0000000051f11000 	/usr/lib/libxar.1.dylib
0x0000000051f11000 	/usr/lib/libbz2.1.0.dylib
0x0000000051f11000 	/usr/lib/liblzma.5.dylib
0x0000000051f11000 	/usr/lib/libnetwork.dylib
0x0000000051f11000 	/usr/lib/libpcap.A.dylib
0x0000000051f11000 	/System/Library/Frameworks/CoreServices.framework/Versions/A/Frameworks/FSEvents.framework/Versions/A/FSEvents
0x0000000051f11000 	/System/Library/Frameworks/CoreServices.framework/Versions/A/Frameworks/CarbonCore.framework/Versions/A/CarbonCore
0x0000000051f11000 	/System/Library/Frameworks/CoreServices.framework/Versions/A/Frameworks/Metadata.framework/Versions/A/Metadata
0x0000000051f11000 	/System/Library/Frameworks/CoreServices.framework/Versions/A/Frameworks/OSServices.framework/Versions/A/OSServices
0x0000000051f11000 	/System/Library/Frameworks/CoreServices.framework/Versions/A/Frameworks/SearchKit.framework/Versions/A/SearchKit
0x0000000051f11000 	/System/Library/Frameworks/CoreServices.framework/Versions/A/Frameworks/AE.framework/Versions/A/AE
0x0000000051f11000 	/System/Library/Frameworks/CoreServices.framework/Versions/A/Frameworks/LaunchServices.framework/Versions/A/LaunchServices
0x0000000051f11000 	/System/Library/Frameworks/CoreServices.framework/Versions/A/Frameworks/DictionaryServices.framework/Versions/A/DictionaryServices
0x0000000051f11000 	/System/Library/Frameworks/CoreServices.framework/Versions/A/Frameworks/SharedFileList.framework/Versions/A/SharedFileList
0x0000000051f11000 	/System/Library/Frameworks/NetFS.framework/Versions/A/NetFS
0x0000000051f11000 	/System/Library/PrivateFrameworks/NetAuth.framework/Versions/A/NetAuth
0x0000000051f11000 	/System/Library/PrivateFrameworks/login.framework/Versions/A/Frameworks/loginsupport.framework/Versions/A/loginsupport
0x0000000051f11000 	/System/Library/PrivateFrameworks/TCC.framework/Versions/A/TCC
0x0000000051f11000 	/usr/lib/libmecabra.dylib
0x0000000051f11000 	/System/Library/Frameworks/ApplicationServices.framework/Versions/A/Frameworks/ATS.framework/Versions/A/ATS
0x0000000051f11000 	/System/Library/Frameworks/ApplicationServices.framework/Versions/A/Frameworks/ColorSync.framework/Versions/A/ColorSync
0x0000000051f11000 	/System/Library/Frameworks/ApplicationServices.framework/Versions/A/Frameworks/HIServices.framework/Versions/A/HIServices
0x0000000051f11000 	/System/Library/Frameworks/ApplicationServices.framework/Versions/A/Frameworks/LangAnalysis.framework/Versions/A/LangAnalysis
0x0000000051f11000 	/System/Library/Frameworks/ApplicationServices.framework/Versions/A/Frameworks/PrintCore.framework/Versions/A/PrintCore
0x0000000051f11000 	/System/Library/Frameworks/ApplicationServices.framework/Versions/A/Frameworks/QD.framework/Versions/A/QD
0x0000000051f11000 	/System/Library/Frameworks/ApplicationServices.framework/Versions/A/Frameworks/SpeechSynthesis.framework/Versions/A/SpeechSynthesis
0x0000000051f11000 	/System/Library/Frameworks/Accelerate.framework/Versions/A/Frameworks/vImage.framework/Versions/A/vImage
0x0000000051f11000 	/System/Library/Frameworks/Accelerate.framework/Versions/A/Frameworks/vecLib.framework/Versions/A/vecLib
0x0000000051f11000 	/System/Library/Frameworks/Accelerate.framework/Versions/A/Frameworks/vecLib.framework/Versions/A/libvDSP.dylib
0x0000000051f11000 	/System/Library/Frameworks/Accelerate.framework/Versions/A/Frameworks/vecLib.framework/Versions/A/libBNNS.dylib
0x0000000051f11000 	/System/Library/Frameworks/Accelerate.framework/Versions/A/Frameworks/vecLib.framework/Versions/A/libQuadrature.dylib
0x0000000051f11000 	/System/Library/Frameworks/Accelerate.framework/Versions/A/Frameworks/vecLib.framework/Versions/A/libvMisc.dylib
0x0000000051f11000 	/System/Library/Frameworks/Accelerate.framework/Versions/A/Frameworks/vecLib.framework/Versions/A/libLAPACK.dylib
0x0000000051f11000 	/System/Library/Frameworks/Accelerate.framework/Versions/A/Frameworks/vecLib.framework/Versions/A/libBLAS.dylib
0x0000000051f11000 	/System/Library/Frameworks/Accelerate.framework/Versions/A/Frameworks/vecLib.framework/Versions/A/libLinearAlgebra.dylib
0x0000000051f11000 	/System/Library/Frameworks/Accelerate.framework/Versions/A/Frameworks/vecLib.framework/Versions/A/libSparseBLAS.dylib
0x0000000051f11000 	/System/Library/Frameworks/ApplicationServices.framework/Versions/A/Frameworks/ATS.framework/Versions/A/Resources/libFontParser.dylib
0x0000000051f11000 	/System/Library/Frameworks/ApplicationServices.framework/Versions/A/Frameworks/ATS.framework/Versions/A/Resources/libFontRegistry.dylib
0x0000000051f11000 	/System/Library/Frameworks/ImageIO.framework/Versions/A/Resources/libJPEG.dylib
0x0000000051f11000 	/System/Library/Frameworks/ImageIO.framework/Versions/A/Resources/libTIFF.dylib
0x0000000051f11000 	/System/Library/Frameworks/ImageIO.framework/Versions/A/Resources/libPng.dylib
0x0000000051f11000 	/System/Library/Frameworks/ImageIO.framework/Versions/A/Resources/libGIF.dylib
0x0000000051f11000 	/System/Library/Frameworks/ImageIO.framework/Versions/A/Resources/libJP2.dylib
0x0000000051f11000 	/System/Library/Frameworks/ImageIO.framework/Versions/A/Resources/libRadiance.dylib
0x0000000051f11000 	/usr/lib/libcompression.dylib
0x0000000051f11000 	/System/Library/PrivateFrameworks/AppleJPEG.framework/Versions/A/AppleJPEG
0x0000000051f11000 	/usr/lib/libcups.2.dylib
0x0000000051f11000 	/System/Library/Frameworks/Kerberos.framework/Versions/A/Kerberos
0x0000000051f11000 	/System/Library/Frameworks/GSS.framework/Versions/A/GSS
0x0000000051f11000 	/usr/lib/libresolv.9.dylib
0x0000000051f11000 	/usr/lib/libiconv.2.dylib
0x0000000051f11000 	/System/Library/PrivateFrameworks/Heimdal.framework/Versions/A/Heimdal
0x0000000051f11000 	/usr/lib/libheimdal-asn1.dylib
0x0000000051f11000 	/System/Library/Frameworks/OpenDirectory.framework/Versions/A/OpenDirectory
0x0000000051f11000 	/System/Library/PrivateFrameworks/CommonAuth.framework/Versions/A/CommonAuth
0x0000000051f11000 	/System/Library/Frameworks/OpenDirectory.framework/Versions/A/Frameworks/CFOpenDirectory.framework/Versions/A/CFOpenDirectory
0x0000000051f11000 	/System/Library/Frameworks/SecurityFoundation.framework/Versions/A/SecurityFoundation
0x0000000051f11000 	/System/Library/PrivateFrameworks/LanguageModeling.framework/Versions/A/LanguageModeling
0x0000000051f11000 	/usr/lib/libmarisa.dylib
0x0000000051f11000 	/usr/lib/libChineseTokenizer.dylib
0x0000000051f11000 	/usr/lib/libcmph.dylib
0x0000000051f11000 	/System/Library/PrivateFrameworks/CoreEmoji.framework/Versions/A/CoreEmoji
0x0000000051f11000 	/System/Library/Frameworks/ServiceManagement.framework/Versions/A/ServiceManagement
0x0000000051f11000 	/usr/lib/libxslt.1.dylib
0x0000000051f11000 	/System/Library/Frameworks/Carbon.framework/Versions/A/Frameworks/Ink.framework/Versions/A/Ink
0x0000000051f11000 	/System/Library/PrivateFrameworks/TextureIO.framework/Versions/A/TextureIO
0x0000000051f11000 	/System/Library/Frameworks/Metal.framework/Versions/A/Metal
0x0000000051f11000 	/usr/lib/libate.dylib
0x0000000051f11000 	/System/Library/PrivateFrameworks/GPUCompiler.framework/libmetal_timestamp.dylib
0x0000000051f11000 	/System/Library/Frameworks/OpenGL.framework/Versions/A/Libraries/libCoreFSCache.dylib
0x0000000051f11000 	/System/Library/PrivateFrameworks/IOAccelerator.framework/Versions/A/IOAccelerator
0x0000000051f11000 	/System/Library/Frameworks/CoreVideo.framework/Versions/A/CoreVideo
0x0000000051f11000 	/usr/lib/libFosl_dynamic.dylib
0x0000000051f11000 	/System/Library/PrivateFrameworks/MetalPerformanceShaders.framework/Versions/A/MetalPerformanceShaders
0x0000000051f11000 	/System/Library/PrivateFrameworks/FaceCore.framework/Versions/A/FaceCore
0x0000000051f11000 	/System/Library/Frameworks/OpenCL.framework/Versions/A/OpenCL
0x0000000051f11000 	/System/Library/Frameworks/OpenGL.framework/Versions/A/Libraries/libGLU.dylib
0x0000000051f11000 	/System/Library/Frameworks/OpenGL.framework/Versions/A/Libraries/libGFXShared.dylib
0x0000000051f11000 	/System/Library/Frameworks/OpenGL.framework/Versions/A/Libraries/libGL.dylib
0x0000000051f11000 	/System/Library/Frameworks/OpenGL.framework/Versions/A/Libraries/libGLImage.dylib
0x0000000051f11000 	/System/Library/Frameworks/OpenGL.framework/Versions/A/Libraries/libCVMSPluginSupport.dylib
0x0000000051f11000 	/System/Library/Frameworks/OpenGL.framework/Versions/A/Libraries/libCoreVMClient.dylib
0x0000000051f11000 	/System/Library/PrivateFrameworks/CrashReporterSupport.framework/Versions/A/CrashReporterSupport
0x0000000051f11000 	/System/Library/PrivateFrameworks/Sharing.framework/Versions/A/Sharing
0x0000000051f11000 	/System/Library/PrivateFrameworks/IconServices.framework/Versions/A/IconServices
0x0000000051f11000 	/System/Library/PrivateFrameworks/ProtocolBuffer.framework/Versions/A/ProtocolBuffer
0x0000000051f11000 	/System/Library/PrivateFrameworks/Apple80211.framework/Versions/A/Apple80211
0x0000000051f11000 	/System/Library/Frameworks/CoreWLAN.framework/Versions/A/CoreWLAN
0x0000000051f11000 	/System/Library/PrivateFrameworks/CoreUtils.framework/Versions/A/CoreUtils
0x0000000051f11000 	/System/Library/Frameworks/IOBluetooth.framework/Versions/A/IOBluetooth
0x0000000051f11000 	/System/Library/PrivateFrameworks/CoreWiFi.framework/Versions/A/CoreWiFi
0x0000000051f11000 	/System/Library/Frameworks/CoreBluetooth.framework/Versions/A/CoreBluetooth
0x0000000051f11000 	/System/Library/Frameworks/CoreDisplay.framework/Versions/A/CoreDisplay
0x0000000051f11000 	/System/Library/PrivateFrameworks/IOPresentment.framework/Versions/A/IOPresentment
0x0000000051f11000 	/System/Library/PrivateFrameworks/DSExternalDisplay.framework/Versions/A/DSExternalDisplay
0x0000000051f11000 	/System/Library/PrivateFrameworks/DebugSymbols.framework/Versions/A/DebugSymbols
0x0000000051f11000 	/System/Library/PrivateFrameworks/CoreSymbolication.framework/Versions/A/CoreSymbolication
0x0000000051f11000 	/System/Library/PrivateFrameworks/Symbolication.framework/Versions/A/Symbolication
0x0000000051f11000 	/System/Library/PrivateFrameworks/AppleFSCompression.framework/Versions/A/AppleFSCompression
0x0000000051f11000 	/System/Library/PrivateFrameworks/SpeechRecognitionCore.framework/Versions/A/SpeechRecognitionCore
0x0000000051f11000 	/System/Library/PrivateFrameworks/ChunkingLibrary.framework/Versions/A/ChunkingLibrary
0x000000010ecf4000 	/Library/Java/JavaVirtualMachines/jdk1.8.0_111.jdk/Contents/Home/jre/lib/server/libjvm.dylib
0x0000000051f11000 	/usr/lib/libstdc++.6.dylib
0x000000010eb5a000 	/Library/Java/JavaVirtualMachines/jdk1.8.0_111.jdk/Contents/Home/jre/lib/libverify.dylib
0x000000010eb68000 	/Library/Java/JavaVirtualMachines/jdk1.8.0_111.jdk/Contents/Home/jre/lib/libjava.dylib
0x000000010eba7000 	/Library/Java/JavaVirtualMachines/jdk1.8.0_111.jdk/Contents/Home/jre/lib/libzip.dylib
0x0000000125d51000 	/System/Library/Frameworks/JavaVM.framework/Frameworks/JavaRuntimeSupport.framework/JavaRuntimeSupport
0x0000000125d6b000 	/System/Library/Frameworks/JavaVM.framework/Versions/A/Frameworks/JavaNativeFoundation.framework/Versions/A/JavaNativeFoundation
0x000000010ec5c000 	/System/Library/Frameworks/JavaVM.framework/Versions/A/JavaVM
0x0000000051f11000 	/System/Library/Frameworks/Carbon.framework/Versions/A/Carbon
0x0000000125d80000 	/System/Library/PrivateFrameworks/JavaLaunching.framework/Versions/A/JavaLaunching
0x0000000051f11000 	/System/Library/Frameworks/Carbon.framework/Versions/A/Frameworks/CommonPanels.framework/Versions/A/CommonPanels
0x0000000051f11000 	/System/Library/Frameworks/Carbon.framework/Versions/A/Frameworks/Help.framework/Versions/A/Help
0x0000000051f11000 	/System/Library/Frameworks/Carbon.framework/Versions/A/Frameworks/ImageCapture.framework/Versions/A/ImageCapture
0x0000000051f11000 	/System/Library/Frameworks/Carbon.framework/Versions/A/Frameworks/OpenScripting.framework/Versions/A/OpenScripting
0x0000000051f11000 	/System/Library/Frameworks/Carbon.framework/Versions/A/Frameworks/Print.framework/Versions/A/Print
0x0000000051f11000 	/System/Library/Frameworks/Carbon.framework/Versions/A/Frameworks/SecurityHI.framework/Versions/A/SecurityHI
0x0000000127738000 	/Library/Java/JavaVirtualMachines/jdk1.8.0_111.jdk/Contents/Home/jre/lib/libawt.dylib
0x00000001277e0000 	/Library/Java/JavaVirtualMachines/jdk1.8.0_111.jdk/Contents/Home/jre/lib/./libmlib_image.dylib
0x00000001278ac000 	/Library/Java/JavaVirtualMachines/jdk1.8.0_111.jdk/Contents/Home/jre/lib/libawt_lwawt.dylib
0x0000000127961000 	/Library/Java/JavaVirtualMachines/jdk1.8.0_111.jdk/Contents/Home/jre/lib/./libosxapp.dylib
0x0000000051f11000 	/System/Library/Frameworks/ExceptionHandling.framework/Versions/A/ExceptionHandling
0x0000000051f11000 	/System/Library/PrivateFrameworks/CoreServicesInternal.framework/Versions/A/CoreServicesInternal
0x0000000051f11000 	/System/Library/CoreServices/RawCamera.bundle/Contents/MacOS/RawCamera
0x0000000127dd9000 	/System/Library/Frameworks/Accelerate.framework/Frameworks/vImage.framework/Versions/A/Libraries/libCGInterfaces.dylib
0x0000000051f11000 	/System/Library/Frameworks/ApplicationServices.framework/Versions/A/Frameworks/ATS.framework/Versions/A/Resources/libTrueTypeScaler.dylib
0x000000012964d000 	/System/Library/Frameworks/OpenGL.framework/Resources/GLEngine.bundle/GLEngine
0x0000000051f11000 	/System/Library/Frameworks/OpenGL.framework/Versions/A/Libraries/libGLProgrammability.dylib
0x0000000129832000 	/System/Library/Extensions/AppleIntelBDWGraphicsGLDriver.bundle/Contents/MacOS/AppleIntelBDWGraphicsGLDriver
0x0000000051f11000 	/System/Library/PrivateFrameworks/GPUSupport.framework/Versions/A/Libraries/libGPUSupportMercury.dylib
0x0000000129f9c000 	/System/Library/Frameworks/OpenGL.framework/Resources//GLRendererFloat.bundle/GLRendererFloat
0x0000000051f11000 	/System/Library/Frameworks/OpenCL.framework/Versions/A/Libraries/libcldcpuengine.dylib
0x0000000051f11000 	/usr/lib/libcrypto.0.9.8.dylib
0x0000000051f11000 	/System/Library/PrivateFrameworks/TrustEvaluationAgent.framework/Versions/A/TrustEvaluationAgent
0x0000000129fd0000 	/System/Library/Extensions/AppleIntelBDWGraphicsMTLDriver.bundle/Contents/MacOS/AppleIntelBDWGraphicsMTLDriver
0x0000000051f11000 	/System/Library/PrivateFrameworks/FamilyControls.framework/Versions/A/FamilyControls
0x0000000051f11000 	/System/Library/PrivateFrameworks/CommerceKit.framework/Versions/A/Frameworks/CommerceCore.framework/Versions/A/CommerceCore
0x0000000051f11000 	/System/Library/PrivateFrameworks/SystemAdministration.framework/Versions/A/SystemAdministration
0x0000000051f11000 	/System/Library/PrivateFrameworks/AppContainer.framework/Versions/A/AppContainer
0x0000000051f11000 	/System/Library/PrivateFrameworks/SecCodeWrapper.framework/Versions/A/SecCodeWrapper
0x0000000051f11000 	/System/Library/Frameworks/DirectoryService.framework/Versions/A/DirectoryService
0x0000000051f11000 	/System/Library/PrivateFrameworks/DiskImages.framework/Versions/A/DiskImages
0x0000000051f11000 	/System/Library/PrivateFrameworks/LoginUIKit.framework/Versions/A/Frameworks/LoginUICore.framework/Versions/A/LoginUICore
0x0000000051f11000 	/usr/lib/libCoreStorage.dylib
0x0000000051f11000 	/usr/lib/libcsfde.dylib
0x0000000051f11000 	/usr/lib/libodfde.dylib
0x0000000051f11000 	/System/Library/Frameworks/DiscRecording.framework/Versions/A/DiscRecording
0x0000000051f11000 	/usr/lib/libcurl.4.dylib
0x0000000051f11000 	/System/Library/PrivateFrameworks/MediaKit.framework/Versions/A/MediaKit
0x0000000051f11000 	/System/Library/PrivateFrameworks/ProtectedCloudStorage.framework/Versions/A/ProtectedCloudStorage
0x0000000051f11000 	/System/Library/PrivateFrameworks/EFILogin.framework/Versions/A/EFILogin
0x0000000051f11000 	/usr/lib/libutil.dylib
0x0000000051f11000 	/System/Library/Frameworks/LDAP.framework/Versions/A/LDAP
0x0000000051f11000 	/usr/lib/libsasl2.2.dylib
0x0000000051f11000 	/System/Library/PrivateFrameworks/CoreDaemon.framework/Versions/B/CoreDaemon
0x0000000051f11000 	/System/Library/PrivateFrameworks/AppleSRP.framework/Versions/A/AppleSRP
0x0000000051f11000 	/System/Library/PrivateFrameworks/APFS.framework/Versions/A/APFS
0x000000012b76d000 	/Library/Java/JavaVirtualMachines/jdk1.8.0_111.jdk/Contents/Home/jre/lib/libfontmanager.dylib
0x000000012b7d4000 	/Users/miguelgascon/NetBeansProjects/target/natives/liblwjgl.dylib
0x0000000127e6e000 	/Library/Java/JavaVirtualMachines/jdk1.8.0_111.jdk/Contents/Home/jre/lib/libjawt.dylib
0x0000000051f11000 	/System/Library/PrivateFrameworks/ViewBridge.framework/Versions/A/ViewBridge
0x0000000051f11000 	/System/Library/PrivateFrameworks/XPCService.framework/Versions/A/XPCService
0x0000000051f11000 	/System/Library/PrivateFrameworks/AppSandbox.framework/Versions/A/AppSandbox
0x0000000051f11000 	/usr/lib/libsandbox.1.dylib
0x0000000051f11000 	/usr/lib/libMatch.1.dylib
0x0000000127e8b000 	/Users/miguelgascon/NetBeansProjects/target/natives/libjinput-osx.jnilib
0x000000012e19b000 	/System/Library/Extensions/IOHIDFamily.kext/Contents/PlugIns/IOHIDLib.plugin/Contents/MacOS/IOHIDLib
0x000000012e1c6000 	/Library/Java/JavaVirtualMachines/jdk1.8.0_111.jdk/Contents/Home/jre/lib/libnio.dylib
0x000000012e1d6000 	/Library/Java/JavaVirtualMachines/jdk1.8.0_111.jdk/Contents/Home/jre/lib/./libnet.dylib
0x000000012e1f1000 	/Library/Java/JavaVirtualMachines/jdk1.8.0_111.jdk/Contents/Home/jre/lib/libjpeg.dylib
0x0000000147b13000 	/Library/Java/JavaVirtualMachines/jdk1.8.0_111.jdk/Contents/Home/jre/lib/liblcms.dylib
0x0000000051f11000 	/System/Library/Frameworks/ApplicationServices.framework/Versions/A/Frameworks/ATS.framework/Versions/A/Resources/libType1Scaler.dylib

VM Arguments:
jvm_args: -Djava.library.path=target/natives 
java_command: ca.qc.bdeb.projetIntegrateur.Main
java_class_path (initial): /Users/miguelgascon/NetBeansProjects/target/classes:/Users/miguelgascon/.m2/repository/org/slick2d/slick2d-core/1.0.2/slick2d-core-1.0.2.jar:/Users/miguelgascon/.m2/repository/org/lwjgl/lwjgl/lwjgl/2.9.3/lwjgl-2.9.3.jar:/Users/miguelgascon/.m2/repository/org/lwjgl/lwjgl/lwjgl-platform/2.9.3/lwjgl-platform-2.9.3-natives-windows.jar:/Users/miguelgascon/.m2/repository/org/lwjgl/lwjgl/lwjgl-platform/2.9.3/lwjgl-platform-2.9.3-natives-linux.jar:/Users/miguelgascon/.m2/repository/org/lwjgl/lwjgl/lwjgl-platform/2.9.3/lwjgl-platform-2.9.3-natives-osx.jar:/Users/miguelgascon/.m2/repository/net/java/jinput/jinput/2.0.5/jinput-2.0.5.jar:/Users/miguelgascon/.m2/repository/net/java/jutils/jutils/1.0.0/jutils-1.0.0.jar:/Users/miguelgascon/.m2/repository/net/java/jinput/jinput-platform/2.0.5/jinput-platform-2.0.5-natives-linux.jar:/Users/miguelgascon/.m2/repository/net/java/jinput/jinput-platform/2.0.5/jinput-platform-2.0.5-natives-windows.jar:/Users/miguelgascon/.m2/repository/net/java/jinput/jinput-platform/2.0.5/jinput-platform-2.0.5-natives-osx.jar:/Users/miguelgascon/.m2/repository/org/lwjgl/lwjgl/3.1.1/lwjgl-3.1.1-natives-windows.jar:/Users/miguelgascon/.m2/repository/com/googlecode/mavennatives/maven-nativedependencies-plugin/0.0.7/maven-nativedependencies-plugin-0.0.7.jar:/Users/miguelgascon/.m2/repository/org/apache/maven/maven-artifact/2.0.10/maven-artifact-2.0.10.jar:/Users/miguelgascon/.m2/repository/org/apache/maven/maven-plugin-api/2.0.10/maven-plugin-api-2.0.10.jar:/Users/miguelgascon/.m2/repository/org/apache/maven/maven-project/2.0.10/maven-project-2.0.10.jar:/Users/miguelgascon/.m2/repository/org/apache/maven/maven-settings/2.0.10/maven-settings-2.0.10.jar:/Users/miguelgascon/.m2/repository/org/apache/maven/maven-profile/2.0.10/maven-profile-2.0.10.jar:/Users/miguelgascon/.m2/repository/org/apache/maven/maven-artifact-manager/2.0.10/maven-artifact-manager-2.0.10.jar:/Users/miguelgascon/.m2/repository/org/apache/maven/maven-plugin-regi
Launcher Type: SUN_STANDARD

Environment Variables:
JAVA_HOME=/Library/Java/JavaVirtualMachines/jdk1.8.0_111.jdk/Contents/Home
PATH=/usr/bin:/bin:/usr/sbin:/sbin
SHELL=/bin/bash

Signal Handlers:
SIGSEGV: [libjvm.dylib+0x5b03ed], sa_mask[0]=11111111011111110111111111111111, sa_flags=SA_ONSTACK|SA_RESTART|SA_SIGINFO
SIGBUS: [libjvm.dylib+0x5b03ed], sa_mask[0]=11111111011111110111111111111111, sa_flags=SA_RESTART|SA_SIGINFO
SIGFPE: [libjvm.dylib+0x48711c], sa_mask[0]=11111111011111110111111111111111, sa_flags=SA_RESTART|SA_SIGINFO
SIGPIPE: [libjvm.dylib+0x48711c], sa_mask[0]=11111111011111110111111111111111, sa_flags=SA_RESTART|SA_SIGINFO
SIGXFSZ: [libjvm.dylib+0x48711c], sa_mask[0]=11111111011111110111111111111111, sa_flags=SA_RESTART|SA_SIGINFO
SIGILL: [libjvm.dylib+0x48711c], sa_mask[0]=11111111011111110111111111111111, sa_flags=SA_RESTART|SA_SIGINFO
SIGUSR1: SIG_DFL, sa_mask[0]=00000000000000000000000000000000, sa_flags=none
SIGUSR2: [libjvm.dylib+0x486c3a], sa_mask[0]=00100000000000000000000000000000, sa_flags=SA_RESTART|SA_SIGINFO
SIGHUP: [libjvm.dylib+0x485211], sa_mask[0]=11111111011111110111111111111111, sa_flags=SA_RESTART|SA_SIGINFO
SIGINT: SIG_IGN, sa_mask[0]=00000000000000000000000000000000, sa_flags=none
SIGTERM: [libjvm.dylib+0x485211], sa_mask[0]=11111111011111110111111111111111, sa_flags=SA_RESTART|SA_SIGINFO
SIGQUIT: [libjvm.dylib+0x485211], sa_mask[0]=11111111011111110111111111111111, sa_flags=SA_RESTART|SA_SIGINFO


---------------  S Y S T E M  ---------------

OS:Bsduname:Darwin 16.6.0 Darwin Kernel Version 16.6.0: Fri Apr 14 16:21:16 PDT 2017; root:xnu-3789.60.24~6/RELEASE_X86_64 x86_64
rlimit: STACK 8192k, CORE 0k, NPROC 709, NOFILE 10240, AS infinity
load average:1.34 1.49 1.45

CPU:total 4 (2 cores per cpu, 2 threads per core) family 6 model 61 stepping 4, cmov, cx8, fxsr, mmx, sse, sse2, sse3, ssse3, sse4.1, sse4.2, popcnt, avx, avx2, aes, clmul, erms, 3dnowpref, lzcnt, ht, tsc, tscinvbit, bmi1, bmi2, adx

Memory: 4k page, physical 8388608k(2276860k free)

/proc/meminfo:


vm_info: Java HotSpot(TM) 64-Bit Server VM (25.111-b14) for bsd-amd64 JRE (1.8.0_111-b14), built on Sep 22 2016 15:31:41 by "java_re" with gcc 4.2.1 (Based on Apple Inc. build 5658) (LLVM build 2336.11.00)

time: Wed May 24 13:32:39 2017
elapsed time: 154 seconds (0d 0h 2m 34s)

