#
# A fatal error has been detected by the Java Runtime Environment:
#
#  SIGSEGV (0xb) at pc=0x00007fffd81ce05d, pid=16836, tid=0x0000000000000307
#
# JRE version: Java(TM) SE Runtime Environment (8.0_111-b14) (build 1.8.0_111-b14)
# Java VM: Java HotSpot(TM) 64-Bit Server VM (25.111-b14 mixed mode bsd-amd64 compressed oops)
# Problematic frame:
# C  [libobjc.A.dylib+0x705d]  objc_msgSend+0x1d
#
# Failed to write core dump. Core dumps have been disabled. To enable core dumping, try "ulimit -c unlimited" before starting Java again
#
# If you would like to submit a bug report, please visit:
#   http://bugreport.java.com/bugreport/crash.jsp
# The crash happened outside the Java Virtual Machine in native code.
# See problematic frame for where to report the bug.
#

---------------  T H R E A D  ---------------

Current thread (0x00007fe0e196e800):  JavaThread "AppKit Thread" daemon [_thread_in_native, id=775, stack(0x00007fff52db4000,0x00007fff535b4000)]

siginfo: si_signo: 11 (SIGSEGV), si_code: 1 (SEGV_MAPERR), si_addr: 0x000007fe0dfd48f0

Registers:
RAX=0x00007fe0dfeaf670, RBX=0x00007fe0dfe9a7f0, RCX=0x00007fe0dfd467f0, RDX=0x00007fe0dfeaf670
RSP=0x00007fff535ad4d8, RBP=0x00007fff535ad4e0, RSI=0x00007fffc1ae1861, RDI=0x00007fe0dfd467f0
R8 =0x00000000000000ff, R9 =0x00007fe0dfecd590, R10=0x000007fe0dfd48d8, R11=0x00007fffc1ae1861
R12=0x0000000000000000, R13=0x00007fe0dfecd590, R14=0x00007fe0dfeaf670, R15=0x0000000000000000
RIP=0x00007fffd81ce05d, EFLAGS=0x0000000000010206, ERR=0x0000000000000004
  TRAPNO=0x000000000000000e

Top of Stack: (sp=0x00007fff535ad4d8)
0x00007fff535ad4d8:   00007fffc337450c 00007fff535ad550
0x00007fff535ad4e8:   00007fffc337440b 0000000000000000
0x00007fff535ad4f8:   00007fffe19b2060 00000000c2000000
0x00007fff535ad508:   00007fffc3374460 00007fffde232680
0x00007fff535ad518:   00007fe0dfecd590 00007fe0dfeaf670
0x00007fff535ad528:   00007fff535add18 00007fffd81ce040
0x00007fff535ad538:   00007fff535ad620 00007fe0dfecd590
0x00007fff535ad548:   00007fffc1a79078 00007fff535ad590
0x00007fff535ad558:   00007fffc3374172 00007fff535adb60
0x00007fff535ad568:   0000000000000001 00007fffd81ce040
0x00007fff535ad578:   00007fff535ad620 00007fff535add18
0x00007fff535ad588:   00007fffc1a79078 00007fff535adcb0
0x00007fff535ad598:   00007fffc33315a3 00007fe0dfc00000
0x00007fff535ad5a8:   0000000000000000 000000010c66ba00
0x00007fff535ad5b8:   0000000000000004 00007fe0dff09080
0x00007fff535ad5c8:   00007fffde233cb0 0000000000000000
0x00007fff535ad5d8:   00007fe0e00c80d0 00007fe0dff09001
0x00007fff535ad5e8:   00007fe0dff9b8c0 00007fffde3660e0
0x00007fff535ad5f8:   0000000000000000 0000000000000000
0x00007fff535ad608:   0000000000000000 00007fe0dfe47ad0
0x00007fff535ad618:   00007fffde272900 00007fff535adb60
0x00007fff535ad628:   0000000000000002 0000000000000100
0x00007fff535ad638:   00007fffe191f400 00007fff535ada60
0x00007fff535ad648:   0000000000000000 0000000000000100
0x00007fff535ad658:   00007fe0dfca6500 00007fff535ad690
0x00007fff535ad668:   00007fffc3374dbc ffff801f20359a50
0x00007fff535ad678:   00007fe0dfca65b0 00007fffde363640
0x00007fff535ad688:   00007fe0dfca65b0 00007fff535ad6c0
0x00007fff535ad698:   00007fffc3374e08 ffff801f20359a50
0x00007fff535ad6a8:   00007fe0dfca65b0 00007fffde3638c0
0x00007fff535ad6b8:   00007fe0dfca65b0 00007fff535ad6f0
0x00007fff535ad6c8:   00007fffc3374eeb 0000000000000a40 

Instructions: (pc=0x00007fffd81ce05d)
0x00007fffd81ce03d:   0f 1f 00 48 85 ff 2e 74 62 40 f6 c7 01 2e 75 66
0x00007fffd81ce04d:   49 ba f8 ff ff ff ff 7f 00 00 4c 23 17 49 89 f3
0x00007fffd81ce05d:   45 23 5a 18 49 c1 e3 04 4d 03 5a 10 49 3b 33 75
0x00007fffd81ce06d:   04 41 ff 63 08 49 83 3b 01 76 0d 49 83 c3 10 49 

Register to memory mapping:

RAX=0x00007fe0dfeaf670 is an unknown value
RBX=0x00007fe0dfe9a7f0 is an unknown value
RCX=0x00007fe0dfd467f0 is an unknown value
RDX=0x00007fe0dfeaf670 is an unknown value
RSP=0x00007fff535ad4d8 is pointing into the stack for thread: 0x00007fe0e196e800
RBP=0x00007fff535ad4e0 is pointing into the stack for thread: 0x00007fe0e196e800
RSI=0x00007fffc1ae1861: __NSStyleNameIndexTable+0xe0419 in /System/Library/Frameworks/AppKit.framework/Versions/C/AppKit at 0x00007fffc0e14000
RDI=0x00007fe0dfd467f0 is an unknown value
R8 =0x00000000000000ff is an unknown value
R9 =0x00007fe0dfecd590 is an unknown value
R10=0x000007fe0dfd48d8 is an unknown value
R11=0x00007fffc1ae1861: __NSStyleNameIndexTable+0xe0419 in /System/Library/Frameworks/AppKit.framework/Versions/C/AppKit at 0x00007fffc0e14000
R12=0x0000000000000000 is an unknown value
R13=0x00007fe0dfecd590 is an unknown value
R14=0x00007fe0dfeaf670 is an unknown value
R15=0x0000000000000000 is an unknown value


Stack: [0x00007fff52db4000,0x00007fff535b4000],  sp=0x00007fff535ad4d8,  free space=8165k
Native frames: (J=compiled Java code, j=interpreted, Vv=VM code, C=native code)
C  [libobjc.A.dylib+0x705d]  objc_msgSend+0x1d
C  [CoreFoundation+0x9d40b]  _CFXRegistrationPost+0x1ab
C  [CoreFoundation+0x9d172]  ___CFXNotificationPost_block_invoke+0x32
C  [CoreFoundation+0x5a5a3]  -[_CFXNotificationRegistrar find:object:observer:enumerator:]+0x723
C  [CoreFoundation+0x595dc]  _CFXNotificationPost+0x25c
C  [Foundation+0x6997]  -[NSNotificationCenter postNotificationName:object:userInfo:]+0x42
C  [AppKit+0x24f177]  -[NSSurface _disposeSurface]+0x98
C  [AppKit+0x24ed26]  -[NSSurface setWindow:]+0x35
C  [AppKit+0x28d30]  -[NSView _setWindow:]+0xa0f
C  [AppKit+0x2b957]  -[NSView removeFromSuperview]+0x1d1
C  [AppKit+0x14d130]  -[NSView removeFromSuperviewWithoutNeedingDisplay]+0x26
C  [liblwjgl.dylib+0xa205]  +[MacOSXKeyableWindow destroyWindow]+0xb5
C  [Foundation+0x7184a]  __NSThreadPerformPerform+0x146
C  [CoreFoundation+0xa73c1]  __CFRUNLOOP_IS_CALLING_OUT_TO_A_SOURCE0_PERFORM_FUNCTION__+0x11
C  [CoreFoundation+0x882cd]  __CFRunLoopDoSources0+0x22d
C  [CoreFoundation+0x877c6]  __CFRunLoopRun+0x3a6
C  [CoreFoundation+0x871c4]  CFRunLoopRunSpecific+0x1a4
C  [HIToolbox+0x30ebc]  RunCurrentEventLoopInMode+0xf0
C  [HIToolbox+0x30cf1]  ReceiveNextEventCommon+0x1b0
C  [HIToolbox+0x30b26]  _BlockUntilNextEventMatchingListInModeWithFilter+0x47
C  [AppKit+0x46e24]  _DPSNextEvent+0x460
C  [AppKit+0x7c285e]  -[NSApplication(NSEvent) _nextEventMatchingEventMask:untilDate:inMode:dequeue:]+0xaec
C  [libosxapp.dylib+0x23aa]  -[NSApplicationAWT nextEventMatchingMask:untilDate:inMode:dequeue:]+0x7c
C  [AppKit+0x3b7ab]  -[NSApplication run]+0x39e
C  [libosxapp.dylib+0x214d]  +[NSApplicationAWT runAWTLoopWithApp:]+0x9c
C  [libawt_lwawt.dylib+0x444b3]  -[AWTStarter starter:]+0x389
C  [Foundation+0x7184a]  __NSThreadPerformPerform+0x146
C  [CoreFoundation+0xa73c1]  __CFRUNLOOP_IS_CALLING_OUT_TO_A_SOURCE0_PERFORM_FUNCTION__+0x11
C  [CoreFoundation+0x882cd]  __CFRunLoopDoSources0+0x22d
C  [CoreFoundation+0x877c6]  __CFRunLoopRun+0x3a6
C  [CoreFoundation+0x871c4]  CFRunLoopRunSpecific+0x1a4
C  [java+0x6465]  CreateExecutionEnvironment+0x367
C  [java+0x218c]  JLI_Launch+0x7a0
C  [java+0x84c2]  main+0x65
C  [java+0x19e4]  start+0x34
C  0x0000000000000005


---------------  P R O C E S S  ---------------

Java Threads: ( => current thread )
  0x00007fe0e0406000 JavaThread "AWT-Shutdown" [_thread_blocked, id=5391, stack(0x000070000b0d3000,0x000070000b1d3000)]
  0x00007fe0e1178000 JavaThread "Java2D Queue Flusher" daemon [_thread_blocked, id=64015, stack(0x000070000b462000,0x000070000b562000)]
  0x00007fe0e1ab2000 JavaThread "Java2D Disposer" daemon [_thread_blocked, id=60175, stack(0x000070000b35f000,0x000070000b45f000)]
=>0x00007fe0e196e800 JavaThread "AppKit Thread" daemon [_thread_in_native, id=775, stack(0x00007fff52db4000,0x00007fff535b4000)]
  0x00007fe0e1002800 JavaThread "Service Thread" daemon [_thread_blocked, id=18435, stack(0x000070000aecd000,0x000070000afcd000)]
  0x00007fe0e0096000 JavaThread "C1 CompilerThread2" daemon [_thread_blocked, id=17923, stack(0x000070000adca000,0x000070000aeca000)]
  0x00007fe0e0095000 JavaThread "C2 CompilerThread1" daemon [_thread_blocked, id=17411, stack(0x000070000acc7000,0x000070000adc7000)]
  0x00007fe0e003a000 JavaThread "C2 CompilerThread0" daemon [_thread_blocked, id=16899, stack(0x000070000abc4000,0x000070000acc4000)]
  0x00007fe0e1011800 JavaThread "Signal Dispatcher" daemon [_thread_blocked, id=16387, stack(0x000070000aac1000,0x000070000abc1000)]
  0x00007fe0e180e000 JavaThread "Finalizer" daemon [_thread_blocked, id=12547, stack(0x000070000a9be000,0x000070000aabe000)]
  0x00007fe0e180b800 JavaThread "Reference Handler" daemon [_thread_blocked, id=12035, stack(0x000070000a8bb000,0x000070000a9bb000)]
  0x00007fe0e1003800 JavaThread "main" [_thread_in_native, id=7171, stack(0x000070000a2a9000,0x000070000a3a9000)]

Other Threads:
  0x00007fe0e1808800 VMThread [stack: 0x000070000a7b8000,0x000070000a8b8000] [id=11523]
  0x00007fe0e1014800 WatcherThread [stack: 0x000070000afd0000,0x000070000b0d0000] [id=18947]

VM state:not at safepoint (normal execution)

VM Mutex/Monitor currently owned by a thread: None

Heap:
 PSYoungGen      total 133632K, used 25701K [0x0000000795580000, 0x00000007a3400000, 0x00000007c0000000)
  eden space 128512K, 16% used [0x0000000795580000,0x00000007969d14c0,0x000000079d300000)
  from space 5120K, 95% used [0x000000079d300000,0x000000079d7c8040,0x000000079d800000)
  to   space 24064K, 0% used [0x00000007a1c80000,0x00000007a1c80000,0x00000007a3400000)
 ParOldGen       total 143872K, used 58437K [0x0000000740000000, 0x0000000748c80000, 0x0000000795580000)
  object space 143872K, 40% used [0x0000000740000000,0x00000007439114e8,0x0000000748c80000)
 Metaspace       used 11465K, capacity 11585K, committed 11776K, reserved 1060864K
  class space    used 1186K, capacity 1247K, committed 1280K, reserved 1048576K

Card table byte_map: [0x000000010e361000,0x000000010e762000] byte_map_base: 0x000000010a961000

Marking Bits: (ParMarkBitMap*) 0x000000010d8efd20
 Begin Bits: [0x000000010ea0d000, 0x0000000110a0d000)
 End Bits:   [0x0000000110a0d000, 0x0000000112a0d000)

Polling page: 0x000000010c70c000

CodeCache: size=245760Kb used=5398Kb max_used=5398Kb free=240361Kb
 bounds [0x0000000114ab9000, 0x0000000115009000, 0x0000000123ab9000]
 total_blobs=1991 nmethods=1447 adapters=458
 compilation: enabled

Compilation events (10 events):
Event: 32.664 Thread 0x00007fe0e0096000 1443   !   3       ca.qc.bdeb.projetIntegrateur.Jeu::updateUnite (98 bytes)
Event: 32.665 Thread 0x00007fe0e0096000 nmethod 1443 0x0000000114ff8450 code [0x0000000114ff86c0, 0x0000000114ff95a8]
Event: 32.665 Thread 0x00007fe0e0096000 1444       3       ca.qc.bdeb.projetIntegrateur.Jeu::affichageComposantConstant (46 bytes)
Event: 32.668 Thread 0x00007fe0e0096000 nmethod 1444 0x0000000114ffe0d0 code [0x0000000114ffe4e0, 0x0000000114fffe18]
Event: 32.668 Thread 0x00007fe0e0096000 1445       3       org.newdawn.slick.Graphics::translate (24 bytes)
Event: 32.670 Thread 0x00007fe0e0096000 nmethod 1445 0x0000000115001350 code [0x0000000115001640, 0x0000000115002748]
Event: 32.670 Thread 0x00007fe0e0096000 1446       3       org.newdawn.slick.Graphics::checkPush (29 bytes)
Event: 32.670 Thread 0x00007fe0e0096000 nmethod 1446 0x0000000114ffac90 code [0x0000000114ffaec0, 0x0000000114ffba18]
Event: 32.670 Thread 0x00007fe0e0096000 1447       3       org.newdawn.slick.opengl.renderer.ImmediateModeOGLRenderer::glPushMatrix (4 bytes)
Event: 32.671 Thread 0x00007fe0e0096000 nmethod 1447 0x0000000114ff7650 code [0x0000000114ff7840, 0x0000000114ff7fd8]

GC Heap History (10 events):
Event: 1.722 GC heap before
{Heap before GC invocations=2 (full 0):
 PSYoungGen      total 38400K, used 38375K [0x0000000795580000, 0x000000079a080000, 0x00000007c0000000)
  eden space 33280K, 100% used [0x0000000795580000,0x0000000797600000,0x0000000797600000)
  from space 5120K, 99% used [0x0000000797600000,0x0000000797af9d20,0x0000000797b00000)
  to   space 5120K, 0% used [0x0000000799b80000,0x0000000799b80000,0x000000079a080000)
 ParOldGen       total 87552K, used 18742K [0x0000000740000000, 0x0000000745580000, 0x0000000795580000)
  object space 87552K, 21% used [0x0000000740000000,0x000000074124da18,0x0000000745580000)
 Metaspace       used 9029K, capacity 9235K, committed 9472K, reserved 1058816K
  class space    used 941K, capacity 1020K, committed 1024K, reserved 1048576K
Event: 1.727 GC heap after
Heap after GC invocations=2 (full 0):
 PSYoungGen      total 71680K, used 4674K [0x0000000795580000, 0x000000079a080000, 0x00000007c0000000)
  eden space 66560K, 0% used [0x0000000795580000,0x0000000795580000,0x0000000799680000)
  from space 5120K, 91% used [0x0000000799b80000,0x000000079a010900,0x000000079a080000)
  to   space 5120K, 0% used [0x0000000799680000,0x0000000799680000,0x0000000799b80000)
 ParOldGen       total 87552K, used 18750K [0x0000000740000000, 0x0000000745580000, 0x0000000795580000)
  object space 87552K, 21% used [0x0000000740000000,0x000000074124fa18,0x0000000745580000)
 Metaspace       used 9029K, capacity 9235K, committed 9472K, reserved 1058816K
  class space    used 941K, capacity 1020K, committed 1024K, reserved 1048576K
}
Event: 2.015 GC heap before
{Heap before GC invocations=3 (full 0):
 PSYoungGen      total 71680K, used 71234K [0x0000000795580000, 0x000000079a080000, 0x00000007c0000000)
  eden space 66560K, 100% used [0x0000000795580000,0x0000000799680000,0x0000000799680000)
  from space 5120K, 91% used [0x0000000799b80000,0x000000079a010900,0x000000079a080000)
  to   space 5120K, 0% used [0x0000000799680000,0x0000000799680000,0x0000000799b80000)
 ParOldGen       total 87552K, used 18750K [0x0000000740000000, 0x0000000745580000, 0x0000000795580000)
  object space 87552K, 21% used [0x0000000740000000,0x000000074124fa18,0x0000000745580000)
 Metaspace       used 10099K, capacity 10273K, committed 10368K, reserved 1058816K
  class space    used 1075K, capacity 1151K, committed 1152K, reserved 1048576K
Event: 2.043 GC heap after
Heap after GC invocations=3 (full 0):
 PSYoungGen      total 71680K, used 4720K [0x0000000795580000, 0x000000079e180000, 0x00000007c0000000)
  eden space 66560K, 0% used [0x0000000795580000,0x0000000795580000,0x0000000799680000)
  from space 5120K, 92% used [0x0000000799680000,0x0000000799b1c010,0x0000000799b80000)
  to   space 5120K, 0% used [0x000000079dc80000,0x000000079dc80000,0x000000079e180000)
 ParOldGen       total 87552K, used 71822K [0x0000000740000000, 0x0000000745580000, 0x0000000795580000)
  object space 87552K, 82% used [0x0000000740000000,0x0000000744623a68,0x0000000745580000)
 Metaspace       used 10099K, capacity 10273K, committed 10368K, reserved 1058816K
  class space    used 1075K, capacity 1151K, committed 1152K, reserved 1048576K
}
Event: 2.043 GC heap before
{Heap before GC invocations=4 (full 1):
 PSYoungGen      total 71680K, used 4720K [0x0000000795580000, 0x000000079e180000, 0x00000007c0000000)
  eden space 66560K, 0% used [0x0000000795580000,0x0000000795580000,0x0000000799680000)
  from space 5120K, 92% used [0x0000000799680000,0x0000000799b1c010,0x0000000799b80000)
  to   space 5120K, 0% used [0x000000079dc80000,0x000000079dc80000,0x000000079e180000)
 ParOldGen       total 87552K, used 71822K [0x0000000740000000, 0x0000000745580000, 0x0000000795580000)
  object space 87552K, 82% used [0x0000000740000000,0x0000000744623a68,0x0000000745580000)
 Metaspace       used 10099K, capacity 10273K, committed 10368K, reserved 1058816K
  class space    used 1075K, capacity 1151K, committed 1152K, reserved 1048576K
Event: 2.075 GC heap after
Heap after GC invocations=4 (full 1):
 PSYoungGen      total 71680K, used 0K [0x0000000795580000, 0x000000079e180000, 0x00000007c0000000)
  eden space 66560K, 0% used [0x0000000795580000,0x0000000795580000,0x0000000799680000)
  from space 5120K, 0% used [0x0000000799680000,0x0000000799680000,0x0000000799b80000)
  to   space 5120K, 0% used [0x000000079dc80000,0x000000079dc80000,0x000000079e180000)
 ParOldGen       total 143872K, used 39172K [0x0000000740000000, 0x0000000748c80000, 0x0000000795580000)
  object space 143872K, 27% used [0x0000000740000000,0x00000007426410a8,0x0000000748c80000)
 Metaspace       used 10099K, capacity 10273K, committed 10368K, reserved 1058816K
  class space    used 1075K, capacity 1151K, committed 1152K, reserved 1048576K
}
Event: 3.220 GC heap before
{Heap before GC invocations=5 (full 1):
 PSYoungGen      total 71680K, used 65762K [0x0000000795580000, 0x000000079e180000, 0x00000007c0000000)
  eden space 66560K, 98% used [0x0000000795580000,0x00000007995b8910,0x0000000799680000)
  from space 5120K, 0% used [0x0000000799680000,0x0000000799680000,0x0000000799b80000)
  to   space 5120K, 0% used [0x000000079dc80000,0x000000079dc80000,0x000000079e180000)
 ParOldGen       total 143872K, used 39172K [0x0000000740000000, 0x0000000748c80000, 0x0000000795580000)
  object space 143872K, 27% used [0x0000000740000000,0x00000007426410a8,0x0000000748c80000)
 Metaspace       used 10258K, capacity 10401K, committed 10624K, reserved 1058816K
  class space    used 1094K, capacity 1151K, committed 1152K, reserved 1048576K
Event: 3.224 GC heap after
Heap after GC invocations=5 (full 1):
 PSYoungGen      total 112128K, used 224K [0x0000000795580000, 0x000000079dd00000, 0x00000007c0000000)
  eden space 111616K, 0% used [0x0000000795580000,0x0000000795580000,0x000000079c280000)
  from space 512K, 43% used [0x000000079dc80000,0x000000079dcb8000,0x000000079dd00000)
  to   space 5120K, 0% used [0x000000079d300000,0x000000079d300000,0x000000079d800000)
 ParOldGen       total 143872K, used 57405K [0x0000000740000000, 0x0000000748c80000, 0x0000000795580000)
  object space 143872K, 39% used [0x0000000740000000,0x000000074380f4d8,0x0000000748c80000)
 Metaspace       used 10258K, capacity 10401K, committed 10624K, reserved 1058816K
  class space    used 1094K, capacity 1151K, committed 1152K, reserved 1048576K
}
Event: 6.150 GC heap before
{Heap before GC invocations=6 (full 1):
 PSYoungGen      total 112128K, used 111840K [0x0000000795580000, 0x000000079dd00000, 0x00000007c0000000)
  eden space 111616K, 100% used [0x0000000795580000,0x000000079c280000,0x000000079c280000)
  from space 512K, 43% used [0x000000079dc80000,0x000000079dcb8000,0x000000079dd00000)
  to   space 5120K, 0% used [0x000000079d300000,0x000000079d300000,0x000000079d800000)
 ParOldGen       total 143872K, used 57405K [0x0000000740000000, 0x0000000748c80000, 0x0000000795580000)
  object space 143872K, 39% used [0x0000000740000000,0x000000074380f4d8,0x0000000748c80000)
 Metaspace       used 10988K, capacity 11169K, committed 11520K, reserved 1058816K
  class space    used 1160K, capacity 1215K, committed 1280K, reserved 1048576K
Event: 6.155 GC heap after
Heap after GC invocations=6 (full 1):
 PSYoungGen      total 133632K, used 4896K [0x0000000795580000, 0x00000007a3400000, 0x00000007c0000000)
  eden space 128512K, 0% used [0x0000000795580000,0x0000000795580000,0x000000079d300000)
  from space 5120K, 95% used [0x000000079d300000,0x000000079d7c8040,0x000000079d800000)
  to   space 24064K, 0% used [0x00000007a1c80000,0x00000007a1c80000,0x00000007a3400000)
 ParOldGen       total 143872K, used 58437K [0x0000000740000000, 0x0000000748c80000, 0x0000000795580000)
  object space 143872K, 40% used [0x0000000740000000,0x00000007439114e8,0x0000000748c80000)
 Metaspace       used 10988K, capacity 11169K, committed 11520K, reserved 1058816K
  class space    used 1160K, capacity 1215K, committed 1280K, reserved 1048576K
}

Deoptimization events (10 events):
Event: 3.045 Thread 0x00007fe0e1003800 Uncommon trap: reason=null_assert action=make_not_entrant pc=0x0000000114d6f094 method=com.sun.imageio.plugins.jpeg.JPEGImageReader.acceptPixels(IZ)V @ 4
Event: 5.790 Thread 0x00007fe0e1003800 Uncommon trap: reason=class_check action=maybe_recompile pc=0x0000000114e083e0 method=java.util.HashMap.putVal(ILjava/lang/Object;Ljava/lang/Object;ZZ)Ljava/lang/Object; @ 91
Event: 5.793 Thread 0x00007fe0e1003800 Uncommon trap: reason=class_check action=maybe_recompile pc=0x0000000114e083e0 method=java.util.HashMap.putVal(ILjava/lang/Object;Ljava/lang/Object;ZZ)Ljava/lang/Object; @ 91
Event: 5.845 Thread 0x00007fe0e1003800 Uncommon trap: reason=unstable_if action=reinterpret pc=0x0000000114e01be4 method=java.awt.image.ComponentColorModel.getDataElements(ILjava/lang/Object;)Ljava/lang/Object; @ 30
Event: 5.845 Thread 0x00007fe0e1003800 Uncommon trap: reason=unstable_if action=reinterpret pc=0x0000000114db9000 method=java.awt.image.ComponentColorModel.getAlpha(Ljava/lang/Object;)I @ 4
Event: 5.845 Thread 0x00007fe0e1003800 Uncommon trap: reason=unstable_if action=reinterpret pc=0x0000000114d889dc method=java.awt.image.ComponentColorModel.extractComponent(Ljava/lang/Object;II)I @ 4
Event: 5.845 Thread 0x00007fe0e1003800 Uncommon trap: reason=unstable_if action=reinterpret pc=0x0000000114d84ec8 method=java.awt.image.ComponentColorModel.getAlpha(Ljava/lang/Object;)I @ 4
Event: 5.845 Thread 0x00007fe0e1003800 Uncommon trap: reason=unstable_if action=reinterpret pc=0x0000000114d7c3c0 method=java.awt.image.ComponentColorModel.getAlpha(Ljava/lang/Object;)I @ 4
Event: 5.845 Thread 0x00007fe0e1003800 Uncommon trap: reason=unstable_if action=reinterpret pc=0x0000000114d92a94 method=java.awt.image.ComponentColorModel.getAlpha(Ljava/lang/Object;)I @ 4
Event: 6.246 Thread 0x00007fe0e1003800 Uncommon trap: reason=unstable_if action=reinterpret pc=0x0000000114dbfc7c method=java.nio.DirectByteBuffer.put([BII)Ljava/nio/ByteBuffer; @ 8

Internal exceptions (10 events):
Event: 0.206 Thread 0x00007fe0e1003800 Exception <a 'java/security/PrivilegedActionException'> (0x00000007957eb390) thrown at [/Users/java_re/workspace/8-2-build-macosx-x86_64/jdk8u111/7883/hotspot/src/share/vm/prims/jvm.cpp, line 1386]
Event: 0.207 Thread 0x00007fe0e1003800 Exception <a 'java/security/PrivilegedActionException'> (0x00000007957ee880) thrown at [/Users/java_re/workspace/8-2-build-macosx-x86_64/jdk8u111/7883/hotspot/src/share/vm/prims/jvm.cpp, line 1386]
Event: 0.207 Thread 0x00007fe0e1003800 Exception <a 'java/security/PrivilegedActionException'> (0x00000007957eea90) thrown at [/Users/java_re/workspace/8-2-build-macosx-x86_64/jdk8u111/7883/hotspot/src/share/vm/prims/jvm.cpp, line 1386]
Event: 0.304 Thread 0x00007fe0e1003800 Exception <a 'java/lang/NoSuchFieldError': method resolution failed> (0x000000079592d398) thrown at [/Users/java_re/workspace/8-2-build-macosx-x86_64/jdk8u111/7883/hotspot/src/share/vm/prims/methodHandles.cpp, line 1146]
Event: 0.308 Thread 0x00007fe0e1003800 Exception <a 'java/lang/NoSuchFieldError': method resolution failed> (0x000000079593aae8) thrown at [/Users/java_re/workspace/8-2-build-macosx-x86_64/jdk8u111/7883/hotspot/src/share/vm/prims/methodHandles.cpp, line 1146]
Event: 0.700 Thread 0x00007fe0e1003800 Exception <a 'java/io/FileNotFoundException'> (0x00000007959b6648) thrown at [/Users/java_re/workspace/8-2-build-macosx-x86_64/jdk8u111/7883/hotspot/src/share/vm/prims/jni.cpp, line 709]
Event: 0.700 Thread 0x00007fe0e1003800 Exception <a 'java/io/FileNotFoundException'> (0x00000007959b71e8) thrown at [/Users/java_re/workspace/8-2-build-macosx-x86_64/jdk8u111/7883/hotspot/src/share/vm/prims/jni.cpp, line 709]
Event: 0.734 Thread 0x00007fe0e1003800 Exception <a 'java/io/FileNotFoundException'> (0x0000000795a0c618) thrown at [/Users/java_re/workspace/8-2-build-macosx-x86_64/jdk8u111/7883/hotspot/src/share/vm/prims/jni.cpp, line 709]
Event: 2.122 Thread 0x00007fe0e1003800 Implicit null exception at 0x0000000114da4876 to 0x0000000114da4e71
Event: 2.122 Thread 0x00007fe0e1003800 Implicit null exception at 0x0000000114d880a4 to 0x0000000114d882d1

Events (10 events):
Event: 26.260 loading class org/newdawn/slick/geom/NeatTriangulator$Triangle
Event: 26.260 loading class org/newdawn/slick/geom/NeatTriangulator$Triangle done
Event: 26.260 loading class org/newdawn/slick/geom/ShapeRenderer$1
Event: 26.260 loading class org/newdawn/slick/geom/ShapeRenderer$1 done
Event: 26.262 loading class ca/qc/bdeb/projetIntegrateur/CarreSelection
Event: 26.262 loading class ca/qc/bdeb/projetIntegrateur/CarreSelection done
Event: 26.262 loading class ca/qc/bdeb/projetIntegrateur/RectanglePerso
Event: 26.262 loading class ca/qc/bdeb/projetIntegrateur/RectanglePerso done
Event: 32.717 loading class org/lwjgl/opengl/CallbackUtil
Event: 32.717 loading class org/lwjgl/opengl/CallbackUtil done


Dynamic libraries:
0x000000004df63000 	/System/Library/Frameworks/Cocoa.framework/Versions/A/Cocoa
0x000000004df63000 	/System/Library/Frameworks/Security.framework/Versions/A/Security
0x000000004df63000 	/System/Library/Frameworks/ApplicationServices.framework/Versions/A/ApplicationServices
0x000000004df63000 	/usr/lib/libz.1.dylib
0x000000004df63000 	/usr/lib/libSystem.B.dylib
0x000000004df63000 	/usr/lib/libobjc.A.dylib
0x000000004df63000 	/System/Library/Frameworks/CoreFoundation.framework/Versions/A/CoreFoundation
0x000000004df63000 	/System/Library/Frameworks/Foundation.framework/Versions/C/Foundation
0x000000004df63000 	/System/Library/Frameworks/AppKit.framework/Versions/C/AppKit
0x000000004df63000 	/System/Library/Frameworks/CoreData.framework/Versions/A/CoreData
0x000000004df63000 	/System/Library/PrivateFrameworks/RemoteViewServices.framework/Versions/A/RemoteViewServices
0x000000004df63000 	/System/Library/PrivateFrameworks/UIFoundation.framework/Versions/A/UIFoundation
0x000000004df63000 	/System/Library/PrivateFrameworks/DFRFoundation.framework/Versions/A/DFRFoundation
0x000000004df63000 	/usr/lib/libenergytrace.dylib
0x000000004df63000 	/System/Library/PrivateFrameworks/SkyLight.framework/Versions/A/SkyLight
0x000000004df63000 	/System/Library/Frameworks/CoreGraphics.framework/Versions/A/CoreGraphics
0x000000004df63000 	/usr/lib/libScreenReader.dylib
0x000000004df63000 	/System/Library/Frameworks/Accelerate.framework/Versions/A/Accelerate
0x000000004df63000 	/System/Library/Frameworks/IOSurface.framework/Versions/A/IOSurface
0x000000004df63000 	/System/Library/Frameworks/AudioToolbox.framework/Versions/A/AudioToolbox
0x000000004df63000 	/System/Library/Frameworks/AudioUnit.framework/Versions/A/AudioUnit
0x000000004df63000 	/System/Library/PrivateFrameworks/DataDetectorsCore.framework/Versions/A/DataDetectorsCore
0x000000004df63000 	/System/Library/PrivateFrameworks/DesktopServicesPriv.framework/Versions/A/DesktopServicesPriv
0x000000004df63000 	/System/Library/Frameworks/Carbon.framework/Versions/A/Frameworks/HIToolbox.framework/Versions/A/HIToolbox
0x000000004df63000 	/usr/lib/libicucore.A.dylib
0x000000004df63000 	/System/Library/Frameworks/QuartzCore.framework/Versions/A/QuartzCore
0x000000004df63000 	/System/Library/Frameworks/Carbon.framework/Versions/A/Frameworks/SpeechRecognition.framework/Versions/A/SpeechRecognition
0x000000004df63000 	/usr/lib/libauto.dylib
0x000000004df63000 	/usr/lib/libxml2.2.dylib
0x000000004df63000 	/System/Library/PrivateFrameworks/CoreUI.framework/Versions/A/CoreUI
0x000000004df63000 	/System/Library/Frameworks/CoreAudio.framework/Versions/A/CoreAudio
0x000000004df63000 	/System/Library/Frameworks/DiskArbitration.framework/Versions/A/DiskArbitration
0x000000004df63000 	/usr/lib/liblangid.dylib
0x000000004df63000 	/System/Library/PrivateFrameworks/MultitouchSupport.framework/Versions/A/MultitouchSupport
0x000000004df63000 	/System/Library/Frameworks/IOKit.framework/Versions/A/IOKit
0x000000004df63000 	/usr/lib/libDiagnosticMessagesClient.dylib
0x000000004df63000 	/System/Library/Frameworks/CoreServices.framework/Versions/A/CoreServices
0x000000004df63000 	/System/Library/PrivateFrameworks/PerformanceAnalysis.framework/Versions/A/PerformanceAnalysis
0x000000004df63000 	/System/Library/PrivateFrameworks/GenerationalStorage.framework/Versions/A/GenerationalStorage
0x000000004df63000 	/System/Library/Frameworks/OpenGL.framework/Versions/A/OpenGL
0x000000004df63000 	/System/Library/Frameworks/CoreImage.framework/Versions/A/CoreImage
0x000000004df63000 	/System/Library/Frameworks/CoreText.framework/Versions/A/CoreText
0x000000004df63000 	/System/Library/Frameworks/ImageIO.framework/Versions/A/ImageIO
0x000000004df63000 	/System/Library/PrivateFrameworks/Backup.framework/Versions/A/Backup
0x000000004df63000 	/usr/lib/libarchive.2.dylib
0x000000004df63000 	/System/Library/Frameworks/CFNetwork.framework/Versions/A/CFNetwork
0x000000004df63000 	/System/Library/Frameworks/SystemConfiguration.framework/Versions/A/SystemConfiguration
0x000000004df63000 	/usr/lib/libCRFSuite.dylib
0x000000004df63000 	/usr/lib/libc++.1.dylib
0x000000004df63000 	/usr/lib/libc++abi.dylib
0x000000004df63000 	/usr/lib/system/libcache.dylib
0x000000004df63000 	/usr/lib/system/libcommonCrypto.dylib
0x000000004df63000 	/usr/lib/system/libcompiler_rt.dylib
0x000000004df63000 	/usr/lib/system/libcopyfile.dylib
0x000000004df63000 	/usr/lib/system/libcorecrypto.dylib
0x000000004df63000 	/usr/lib/system/libdispatch.dylib
0x000000004df63000 	/usr/lib/system/libdyld.dylib
0x000000004df63000 	/usr/lib/system/libkeymgr.dylib
0x000000004df63000 	/usr/lib/system/liblaunch.dylib
0x000000004df63000 	/usr/lib/system/libmacho.dylib
0x000000004df63000 	/usr/lib/system/libquarantine.dylib
0x000000004df63000 	/usr/lib/system/libremovefile.dylib
0x000000004df63000 	/usr/lib/system/libsystem_asl.dylib
0x000000004df63000 	/usr/lib/system/libsystem_blocks.dylib
0x000000004df63000 	/usr/lib/system/libsystem_c.dylib
0x000000004df63000 	/usr/lib/system/libsystem_configuration.dylib
0x000000004df63000 	/usr/lib/system/libsystem_coreservices.dylib
0x000000004df63000 	/usr/lib/system/libsystem_coretls.dylib
0x000000004df63000 	/usr/lib/system/libsystem_dnssd.dylib
0x000000004df63000 	/usr/lib/system/libsystem_info.dylib
0x000000004df63000 	/usr/lib/system/libsystem_kernel.dylib
0x000000004df63000 	/usr/lib/system/libsystem_m.dylib
0x000000004df63000 	/usr/lib/system/libsystem_malloc.dylib
0x000000004df63000 	/usr/lib/system/libsystem_network.dylib
0x000000004df63000 	/usr/lib/system/libsystem_networkextension.dylib
0x000000004df63000 	/usr/lib/system/libsystem_notify.dylib
0x000000004df63000 	/usr/lib/system/libsystem_platform.dylib
0x000000004df63000 	/usr/lib/system/libsystem_pthread.dylib
0x000000004df63000 	/usr/lib/system/libsystem_sandbox.dylib
0x000000004df63000 	/usr/lib/system/libsystem_secinit.dylib
0x000000004df63000 	/usr/lib/system/libsystem_symptoms.dylib
0x000000004df63000 	/usr/lib/system/libsystem_trace.dylib
0x000000004df63000 	/usr/lib/system/libunwind.dylib
0x000000004df63000 	/usr/lib/system/libxpc.dylib
0x000000004df63000 	/usr/lib/libbsm.0.dylib
0x000000004df63000 	/usr/lib/system/libkxld.dylib
0x000000004df63000 	/usr/lib/libcoretls.dylib
0x000000004df63000 	/usr/lib/libcoretls_cfhelpers.dylib
0x000000004df63000 	/usr/lib/libOpenScriptingUtil.dylib
0x000000004df63000 	/usr/lib/libpam.2.dylib
0x000000004df63000 	/usr/lib/libsqlite3.dylib
0x000000004df63000 	/usr/lib/libxar.1.dylib
0x000000004df63000 	/usr/lib/libbz2.1.0.dylib
0x000000004df63000 	/usr/lib/liblzma.5.dylib
0x000000004df63000 	/usr/lib/libnetwork.dylib
0x000000004df63000 	/usr/lib/libpcap.A.dylib
0x000000004df63000 	/System/Library/Frameworks/CoreServices.framework/Versions/A/Frameworks/FSEvents.framework/Versions/A/FSEvents
0x000000004df63000 	/System/Library/Frameworks/CoreServices.framework/Versions/A/Frameworks/CarbonCore.framework/Versions/A/CarbonCore
0x000000004df63000 	/System/Library/Frameworks/CoreServices.framework/Versions/A/Frameworks/Metadata.framework/Versions/A/Metadata
0x000000004df63000 	/System/Library/Frameworks/CoreServices.framework/Versions/A/Frameworks/OSServices.framework/Versions/A/OSServices
0x000000004df63000 	/System/Library/Frameworks/CoreServices.framework/Versions/A/Frameworks/SearchKit.framework/Versions/A/SearchKit
0x000000004df63000 	/System/Library/Frameworks/CoreServices.framework/Versions/A/Frameworks/AE.framework/Versions/A/AE
0x000000004df63000 	/System/Library/Frameworks/CoreServices.framework/Versions/A/Frameworks/LaunchServices.framework/Versions/A/LaunchServices
0x000000004df63000 	/System/Library/Frameworks/CoreServices.framework/Versions/A/Frameworks/DictionaryServices.framework/Versions/A/DictionaryServices
0x000000004df63000 	/System/Library/Frameworks/CoreServices.framework/Versions/A/Frameworks/SharedFileList.framework/Versions/A/SharedFileList
0x000000004df63000 	/System/Library/Frameworks/NetFS.framework/Versions/A/NetFS
0x000000004df63000 	/System/Library/PrivateFrameworks/NetAuth.framework/Versions/A/NetAuth
0x000000004df63000 	/System/Library/PrivateFrameworks/login.framework/Versions/A/Frameworks/loginsupport.framework/Versions/A/loginsupport
0x000000004df63000 	/System/Library/PrivateFrameworks/TCC.framework/Versions/A/TCC
0x000000004df63000 	/usr/lib/libmecabra.dylib
0x000000004df63000 	/System/Library/Frameworks/ApplicationServices.framework/Versions/A/Frameworks/ATS.framework/Versions/A/ATS
0x000000004df63000 	/System/Library/Frameworks/ApplicationServices.framework/Versions/A/Frameworks/ColorSync.framework/Versions/A/ColorSync
0x000000004df63000 	/System/Library/Frameworks/ApplicationServices.framework/Versions/A/Frameworks/HIServices.framework/Versions/A/HIServices
0x000000004df63000 	/System/Library/Frameworks/ApplicationServices.framework/Versions/A/Frameworks/LangAnalysis.framework/Versions/A/LangAnalysis
0x000000004df63000 	/System/Library/Frameworks/ApplicationServices.framework/Versions/A/Frameworks/PrintCore.framework/Versions/A/PrintCore
0x000000004df63000 	/System/Library/Frameworks/ApplicationServices.framework/Versions/A/Frameworks/QD.framework/Versions/A/QD
0x000000004df63000 	/System/Library/Frameworks/ApplicationServices.framework/Versions/A/Frameworks/SpeechSynthesis.framework/Versions/A/SpeechSynthesis
0x000000004df63000 	/System/Library/Frameworks/Accelerate.framework/Versions/A/Frameworks/vImage.framework/Versions/A/vImage
0x000000004df63000 	/System/Library/Frameworks/Accelerate.framework/Versions/A/Frameworks/vecLib.framework/Versions/A/vecLib
0x000000004df63000 	/System/Library/Frameworks/Accelerate.framework/Versions/A/Frameworks/vecLib.framework/Versions/A/libvDSP.dylib
0x000000004df63000 	/System/Library/Frameworks/Accelerate.framework/Versions/A/Frameworks/vecLib.framework/Versions/A/libBNNS.dylib
0x000000004df63000 	/System/Library/Frameworks/Accelerate.framework/Versions/A/Frameworks/vecLib.framework/Versions/A/libQuadrature.dylib
0x000000004df63000 	/System/Library/Frameworks/Accelerate.framework/Versions/A/Frameworks/vecLib.framework/Versions/A/libvMisc.dylib
0x000000004df63000 	/System/Library/Frameworks/Accelerate.framework/Versions/A/Frameworks/vecLib.framework/Versions/A/libLAPACK.dylib
0x000000004df63000 	/System/Library/Frameworks/Accelerate.framework/Versions/A/Frameworks/vecLib.framework/Versions/A/libBLAS.dylib
0x000000004df63000 	/System/Library/Frameworks/Accelerate.framework/Versions/A/Frameworks/vecLib.framework/Versions/A/libLinearAlgebra.dylib
0x000000004df63000 	/System/Library/Frameworks/Accelerate.framework/Versions/A/Frameworks/vecLib.framework/Versions/A/libSparseBLAS.dylib
0x000000004df63000 	/System/Library/Frameworks/ApplicationServices.framework/Versions/A/Frameworks/ATS.framework/Versions/A/Resources/libFontParser.dylib
0x000000004df63000 	/System/Library/Frameworks/ApplicationServices.framework/Versions/A/Frameworks/ATS.framework/Versions/A/Resources/libFontRegistry.dylib
0x000000004df63000 	/System/Library/Frameworks/ImageIO.framework/Versions/A/Resources/libJPEG.dylib
0x000000004df63000 	/System/Library/Frameworks/ImageIO.framework/Versions/A/Resources/libTIFF.dylib
0x000000004df63000 	/System/Library/Frameworks/ImageIO.framework/Versions/A/Resources/libPng.dylib
0x000000004df63000 	/System/Library/Frameworks/ImageIO.framework/Versions/A/Resources/libGIF.dylib
0x000000004df63000 	/System/Library/Frameworks/ImageIO.framework/Versions/A/Resources/libJP2.dylib
0x000000004df63000 	/System/Library/Frameworks/ImageIO.framework/Versions/A/Resources/libRadiance.dylib
0x000000004df63000 	/usr/lib/libcompression.dylib
0x000000004df63000 	/System/Library/PrivateFrameworks/AppleJPEG.framework/Versions/A/AppleJPEG
0x000000004df63000 	/usr/lib/libcups.2.dylib
0x000000004df63000 	/System/Library/Frameworks/Kerberos.framework/Versions/A/Kerberos
0x000000004df63000 	/System/Library/Frameworks/GSS.framework/Versions/A/GSS
0x000000004df63000 	/usr/lib/libresolv.9.dylib
0x000000004df63000 	/usr/lib/libiconv.2.dylib
0x000000004df63000 	/System/Library/PrivateFrameworks/Heimdal.framework/Versions/A/Heimdal
0x000000004df63000 	/usr/lib/libheimdal-asn1.dylib
0x000000004df63000 	/System/Library/Frameworks/OpenDirectory.framework/Versions/A/OpenDirectory
0x000000004df63000 	/System/Library/PrivateFrameworks/CommonAuth.framework/Versions/A/CommonAuth
0x000000004df63000 	/System/Library/Frameworks/OpenDirectory.framework/Versions/A/Frameworks/CFOpenDirectory.framework/Versions/A/CFOpenDirectory
0x000000004df63000 	/System/Library/Frameworks/SecurityFoundation.framework/Versions/A/SecurityFoundation
0x000000004df63000 	/System/Library/PrivateFrameworks/LanguageModeling.framework/Versions/A/LanguageModeling
0x000000004df63000 	/usr/lib/libmarisa.dylib
0x000000004df63000 	/usr/lib/libChineseTokenizer.dylib
0x000000004df63000 	/usr/lib/libcmph.dylib
0x000000004df63000 	/System/Library/PrivateFrameworks/CoreEmoji.framework/Versions/A/CoreEmoji
0x000000004df63000 	/System/Library/Frameworks/ServiceManagement.framework/Versions/A/ServiceManagement
0x000000004df63000 	/usr/lib/libxslt.1.dylib
0x000000004df63000 	/System/Library/Frameworks/Carbon.framework/Versions/A/Frameworks/Ink.framework/Versions/A/Ink
0x000000004df63000 	/System/Library/PrivateFrameworks/TextureIO.framework/Versions/A/TextureIO
0x000000004df63000 	/System/Library/Frameworks/Metal.framework/Versions/A/Metal
0x000000004df63000 	/usr/lib/libate.dylib
0x000000004df63000 	/System/Library/PrivateFrameworks/GPUCompiler.framework/libmetal_timestamp.dylib
0x000000004df63000 	/System/Library/Frameworks/OpenGL.framework/Versions/A/Libraries/libCoreFSCache.dylib
0x000000004df63000 	/System/Library/PrivateFrameworks/IOAccelerator.framework/Versions/A/IOAccelerator
0x000000004df63000 	/System/Library/Frameworks/CoreVideo.framework/Versions/A/CoreVideo
0x000000004df63000 	/usr/lib/libFosl_dynamic.dylib
0x000000004df63000 	/System/Library/PrivateFrameworks/MetalPerformanceShaders.framework/Versions/A/MetalPerformanceShaders
0x000000004df63000 	/System/Library/PrivateFrameworks/FaceCore.framework/Versions/A/FaceCore
0x000000004df63000 	/System/Library/Frameworks/OpenCL.framework/Versions/A/OpenCL
0x000000004df63000 	/System/Library/Frameworks/OpenGL.framework/Versions/A/Libraries/libGLU.dylib
0x000000004df63000 	/System/Library/Frameworks/OpenGL.framework/Versions/A/Libraries/libGFXShared.dylib
0x000000004df63000 	/System/Library/Frameworks/OpenGL.framework/Versions/A/Libraries/libGL.dylib
0x000000004df63000 	/System/Library/Frameworks/OpenGL.framework/Versions/A/Libraries/libGLImage.dylib
0x000000004df63000 	/System/Library/Frameworks/OpenGL.framework/Versions/A/Libraries/libCVMSPluginSupport.dylib
0x000000004df63000 	/System/Library/Frameworks/OpenGL.framework/Versions/A/Libraries/libCoreVMClient.dylib
0x000000004df63000 	/System/Library/PrivateFrameworks/CrashReporterSupport.framework/Versions/A/CrashReporterSupport
0x000000004df63000 	/System/Library/PrivateFrameworks/Sharing.framework/Versions/A/Sharing
0x000000004df63000 	/System/Library/PrivateFrameworks/IconServices.framework/Versions/A/IconServices
0x000000004df63000 	/System/Library/PrivateFrameworks/ProtocolBuffer.framework/Versions/A/ProtocolBuffer
0x000000004df63000 	/System/Library/PrivateFrameworks/Apple80211.framework/Versions/A/Apple80211
0x000000004df63000 	/System/Library/Frameworks/CoreWLAN.framework/Versions/A/CoreWLAN
0x000000004df63000 	/System/Library/PrivateFrameworks/CoreUtils.framework/Versions/A/CoreUtils
0x000000004df63000 	/System/Library/Frameworks/IOBluetooth.framework/Versions/A/IOBluetooth
0x000000004df63000 	/System/Library/PrivateFrameworks/CoreWiFi.framework/Versions/A/CoreWiFi
0x000000004df63000 	/System/Library/Frameworks/CoreBluetooth.framework/Versions/A/CoreBluetooth
0x000000004df63000 	/System/Library/Frameworks/CoreDisplay.framework/Versions/A/CoreDisplay
0x000000004df63000 	/System/Library/PrivateFrameworks/IOPresentment.framework/Versions/A/IOPresentment
0x000000004df63000 	/System/Library/PrivateFrameworks/DSExternalDisplay.framework/Versions/A/DSExternalDisplay
0x000000004df63000 	/System/Library/PrivateFrameworks/DebugSymbols.framework/Versions/A/DebugSymbols
0x000000004df63000 	/System/Library/PrivateFrameworks/CoreSymbolication.framework/Versions/A/CoreSymbolication
0x000000004df63000 	/System/Library/PrivateFrameworks/Symbolication.framework/Versions/A/Symbolication
0x000000004df63000 	/System/Library/PrivateFrameworks/AppleFSCompression.framework/Versions/A/AppleFSCompression
0x000000004df63000 	/System/Library/PrivateFrameworks/SpeechRecognitionCore.framework/Versions/A/SpeechRecognitionCore
0x000000004df63000 	/System/Library/PrivateFrameworks/ChunkingLibrary.framework/Versions/A/ChunkingLibrary
0x000000010d000000 	/Library/Java/JavaVirtualMachines/jdk1.8.0_111.jdk/Contents/Home/jre/lib/server/libjvm.dylib
0x000000004df63000 	/usr/lib/libstdc++.6.dylib
0x000000010c6c9000 	/Library/Java/JavaVirtualMachines/jdk1.8.0_111.jdk/Contents/Home/jre/lib/libverify.dylib
0x000000010c6d7000 	/Library/Java/JavaVirtualMachines/jdk1.8.0_111.jdk/Contents/Home/jre/lib/libjava.dylib
0x000000010c716000 	/Library/Java/JavaVirtualMachines/jdk1.8.0_111.jdk/Contents/Home/jre/lib/libzip.dylib
0x0000000114839000 	/System/Library/Frameworks/JavaVM.framework/Frameworks/JavaRuntimeSupport.framework/JavaRuntimeSupport
0x000000010c7eb000 	/System/Library/Frameworks/JavaVM.framework/Versions/A/Frameworks/JavaNativeFoundation.framework/Versions/A/JavaNativeFoundation
0x0000000114853000 	/System/Library/Frameworks/JavaVM.framework/Versions/A/JavaVM
0x000000004df63000 	/System/Library/Frameworks/Carbon.framework/Versions/A/Carbon
0x0000000114860000 	/System/Library/PrivateFrameworks/JavaLaunching.framework/Versions/A/JavaLaunching
0x000000004df63000 	/System/Library/Frameworks/Carbon.framework/Versions/A/Frameworks/CommonPanels.framework/Versions/A/CommonPanels
0x000000004df63000 	/System/Library/Frameworks/Carbon.framework/Versions/A/Frameworks/Help.framework/Versions/A/Help
0x000000004df63000 	/System/Library/Frameworks/Carbon.framework/Versions/A/Frameworks/ImageCapture.framework/Versions/A/ImageCapture
0x000000004df63000 	/System/Library/Frameworks/Carbon.framework/Versions/A/Frameworks/OpenScripting.framework/Versions/A/OpenScripting
0x000000004df63000 	/System/Library/Frameworks/Carbon.framework/Versions/A/Frameworks/Print.framework/Versions/A/Print
0x000000004df63000 	/System/Library/Frameworks/Carbon.framework/Versions/A/Frameworks/SecurityHI.framework/Versions/A/SecurityHI
0x0000000114963000 	/Library/Java/JavaVirtualMachines/jdk1.8.0_111.jdk/Contents/Home/jre/lib/libawt.dylib
0x0000000125372000 	/Library/Java/JavaVirtualMachines/jdk1.8.0_111.jdk/Contents/Home/jre/lib/./libmlib_image.dylib
0x000000012543e000 	/Library/Java/JavaVirtualMachines/jdk1.8.0_111.jdk/Contents/Home/jre/lib/libawt_lwawt.dylib
0x0000000114a0b000 	/Library/Java/JavaVirtualMachines/jdk1.8.0_111.jdk/Contents/Home/jre/lib/./libosxapp.dylib
0x000000004df63000 	/System/Library/Frameworks/ExceptionHandling.framework/Versions/A/ExceptionHandling
0x000000004df63000 	/System/Library/PrivateFrameworks/CoreServicesInternal.framework/Versions/A/CoreServicesInternal
0x000000004df63000 	/System/Library/CoreServices/RawCamera.bundle/Contents/MacOS/RawCamera
0x000000004df63000 	/System/Library/Frameworks/Accelerate.framework/Versions/A/Frameworks/vImage.framework/Versions/A/Libraries/libCGInterfaces.dylib
0x000000004df63000 	/System/Library/Frameworks/ApplicationServices.framework/Versions/A/Frameworks/ATS.framework/Versions/A/Resources/libTrueTypeScaler.dylib
0x00000001270f3000 	/System/Library/Frameworks/OpenGL.framework/Resources/GLEngine.bundle/GLEngine
0x000000004df63000 	/System/Library/Frameworks/OpenGL.framework/Versions/A/Libraries/libGLProgrammability.dylib
0x00000001272d8000 	/System/Library/Extensions/AppleIntelBDWGraphicsGLDriver.bundle/Contents/MacOS/AppleIntelBDWGraphicsGLDriver
0x000000004df63000 	/System/Library/PrivateFrameworks/GPUSupport.framework/Versions/A/Libraries/libGPUSupportMercury.dylib
0x0000000127a42000 	/System/Library/Frameworks/OpenGL.framework/Resources//GLRendererFloat.bundle/GLRendererFloat
0x000000004df63000 	/System/Library/Frameworks/OpenCL.framework/Versions/A/Libraries/libcldcpuengine.dylib
0x000000004df63000 	/usr/lib/libcrypto.0.9.8.dylib
0x000000004df63000 	/System/Library/PrivateFrameworks/TrustEvaluationAgent.framework/Versions/A/TrustEvaluationAgent
0x0000000127a76000 	/System/Library/Extensions/AppleIntelBDWGraphicsMTLDriver.bundle/Contents/MacOS/AppleIntelBDWGraphicsMTLDriver
0x000000004df63000 	/System/Library/PrivateFrameworks/FamilyControls.framework/Versions/A/FamilyControls
0x000000004df63000 	/System/Library/PrivateFrameworks/CommerceKit.framework/Versions/A/Frameworks/CommerceCore.framework/Versions/A/CommerceCore
0x000000004df63000 	/System/Library/PrivateFrameworks/SystemAdministration.framework/Versions/A/SystemAdministration
0x000000004df63000 	/System/Library/PrivateFrameworks/AppContainer.framework/Versions/A/AppContainer
0x000000004df63000 	/System/Library/PrivateFrameworks/SecCodeWrapper.framework/Versions/A/SecCodeWrapper
0x000000004df63000 	/System/Library/Frameworks/DirectoryService.framework/Versions/A/DirectoryService
0x000000004df63000 	/System/Library/PrivateFrameworks/DiskImages.framework/Versions/A/DiskImages
0x000000004df63000 	/System/Library/PrivateFrameworks/LoginUIKit.framework/Versions/A/Frameworks/LoginUICore.framework/Versions/A/LoginUICore
0x000000004df63000 	/usr/lib/libCoreStorage.dylib
0x000000004df63000 	/usr/lib/libcsfde.dylib
0x000000004df63000 	/usr/lib/libodfde.dylib
0x000000004df63000 	/System/Library/Frameworks/DiscRecording.framework/Versions/A/DiscRecording
0x000000004df63000 	/usr/lib/libcurl.4.dylib
0x000000004df63000 	/System/Library/PrivateFrameworks/MediaKit.framework/Versions/A/MediaKit
0x000000004df63000 	/System/Library/PrivateFrameworks/ProtectedCloudStorage.framework/Versions/A/ProtectedCloudStorage
0x000000004df63000 	/System/Library/PrivateFrameworks/EFILogin.framework/Versions/A/EFILogin
0x000000004df63000 	/usr/lib/libutil.dylib
0x000000004df63000 	/System/Library/Frameworks/LDAP.framework/Versions/A/LDAP
0x000000004df63000 	/usr/lib/libsasl2.2.dylib
0x000000004df63000 	/System/Library/PrivateFrameworks/CoreDaemon.framework/Versions/B/CoreDaemon
0x000000004df63000 	/System/Library/PrivateFrameworks/AppleSRP.framework/Versions/A/AppleSRP
0x000000004df63000 	/System/Library/PrivateFrameworks/APFS.framework/Versions/A/APFS
0x0000000129211000 	/Library/Java/JavaVirtualMachines/jdk1.8.0_111.jdk/Contents/Home/jre/lib/libfontmanager.dylib
0x0000000129278000 	/Users/miguelgascon/NetBeansProjects/target/natives/liblwjgl.dylib
0x00000001256d8000 	/Library/Java/JavaVirtualMachines/jdk1.8.0_111.jdk/Contents/Home/jre/lib/libjawt.dylib
0x000000004df63000 	/System/Library/PrivateFrameworks/ViewBridge.framework/Versions/A/ViewBridge
0x000000004df63000 	/System/Library/PrivateFrameworks/XPCService.framework/Versions/A/XPCService
0x000000004df63000 	/System/Library/PrivateFrameworks/AppSandbox.framework/Versions/A/AppSandbox
0x000000004df63000 	/usr/lib/libsandbox.1.dylib
0x000000004df63000 	/usr/lib/libMatch.1.dylib
0x00000001256f5000 	/Users/miguelgascon/NetBeansProjects/target/natives/libjinput-osx.jnilib
0x000000012bc16000 	/System/Library/Extensions/IOHIDFamily.kext/Contents/PlugIns/IOHIDLib.plugin/Contents/MacOS/IOHIDLib
0x000000012bc6a000 	/Library/Java/JavaVirtualMachines/jdk1.8.0_111.jdk/Contents/Home/jre/lib/libnio.dylib
0x000000012bc7a000 	/Library/Java/JavaVirtualMachines/jdk1.8.0_111.jdk/Contents/Home/jre/lib/./libnet.dylib
0x000000012bc95000 	/Library/Java/JavaVirtualMachines/jdk1.8.0_111.jdk/Contents/Home/jre/lib/libjpeg.dylib
0x0000000144cf6000 	/Library/Java/JavaVirtualMachines/jdk1.8.0_111.jdk/Contents/Home/jre/lib/liblcms.dylib
0x000000004df63000 	/System/Library/Frameworks/ApplicationServices.framework/Versions/A/Frameworks/ATS.framework/Versions/A/Resources/libType1Scaler.dylib

VM Arguments:
jvm_args: -Djava.library.path=target/natives 
java_command: ca.qc.bdeb.projetIntegrateur.Main
java_class_path (initial): /Users/miguelgascon/NetBeansProjects/target/classes:/Users/miguelgascon/.m2/repository/org/slick2d/slick2d-core/1.0.2/slick2d-core-1.0.2.jar:/Users/miguelgascon/.m2/repository/org/lwjgl/lwjgl/lwjgl/2.9.3/lwjgl-2.9.3.jar:/Users/miguelgascon/.m2/repository/org/lwjgl/lwjgl/lwjgl-platform/2.9.3/lwjgl-platform-2.9.3-natives-windows.jar:/Users/miguelgascon/.m2/repository/org/lwjgl/lwjgl/lwjgl-platform/2.9.3/lwjgl-platform-2.9.3-natives-linux.jar:/Users/miguelgascon/.m2/repository/org/lwjgl/lwjgl/lwjgl-platform/2.9.3/lwjgl-platform-2.9.3-natives-osx.jar:/Users/miguelgascon/.m2/repository/net/java/jinput/jinput/2.0.5/jinput-2.0.5.jar:/Users/miguelgascon/.m2/repository/net/java/jutils/jutils/1.0.0/jutils-1.0.0.jar:/Users/miguelgascon/.m2/repository/net/java/jinput/jinput-platform/2.0.5/jinput-platform-2.0.5-natives-linux.jar:/Users/miguelgascon/.m2/repository/net/java/jinput/jinput-platform/2.0.5/jinput-platform-2.0.5-natives-windows.jar:/Users/miguelgascon/.m2/repository/net/java/jinput/jinput-platform/2.0.5/jinput-platform-2.0.5-natives-osx.jar:/Users/miguelgascon/.m2/repository/org/lwjgl/lwjgl/3.1.1/lwjgl-3.1.1-natives-windows.jar:/Users/miguelgascon/.m2/repository/com/googlecode/mavennatives/maven-nativedependencies-plugin/0.0.7/maven-nativedependencies-plugin-0.0.7.jar:/Users/miguelgascon/.m2/repository/org/apache/maven/maven-artifact/2.0.10/maven-artifact-2.0.10.jar:/Users/miguelgascon/.m2/repository/org/apache/maven/maven-plugin-api/2.0.10/maven-plugin-api-2.0.10.jar:/Users/miguelgascon/.m2/repository/org/apache/maven/maven-project/2.0.10/maven-project-2.0.10.jar:/Users/miguelgascon/.m2/repository/org/apache/maven/maven-settings/2.0.10/maven-settings-2.0.10.jar:/Users/miguelgascon/.m2/repository/org/apache/maven/maven-profile/2.0.10/maven-profile-2.0.10.jar:/Users/miguelgascon/.m2/repository/org/apache/maven/maven-artifact-manager/2.0.10/maven-artifact-manager-2.0.10.jar:/Users/miguelgascon/.m2/repository/org/apache/maven/maven-plugin-regi
Launcher Type: SUN_STANDARD

Environment Variables:
JAVA_HOME=/Library/Java/JavaVirtualMachines/jdk1.8.0_111.jdk/Contents/Home
PATH=/usr/bin:/bin:/usr/sbin:/sbin
SHELL=/bin/bash

Signal Handlers:
SIGSEGV: [libjvm.dylib+0x5b03ed], sa_mask[0]=11111111011111110111111111111111, sa_flags=SA_ONSTACK|SA_RESTART|SA_SIGINFO
SIGBUS: [libjvm.dylib+0x5b03ed], sa_mask[0]=11111111011111110111111111111111, sa_flags=SA_RESTART|SA_SIGINFO
SIGFPE: [libjvm.dylib+0x48711c], sa_mask[0]=11111111011111110111111111111111, sa_flags=SA_RESTART|SA_SIGINFO
SIGPIPE: [libjvm.dylib+0x48711c], sa_mask[0]=11111111011111110111111111111111, sa_flags=SA_RESTART|SA_SIGINFO
SIGXFSZ: [libjvm.dylib+0x48711c], sa_mask[0]=11111111011111110111111111111111, sa_flags=SA_RESTART|SA_SIGINFO
SIGILL: [libjvm.dylib+0x48711c], sa_mask[0]=11111111011111110111111111111111, sa_flags=SA_RESTART|SA_SIGINFO
SIGUSR1: SIG_DFL, sa_mask[0]=00000000000000000000000000000000, sa_flags=none
SIGUSR2: [libjvm.dylib+0x486c3a], sa_mask[0]=00100000000000000000000000000000, sa_flags=SA_RESTART|SA_SIGINFO
SIGHUP: [libjvm.dylib+0x485211], sa_mask[0]=11111111011111110111111111111111, sa_flags=SA_RESTART|SA_SIGINFO
SIGINT: SIG_IGN, sa_mask[0]=00000000000000000000000000000000, sa_flags=none
SIGTERM: [libjvm.dylib+0x485211], sa_mask[0]=11111111011111110111111111111111, sa_flags=SA_RESTART|SA_SIGINFO
SIGQUIT: [libjvm.dylib+0x485211], sa_mask[0]=11111111011111110111111111111111, sa_flags=SA_RESTART|SA_SIGINFO


---------------  S Y S T E M  ---------------

OS:Bsduname:Darwin 16.5.0 Darwin Kernel Version 16.5.0: Fri Mar  3 16:52:33 PST 2017; root:xnu-3789.51.2~3/RELEASE_X86_64 x86_64
rlimit: STACK 8192k, CORE 0k, NPROC 709, NOFILE 10240, AS infinity
load average:5.41 2.83 1.92

CPU:total 4 (2 cores per cpu, 2 threads per core) family 6 model 61 stepping 4, cmov, cx8, fxsr, mmx, sse, sse2, sse3, ssse3, sse4.1, sse4.2, popcnt, avx, avx2, aes, clmul, erms, 3dnowpref, lzcnt, ht, tsc, tscinvbit, bmi1, bmi2, adx

Memory: 4k page, physical 8388608k(1640288k free)

/proc/meminfo:


vm_info: Java HotSpot(TM) 64-Bit Server VM (25.111-b14) for bsd-amd64 JRE (1.8.0_111-b14), built on Sep 22 2016 15:31:41 by "java_re" with gcc 4.2.1 (Based on Apple Inc. build 5658) (LLVM build 2336.11.00)

time: Sat May 20 19:16:45 2017
elapsed time: 32 seconds (0d 0h 0m 32s)

