#
# A fatal error has been detected by the Java Runtime Environment:
#
#  SIGSEGV (0xb) at pc=0x00007fffd3266d08, pid=2701, tid=0x0000000000000307
#
# JRE version: Java(TM) SE Runtime Environment (8.0_111-b14) (build 1.8.0_111-b14)
# Java VM: Java HotSpot(TM) 64-Bit Server VM (25.111-b14 mixed mode bsd-amd64 compressed oops)
# Problematic frame:
# C  [libobjc.A.dylib+0xbd08]  objc_storeWeak+0x16e
#
# Failed to write core dump. Core dumps have been disabled. To enable core dumping, try "ulimit -c unlimited" before starting Java again
#
# If you would like to submit a bug report, please visit:
#   http://bugreport.java.com/bugreport/crash.jsp
# The crash happened outside the Java Virtual Machine in native code.
# See problematic frame for where to report the bug.
#

---------------  T H R E A D  ---------------

Current thread (0x00007fa8d691c000):  JavaThread "AppKit Thread" daemon [_thread_in_native, id=775, stack(0x00007fff5c6cc000,0x00007fff5cecc000)]

siginfo: si_signo: 11 (SIGSEGV), si_code: 1 (SEGV_MAPERR), si_addr: 0x0000000000000000

Registers:
RAX=0x00007fa8d8001e00, RBX=0x00007fffdc9b3480, RCX=0x0000000000000000, RDX=0x00007ffffffffff8
RSP=0x00007fff5cec4b40, RBP=0x00007fff5cec4bc0, RSI=0x00007fa8d8002000, RDI=0x00007fffdc9b3480
R8 =0x00000000000000ff, R9 =0x00007fa8d66a8310, R10=0x000000000000001b, R11=0x00007fa8d7ba45b0
R12=0x00007fffdc9b4180, R13=0x0000000000000000, R14=0x00007fa8d6546800, R15=0x0000000000000000
RIP=0x00007fffd3266d08, EFLAGS=0x0000000000010206, ERR=0x0000000000000004
  TRAPNO=0x000000000000000e

Top of Stack: (sp=0x00007fff5cec4b40)
0x00007fff5cec4b40:   0000000000000000 00007fa8d654d458
0x00007fff5cec4b50:   ffff805729957cf0 0000000000000d00
0x00007fff5cec4b60:   00007fffdc8fd630 0000000000000000
0x00007fff5cec4b70:   00007fffdc9b4180 00007fa8d6546800
0x00007fff5cec4b80:   0000000000000000 00007fa8d654d4d8
0x00007fff5cec4b90:   0000000000000007 00007fa8d66a8310
0x00007fff5cec4ba0:   0000000000000000 00007fa8d66a8310
0x00007fff5cec4bb0:   00007fa8d654d300 00007fa8d6546800
0x00007fff5cec4bc0:   00007fff5cec4c00 00007fffbfdf9def
0x00007fff5cec4bd0:   00007fff5cec4c00 0000000000000000
0x00007fff5cec4be0:   00007fa8d6546800 00007fffbcb32024
0x00007fff5cec4bf0:   00007fa8d66a8310 00007fffd3262040
0x00007fff5cec4c00:   00007fff5cec4c30 00007fffbc1caa3f
0x00007fff5cec4c10:   00007fffd3262040 00007fff5cec4cb8
0x00007fff5cec4c20:   00007fffbcb75777 00007fffd3262040
0x00007fff5cec4c30:   00007fff5cec4c70 00007fffbc597f5b
0x00007fff5cec4c40:   0000000000000000 0000000000000000
0x00007fff5cec4c50:   0000000000000094 00007fffbcb5819d
0x00007fff5cec4c60:   00007fff5cec4cb8 0000000000000001
0x00007fff5cec4c70:   00007fff5cec4ca0 00007fffbc022118
0x00007fff5cec4c80:   0000000000000000 00007fa8d6546800
0x00007fff5cec4c90:   00007fa8d66a8310 0000000000000000
0x00007fff5cec4ca0:   00007fff5cec4d00 00007fffbc1ca87c
0x00007fff5cec4cb0:   0000000000000000 00007fffdca46060
0x00007fff5cec4cc0:   00000000c2000000 00007fffbc597e6c
0x00007fff5cec4cd0:   00007fffd8b1dcf0 0000000000000000
0x00007fff5cec4ce0:   00007fa8d6546800 00007fa8d66a8310
0x00007fff5cec4cf0:   00007fa8d66a8310 00007fa8d6546800
0x00007fff5cec4d00:   00007fff5cec4d30 00000001109ac586
0x00007fff5cec4d10:   00007fa8d66a8310 00000001109e0c60
0x00007fff5cec4d20:   00007fa8d672fcd0 00007fa8d672fcd0
0x00007fff5cec4d30:   00007fff5cec52a0 00007fffbc04524b 

Instructions: (pc=0x00007fffd3266d08)
0x00007fffd3266ce8:   eb 07 48 8b 45 a0 48 8b 30 48 8b 45 c0 48 39 c6
0x00007fffd3266cf8:   74 2a 48 8b 46 20 48 89 c1 48 21 d1 48 8b 49 08
0x00007fffd3266d08:   f6 01 01 75 0a 48 8b 06 48 21 d0 48 8b 40 20 48
0x00007fffd3266d18:   21 d0 f6 40 03 20 0f 84 f8 fe ff ff 49 c1 e5 06 

Register to memory mapping:

RAX=0x00007fa8d8001e00 is an unknown value
RBX=0x00007fffdc9b3480: _ZN12_GLOBAL__N_1L12SideTableBufE+0 in /usr/lib/libobjc.A.dylib at 0x00007fffd325b000
RCX=0x0000000000000000 is an unknown value
RDX=0x00007ffffffffff8 is an unknown value
RSP=0x00007fff5cec4b40 is pointing into the stack for thread: 0x00007fa8d691c000
RBP=0x00007fff5cec4bc0 is pointing into the stack for thread: 0x00007fa8d691c000
RSI=0x00007fa8d8002000 is a thread
RDI=0x00007fffdc9b3480: _ZN12_GLOBAL__N_1L12SideTableBufE+0 in /usr/lib/libobjc.A.dylib at 0x00007fffd325b000
R8 =0x00000000000000ff is an unknown value
R9 =0x00007fa8d66a8310 is an unknown value
R10=0x000000000000001b is an unknown value
R11=0x00007fa8d7ba45b0 is an unknown value
R12=0x00007fffdc9b4180: _ZN12_GLOBAL__N_1L12SideTableBufE+0xd00 in /usr/lib/libobjc.A.dylib at 0x00007fffd325b000
R13=0x0000000000000000 is an unknown value
R14=0x00007fa8d6546800 is an unknown value
R15=0x0000000000000000 is an unknown value


Stack: [0x00007fff5c6cc000,0x00007fff5cecc000],  sp=0x00007fff5cec4b40,  free space=8162k
Native frames: (J=compiled Java code, j=interpreted, Vv=VM code, C=native code)
C  [libobjc.A.dylib+0xbd08]  objc_storeWeak+0x16e
C  [Foundation+0x17def]  -[NSConcreteMapTable setObject:forKey:]+0x6a
C  [AppKit+0x322a3f]  -[NSView(NSOpenGLContextAssociation) _setOpenGLContext:]+0x9b
C  [AppKit+0x6eff5b]  __27-[NSOpenGLContext setView:]_block_invoke+0xef
C  [AppKit+0x17a118]  NSPerformVisuallyAtomicChange+0x93
C  [AppKit+0x32287c]  -[NSOpenGLContext setView:]+0x69
C  [liblwjgl.dylib+0xa586]  -[MacOSXOpenGLView lockFocus]+0x76
C  [AppKit+0x19d24b]  -[NSView _recursiveDisplayRectIfNeededIgnoringOpacity:isVisibleRect:rectIsVisibleRectForView:topView:]+0x6ee
C  [AppKit+0x19daa1]  -[NSView _recursiveDisplayRectIfNeededIgnoringOpacity:isVisibleRect:rectIsVisibleRectForView:topView:]+0xf44
C  [AppKit+0x19c67f]  -[NSThemeFrame _recursiveDisplayRectIfNeededIgnoringOpacity:isVisibleRect:rectIsVisibleRectForView:topView:]+0x14e
C  [AppKit+0x19aaa8]  -[NSView _displayRectIgnoringOpacity:isVisibleRect:rectIsVisibleRectForView:]+0x994
C  [AppKit+0x19639a]  -[NSView displayIfNeeded]+0x6d4
C  [AppKit+0x195cab]  -[NSWindow displayIfNeeded]+0xe6
C  [AppKit+0x8f5d24]  ___NSWindowGetDisplayCycleObserver_block_invoke.6228+0x115
C  [AppKit+0x195789]  __37+[NSDisplayCycle currentDisplayCycle]_block_invoke+0x1c6
C  [QuartzCore+0x11dc6]  CA::Transaction::run_commit_handlers(CATransactionPhase)+0x2e
C  [QuartzCore+0x11b8f0]  CA::Context::commit_transaction(CA::Transaction*)+0xa0
C  [QuartzCore+0x108a1]  CA::Transaction::commit()+0x1db
C  [AppKit+0x478b99]  __37+[NSDisplayCycle currentDisplayCycle]_block_invoke.31+0x143
C  [CoreFoundation+0xa6dd7]  __CFRUNLOOP_IS_CALLING_OUT_TO_AN_OBSERVER_CALLBACK_FUNCTION__+0x17
C  [CoreFoundation+0xa6d47]  __CFRunLoopDoObservers+0x187
C  [CoreFoundation+0x87789]  __CFRunLoopRun+0x369
C  [CoreFoundation+0x871c4]  CFRunLoopRunSpecific+0x1a4
C  [HIToolbox+0x30ebc]  RunCurrentEventLoopInMode+0xf0
C  [HIToolbox+0x30bf9]  ReceiveNextEventCommon+0xb8
C  [HIToolbox+0x30b26]  _BlockUntilNextEventMatchingListInModeWithFilter+0x47
C  [AppKit+0x46e24]  _DPSNextEvent+0x460
C  [AppKit+0x7c285e]  -[NSApplication(NSEvent) _nextEventMatchingEventMask:untilDate:inMode:dequeue:]+0xaec
C  [libosxapp.dylib+0x23aa]  -[NSApplicationAWT nextEventMatchingMask:untilDate:inMode:dequeue:]+0x7c
C  [AppKit+0x3b7ab]  -[NSApplication run]+0x39e
C  [libosxapp.dylib+0x214d]  +[NSApplicationAWT runAWTLoopWithApp:]+0x9c
C  [libawt_lwawt.dylib+0x444b3]  -[AWTStarter starter:]+0x389
C  [Foundation+0x7184a]  __NSThreadPerformPerform+0x146
C  [CoreFoundation+0xa73c1]  __CFRUNLOOP_IS_CALLING_OUT_TO_A_SOURCE0_PERFORM_FUNCTION__+0x11
C  [CoreFoundation+0x882cd]  __CFRunLoopDoSources0+0x22d
C  [CoreFoundation+0x877c6]  __CFRunLoopRun+0x3a6
C  [CoreFoundation+0x871c4]  CFRunLoopRunSpecific+0x1a4
C  [java+0x6465]  CreateExecutionEnvironment+0x367
C  [java+0x218c]  JLI_Launch+0x7a0
C  [java+0x84c2]  main+0x65
C  [java+0x19e4]  start+0x34
C  0x0000000000000005


---------------  P R O C E S S  ---------------

Java Threads: ( => current thread )
  0x00007fa8d80ab000 JavaThread "AWT-Shutdown" [_thread_blocked, id=4359, stack(0x000070000addc000,0x000070000aedc000)]
  0x00007fa8d7b3a000 JavaThread "Java2D Queue Flusher" daemon [_thread_blocked, id=64271, stack(0x000070000c1a1000,0x000070000c2a1000)]
  0x00007fa8d71bc000 JavaThread "Java2D Disposer" daemon [_thread_blocked, id=60435, stack(0x000070000c09e000,0x000070000c19e000)]
=>0x00007fa8d691c000 JavaThread "AppKit Thread" daemon [_thread_in_native, id=775, stack(0x00007fff5c6cc000,0x00007fff5cecc000)]
  0x00007fa8d6839800 JavaThread "Service Thread" daemon [_thread_blocked, id=18691, stack(0x000070000bb89000,0x000070000bc89000)]
  0x00007fa8d8016800 JavaThread "C1 CompilerThread2" daemon [_thread_blocked, id=18179, stack(0x000070000ba86000,0x000070000bb86000)]
  0x00007fa8d6831000 JavaThread "C2 CompilerThread1" daemon [_thread_blocked, id=17667, stack(0x000070000b983000,0x000070000ba83000)]
  0x00007fa8d702f000 JavaThread "C2 CompilerThread0" daemon [_thread_blocked, id=17155, stack(0x000070000b880000,0x000070000b980000)]
  0x00007fa8d702e000 JavaThread "Signal Dispatcher" daemon [_thread_blocked, id=16643, stack(0x000070000b77d000,0x000070000b87d000)]
  0x00007fa8d8011800 JavaThread "Finalizer" daemon [_thread_blocked, id=12547, stack(0x000070000b67a000,0x000070000b77a000)]
  0x00007fa8d800e800 JavaThread "Reference Handler" daemon [_thread_blocked, id=12035, stack(0x000070000b577000,0x000070000b677000)]
  0x00007fa8d8002000 JavaThread "main" [_thread_in_native, id=7171, stack(0x000070000af65000,0x000070000b065000)]

Other Threads:
  0x00007fa8d7806000 VMThread [stack: 0x000070000b474000,0x000070000b574000] [id=11523]
  0x00007fa8d702b000 WatcherThread [stack: 0x000070000bc8c000,0x000070000bd8c000] [id=19203]

VM state:not at safepoint (normal execution)

VM Mutex/Monitor currently owned by a thread: None

Heap:
 PSYoungGen      total 133632K, used 122568K [0x0000000795580000, 0x00000007a4200000, 0x00000007c0000000)
  eden space 128512K, 91% used [0x0000000795580000,0x000000079c86a158,0x000000079d300000)
  from space 5120K, 95% used [0x000000079d300000,0x000000079d7c8040,0x000000079d800000)
  to   space 24064K, 0% used [0x00000007a2a80000,0x00000007a2a80000,0x00000007a4200000)
 ParOldGen       total 142848K, used 58533K [0x0000000740000000, 0x0000000748b80000, 0x0000000795580000)
  object space 142848K, 40% used [0x0000000740000000,0x0000000743929718,0x0000000748b80000)
 Metaspace       used 11772K, capacity 11969K, committed 12160K, reserved 1060864K
  class space    used 1218K, capacity 1311K, committed 1408K, reserved 1048576K

Card table byte_map: [0x000000010496a000,0x0000000104d6b000] byte_map_base: 0x0000000100f6a000

Marking Bits: (ParMarkBitMap*) 0x0000000103eefd20
 Begin Bits: [0x0000000105016000, 0x0000000107016000)
 End Bits:   [0x0000000107016000, 0x0000000109016000)

Polling page: 0x0000000102df4000

CodeCache: size=245760Kb used=5783Kb max_used=5783Kb free=239976Kb
 bounds [0x0000000110e11000, 0x00000001113c1000, 0x000000011fe11000]
 total_blobs=1998 nmethods=1446 adapters=466
 compilation: enabled

Compilation events (10 events):
Event: 15.629 Thread 0x00007fa8d8016800 1445       3       java.nio.Buffer::clear (20 bytes)
Event: 15.630 Thread 0x00007fa8d8016800 nmethod 1445 0x00000001113b8590 code [0x00000001113b86e0, 0x00000001113b8850]
Event: 16.140 Thread 0x00007fa8d8016800 1446   !   3       org.lwjgl.input.Mouse::isButtonDown (61 bytes)
Event: 16.141 Thread 0x00007fa8d8016800 nmethod 1446 0x00000001113b88d0 code [0x00000001113b8a80, 0x00000001113b9078]
Event: 16.151 Thread 0x00007fa8d8016800 1447       3       sun.awt.AWTAutoShutdown::notifyToolkitThreadBusy (8 bytes)
Event: 16.151 Thread 0x00007fa8d8016800 nmethod 1447 0x00000001113b92d0 code [0x00000001113b9440, 0x00000001113b9608]
Event: 16.151 Thread 0x00007fa8d8016800 1448       3       sun.awt.AWTAutoShutdown::notifyToolkitThreadFree (8 bytes)
Event: 16.152 Thread 0x00007fa8d8016800 nmethod 1448 0x00000001113b96d0 code [0x00000001113b9840, 0x00000001113b9a08]
Event: 16.230 Thread 0x00007fa8d8016800 1449       3       java.lang.Object::wait (6 bytes)
Event: 16.230 Thread 0x00007fa8d8016800 nmethod 1449 0x00000001113b9ad0 code [0x00000001113b9c40, 0x00000001113b9e48]

GC Heap History (10 events):
Event: 1.822 GC heap before
{Heap before GC invocations=2 (full 0):
 PSYoungGen      total 38400K, used 38387K [0x0000000795580000, 0x000000079a080000, 0x00000007c0000000)
  eden space 33280K, 100% used [0x0000000795580000,0x0000000797600000,0x0000000797600000)
  from space 5120K, 99% used [0x0000000797600000,0x0000000797afccf8,0x0000000797b00000)
  to   space 5120K, 0% used [0x0000000799b80000,0x0000000799b80000,0x000000079a080000)
 ParOldGen       total 87552K, used 18746K [0x0000000740000000, 0x0000000745580000, 0x0000000795580000)
  object space 87552K, 21% used [0x0000000740000000,0x000000074124ead8,0x0000000745580000)
 Metaspace       used 9044K, capacity 9235K, committed 9472K, reserved 1058816K
  class space    used 941K, capacity 1020K, committed 1024K, reserved 1048576K
Event: 1.826 GC heap after
Heap after GC invocations=2 (full 0):
 PSYoungGen      total 71680K, used 4712K [0x0000000795580000, 0x000000079a080000, 0x00000007c0000000)
  eden space 66560K, 0% used [0x0000000795580000,0x0000000795580000,0x0000000799680000)
  from space 5120K, 92% used [0x0000000799b80000,0x000000079a01a168,0x000000079a080000)
  to   space 5120K, 0% used [0x0000000799680000,0x0000000799680000,0x0000000799b80000)
 ParOldGen       total 87552K, used 18754K [0x0000000740000000, 0x0000000745580000, 0x0000000795580000)
  object space 87552K, 21% used [0x0000000740000000,0x0000000741250ad8,0x0000000745580000)
 Metaspace       used 9044K, capacity 9235K, committed 9472K, reserved 1058816K
  class space    used 941K, capacity 1020K, committed 1024K, reserved 1048576K
}
Event: 2.110 GC heap before
{Heap before GC invocations=3 (full 0):
 PSYoungGen      total 71680K, used 71272K [0x0000000795580000, 0x000000079a080000, 0x00000007c0000000)
  eden space 66560K, 100% used [0x0000000795580000,0x0000000799680000,0x0000000799680000)
  from space 5120K, 92% used [0x0000000799b80000,0x000000079a01a168,0x000000079a080000)
  to   space 5120K, 0% used [0x0000000799680000,0x0000000799680000,0x0000000799b80000)
 ParOldGen       total 87552K, used 18754K [0x0000000740000000, 0x0000000745580000, 0x0000000795580000)
  object space 87552K, 21% used [0x0000000740000000,0x0000000741250ad8,0x0000000745580000)
 Metaspace       used 10106K, capacity 10273K, committed 10368K, reserved 1058816K
  class space    used 1075K, capacity 1151K, committed 1152K, reserved 1048576K
Event: 2.143 GC heap after
Heap after GC invocations=3 (full 0):
 PSYoungGen      total 71680K, used 4786K [0x0000000795580000, 0x000000079e180000, 0x00000007c0000000)
  eden space 66560K, 0% used [0x0000000795580000,0x0000000795580000,0x0000000799680000)
  from space 5120K, 93% used [0x0000000799680000,0x0000000799b2c910,0x0000000799b80000)
  to   space 5120K, 0% used [0x000000079dc80000,0x000000079dc80000,0x000000079e180000)
 ParOldGen       total 87552K, used 71826K [0x0000000740000000, 0x0000000745580000, 0x0000000795580000)
  object space 87552K, 82% used [0x0000000740000000,0x0000000744624b28,0x0000000745580000)
 Metaspace       used 10106K, capacity 10273K, committed 10368K, reserved 1058816K
  class space    used 1075K, capacity 1151K, committed 1152K, reserved 1048576K
}
Event: 2.143 GC heap before
{Heap before GC invocations=4 (full 1):
 PSYoungGen      total 71680K, used 4786K [0x0000000795580000, 0x000000079e180000, 0x00000007c0000000)
  eden space 66560K, 0% used [0x0000000795580000,0x0000000795580000,0x0000000799680000)
  from space 5120K, 93% used [0x0000000799680000,0x0000000799b2c910,0x0000000799b80000)
  to   space 5120K, 0% used [0x000000079dc80000,0x000000079dc80000,0x000000079e180000)
 ParOldGen       total 87552K, used 71826K [0x0000000740000000, 0x0000000745580000, 0x0000000795580000)
  object space 87552K, 82% used [0x0000000740000000,0x0000000744624b28,0x0000000745580000)
 Metaspace       used 10106K, capacity 10273K, committed 10368K, reserved 1058816K
  class space    used 1075K, capacity 1151K, committed 1152K, reserved 1048576K
Event: 2.172 GC heap after
Heap after GC invocations=4 (full 1):
 PSYoungGen      total 71680K, used 0K [0x0000000795580000, 0x000000079e180000, 0x00000007c0000000)
  eden space 66560K, 0% used [0x0000000795580000,0x0000000795580000,0x0000000799680000)
  from space 5120K, 0% used [0x0000000799680000,0x0000000799680000,0x0000000799b80000)
  to   space 5120K, 0% used [0x000000079dc80000,0x000000079dc80000,0x000000079e180000)
 ParOldGen       total 142848K, used 39268K [0x0000000740000000, 0x0000000748b80000, 0x0000000795580000)
  object space 142848K, 27% used [0x0000000740000000,0x00000007426592d8,0x0000000748b80000)
 Metaspace       used 10106K, capacity 10273K, committed 10368K, reserved 1058816K
  class space    used 1075K, capacity 1151K, committed 1152K, reserved 1048576K
}
Event: 3.007 GC heap before
{Heap before GC invocations=5 (full 1):
 PSYoungGen      total 71680K, used 65877K [0x0000000795580000, 0x000000079e180000, 0x00000007c0000000)
  eden space 66560K, 98% used [0x0000000795580000,0x00000007995d5430,0x0000000799680000)
  from space 5120K, 0% used [0x0000000799680000,0x0000000799680000,0x0000000799b80000)
  to   space 5120K, 0% used [0x000000079dc80000,0x000000079dc80000,0x000000079e180000)
 ParOldGen       total 142848K, used 39268K [0x0000000740000000, 0x0000000748b80000, 0x0000000795580000)
  object space 142848K, 27% used [0x0000000740000000,0x00000007426592d8,0x0000000748b80000)
 Metaspace       used 10262K, capacity 10401K, committed 10624K, reserved 1058816K
  class space    used 1094K, capacity 1151K, committed 1152K, reserved 1048576K
Event: 3.010 GC heap after
Heap after GC invocations=5 (full 1):
 PSYoungGen      total 116224K, used 224K [0x0000000795580000, 0x000000079dd00000, 0x00000007c0000000)
  eden space 115712K, 0% used [0x0000000795580000,0x0000000795580000,0x000000079c680000)
  from space 512K, 43% used [0x000000079dc80000,0x000000079dcb8000,0x000000079dd00000)
  to   space 5120K, 0% used [0x000000079d300000,0x000000079d300000,0x000000079d800000)
 ParOldGen       total 142848K, used 57501K [0x0000000740000000, 0x0000000748b80000, 0x0000000795580000)
  object space 142848K, 40% used [0x0000000740000000,0x0000000743827708,0x0000000748b80000)
 Metaspace       used 10262K, capacity 10401K, committed 10624K, reserved 1058816K
  class space    used 1094K, capacity 1151K, committed 1152K, reserved 1048576K
}
Event: 4.798 GC heap before
{Heap before GC invocations=6 (full 1):
 PSYoungGen      total 116224K, used 115936K [0x0000000795580000, 0x000000079dd00000, 0x00000007c0000000)
  eden space 115712K, 100% used [0x0000000795580000,0x000000079c680000,0x000000079c680000)
  from space 512K, 43% used [0x000000079dc80000,0x000000079dcb8000,0x000000079dd00000)
  to   space 5120K, 0% used [0x000000079d300000,0x000000079d300000,0x000000079d800000)
 ParOldGen       total 142848K, used 57501K [0x0000000740000000, 0x0000000748b80000, 0x0000000795580000)
  object space 142848K, 40% used [0x0000000740000000,0x0000000743827708,0x0000000748b80000)
 Metaspace       used 10995K, capacity 11169K, committed 11520K, reserved 1058816K
  class space    used 1160K, capacity 1215K, committed 1280K, reserved 1048576K
Event: 4.802 GC heap after
Heap after GC invocations=6 (full 1):
 PSYoungGen      total 133632K, used 4896K [0x0000000795580000, 0x00000007a4200000, 0x00000007c0000000)
  eden space 128512K, 0% used [0x0000000795580000,0x0000000795580000,0x000000079d300000)
  from space 5120K, 95% used [0x000000079d300000,0x000000079d7c8040,0x000000079d800000)
  to   space 24064K, 0% used [0x00000007a2a80000,0x00000007a2a80000,0x00000007a4200000)
 ParOldGen       total 142848K, used 58533K [0x0000000740000000, 0x0000000748b80000, 0x0000000795580000)
  object space 142848K, 40% used [0x0000000740000000,0x0000000743929718,0x0000000748b80000)
 Metaspace       used 10995K, capacity 11169K, committed 11520K, reserved 1058816K
  class space    used 1160K, capacity 1215K, committed 1280K, reserved 1048576K
}

Deoptimization events (10 events):
Event: 4.611 Thread 0x00007fa8d8002000 Uncommon trap: reason=unstable_if action=reinterpret pc=0x00000001110dbb80 method=java.awt.image.ComponentColorModel.getAlpha(Ljava/lang/Object;)I @ 4
Event: 4.611 Thread 0x00007fa8d8002000 Uncommon trap: reason=unstable_if action=reinterpret pc=0x00000001110e59d4 method=java.awt.image.ComponentColorModel.getAlpha(Ljava/lang/Object;)I @ 4
Event: 4.937 Thread 0x00007fa8d8002000 Uncommon trap: reason=unstable_if action=reinterpret pc=0x0000000111237e14 method=com.jcraft.jogg.Buffer.read(I)I @ 23
Event: 5.077 Thread 0x00007fa8d8002000 Uncommon trap: reason=unstable_if action=reinterpret pc=0x000000011128ea2c method=com.jcraft.jorbis.Mapping0.inverse(Lcom/jcraft/jorbis/Block;Ljava/lang/Object;)I @ 550
Event: 5.899 Thread 0x00007fa8d8002000 Uncommon trap: reason=unstable_if action=reinterpret pc=0x00000001112cc000 method=com.jcraft.jorbis.Floor1.inverse1(Lcom/jcraft/jorbis/Block;Ljava/lang/Object;Ljava/lang/Object;)Ljava/lang/Object; @ 31
Event: 5.899 Thread 0x00007fa8d8002000 Uncommon trap: reason=unstable_if action=reinterpret pc=0x00000001112afef8 method=com.jcraft.jorbis.Floor1.inverse2(Lcom/jcraft/jorbis/Block;Ljava/lang/Object;Ljava/lang/Object;[F)I @ 33
Event: 5.908 Thread 0x00007fa8d8002000 Uncommon trap: reason=unstable_if action=reinterpret pc=0x0000000111292bf4 method=com.jcraft.jorbis.DspState.synthesis_blockin(Lcom/jcraft/jorbis/Block;)I @ 701
Event: 5.908 Thread 0x00007fa8d8002000 Uncommon trap: reason=unstable_if action=reinterpret pc=0x00000001112a8a54 method=org.newdawn.slick.openal.OggInputStream.atEnd()Z @ 4
Event: 5.908 Thread 0x00007fa8d8002000 Uncommon trap: reason=unstable_if action=reinterpret pc=0x00000001112935f8 method=org.newdawn.slick.openal.OggInputStream.atEnd()Z @ 4
Event: 6.036 Thread 0x00007fa8d8002000 Uncommon trap: reason=unstable_if action=reinterpret pc=0x000000011112637c method=java.nio.DirectByteBuffer.put([BII)Ljava/nio/ByteBuffer; @ 8

Internal exceptions (10 events):
Event: 0.663 Thread 0x00007fa8d8002000 Exception <a 'java/io/FileNotFoundException'> (0x0000000795a0c7f0) thrown at [/Users/java_re/workspace/8-2-build-macosx-x86_64/jdk8u111/7883/hotspot/src/share/vm/prims/jni.cpp, line 709]
Event: 2.217 Thread 0x00007fa8d8002000 Implicit null exception at 0x00000001110e3fb6 to 0x00000001110e45b1
Event: 2.218 Thread 0x00007fa8d8002000 Implicit null exception at 0x00000001110d20a4 to 0x00000001110d22d1
Event: 4.882 Thread 0x00007fa8d8002000 Exception <a 'java/security/PrivilegedActionException'> (0x00000007961d15d8) thrown at [/Users/java_re/workspace/8-2-build-macosx-x86_64/jdk8u111/7883/hotspot/src/share/vm/prims/jvm.cpp, line 1386]
Event: 4.883 Thread 0x00007fa8d8002000 Exception <a 'java/security/PrivilegedActionException'> (0x00000007961d31c0) thrown at [/Users/java_re/workspace/8-2-build-macosx-x86_64/jdk8u111/7883/hotspot/src/share/vm/prims/jvm.cpp, line 1386]
Event: 4.883 Thread 0x00007fa8d8002000 Exception <a 'java/security/PrivilegedActionException'> (0x00000007961d42e0) thrown at [/Users/java_re/workspace/8-2-build-macosx-x86_64/jdk8u111/7883/hotspot/src/share/vm/prims/jvm.cpp, line 1386]
Event: 4.883 Thread 0x00007fa8d8002000 Exception <a 'java/security/PrivilegedActionException'> (0x00000007961d9400) thrown at [/Users/java_re/workspace/8-2-build-macosx-x86_64/jdk8u111/7883/hotspot/src/share/vm/prims/jvm.cpp, line 1386]
Event: 4.883 Thread 0x00007fa8d8002000 Exception <a 'java/security/PrivilegedActionException'> (0x00000007961da058) thrown at [/Users/java_re/workspace/8-2-build-macosx-x86_64/jdk8u111/7883/hotspot/src/share/vm/prims/jvm.cpp, line 1386]
Event: 4.883 Thread 0x00007fa8d8002000 Exception <a 'java/security/PrivilegedActionException'> (0x00000007961dac80) thrown at [/Users/java_re/workspace/8-2-build-macosx-x86_64/jdk8u111/7883/hotspot/src/share/vm/prims/jvm.cpp, line 1386]
Event: 5.899 Thread 0x00007fa8d8002000 Implicit null exception at 0x00000001112add7c to 0x00000001112afeb9

Events (10 events):
Event: 9.364 Thread 0x00007fa8d7dbb800 Thread exited: 0x00007fa8d7dbb800
Event: 11.087 Thread 0x00007fa8d8002000 DEOPT PACKING pc=0x00000001113523b3 sp=0x000070000b064600
Event: 11.087 Thread 0x00007fa8d8002000 DEOPT UNPACKING pc=0x0000000110e58633 sp=0x000070000b064430 mode 0
Event: 11.362 Thread 0x00007fa8d8241000 Thread added: 0x00007fa8d8241000
Event: 13.059 Executing VM operation: RevokeBias
Event: 13.059 Executing VM operation: RevokeBias done
Event: 13.059 Thread 0x00007fa8d8241000 Thread exited: 0x00007fa8d8241000
Event: 15.089 Thread 0x00007fa8d80ab000 Thread added: 0x00007fa8d80ab000
Event: 16.499 loading class org/lwjgl/opengl/CallbackUtil
Event: 16.499 loading class org/lwjgl/opengl/CallbackUtil done


Dynamic libraries:
0x0000000048ff7000 	/System/Library/Frameworks/Cocoa.framework/Versions/A/Cocoa
0x0000000048ff7000 	/System/Library/Frameworks/Security.framework/Versions/A/Security
0x0000000048ff7000 	/System/Library/Frameworks/ApplicationServices.framework/Versions/A/ApplicationServices
0x0000000048ff7000 	/usr/lib/libz.1.dylib
0x0000000048ff7000 	/usr/lib/libSystem.B.dylib
0x0000000048ff7000 	/usr/lib/libobjc.A.dylib
0x0000000048ff7000 	/System/Library/Frameworks/CoreFoundation.framework/Versions/A/CoreFoundation
0x0000000048ff7000 	/System/Library/Frameworks/Foundation.framework/Versions/C/Foundation
0x0000000048ff7000 	/System/Library/Frameworks/AppKit.framework/Versions/C/AppKit
0x0000000048ff7000 	/System/Library/Frameworks/CoreData.framework/Versions/A/CoreData
0x0000000048ff7000 	/System/Library/PrivateFrameworks/RemoteViewServices.framework/Versions/A/RemoteViewServices
0x0000000048ff7000 	/System/Library/PrivateFrameworks/UIFoundation.framework/Versions/A/UIFoundation
0x0000000048ff7000 	/System/Library/PrivateFrameworks/DFRFoundation.framework/Versions/A/DFRFoundation
0x0000000048ff7000 	/usr/lib/libenergytrace.dylib
0x0000000048ff7000 	/System/Library/PrivateFrameworks/SkyLight.framework/Versions/A/SkyLight
0x0000000048ff7000 	/System/Library/Frameworks/CoreGraphics.framework/Versions/A/CoreGraphics
0x0000000048ff7000 	/usr/lib/libScreenReader.dylib
0x0000000048ff7000 	/System/Library/Frameworks/Accelerate.framework/Versions/A/Accelerate
0x0000000048ff7000 	/System/Library/Frameworks/IOSurface.framework/Versions/A/IOSurface
0x0000000048ff7000 	/System/Library/Frameworks/AudioToolbox.framework/Versions/A/AudioToolbox
0x0000000048ff7000 	/System/Library/Frameworks/AudioUnit.framework/Versions/A/AudioUnit
0x0000000048ff7000 	/System/Library/PrivateFrameworks/DataDetectorsCore.framework/Versions/A/DataDetectorsCore
0x0000000048ff7000 	/System/Library/PrivateFrameworks/DesktopServicesPriv.framework/Versions/A/DesktopServicesPriv
0x0000000048ff7000 	/System/Library/Frameworks/Carbon.framework/Versions/A/Frameworks/HIToolbox.framework/Versions/A/HIToolbox
0x0000000048ff7000 	/usr/lib/libicucore.A.dylib
0x0000000048ff7000 	/System/Library/Frameworks/QuartzCore.framework/Versions/A/QuartzCore
0x0000000048ff7000 	/System/Library/Frameworks/Carbon.framework/Versions/A/Frameworks/SpeechRecognition.framework/Versions/A/SpeechRecognition
0x0000000048ff7000 	/usr/lib/libauto.dylib
0x0000000048ff7000 	/usr/lib/libxml2.2.dylib
0x0000000048ff7000 	/System/Library/PrivateFrameworks/CoreUI.framework/Versions/A/CoreUI
0x0000000048ff7000 	/System/Library/Frameworks/CoreAudio.framework/Versions/A/CoreAudio
0x0000000048ff7000 	/System/Library/Frameworks/DiskArbitration.framework/Versions/A/DiskArbitration
0x0000000048ff7000 	/usr/lib/liblangid.dylib
0x0000000048ff7000 	/System/Library/PrivateFrameworks/MultitouchSupport.framework/Versions/A/MultitouchSupport
0x0000000048ff7000 	/System/Library/Frameworks/IOKit.framework/Versions/A/IOKit
0x0000000048ff7000 	/usr/lib/libDiagnosticMessagesClient.dylib
0x0000000048ff7000 	/System/Library/Frameworks/CoreServices.framework/Versions/A/CoreServices
0x0000000048ff7000 	/System/Library/PrivateFrameworks/PerformanceAnalysis.framework/Versions/A/PerformanceAnalysis
0x0000000048ff7000 	/System/Library/PrivateFrameworks/GenerationalStorage.framework/Versions/A/GenerationalStorage
0x0000000048ff7000 	/System/Library/Frameworks/OpenGL.framework/Versions/A/OpenGL
0x0000000048ff7000 	/System/Library/Frameworks/CoreImage.framework/Versions/A/CoreImage
0x0000000048ff7000 	/System/Library/Frameworks/CoreText.framework/Versions/A/CoreText
0x0000000048ff7000 	/System/Library/Frameworks/ImageIO.framework/Versions/A/ImageIO
0x0000000048ff7000 	/System/Library/PrivateFrameworks/Backup.framework/Versions/A/Backup
0x0000000048ff7000 	/usr/lib/libarchive.2.dylib
0x0000000048ff7000 	/System/Library/Frameworks/CFNetwork.framework/Versions/A/CFNetwork
0x0000000048ff7000 	/System/Library/Frameworks/SystemConfiguration.framework/Versions/A/SystemConfiguration
0x0000000048ff7000 	/usr/lib/libCRFSuite.dylib
0x0000000048ff7000 	/usr/lib/libc++.1.dylib
0x0000000048ff7000 	/usr/lib/libc++abi.dylib
0x0000000048ff7000 	/usr/lib/system/libcache.dylib
0x0000000048ff7000 	/usr/lib/system/libcommonCrypto.dylib
0x0000000048ff7000 	/usr/lib/system/libcompiler_rt.dylib
0x0000000048ff7000 	/usr/lib/system/libcopyfile.dylib
0x0000000048ff7000 	/usr/lib/system/libcorecrypto.dylib
0x0000000048ff7000 	/usr/lib/system/libdispatch.dylib
0x0000000048ff7000 	/usr/lib/system/libdyld.dylib
0x0000000048ff7000 	/usr/lib/system/libkeymgr.dylib
0x0000000048ff7000 	/usr/lib/system/liblaunch.dylib
0x0000000048ff7000 	/usr/lib/system/libmacho.dylib
0x0000000048ff7000 	/usr/lib/system/libquarantine.dylib
0x0000000048ff7000 	/usr/lib/system/libremovefile.dylib
0x0000000048ff7000 	/usr/lib/system/libsystem_asl.dylib
0x0000000048ff7000 	/usr/lib/system/libsystem_blocks.dylib
0x0000000048ff7000 	/usr/lib/system/libsystem_c.dylib
0x0000000048ff7000 	/usr/lib/system/libsystem_configuration.dylib
0x0000000048ff7000 	/usr/lib/system/libsystem_coreservices.dylib
0x0000000048ff7000 	/usr/lib/system/libsystem_coretls.dylib
0x0000000048ff7000 	/usr/lib/system/libsystem_dnssd.dylib
0x0000000048ff7000 	/usr/lib/system/libsystem_info.dylib
0x0000000048ff7000 	/usr/lib/system/libsystem_kernel.dylib
0x0000000048ff7000 	/usr/lib/system/libsystem_m.dylib
0x0000000048ff7000 	/usr/lib/system/libsystem_malloc.dylib
0x0000000048ff7000 	/usr/lib/system/libsystem_network.dylib
0x0000000048ff7000 	/usr/lib/system/libsystem_networkextension.dylib
0x0000000048ff7000 	/usr/lib/system/libsystem_notify.dylib
0x0000000048ff7000 	/usr/lib/system/libsystem_platform.dylib
0x0000000048ff7000 	/usr/lib/system/libsystem_pthread.dylib
0x0000000048ff7000 	/usr/lib/system/libsystem_sandbox.dylib
0x0000000048ff7000 	/usr/lib/system/libsystem_secinit.dylib
0x0000000048ff7000 	/usr/lib/system/libsystem_symptoms.dylib
0x0000000048ff7000 	/usr/lib/system/libsystem_trace.dylib
0x0000000048ff7000 	/usr/lib/system/libunwind.dylib
0x0000000048ff7000 	/usr/lib/system/libxpc.dylib
0x0000000048ff7000 	/usr/lib/libbsm.0.dylib
0x0000000048ff7000 	/usr/lib/system/libkxld.dylib
0x0000000048ff7000 	/usr/lib/libcoretls.dylib
0x0000000048ff7000 	/usr/lib/libcoretls_cfhelpers.dylib
0x0000000048ff7000 	/usr/lib/libOpenScriptingUtil.dylib
0x0000000048ff7000 	/usr/lib/libpam.2.dylib
0x0000000048ff7000 	/usr/lib/libsqlite3.dylib
0x0000000048ff7000 	/usr/lib/libxar.1.dylib
0x0000000048ff7000 	/usr/lib/libbz2.1.0.dylib
0x0000000048ff7000 	/usr/lib/liblzma.5.dylib
0x0000000048ff7000 	/usr/lib/libnetwork.dylib
0x0000000048ff7000 	/usr/lib/libpcap.A.dylib
0x0000000048ff7000 	/System/Library/Frameworks/CoreServices.framework/Versions/A/Frameworks/FSEvents.framework/Versions/A/FSEvents
0x0000000048ff7000 	/System/Library/Frameworks/CoreServices.framework/Versions/A/Frameworks/CarbonCore.framework/Versions/A/CarbonCore
0x0000000048ff7000 	/System/Library/Frameworks/CoreServices.framework/Versions/A/Frameworks/Metadata.framework/Versions/A/Metadata
0x0000000048ff7000 	/System/Library/Frameworks/CoreServices.framework/Versions/A/Frameworks/OSServices.framework/Versions/A/OSServices
0x0000000048ff7000 	/System/Library/Frameworks/CoreServices.framework/Versions/A/Frameworks/SearchKit.framework/Versions/A/SearchKit
0x0000000048ff7000 	/System/Library/Frameworks/CoreServices.framework/Versions/A/Frameworks/AE.framework/Versions/A/AE
0x0000000048ff7000 	/System/Library/Frameworks/CoreServices.framework/Versions/A/Frameworks/LaunchServices.framework/Versions/A/LaunchServices
0x0000000048ff7000 	/System/Library/Frameworks/CoreServices.framework/Versions/A/Frameworks/DictionaryServices.framework/Versions/A/DictionaryServices
0x0000000048ff7000 	/System/Library/Frameworks/CoreServices.framework/Versions/A/Frameworks/SharedFileList.framework/Versions/A/SharedFileList
0x0000000048ff7000 	/System/Library/Frameworks/NetFS.framework/Versions/A/NetFS
0x0000000048ff7000 	/System/Library/PrivateFrameworks/NetAuth.framework/Versions/A/NetAuth
0x0000000048ff7000 	/System/Library/PrivateFrameworks/login.framework/Versions/A/Frameworks/loginsupport.framework/Versions/A/loginsupport
0x0000000048ff7000 	/System/Library/PrivateFrameworks/TCC.framework/Versions/A/TCC
0x0000000048ff7000 	/usr/lib/libmecabra.dylib
0x0000000048ff7000 	/System/Library/Frameworks/ApplicationServices.framework/Versions/A/Frameworks/ATS.framework/Versions/A/ATS
0x0000000048ff7000 	/System/Library/Frameworks/ApplicationServices.framework/Versions/A/Frameworks/ColorSync.framework/Versions/A/ColorSync
0x0000000048ff7000 	/System/Library/Frameworks/ApplicationServices.framework/Versions/A/Frameworks/HIServices.framework/Versions/A/HIServices
0x0000000048ff7000 	/System/Library/Frameworks/ApplicationServices.framework/Versions/A/Frameworks/LangAnalysis.framework/Versions/A/LangAnalysis
0x0000000048ff7000 	/System/Library/Frameworks/ApplicationServices.framework/Versions/A/Frameworks/PrintCore.framework/Versions/A/PrintCore
0x0000000048ff7000 	/System/Library/Frameworks/ApplicationServices.framework/Versions/A/Frameworks/QD.framework/Versions/A/QD
0x0000000048ff7000 	/System/Library/Frameworks/ApplicationServices.framework/Versions/A/Frameworks/SpeechSynthesis.framework/Versions/A/SpeechSynthesis
0x0000000048ff7000 	/System/Library/Frameworks/Accelerate.framework/Versions/A/Frameworks/vImage.framework/Versions/A/vImage
0x0000000048ff7000 	/System/Library/Frameworks/Accelerate.framework/Versions/A/Frameworks/vecLib.framework/Versions/A/vecLib
0x0000000048ff7000 	/System/Library/Frameworks/Accelerate.framework/Versions/A/Frameworks/vecLib.framework/Versions/A/libvDSP.dylib
0x0000000048ff7000 	/System/Library/Frameworks/Accelerate.framework/Versions/A/Frameworks/vecLib.framework/Versions/A/libBNNS.dylib
0x0000000048ff7000 	/System/Library/Frameworks/Accelerate.framework/Versions/A/Frameworks/vecLib.framework/Versions/A/libQuadrature.dylib
0x0000000048ff7000 	/System/Library/Frameworks/Accelerate.framework/Versions/A/Frameworks/vecLib.framework/Versions/A/libvMisc.dylib
0x0000000048ff7000 	/System/Library/Frameworks/Accelerate.framework/Versions/A/Frameworks/vecLib.framework/Versions/A/libLAPACK.dylib
0x0000000048ff7000 	/System/Library/Frameworks/Accelerate.framework/Versions/A/Frameworks/vecLib.framework/Versions/A/libBLAS.dylib
0x0000000048ff7000 	/System/Library/Frameworks/Accelerate.framework/Versions/A/Frameworks/vecLib.framework/Versions/A/libLinearAlgebra.dylib
0x0000000048ff7000 	/System/Library/Frameworks/Accelerate.framework/Versions/A/Frameworks/vecLib.framework/Versions/A/libSparseBLAS.dylib
0x0000000048ff7000 	/System/Library/Frameworks/ApplicationServices.framework/Versions/A/Frameworks/ATS.framework/Versions/A/Resources/libFontParser.dylib
0x0000000048ff7000 	/System/Library/Frameworks/ApplicationServices.framework/Versions/A/Frameworks/ATS.framework/Versions/A/Resources/libFontRegistry.dylib
0x0000000048ff7000 	/System/Library/Frameworks/ImageIO.framework/Versions/A/Resources/libJPEG.dylib
0x0000000048ff7000 	/System/Library/Frameworks/ImageIO.framework/Versions/A/Resources/libTIFF.dylib
0x0000000048ff7000 	/System/Library/Frameworks/ImageIO.framework/Versions/A/Resources/libPng.dylib
0x0000000048ff7000 	/System/Library/Frameworks/ImageIO.framework/Versions/A/Resources/libGIF.dylib
0x0000000048ff7000 	/System/Library/Frameworks/ImageIO.framework/Versions/A/Resources/libJP2.dylib
0x0000000048ff7000 	/System/Library/Frameworks/ImageIO.framework/Versions/A/Resources/libRadiance.dylib
0x0000000048ff7000 	/usr/lib/libcompression.dylib
0x0000000048ff7000 	/System/Library/PrivateFrameworks/AppleJPEG.framework/Versions/A/AppleJPEG
0x0000000048ff7000 	/usr/lib/libcups.2.dylib
0x0000000048ff7000 	/System/Library/Frameworks/Kerberos.framework/Versions/A/Kerberos
0x0000000048ff7000 	/System/Library/Frameworks/GSS.framework/Versions/A/GSS
0x0000000048ff7000 	/usr/lib/libresolv.9.dylib
0x0000000048ff7000 	/usr/lib/libiconv.2.dylib
0x0000000048ff7000 	/System/Library/PrivateFrameworks/Heimdal.framework/Versions/A/Heimdal
0x0000000048ff7000 	/usr/lib/libheimdal-asn1.dylib
0x0000000048ff7000 	/System/Library/Frameworks/OpenDirectory.framework/Versions/A/OpenDirectory
0x0000000048ff7000 	/System/Library/PrivateFrameworks/CommonAuth.framework/Versions/A/CommonAuth
0x0000000048ff7000 	/System/Library/Frameworks/OpenDirectory.framework/Versions/A/Frameworks/CFOpenDirectory.framework/Versions/A/CFOpenDirectory
0x0000000048ff7000 	/System/Library/Frameworks/SecurityFoundation.framework/Versions/A/SecurityFoundation
0x0000000048ff7000 	/System/Library/PrivateFrameworks/LanguageModeling.framework/Versions/A/LanguageModeling
0x0000000048ff7000 	/usr/lib/libmarisa.dylib
0x0000000048ff7000 	/usr/lib/libChineseTokenizer.dylib
0x0000000048ff7000 	/usr/lib/libcmph.dylib
0x0000000048ff7000 	/System/Library/PrivateFrameworks/CoreEmoji.framework/Versions/A/CoreEmoji
0x0000000048ff7000 	/System/Library/Frameworks/ServiceManagement.framework/Versions/A/ServiceManagement
0x0000000048ff7000 	/usr/lib/libxslt.1.dylib
0x0000000048ff7000 	/System/Library/Frameworks/Carbon.framework/Versions/A/Frameworks/Ink.framework/Versions/A/Ink
0x0000000048ff7000 	/System/Library/PrivateFrameworks/TextureIO.framework/Versions/A/TextureIO
0x0000000048ff7000 	/System/Library/Frameworks/Metal.framework/Versions/A/Metal
0x0000000048ff7000 	/usr/lib/libate.dylib
0x0000000048ff7000 	/System/Library/PrivateFrameworks/GPUCompiler.framework/libmetal_timestamp.dylib
0x0000000048ff7000 	/System/Library/Frameworks/OpenGL.framework/Versions/A/Libraries/libCoreFSCache.dylib
0x0000000048ff7000 	/System/Library/PrivateFrameworks/IOAccelerator.framework/Versions/A/IOAccelerator
0x0000000048ff7000 	/System/Library/Frameworks/CoreVideo.framework/Versions/A/CoreVideo
0x0000000048ff7000 	/usr/lib/libFosl_dynamic.dylib
0x0000000048ff7000 	/System/Library/PrivateFrameworks/MetalPerformanceShaders.framework/Versions/A/MetalPerformanceShaders
0x0000000048ff7000 	/System/Library/PrivateFrameworks/FaceCore.framework/Versions/A/FaceCore
0x0000000048ff7000 	/System/Library/Frameworks/OpenCL.framework/Versions/A/OpenCL
0x0000000048ff7000 	/System/Library/Frameworks/OpenGL.framework/Versions/A/Libraries/libGLU.dylib
0x0000000048ff7000 	/System/Library/Frameworks/OpenGL.framework/Versions/A/Libraries/libGFXShared.dylib
0x0000000048ff7000 	/System/Library/Frameworks/OpenGL.framework/Versions/A/Libraries/libGL.dylib
0x0000000048ff7000 	/System/Library/Frameworks/OpenGL.framework/Versions/A/Libraries/libGLImage.dylib
0x0000000048ff7000 	/System/Library/Frameworks/OpenGL.framework/Versions/A/Libraries/libCVMSPluginSupport.dylib
0x0000000048ff7000 	/System/Library/Frameworks/OpenGL.framework/Versions/A/Libraries/libCoreVMClient.dylib
0x0000000048ff7000 	/System/Library/PrivateFrameworks/CrashReporterSupport.framework/Versions/A/CrashReporterSupport
0x0000000048ff7000 	/System/Library/PrivateFrameworks/Sharing.framework/Versions/A/Sharing
0x0000000048ff7000 	/System/Library/PrivateFrameworks/IconServices.framework/Versions/A/IconServices
0x0000000048ff7000 	/System/Library/PrivateFrameworks/ProtocolBuffer.framework/Versions/A/ProtocolBuffer
0x0000000048ff7000 	/System/Library/PrivateFrameworks/Apple80211.framework/Versions/A/Apple80211
0x0000000048ff7000 	/System/Library/Frameworks/CoreWLAN.framework/Versions/A/CoreWLAN
0x0000000048ff7000 	/System/Library/PrivateFrameworks/CoreUtils.framework/Versions/A/CoreUtils
0x0000000048ff7000 	/System/Library/Frameworks/IOBluetooth.framework/Versions/A/IOBluetooth
0x0000000048ff7000 	/System/Library/PrivateFrameworks/CoreWiFi.framework/Versions/A/CoreWiFi
0x0000000048ff7000 	/System/Library/Frameworks/CoreBluetooth.framework/Versions/A/CoreBluetooth
0x0000000048ff7000 	/System/Library/Frameworks/CoreDisplay.framework/Versions/A/CoreDisplay
0x0000000048ff7000 	/System/Library/PrivateFrameworks/IOPresentment.framework/Versions/A/IOPresentment
0x0000000048ff7000 	/System/Library/PrivateFrameworks/DSExternalDisplay.framework/Versions/A/DSExternalDisplay
0x0000000048ff7000 	/System/Library/PrivateFrameworks/DebugSymbols.framework/Versions/A/DebugSymbols
0x0000000048ff7000 	/System/Library/PrivateFrameworks/CoreSymbolication.framework/Versions/A/CoreSymbolication
0x0000000048ff7000 	/System/Library/PrivateFrameworks/Symbolication.framework/Versions/A/Symbolication
0x0000000048ff7000 	/System/Library/PrivateFrameworks/AppleFSCompression.framework/Versions/A/AppleFSCompression
0x0000000048ff7000 	/System/Library/PrivateFrameworks/SpeechRecognitionCore.framework/Versions/A/SpeechRecognitionCore
0x0000000048ff7000 	/System/Library/PrivateFrameworks/ChunkingLibrary.framework/Versions/A/ChunkingLibrary
0x0000000103600000 	/Library/Java/JavaVirtualMachines/jdk1.8.0_111.jdk/Contents/Home/jre/lib/server/libjvm.dylib
0x0000000048ff7000 	/usr/lib/libstdc++.6.dylib
0x0000000102db1000 	/Library/Java/JavaVirtualMachines/jdk1.8.0_111.jdk/Contents/Home/jre/lib/libverify.dylib
0x0000000102dbf000 	/Library/Java/JavaVirtualMachines/jdk1.8.0_111.jdk/Contents/Home/jre/lib/libjava.dylib
0x00000001045a1000 	/Library/Java/JavaVirtualMachines/jdk1.8.0_111.jdk/Contents/Home/jre/lib/libzip.dylib
0x000000010af0d000 	/System/Library/Frameworks/JavaVM.framework/Frameworks/JavaRuntimeSupport.framework/JavaRuntimeSupport
0x000000010af27000 	/System/Library/Frameworks/JavaVM.framework/Versions/A/Frameworks/JavaNativeFoundation.framework/Versions/A/JavaNativeFoundation
0x000000010af3c000 	/System/Library/Frameworks/JavaVM.framework/Versions/A/JavaVM
0x0000000048ff7000 	/System/Library/Frameworks/Carbon.framework/Versions/A/Carbon
0x000000010af49000 	/System/Library/PrivateFrameworks/JavaLaunching.framework/Versions/A/JavaLaunching
0x0000000048ff7000 	/System/Library/Frameworks/Carbon.framework/Versions/A/Frameworks/CommonPanels.framework/Versions/A/CommonPanels
0x0000000048ff7000 	/System/Library/Frameworks/Carbon.framework/Versions/A/Frameworks/Help.framework/Versions/A/Help
0x0000000048ff7000 	/System/Library/Frameworks/Carbon.framework/Versions/A/Frameworks/ImageCapture.framework/Versions/A/ImageCapture
0x0000000048ff7000 	/System/Library/Frameworks/Carbon.framework/Versions/A/Frameworks/OpenScripting.framework/Versions/A/OpenScripting
0x0000000048ff7000 	/System/Library/Frameworks/Carbon.framework/Versions/A/Frameworks/Print.framework/Versions/A/Print
0x0000000048ff7000 	/System/Library/Frameworks/Carbon.framework/Versions/A/Frameworks/SecurityHI.framework/Versions/A/SecurityHI
0x000000010c904000 	/Library/Java/JavaVirtualMachines/jdk1.8.0_111.jdk/Contents/Home/jre/lib/libawt.dylib
0x000000010c9ac000 	/Library/Java/JavaVirtualMachines/jdk1.8.0_111.jdk/Contents/Home/jre/lib/./libmlib_image.dylib
0x000000010ca78000 	/Library/Java/JavaVirtualMachines/jdk1.8.0_111.jdk/Contents/Home/jre/lib/libawt_lwawt.dylib
0x000000010cb2d000 	/Library/Java/JavaVirtualMachines/jdk1.8.0_111.jdk/Contents/Home/jre/lib/./libosxapp.dylib
0x0000000048ff7000 	/System/Library/Frameworks/ExceptionHandling.framework/Versions/A/ExceptionHandling
0x0000000048ff7000 	/System/Library/PrivateFrameworks/CoreServicesInternal.framework/Versions/A/CoreServicesInternal
0x0000000048ff7000 	/System/Library/CoreServices/RawCamera.bundle/Contents/MacOS/RawCamera
0x0000000048ff7000 	/System/Library/Frameworks/Accelerate.framework/Versions/A/Frameworks/vImage.framework/Versions/A/Libraries/libCGInterfaces.dylib
0x0000000048ff7000 	/System/Library/Frameworks/ApplicationServices.framework/Versions/A/Frameworks/ATS.framework/Versions/A/Resources/libTrueTypeScaler.dylib
0x000000010e812000 	/System/Library/Frameworks/OpenGL.framework/Resources/GLEngine.bundle/GLEngine
0x0000000048ff7000 	/System/Library/Frameworks/OpenGL.framework/Versions/A/Libraries/libGLProgrammability.dylib
0x000000010e9f7000 	/System/Library/Extensions/AppleIntelBDWGraphicsGLDriver.bundle/Contents/MacOS/AppleIntelBDWGraphicsGLDriver
0x0000000048ff7000 	/System/Library/PrivateFrameworks/GPUSupport.framework/Versions/A/Libraries/libGPUSupportMercury.dylib
0x000000010f163000 	/System/Library/Frameworks/OpenGL.framework/Resources//GLRendererFloat.bundle/GLRendererFloat
0x0000000048ff7000 	/System/Library/Frameworks/OpenCL.framework/Versions/A/Libraries/libcldcpuengine.dylib
0x0000000048ff7000 	/usr/lib/libcrypto.0.9.8.dylib
0x0000000048ff7000 	/System/Library/PrivateFrameworks/TrustEvaluationAgent.framework/Versions/A/TrustEvaluationAgent
0x000000010f197000 	/System/Library/Extensions/AppleIntelBDWGraphicsMTLDriver.bundle/Contents/MacOS/AppleIntelBDWGraphicsMTLDriver
0x0000000048ff7000 	/System/Library/PrivateFrameworks/FamilyControls.framework/Versions/A/FamilyControls
0x0000000048ff7000 	/System/Library/PrivateFrameworks/CommerceKit.framework/Versions/A/Frameworks/CommerceCore.framework/Versions/A/CommerceCore
0x0000000048ff7000 	/System/Library/PrivateFrameworks/SystemAdministration.framework/Versions/A/SystemAdministration
0x0000000048ff7000 	/System/Library/PrivateFrameworks/AppContainer.framework/Versions/A/AppContainer
0x0000000048ff7000 	/System/Library/PrivateFrameworks/SecCodeWrapper.framework/Versions/A/SecCodeWrapper
0x0000000048ff7000 	/System/Library/Frameworks/DirectoryService.framework/Versions/A/DirectoryService
0x0000000048ff7000 	/System/Library/PrivateFrameworks/DiskImages.framework/Versions/A/DiskImages
0x0000000048ff7000 	/System/Library/PrivateFrameworks/LoginUIKit.framework/Versions/A/Frameworks/LoginUICore.framework/Versions/A/LoginUICore
0x0000000048ff7000 	/usr/lib/libCoreStorage.dylib
0x0000000048ff7000 	/usr/lib/libcsfde.dylib
0x0000000048ff7000 	/usr/lib/libodfde.dylib
0x0000000048ff7000 	/System/Library/Frameworks/DiscRecording.framework/Versions/A/DiscRecording
0x0000000048ff7000 	/usr/lib/libcurl.4.dylib
0x0000000048ff7000 	/System/Library/PrivateFrameworks/MediaKit.framework/Versions/A/MediaKit
0x0000000048ff7000 	/System/Library/PrivateFrameworks/ProtectedCloudStorage.framework/Versions/A/ProtectedCloudStorage
0x0000000048ff7000 	/System/Library/PrivateFrameworks/EFILogin.framework/Versions/A/EFILogin
0x0000000048ff7000 	/usr/lib/libutil.dylib
0x0000000048ff7000 	/System/Library/Frameworks/LDAP.framework/Versions/A/LDAP
0x0000000048ff7000 	/usr/lib/libsasl2.2.dylib
0x0000000048ff7000 	/System/Library/PrivateFrameworks/CoreDaemon.framework/Versions/B/CoreDaemon
0x0000000048ff7000 	/System/Library/PrivateFrameworks/AppleSRP.framework/Versions/A/AppleSRP
0x0000000048ff7000 	/System/Library/PrivateFrameworks/APFS.framework/Versions/A/APFS
0x000000011093b000 	/Library/Java/JavaVirtualMachines/jdk1.8.0_111.jdk/Contents/Home/jre/lib/libfontmanager.dylib
0x00000001109a2000 	/Users/miguelgascon/NetBeansProjects/target/natives/liblwjgl.dylib
0x000000010cdb7000 	/Library/Java/JavaVirtualMachines/jdk1.8.0_111.jdk/Contents/Home/jre/lib/libjawt.dylib
0x0000000048ff7000 	/System/Library/PrivateFrameworks/ViewBridge.framework/Versions/A/ViewBridge
0x0000000048ff7000 	/System/Library/PrivateFrameworks/XPCService.framework/Versions/A/XPCService
0x0000000048ff7000 	/System/Library/PrivateFrameworks/AppSandbox.framework/Versions/A/AppSandbox
0x0000000048ff7000 	/usr/lib/libsandbox.1.dylib
0x0000000048ff7000 	/usr/lib/libMatch.1.dylib
0x0000000110d81000 	/Users/miguelgascon/NetBeansProjects/target/natives/libjinput-osx.jnilib
0x00000001223c6000 	/System/Library/Extensions/IOHIDFamily.kext/Contents/PlugIns/IOHIDLib.plugin/Contents/MacOS/IOHIDLib
0x00000001223f6000 	/Library/Java/JavaVirtualMachines/jdk1.8.0_111.jdk/Contents/Home/jre/lib/libnio.dylib
0x0000000122406000 	/Library/Java/JavaVirtualMachines/jdk1.8.0_111.jdk/Contents/Home/jre/lib/./libnet.dylib
0x0000000122421000 	/Library/Java/JavaVirtualMachines/jdk1.8.0_111.jdk/Contents/Home/jre/lib/libjpeg.dylib
0x000000013bd01000 	/Library/Java/JavaVirtualMachines/jdk1.8.0_111.jdk/Contents/Home/jre/lib/liblcms.dylib
0x0000000048ff7000 	/System/Library/Frameworks/ApplicationServices.framework/Versions/A/Frameworks/ATS.framework/Versions/A/Resources/libType1Scaler.dylib
0x000000015de49000 	/Users/miguelgascon/NetBeansProjects/target/natives/openal.dylib
0x000000015e0ce000 	/System/Library/Components/CoreAudio.component/Contents/MacOS/CoreAudio
0x000000015e2cc000 	/System/Library/Extensions/AppleHDA.kext/Contents/PlugIns/AppleHDAHALPlugIn.bundle/Contents/MacOS/AppleHDAHALPlugIn

VM Arguments:
jvm_args: -Djava.library.path=target/natives 
java_command: ca.qc.bdeb.projetIntegrateur.Main
java_class_path (initial): /Users/miguelgascon/NetBeansProjects/target/classes:/Users/miguelgascon/.m2/repository/org/slick2d/slick2d-core/1.0.2/slick2d-core-1.0.2.jar:/Users/miguelgascon/.m2/repository/org/lwjgl/lwjgl/lwjgl/2.9.3/lwjgl-2.9.3.jar:/Users/miguelgascon/.m2/repository/org/lwjgl/lwjgl/lwjgl-platform/2.9.3/lwjgl-platform-2.9.3-natives-windows.jar:/Users/miguelgascon/.m2/repository/org/lwjgl/lwjgl/lwjgl-platform/2.9.3/lwjgl-platform-2.9.3-natives-linux.jar:/Users/miguelgascon/.m2/repository/org/lwjgl/lwjgl/lwjgl-platform/2.9.3/lwjgl-platform-2.9.3-natives-osx.jar:/Users/miguelgascon/.m2/repository/net/java/jinput/jinput/2.0.5/jinput-2.0.5.jar:/Users/miguelgascon/.m2/repository/net/java/jutils/jutils/1.0.0/jutils-1.0.0.jar:/Users/miguelgascon/.m2/repository/net/java/jinput/jinput-platform/2.0.5/jinput-platform-2.0.5-natives-linux.jar:/Users/miguelgascon/.m2/repository/net/java/jinput/jinput-platform/2.0.5/jinput-platform-2.0.5-natives-windows.jar:/Users/miguelgascon/.m2/repository/net/java/jinput/jinput-platform/2.0.5/jinput-platform-2.0.5-natives-osx.jar:/Users/miguelgascon/.m2/repository/org/lwjgl/lwjgl/3.1.1/lwjgl-3.1.1-natives-windows.jar:/Users/miguelgascon/.m2/repository/com/googlecode/mavennatives/maven-nativedependencies-plugin/0.0.7/maven-nativedependencies-plugin-0.0.7.jar:/Users/miguelgascon/.m2/repository/org/apache/maven/maven-artifact/2.0.10/maven-artifact-2.0.10.jar:/Users/miguelgascon/.m2/repository/org/apache/maven/maven-plugin-api/2.0.10/maven-plugin-api-2.0.10.jar:/Users/miguelgascon/.m2/repository/org/apache/maven/maven-project/2.0.10/maven-project-2.0.10.jar:/Users/miguelgascon/.m2/repository/org/apache/maven/maven-settings/2.0.10/maven-settings-2.0.10.jar:/Users/miguelgascon/.m2/repository/org/apache/maven/maven-profile/2.0.10/maven-profile-2.0.10.jar:/Users/miguelgascon/.m2/repository/org/apache/maven/maven-artifact-manager/2.0.10/maven-artifact-manager-2.0.10.jar:/Users/miguelgascon/.m2/repository/org/apache/maven/maven-plugin-regi
Launcher Type: SUN_STANDARD

Environment Variables:
JAVA_HOME=/Library/Java/JavaVirtualMachines/jdk1.8.0_111.jdk/Contents/Home
PATH=/usr/bin:/bin:/usr/sbin:/sbin
SHELL=/bin/bash

Signal Handlers:
SIGSEGV: [libjvm.dylib+0x5b03ed], sa_mask[0]=11111111011111110111111111111111, sa_flags=SA_ONSTACK|SA_RESTART|SA_SIGINFO
SIGBUS: [libjvm.dylib+0x5b03ed], sa_mask[0]=11111111011111110111111111111111, sa_flags=SA_RESTART|SA_SIGINFO
SIGFPE: [libjvm.dylib+0x48711c], sa_mask[0]=11111111011111110111111111111111, sa_flags=SA_RESTART|SA_SIGINFO
SIGPIPE: [libjvm.dylib+0x48711c], sa_mask[0]=11111111011111110111111111111111, sa_flags=SA_RESTART|SA_SIGINFO
SIGXFSZ: [libjvm.dylib+0x48711c], sa_mask[0]=11111111011111110111111111111111, sa_flags=SA_RESTART|SA_SIGINFO
SIGILL: [libjvm.dylib+0x48711c], sa_mask[0]=11111111011111110111111111111111, sa_flags=SA_RESTART|SA_SIGINFO
SIGUSR1: SIG_DFL, sa_mask[0]=00000000000000000000000000000000, sa_flags=none
SIGUSR2: [libjvm.dylib+0x486c3a], sa_mask[0]=00100000000000000000000000000000, sa_flags=SA_RESTART|SA_SIGINFO
SIGHUP: [libjvm.dylib+0x485211], sa_mask[0]=11111111011111110111111111111111, sa_flags=SA_RESTART|SA_SIGINFO
SIGINT: SIG_IGN, sa_mask[0]=00000000000000000000000000000000, sa_flags=none
SIGTERM: [libjvm.dylib+0x485211], sa_mask[0]=11111111011111110111111111111111, sa_flags=SA_RESTART|SA_SIGINFO
SIGQUIT: [libjvm.dylib+0x485211], sa_mask[0]=11111111011111110111111111111111, sa_flags=SA_RESTART|SA_SIGINFO


---------------  S Y S T E M  ---------------

OS:Bsduname:Darwin 16.5.0 Darwin Kernel Version 16.5.0: Fri Mar  3 16:52:33 PST 2017; root:xnu-3789.51.2~3/RELEASE_X86_64 x86_64
rlimit: STACK 8192k, CORE 0k, NPROC 709, NOFILE 10240, AS infinity
load average:1.52 1.41 1.38

CPU:total 4 (2 cores per cpu, 2 threads per core) family 6 model 61 stepping 4, cmov, cx8, fxsr, mmx, sse, sse2, sse3, ssse3, sse4.1, sse4.2, popcnt, avx, avx2, aes, clmul, erms, 3dnowpref, lzcnt, ht, tsc, tscinvbit, bmi1, bmi2, adx

Memory: 4k page, physical 8388608k(300496k free)

/proc/meminfo:


vm_info: Java HotSpot(TM) 64-Bit Server VM (25.111-b14) for bsd-amd64 JRE (1.8.0_111-b14), built on Sep 22 2016 15:31:41 by "java_re" with gcc 4.2.1 (Based on Apple Inc. build 5658) (LLVM build 2336.11.00)

time: Mon May 22 22:38:12 2017
elapsed time: 16 seconds (0d 0h 0m 16s)

