#
# A fatal error has been detected by the Java Runtime Environment:
#
#  SIGSEGV (0xb) at pc=0x00007fffd326205d, pid=1755, tid=0x0000000000000307
#
# JRE version: Java(TM) SE Runtime Environment (8.0_111-b14) (build 1.8.0_111-b14)
# Java VM: Java HotSpot(TM) 64-Bit Server VM (25.111-b14 mixed mode bsd-amd64 compressed oops)
# Problematic frame:
# C  [libobjc.A.dylib+0x705d]  objc_msgSend+0x1d
#
# Failed to write core dump. Core dumps have been disabled. To enable core dumping, try "ulimit -c unlimited" before starting Java again
#
# If you would like to submit a bug report, please visit:
#   http://bugreport.java.com/bugreport/crash.jsp
# The crash happened outside the Java Virtual Machine in native code.
# See problematic frame for where to report the bug.
#

---------------  T H R E A D  ---------------

Current thread (0x00007fbf3cabe000):  JavaThread "AppKit Thread" daemon [_thread_in_native, id=775, stack(0x00007fff52eac000,0x00007fff536ac000)]

siginfo: si_signo: 11 (SIGSEGV), si_code: 1 (SEGV_MAPERR), si_addr: 0x0000000000000018

Registers:
RAX=0x00007fbf408963b0, RBX=0x00007fbf3b7a94f0, RCX=0x00007fbf3b43c6d0, RDX=0x00007fbf408963b0
RSP=0x00007fff536a54d8, RBP=0x00007fff536a54e0, RSI=0x00007fffbcb75861, RDI=0x00007fbf3b43c6d0
R8 =0x00000000000000ff, R9 =0x00007fbf3b799e80, R10=0x0000000000000000, R11=0x00007fffbcb75861
R12=0x0000000000000000, R13=0x00007fbf3b799e80, R14=0x00007fbf408963b0, R15=0x0000000000000000
RIP=0x00007fffd326205d, EFLAGS=0x0000000000010246, ERR=0x0000000000000004
  TRAPNO=0x000000000000000e

Top of Stack: (sp=0x00007fff536a54d8)
0x00007fff536a54d8:   00007fffbe40850c 00007fff536a5550
0x00007fff536a54e8:   00007fffbe40840b 0000000000000000
0x00007fff536a54f8:   00007fffdca46060 00000000c2000000
0x00007fff536a5508:   00007fffbe408460 00007fffd92c6680
0x00007fff536a5518:   00007fbf3b799e80 00007fbf408963b0
0x00007fff536a5528:   00007fff536a5d18 00007fffd3262040
0x00007fff536a5538:   00007fff536a5620 00007fbf3b799e80
0x00007fff536a5548:   00007fffbcb0d078 00007fff536a5590
0x00007fff536a5558:   00007fffbe408172 00007fff536a5b60
0x00007fff536a5568:   0000000000000001 00007fffd3262040
0x00007fff536a5578:   00007fff536a5620 00007fff536a5d18
0x00007fff536a5588:   00007fffbcb0d078 00007fff536a5cb0
0x00007fff536a5598:   00007fffbe3c55a3 00007fbf3b700000
0x00007fff536a55a8:   0000000000000002 000000010c574e00
0x00007fff536a55b8:   0000000000000004 00007fbf3b60af50
0x00007fff536a55c8:   00007fffd92c7cb0 0000000000000000
0x00007fff536a55d8:   00007fbf3caba0d0 00007fbf3b60af01
0x00007fff536a55e8:   00007fbf3b6c7000 00007fffd93fa0e0
0x00007fff536a55f8:   0000000000000000 0000000000000000
0x00007fff536a5608:   0000000000000000 00007fbf3b6c7ad0
0x00007fff536a5618:   00007fffd9306900 00007fff536a5b60
0x00007fff536a5628:   0000000000000002 0000000000000100
0x00007fff536a5638:   00007fffdc9b3400 00007fff536a5a60
0x00007fff536a5648:   0000000000000000 0000000000000100
0x00007fff536a5658:   00007fbf3b7a9300 00007fff536a5690
0x00007fff536a5668:   00007fffbe408dbc ffff8040c4856cb0
0x00007fff536a5678:   00007fbf3b7a9350 00007fffd93f7640
0x00007fff536a5688:   00007fbf3b7a9350 00007fff536a56c0
0x00007fff536a5698:   00007fffbe408e08 ffff8040c4856cb0
0x00007fff536a56a8:   00007fbf3b7a9350 00007fffd93f78c0
0x00007fff536a56b8:   00007fbf3b7a9350 00007fff536a56f0
0x00007fff536a56c8:   00007fffbe408eeb 0000000000000a40 

Instructions: (pc=0x00007fffd326205d)
0x00007fffd326203d:   0f 1f 00 48 85 ff 2e 74 62 40 f6 c7 01 2e 75 66
0x00007fffd326204d:   49 ba f8 ff ff ff ff 7f 00 00 4c 23 17 49 89 f3
0x00007fffd326205d:   45 23 5a 18 49 c1 e3 04 4d 03 5a 10 49 3b 33 75
0x00007fffd326206d:   04 41 ff 63 08 49 83 3b 01 76 0d 49 83 c3 10 49 

Register to memory mapping:

RAX=0x00007fbf408963b0 is an unknown value
RBX=0x00007fbf3b7a94f0 is an unknown value
RCX=0x00007fbf3b43c6d0 is an unknown value
RDX=0x00007fbf408963b0 is an unknown value
RSP=0x00007fff536a54d8 is pointing into the stack for thread: 0x00007fbf3cabe000
RBP=0x00007fff536a54e0 is pointing into the stack for thread: 0x00007fbf3cabe000
RSI=0x00007fffbcb75861: __NSStyleNameIndexTable+0xe0419 in /System/Library/Frameworks/AppKit.framework/Versions/C/AppKit at 0x00007fffbbea8000
RDI=0x00007fbf3b43c6d0 is an unknown value
R8 =0x00000000000000ff is an unknown value
R9 =0x00007fbf3b799e80 is an unknown value
R10=0x0000000000000000 is an unknown value
R11=0x00007fffbcb75861: __NSStyleNameIndexTable+0xe0419 in /System/Library/Frameworks/AppKit.framework/Versions/C/AppKit at 0x00007fffbbea8000
R12=0x0000000000000000 is an unknown value
R13=0x00007fbf3b799e80 is an unknown value
R14=0x00007fbf408963b0 is an unknown value
R15=0x0000000000000000 is an unknown value


Stack: [0x00007fff52eac000,0x00007fff536ac000],  sp=0x00007fff536a54d8,  free space=8165k
Native frames: (J=compiled Java code, j=interpreted, Vv=VM code, C=native code)
C  [libobjc.A.dylib+0x705d]  objc_msgSend+0x1d
C  [CoreFoundation+0x9d40b]  _CFXRegistrationPost+0x1ab
C  [CoreFoundation+0x9d172]  ___CFXNotificationPost_block_invoke+0x32
C  [CoreFoundation+0x5a5a3]  -[_CFXNotificationRegistrar find:object:observer:enumerator:]+0x723
C  [CoreFoundation+0x595dc]  _CFXNotificationPost+0x25c
C  [Foundation+0x6997]  -[NSNotificationCenter postNotificationName:object:userInfo:]+0x42
C  [AppKit+0x24f177]  -[NSSurface _disposeSurface]+0x98
C  [AppKit+0x24ed26]  -[NSSurface setWindow:]+0x35
C  [AppKit+0x28d30]  -[NSView _setWindow:]+0xa0f
C  [AppKit+0x2b957]  -[NSView removeFromSuperview]+0x1d1
C  [AppKit+0x14d130]  -[NSView removeFromSuperviewWithoutNeedingDisplay]+0x26
C  [liblwjgl.dylib+0xa205]  +[MacOSXKeyableWindow destroyWindow]+0xb5
C  [Foundation+0x7184a]  __NSThreadPerformPerform+0x146
C  [CoreFoundation+0xa73c1]  __CFRUNLOOP_IS_CALLING_OUT_TO_A_SOURCE0_PERFORM_FUNCTION__+0x11
C  [CoreFoundation+0x882cd]  __CFRunLoopDoSources0+0x22d
C  [CoreFoundation+0x877c6]  __CFRunLoopRun+0x3a6
C  [CoreFoundation+0x871c4]  CFRunLoopRunSpecific+0x1a4
C  [HIToolbox+0x30ebc]  RunCurrentEventLoopInMode+0xf0
C  [HIToolbox+0x30cf1]  ReceiveNextEventCommon+0x1b0
C  [HIToolbox+0x30b26]  _BlockUntilNextEventMatchingListInModeWithFilter+0x47
C  [AppKit+0x46e24]  _DPSNextEvent+0x460
C  [AppKit+0x7c285e]  -[NSApplication(NSEvent) _nextEventMatchingEventMask:untilDate:inMode:dequeue:]+0xaec
C  [libosxapp.dylib+0x23aa]  -[NSApplicationAWT nextEventMatchingMask:untilDate:inMode:dequeue:]+0x7c
C  [AppKit+0x3b7ab]  -[NSApplication run]+0x39e
C  [libosxapp.dylib+0x214d]  +[NSApplicationAWT runAWTLoopWithApp:]+0x9c
C  [libawt_lwawt.dylib+0x444b3]  -[AWTStarter starter:]+0x389
C  [Foundation+0x7184a]  __NSThreadPerformPerform+0x146
C  [CoreFoundation+0xa73c1]  __CFRUNLOOP_IS_CALLING_OUT_TO_A_SOURCE0_PERFORM_FUNCTION__+0x11
C  [CoreFoundation+0x882cd]  __CFRunLoopDoSources0+0x22d
C  [CoreFoundation+0x877c6]  __CFRunLoopRun+0x3a6
C  [CoreFoundation+0x871c4]  CFRunLoopRunSpecific+0x1a4
C  [java+0x6465]  CreateExecutionEnvironment+0x367
C  [java+0x218c]  JLI_Launch+0x7a0
C  [java+0x84c2]  main+0x65
C  [java+0x19e4]  start+0x34
C  0x0000000000000005


---------------  P R O C E S S  ---------------

Java Threads: ( => current thread )
  0x00007fbf3c6f0000 JavaThread "AWT-Shutdown" [_thread_blocked, id=77319, stack(0x0000700009c99000,0x0000700009d99000)]
  0x00007fbf3cb71800 JavaThread "Java2D Queue Flusher" daemon [_thread_blocked, id=64263, stack(0x000070000afdb000,0x000070000b0db000)]
  0x00007fbf3caeb800 JavaThread "Java2D Disposer" daemon [_thread_blocked, id=60175, stack(0x000070000aed8000,0x000070000afd8000)]
=>0x00007fbf3cabe000 JavaThread "AppKit Thread" daemon [_thread_in_native, id=775, stack(0x00007fff52eac000,0x00007fff536ac000)]
  0x00007fbf3b81e800 JavaThread "Service Thread" daemon [_thread_blocked, id=18691, stack(0x000070000aa46000,0x000070000ab46000)]
  0x00007fbf3b811800 JavaThread "C1 CompilerThread2" daemon [_thread_blocked, id=18179, stack(0x000070000a943000,0x000070000aa43000)]
  0x00007fbf3c821800 JavaThread "C2 CompilerThread1" daemon [_thread_blocked, id=17667, stack(0x000070000a840000,0x000070000a940000)]
  0x00007fbf3c824800 JavaThread "C2 CompilerThread0" daemon [_thread_blocked, id=17155, stack(0x000070000a73d000,0x000070000a83d000)]
  0x00007fbf3c819800 JavaThread "Signal Dispatcher" daemon [_thread_blocked, id=16643, stack(0x000070000a63a000,0x000070000a73a000)]
  0x00007fbf3c813800 JavaThread "Finalizer" daemon [_thread_blocked, id=12291, stack(0x000070000a4b4000,0x000070000a5b4000)]
  0x00007fbf3c810800 JavaThread "Reference Handler" daemon [_thread_blocked, id=11779, stack(0x000070000a3b1000,0x000070000a4b1000)]
  0x00007fbf3d001800 JavaThread "main" [_thread_in_native, id=6915, stack(0x0000700009d9f000,0x0000700009e9f000)]

Other Threads:
  0x00007fbf3c002000 VMThread [stack: 0x000070000a2ae000,0x000070000a3ae000] [id=11267]
  0x00007fbf3b814000 WatcherThread [stack: 0x000070000ab49000,0x000070000ac49000] [id=19203]

VM state:not at safepoint (normal execution)

VM Mutex/Monitor currently owned by a thread: None

Heap:
 PSYoungGen      total 133632K, used 109883K [0x0000000795580000, 0x00000007a3800000, 0x00000007c0000000)
  eden space 128512K, 81% used [0x0000000795580000,0x000000079bc0ecb0,0x000000079d300000)
  from space 5120K, 95% used [0x000000079d300000,0x000000079d7c0040,0x000000079d800000)
  to   space 24064K, 0% used [0x00000007a2080000,0x00000007a2080000,0x00000007a3800000)
 ParOldGen       total 143872K, used 60541K [0x0000000740000000, 0x0000000748c80000, 0x0000000795580000)
  object space 143872K, 42% used [0x0000000740000000,0x0000000743b1f428,0x0000000748c80000)
 Metaspace       used 11745K, capacity 11905K, committed 12160K, reserved 1060864K
  class space    used 1217K, capacity 1311K, committed 1408K, reserved 1048576K

Card table byte_map: [0x000000011d223000,0x000000011d624000] byte_map_base: 0x0000000119823000

Marking Bits: (ParMarkBitMap*) 0x000000010db71d20
 Begin Bits: [0x000000011d8cf000, 0x000000011f8cf000)
 End Bits:   [0x000000011f8cf000, 0x00000001218cf000)

Polling page: 0x000000010c5df000

CodeCache: size=245760Kb used=5720Kb max_used=5726Kb free=240039Kb
 bounds [0x000000010e223000, 0x000000010e7c3000, 0x000000011d223000]
 total_blobs=2017 nmethods=1465 adapters=466
 compilation: enabled

Compilation events (10 events):
Event: 28.181 Thread 0x00007fbf3b811800 1463       3       sun.awt.SunToolkit::awtUnlock (7 bytes)
Event: 28.181 Thread 0x00007fbf3b811800 nmethod 1463 0x000000010e7b85d0 code [0x000000010e7b8740, 0x000000010e7b8a28]
Event: 28.285 Thread 0x00007fbf3b811800 1464       3       sun.java2d.pipe.RenderQueue::tryLock (4 bytes)
Event: 28.286 Thread 0x00007fbf3b811800 nmethod 1464 0x000000010e7b7f50 code [0x000000010e7b80e0, 0x000000010e7b8448]
Event: 28.286 Thread 0x00007fbf3b811800 1465       3       sun.awt.SunToolkit::awtTryLock (7 bytes)
Event: 28.287 Thread 0x00007fbf3b811800 nmethod 1465 0x000000010e7b42d0 code [0x000000010e7b4440, 0x000000010e7b4728]
Event: 28.531 Thread 0x00007fbf3c821800 1466       4       org.newdawn.slick.Image::drawEmbedded (327 bytes)
Event: 28.541 Thread 0x00007fbf3c821800 nmethod 1466 0x000000010e7bd410 code [0x000000010e7bd6c0, 0x000000010e7be350]
Event: 28.632 Thread 0x00007fbf3c824800 1467       4       org.newdawn.slick.Image::draw (236 bytes)
Event: 28.641 Thread 0x00007fbf3c824800 nmethod 1467 0x000000010e7b9d50 code [0x000000010e7ba060, 0x000000010e7bacb0]

GC Heap History (10 events):
Event: 1.585 GC heap before
{Heap before GC invocations=2 (full 0):
 PSYoungGen      total 38400K, used 38390K [0x0000000795580000, 0x000000079a080000, 0x00000007c0000000)
  eden space 33280K, 100% used [0x0000000795580000,0x0000000797600000,0x0000000797600000)
  from space 5120K, 99% used [0x0000000797600000,0x0000000797afd878,0x0000000797b00000)
  to   space 5120K, 0% used [0x0000000799b80000,0x0000000799b80000,0x000000079a080000)
 ParOldGen       total 87552K, used 18709K [0x0000000740000000, 0x0000000745580000, 0x0000000795580000)
  object space 87552K, 21% used [0x0000000740000000,0x00000007412455f0,0x0000000745580000)
 Metaspace       used 9031K, capacity 9235K, committed 9472K, reserved 1058816K
  class space    used 941K, capacity 1020K, committed 1024K, reserved 1048576K
Event: 1.590 GC heap after
Heap after GC invocations=2 (full 0):
 PSYoungGen      total 71680K, used 4658K [0x0000000795580000, 0x000000079a080000, 0x00000007c0000000)
  eden space 66560K, 0% used [0x0000000795580000,0x0000000795580000,0x0000000799680000)
  from space 5120K, 90% used [0x0000000799b80000,0x000000079a00c910,0x000000079a080000)
  to   space 5120K, 0% used [0x0000000799680000,0x0000000799680000,0x0000000799b80000)
 ParOldGen       total 87552K, used 18717K [0x0000000740000000, 0x0000000745580000, 0x0000000795580000)
  object space 87552K, 21% used [0x0000000740000000,0x00000007412475f0,0x0000000745580000)
 Metaspace       used 9031K, capacity 9235K, committed 9472K, reserved 1058816K
  class space    used 941K, capacity 1020K, committed 1024K, reserved 1048576K
}
Event: 1.882 GC heap before
{Heap before GC invocations=3 (full 0):
 PSYoungGen      total 71680K, used 71218K [0x0000000795580000, 0x000000079a080000, 0x00000007c0000000)
  eden space 66560K, 100% used [0x0000000795580000,0x0000000799680000,0x0000000799680000)
  from space 5120K, 90% used [0x0000000799b80000,0x000000079a00c910,0x000000079a080000)
  to   space 5120K, 0% used [0x0000000799680000,0x0000000799680000,0x0000000799b80000)
 ParOldGen       total 87552K, used 18717K [0x0000000740000000, 0x0000000745580000, 0x0000000795580000)
  object space 87552K, 21% used [0x0000000740000000,0x00000007412475f0,0x0000000745580000)
 Metaspace       used 10095K, capacity 10273K, committed 10368K, reserved 1058816K
  class space    used 1075K, capacity 1151K, committed 1152K, reserved 1048576K
Event: 1.915 GC heap after
Heap after GC invocations=3 (full 0):
 PSYoungGen      total 71680K, used 4704K [0x0000000795580000, 0x000000079e180000, 0x00000007c0000000)
  eden space 66560K, 0% used [0x0000000795580000,0x0000000795580000,0x0000000799680000)
  from space 5120K, 91% used [0x0000000799680000,0x0000000799b18020,0x0000000799b80000)
  to   space 5120K, 0% used [0x000000079dc80000,0x000000079dc80000,0x000000079e180000)
 ParOldGen       total 87552K, used 71789K [0x0000000740000000, 0x0000000745580000, 0x0000000795580000)
  object space 87552K, 81% used [0x0000000740000000,0x000000074461b640,0x0000000745580000)
 Metaspace       used 10095K, capacity 10273K, committed 10368K, reserved 1058816K
  class space    used 1075K, capacity 1151K, committed 1152K, reserved 1048576K
}
Event: 1.915 GC heap before
{Heap before GC invocations=4 (full 1):
 PSYoungGen      total 71680K, used 4704K [0x0000000795580000, 0x000000079e180000, 0x00000007c0000000)
  eden space 66560K, 0% used [0x0000000795580000,0x0000000795580000,0x0000000799680000)
  from space 5120K, 91% used [0x0000000799680000,0x0000000799b18020,0x0000000799b80000)
  to   space 5120K, 0% used [0x000000079dc80000,0x000000079dc80000,0x000000079e180000)
 ParOldGen       total 87552K, used 71789K [0x0000000740000000, 0x0000000745580000, 0x0000000795580000)
  object space 87552K, 81% used [0x0000000740000000,0x000000074461b640,0x0000000745580000)
 Metaspace       used 10095K, capacity 10273K, committed 10368K, reserved 1058816K
  class space    used 1075K, capacity 1151K, committed 1152K, reserved 1048576K
Event: 1.947 GC heap after
Heap after GC invocations=4 (full 1):
 PSYoungGen      total 71680K, used 0K [0x0000000795580000, 0x000000079e180000, 0x00000007c0000000)
  eden space 66560K, 0% used [0x0000000795580000,0x0000000795580000,0x0000000799680000)
  from space 5120K, 0% used [0x0000000799680000,0x0000000799680000,0x0000000799b80000)
  to   space 5120K, 0% used [0x000000079dc80000,0x000000079dc80000,0x000000079e180000)
 ParOldGen       total 143872K, used 39227K [0x0000000740000000, 0x0000000748c80000, 0x0000000795580000)
  object space 143872K, 27% used [0x0000000740000000,0x000000074264efc8,0x0000000748c80000)
 Metaspace       used 10095K, capacity 10273K, committed 10368K, reserved 1058816K
  class space    used 1075K, capacity 1151K, committed 1152K, reserved 1048576K
}
Event: 2.763 GC heap before
{Heap before GC invocations=5 (full 1):
 PSYoungGen      total 71680K, used 64441K [0x0000000795580000, 0x000000079e180000, 0x00000007c0000000)
  eden space 66560K, 96% used [0x0000000795580000,0x000000079946e718,0x0000000799680000)
  from space 5120K, 0% used [0x0000000799680000,0x0000000799680000,0x0000000799b80000)
  to   space 5120K, 0% used [0x000000079dc80000,0x000000079dc80000,0x000000079e180000)
 ParOldGen       total 143872K, used 39227K [0x0000000740000000, 0x0000000748c80000, 0x0000000795580000)
  object space 143872K, 27% used [0x0000000740000000,0x000000074264efc8,0x0000000748c80000)
 Metaspace       used 10239K, capacity 10401K, committed 10624K, reserved 1058816K
  class space    used 1091K, capacity 1151K, committed 1152K, reserved 1048576K
Event: 2.767 GC heap after
Heap after GC invocations=5 (full 1):
 PSYoungGen      total 113152K, used 256K [0x0000000795580000, 0x000000079dd00000, 0x00000007c0000000)
  eden space 112640K, 0% used [0x0000000795580000,0x0000000795580000,0x000000079c380000)
  from space 512K, 50% used [0x000000079dc80000,0x000000079dcc0000,0x000000079dd00000)
  to   space 5120K, 0% used [0x000000079d300000,0x000000079d300000,0x000000079d800000)
 ParOldGen       total 143872K, used 57460K [0x0000000740000000, 0x0000000748c80000, 0x0000000795580000)
  object space 143872K, 39% used [0x0000000740000000,0x000000074381d3f8,0x0000000748c80000)
 Metaspace       used 10239K, capacity 10401K, committed 10624K, reserved 1058816K
  class space    used 1091K, capacity 1151K, committed 1152K, reserved 1048576K
}
Event: 4.575 GC heap before
{Heap before GC invocations=6 (full 1):
 PSYoungGen      total 113152K, used 112896K [0x0000000795580000, 0x000000079dd00000, 0x00000007c0000000)
  eden space 112640K, 100% used [0x0000000795580000,0x000000079c380000,0x000000079c380000)
  from space 512K, 50% used [0x000000079dc80000,0x000000079dcc0000,0x000000079dd00000)
  to   space 5120K, 0% used [0x000000079d300000,0x000000079d300000,0x000000079d800000)
 ParOldGen       total 143872K, used 57460K [0x0000000740000000, 0x0000000748c80000, 0x0000000795580000)
  object space 143872K, 39% used [0x0000000740000000,0x000000074381d3f8,0x0000000748c80000)
 Metaspace       used 10982K, capacity 11169K, committed 11520K, reserved 1058816K
  class space    used 1160K, capacity 1215K, committed 1280K, reserved 1048576K
Event: 4.583 GC heap after
Heap after GC invocations=6 (full 1):
 PSYoungGen      total 133632K, used 4864K [0x0000000795580000, 0x00000007a3800000, 0x00000007c0000000)
  eden space 128512K, 0% used [0x0000000795580000,0x0000000795580000,0x000000079d300000)
  from space 5120K, 95% used [0x000000079d300000,0x000000079d7c0040,0x000000079d800000)
  to   space 24064K, 0% used [0x00000007a2080000,0x00000007a2080000,0x00000007a3800000)
 ParOldGen       total 143872K, used 60541K [0x0000000740000000, 0x0000000748c80000, 0x0000000795580000)
  object space 143872K, 42% used [0x0000000740000000,0x0000000743b1f428,0x0000000748c80000)
 Metaspace       used 10982K, capacity 11169K, committed 11520K, reserved 1058816K
  class space    used 1160K, capacity 1215K, committed 1280K, reserved 1048576K
}

Deoptimization events (10 events):
Event: 5.238 Thread 0x00007fbf3d001800 Uncommon trap: reason=unstable_if action=reinterpret pc=0x000000010e694684 method=org.newdawn.slick.openal.OggInputStream.read()I @ 11
Event: 5.246 Thread 0x00007fbf3d001800 Uncommon trap: reason=unstable_if action=reinterpret pc=0x000000010e6a5650 method=org.newdawn.slick.openal.OggInputStream.read()I @ 11
Event: 5.592 Thread 0x00007fbf3d001800 Uncommon trap: reason=unstable_if action=reinterpret pc=0x000000010e6ca390 method=com.jcraft.jorbis.Floor1.inverse1(Lcom/jcraft/jorbis/Block;Ljava/lang/Object;Ljava/lang/Object;)Ljava/lang/Object; @ 31
Event: 5.592 Thread 0x00007fbf3d001800 Uncommon trap: reason=unstable_if action=reinterpret pc=0x000000010e6b8eec method=com.jcraft.jorbis.Floor1.inverse2(Lcom/jcraft/jorbis/Block;Ljava/lang/Object;Ljava/lang/Object;[F)I @ 33
Event: 5.592 Thread 0x00007fbf3d001800 Uncommon trap: reason=unstable_if action=reinterpret pc=0x000000010e6b3428 method=com.jcraft.jorbis.Floor1.inverse2(Lcom/jcraft/jorbis/Block;Ljava/lang/Object;Ljava/lang/Object;[F)I @ 33
Event: 5.599 Thread 0x00007fbf3d001800 Uncommon trap: reason=unstable_if action=reinterpret pc=0x000000010e6b0484 method=com.jcraft.jorbis.DspState.synthesis_blockin(Lcom/jcraft/jorbis/Block;)I @ 701
Event: 5.599 Thread 0x00007fbf3d001800 Uncommon trap: reason=unstable_if action=reinterpret pc=0x000000010e6ceaf0 method=org.newdawn.slick.openal.OggInputStream.readPCM()V @ 63
Event: 5.599 Thread 0x00007fbf3d001800 Uncommon trap: reason=unstable_if action=reinterpret pc=0x000000010e6ccb50 method=org.newdawn.slick.openal.OggInputStream.atEnd()Z @ 4
Event: 5.599 Thread 0x00007fbf3d001800 Uncommon trap: reason=unstable_if action=reinterpret pc=0x000000010e68d378 method=org.newdawn.slick.openal.OggInputStream.atEnd()Z @ 4
Event: 5.726 Thread 0x00007fbf3d001800 Uncommon trap: reason=unstable_if action=reinterpret pc=0x000000010e538b7c method=java.nio.DirectByteBuffer.put([BII)Ljava/nio/ByteBuffer; @ 8

Internal exceptions (10 events):
Event: 1.994 Thread 0x00007fbf3d001800 Implicit null exception at 0x000000010e5076f6 to 0x000000010e507cf1
Event: 1.994 Thread 0x00007fbf3d001800 Implicit null exception at 0x000000010e4e1f64 to 0x000000010e4e2191
Event: 4.675 Thread 0x00007fbf3d001800 Exception <a 'java/security/PrivilegedActionException'> (0x00000007965dcbd0) thrown at [/Users/java_re/workspace/8-2-build-macosx-x86_64/jdk8u111/7883/hotspot/src/share/vm/prims/jvm.cpp, line 1386]
Event: 4.675 Thread 0x00007fbf3d001800 Exception <a 'java/security/PrivilegedActionException'> (0x00000007965de7b8) thrown at [/Users/java_re/workspace/8-2-build-macosx-x86_64/jdk8u111/7883/hotspot/src/share/vm/prims/jvm.cpp, line 1386]
Event: 4.675 Thread 0x00007fbf3d001800 Exception <a 'java/security/PrivilegedActionException'> (0x00000007965df8d8) thrown at [/Users/java_re/workspace/8-2-build-macosx-x86_64/jdk8u111/7883/hotspot/src/share/vm/prims/jvm.cpp, line 1386]
Event: 4.676 Thread 0x00007fbf3d001800 Exception <a 'java/security/PrivilegedActionException'> (0x00000007965e49f8) thrown at [/Users/java_re/workspace/8-2-build-macosx-x86_64/jdk8u111/7883/hotspot/src/share/vm/prims/jvm.cpp, line 1386]
Event: 4.676 Thread 0x00007fbf3d001800 Exception <a 'java/security/PrivilegedActionException'> (0x00000007965e5650) thrown at [/Users/java_re/workspace/8-2-build-macosx-x86_64/jdk8u111/7883/hotspot/src/share/vm/prims/jvm.cpp, line 1386]
Event: 4.676 Thread 0x00007fbf3d001800 Exception <a 'java/security/PrivilegedActionException'> (0x00000007965e6278) thrown at [/Users/java_re/workspace/8-2-build-macosx-x86_64/jdk8u111/7883/hotspot/src/share/vm/prims/jvm.cpp, line 1386]
Event: 5.592 Thread 0x00007fbf3d001800 Implicit null exception at 0x000000010e6b6d21 to 0x000000010e6b8ead
Event: 5.592 Thread 0x00007fbf3d001800 Implicit null exception at 0x000000010e6b2c7f to 0x000000010e6b3405

Events (10 events):
Event: 5.726 Thread 0x00007fbf3d001800 DEOPT PACKING pc=0x000000010e538b7c sp=0x0000700009e9e4c0
Event: 5.726 Thread 0x00007fbf3d001800 DEOPT UNPACKING pc=0x000000010e228229 sp=0x0000700009e9e480 mode 2
Event: 7.494 Thread 0x00007fbf3d001800 DEOPT PACKING pc=0x000000010e708193 sp=0x0000700009e9e600
Event: 7.494 Thread 0x00007fbf3d001800 DEOPT UNPACKING pc=0x000000010e26a633 sp=0x0000700009e9e430 mode 0
Event: 15.306 Executing VM operation: RevokeBias
Event: 15.306 Executing VM operation: RevokeBias done
Event: 15.306 Thread 0x00007fbf3c6f0000 Thread exited: 0x00007fbf3c6f0000
Event: 15.777 Thread 0x00007fbf3c6f0000 Thread added: 0x00007fbf3c6f0000
Event: 29.460 loading class org/lwjgl/opengl/CallbackUtil
Event: 29.460 loading class org/lwjgl/opengl/CallbackUtil done


Dynamic libraries:
0x0000000048ff7000 	/System/Library/Frameworks/Cocoa.framework/Versions/A/Cocoa
0x0000000048ff7000 	/System/Library/Frameworks/Security.framework/Versions/A/Security
0x0000000048ff7000 	/System/Library/Frameworks/ApplicationServices.framework/Versions/A/ApplicationServices
0x0000000048ff7000 	/usr/lib/libz.1.dylib
0x0000000048ff7000 	/usr/lib/libSystem.B.dylib
0x0000000048ff7000 	/usr/lib/libobjc.A.dylib
0x0000000048ff7000 	/System/Library/Frameworks/CoreFoundation.framework/Versions/A/CoreFoundation
0x0000000048ff7000 	/System/Library/Frameworks/Foundation.framework/Versions/C/Foundation
0x0000000048ff7000 	/System/Library/Frameworks/AppKit.framework/Versions/C/AppKit
0x0000000048ff7000 	/System/Library/Frameworks/CoreData.framework/Versions/A/CoreData
0x0000000048ff7000 	/System/Library/PrivateFrameworks/RemoteViewServices.framework/Versions/A/RemoteViewServices
0x0000000048ff7000 	/System/Library/PrivateFrameworks/UIFoundation.framework/Versions/A/UIFoundation
0x0000000048ff7000 	/System/Library/PrivateFrameworks/DFRFoundation.framework/Versions/A/DFRFoundation
0x0000000048ff7000 	/usr/lib/libenergytrace.dylib
0x0000000048ff7000 	/System/Library/PrivateFrameworks/SkyLight.framework/Versions/A/SkyLight
0x0000000048ff7000 	/System/Library/Frameworks/CoreGraphics.framework/Versions/A/CoreGraphics
0x0000000048ff7000 	/usr/lib/libScreenReader.dylib
0x0000000048ff7000 	/System/Library/Frameworks/Accelerate.framework/Versions/A/Accelerate
0x0000000048ff7000 	/System/Library/Frameworks/IOSurface.framework/Versions/A/IOSurface
0x0000000048ff7000 	/System/Library/Frameworks/AudioToolbox.framework/Versions/A/AudioToolbox
0x0000000048ff7000 	/System/Library/Frameworks/AudioUnit.framework/Versions/A/AudioUnit
0x0000000048ff7000 	/System/Library/PrivateFrameworks/DataDetectorsCore.framework/Versions/A/DataDetectorsCore
0x0000000048ff7000 	/System/Library/PrivateFrameworks/DesktopServicesPriv.framework/Versions/A/DesktopServicesPriv
0x0000000048ff7000 	/System/Library/Frameworks/Carbon.framework/Versions/A/Frameworks/HIToolbox.framework/Versions/A/HIToolbox
0x0000000048ff7000 	/usr/lib/libicucore.A.dylib
0x0000000048ff7000 	/System/Library/Frameworks/QuartzCore.framework/Versions/A/QuartzCore
0x0000000048ff7000 	/System/Library/Frameworks/Carbon.framework/Versions/A/Frameworks/SpeechRecognition.framework/Versions/A/SpeechRecognition
0x0000000048ff7000 	/usr/lib/libauto.dylib
0x0000000048ff7000 	/usr/lib/libxml2.2.dylib
0x0000000048ff7000 	/System/Library/PrivateFrameworks/CoreUI.framework/Versions/A/CoreUI
0x0000000048ff7000 	/System/Library/Frameworks/CoreAudio.framework/Versions/A/CoreAudio
0x0000000048ff7000 	/System/Library/Frameworks/DiskArbitration.framework/Versions/A/DiskArbitration
0x0000000048ff7000 	/usr/lib/liblangid.dylib
0x0000000048ff7000 	/System/Library/PrivateFrameworks/MultitouchSupport.framework/Versions/A/MultitouchSupport
0x0000000048ff7000 	/System/Library/Frameworks/IOKit.framework/Versions/A/IOKit
0x0000000048ff7000 	/usr/lib/libDiagnosticMessagesClient.dylib
0x0000000048ff7000 	/System/Library/Frameworks/CoreServices.framework/Versions/A/CoreServices
0x0000000048ff7000 	/System/Library/PrivateFrameworks/PerformanceAnalysis.framework/Versions/A/PerformanceAnalysis
0x0000000048ff7000 	/System/Library/PrivateFrameworks/GenerationalStorage.framework/Versions/A/GenerationalStorage
0x0000000048ff7000 	/System/Library/Frameworks/OpenGL.framework/Versions/A/OpenGL
0x0000000048ff7000 	/System/Library/Frameworks/CoreImage.framework/Versions/A/CoreImage
0x0000000048ff7000 	/System/Library/Frameworks/CoreText.framework/Versions/A/CoreText
0x0000000048ff7000 	/System/Library/Frameworks/ImageIO.framework/Versions/A/ImageIO
0x0000000048ff7000 	/System/Library/PrivateFrameworks/Backup.framework/Versions/A/Backup
0x0000000048ff7000 	/usr/lib/libarchive.2.dylib
0x0000000048ff7000 	/System/Library/Frameworks/CFNetwork.framework/Versions/A/CFNetwork
0x0000000048ff7000 	/System/Library/Frameworks/SystemConfiguration.framework/Versions/A/SystemConfiguration
0x0000000048ff7000 	/usr/lib/libCRFSuite.dylib
0x0000000048ff7000 	/usr/lib/libc++.1.dylib
0x0000000048ff7000 	/usr/lib/libc++abi.dylib
0x0000000048ff7000 	/usr/lib/system/libcache.dylib
0x0000000048ff7000 	/usr/lib/system/libcommonCrypto.dylib
0x0000000048ff7000 	/usr/lib/system/libcompiler_rt.dylib
0x0000000048ff7000 	/usr/lib/system/libcopyfile.dylib
0x0000000048ff7000 	/usr/lib/system/libcorecrypto.dylib
0x0000000048ff7000 	/usr/lib/system/libdispatch.dylib
0x0000000048ff7000 	/usr/lib/system/libdyld.dylib
0x0000000048ff7000 	/usr/lib/system/libkeymgr.dylib
0x0000000048ff7000 	/usr/lib/system/liblaunch.dylib
0x0000000048ff7000 	/usr/lib/system/libmacho.dylib
0x0000000048ff7000 	/usr/lib/system/libquarantine.dylib
0x0000000048ff7000 	/usr/lib/system/libremovefile.dylib
0x0000000048ff7000 	/usr/lib/system/libsystem_asl.dylib
0x0000000048ff7000 	/usr/lib/system/libsystem_blocks.dylib
0x0000000048ff7000 	/usr/lib/system/libsystem_c.dylib
0x0000000048ff7000 	/usr/lib/system/libsystem_configuration.dylib
0x0000000048ff7000 	/usr/lib/system/libsystem_coreservices.dylib
0x0000000048ff7000 	/usr/lib/system/libsystem_coretls.dylib
0x0000000048ff7000 	/usr/lib/system/libsystem_dnssd.dylib
0x0000000048ff7000 	/usr/lib/system/libsystem_info.dylib
0x0000000048ff7000 	/usr/lib/system/libsystem_kernel.dylib
0x0000000048ff7000 	/usr/lib/system/libsystem_m.dylib
0x0000000048ff7000 	/usr/lib/system/libsystem_malloc.dylib
0x0000000048ff7000 	/usr/lib/system/libsystem_network.dylib
0x0000000048ff7000 	/usr/lib/system/libsystem_networkextension.dylib
0x0000000048ff7000 	/usr/lib/system/libsystem_notify.dylib
0x0000000048ff7000 	/usr/lib/system/libsystem_platform.dylib
0x0000000048ff7000 	/usr/lib/system/libsystem_pthread.dylib
0x0000000048ff7000 	/usr/lib/system/libsystem_sandbox.dylib
0x0000000048ff7000 	/usr/lib/system/libsystem_secinit.dylib
0x0000000048ff7000 	/usr/lib/system/libsystem_symptoms.dylib
0x0000000048ff7000 	/usr/lib/system/libsystem_trace.dylib
0x0000000048ff7000 	/usr/lib/system/libunwind.dylib
0x0000000048ff7000 	/usr/lib/system/libxpc.dylib
0x0000000048ff7000 	/usr/lib/libbsm.0.dylib
0x0000000048ff7000 	/usr/lib/system/libkxld.dylib
0x0000000048ff7000 	/usr/lib/libcoretls.dylib
0x0000000048ff7000 	/usr/lib/libcoretls_cfhelpers.dylib
0x0000000048ff7000 	/usr/lib/libOpenScriptingUtil.dylib
0x0000000048ff7000 	/usr/lib/libpam.2.dylib
0x0000000048ff7000 	/usr/lib/libsqlite3.dylib
0x0000000048ff7000 	/usr/lib/libxar.1.dylib
0x0000000048ff7000 	/usr/lib/libbz2.1.0.dylib
0x0000000048ff7000 	/usr/lib/liblzma.5.dylib
0x0000000048ff7000 	/usr/lib/libnetwork.dylib
0x0000000048ff7000 	/usr/lib/libpcap.A.dylib
0x0000000048ff7000 	/System/Library/Frameworks/CoreServices.framework/Versions/A/Frameworks/FSEvents.framework/Versions/A/FSEvents
0x0000000048ff7000 	/System/Library/Frameworks/CoreServices.framework/Versions/A/Frameworks/CarbonCore.framework/Versions/A/CarbonCore
0x0000000048ff7000 	/System/Library/Frameworks/CoreServices.framework/Versions/A/Frameworks/Metadata.framework/Versions/A/Metadata
0x0000000048ff7000 	/System/Library/Frameworks/CoreServices.framework/Versions/A/Frameworks/OSServices.framework/Versions/A/OSServices
0x0000000048ff7000 	/System/Library/Frameworks/CoreServices.framework/Versions/A/Frameworks/SearchKit.framework/Versions/A/SearchKit
0x0000000048ff7000 	/System/Library/Frameworks/CoreServices.framework/Versions/A/Frameworks/AE.framework/Versions/A/AE
0x0000000048ff7000 	/System/Library/Frameworks/CoreServices.framework/Versions/A/Frameworks/LaunchServices.framework/Versions/A/LaunchServices
0x0000000048ff7000 	/System/Library/Frameworks/CoreServices.framework/Versions/A/Frameworks/DictionaryServices.framework/Versions/A/DictionaryServices
0x0000000048ff7000 	/System/Library/Frameworks/CoreServices.framework/Versions/A/Frameworks/SharedFileList.framework/Versions/A/SharedFileList
0x0000000048ff7000 	/System/Library/Frameworks/NetFS.framework/Versions/A/NetFS
0x0000000048ff7000 	/System/Library/PrivateFrameworks/NetAuth.framework/Versions/A/NetAuth
0x0000000048ff7000 	/System/Library/PrivateFrameworks/login.framework/Versions/A/Frameworks/loginsupport.framework/Versions/A/loginsupport
0x0000000048ff7000 	/System/Library/PrivateFrameworks/TCC.framework/Versions/A/TCC
0x0000000048ff7000 	/usr/lib/libmecabra.dylib
0x0000000048ff7000 	/System/Library/Frameworks/ApplicationServices.framework/Versions/A/Frameworks/ATS.framework/Versions/A/ATS
0x0000000048ff7000 	/System/Library/Frameworks/ApplicationServices.framework/Versions/A/Frameworks/ColorSync.framework/Versions/A/ColorSync
0x0000000048ff7000 	/System/Library/Frameworks/ApplicationServices.framework/Versions/A/Frameworks/HIServices.framework/Versions/A/HIServices
0x0000000048ff7000 	/System/Library/Frameworks/ApplicationServices.framework/Versions/A/Frameworks/LangAnalysis.framework/Versions/A/LangAnalysis
0x0000000048ff7000 	/System/Library/Frameworks/ApplicationServices.framework/Versions/A/Frameworks/PrintCore.framework/Versions/A/PrintCore
0x0000000048ff7000 	/System/Library/Frameworks/ApplicationServices.framework/Versions/A/Frameworks/QD.framework/Versions/A/QD
0x0000000048ff7000 	/System/Library/Frameworks/ApplicationServices.framework/Versions/A/Frameworks/SpeechSynthesis.framework/Versions/A/SpeechSynthesis
0x0000000048ff7000 	/System/Library/Frameworks/Accelerate.framework/Versions/A/Frameworks/vImage.framework/Versions/A/vImage
0x0000000048ff7000 	/System/Library/Frameworks/Accelerate.framework/Versions/A/Frameworks/vecLib.framework/Versions/A/vecLib
0x0000000048ff7000 	/System/Library/Frameworks/Accelerate.framework/Versions/A/Frameworks/vecLib.framework/Versions/A/libvDSP.dylib
0x0000000048ff7000 	/System/Library/Frameworks/Accelerate.framework/Versions/A/Frameworks/vecLib.framework/Versions/A/libBNNS.dylib
0x0000000048ff7000 	/System/Library/Frameworks/Accelerate.framework/Versions/A/Frameworks/vecLib.framework/Versions/A/libQuadrature.dylib
0x0000000048ff7000 	/System/Library/Frameworks/Accelerate.framework/Versions/A/Frameworks/vecLib.framework/Versions/A/libvMisc.dylib
0x0000000048ff7000 	/System/Library/Frameworks/Accelerate.framework/Versions/A/Frameworks/vecLib.framework/Versions/A/libLAPACK.dylib
0x0000000048ff7000 	/System/Library/Frameworks/Accelerate.framework/Versions/A/Frameworks/vecLib.framework/Versions/A/libBLAS.dylib
0x0000000048ff7000 	/System/Library/Frameworks/Accelerate.framework/Versions/A/Frameworks/vecLib.framework/Versions/A/libLinearAlgebra.dylib
0x0000000048ff7000 	/System/Library/Frameworks/Accelerate.framework/Versions/A/Frameworks/vecLib.framework/Versions/A/libSparseBLAS.dylib
0x0000000048ff7000 	/System/Library/Frameworks/ApplicationServices.framework/Versions/A/Frameworks/ATS.framework/Versions/A/Resources/libFontParser.dylib
0x0000000048ff7000 	/System/Library/Frameworks/ApplicationServices.framework/Versions/A/Frameworks/ATS.framework/Versions/A/Resources/libFontRegistry.dylib
0x0000000048ff7000 	/System/Library/Frameworks/ImageIO.framework/Versions/A/Resources/libJPEG.dylib
0x0000000048ff7000 	/System/Library/Frameworks/ImageIO.framework/Versions/A/Resources/libTIFF.dylib
0x0000000048ff7000 	/System/Library/Frameworks/ImageIO.framework/Versions/A/Resources/libPng.dylib
0x0000000048ff7000 	/System/Library/Frameworks/ImageIO.framework/Versions/A/Resources/libGIF.dylib
0x0000000048ff7000 	/System/Library/Frameworks/ImageIO.framework/Versions/A/Resources/libJP2.dylib
0x0000000048ff7000 	/System/Library/Frameworks/ImageIO.framework/Versions/A/Resources/libRadiance.dylib
0x0000000048ff7000 	/usr/lib/libcompression.dylib
0x0000000048ff7000 	/System/Library/PrivateFrameworks/AppleJPEG.framework/Versions/A/AppleJPEG
0x0000000048ff7000 	/usr/lib/libcups.2.dylib
0x0000000048ff7000 	/System/Library/Frameworks/Kerberos.framework/Versions/A/Kerberos
0x0000000048ff7000 	/System/Library/Frameworks/GSS.framework/Versions/A/GSS
0x0000000048ff7000 	/usr/lib/libresolv.9.dylib
0x0000000048ff7000 	/usr/lib/libiconv.2.dylib
0x0000000048ff7000 	/System/Library/PrivateFrameworks/Heimdal.framework/Versions/A/Heimdal
0x0000000048ff7000 	/usr/lib/libheimdal-asn1.dylib
0x0000000048ff7000 	/System/Library/Frameworks/OpenDirectory.framework/Versions/A/OpenDirectory
0x0000000048ff7000 	/System/Library/PrivateFrameworks/CommonAuth.framework/Versions/A/CommonAuth
0x0000000048ff7000 	/System/Library/Frameworks/OpenDirectory.framework/Versions/A/Frameworks/CFOpenDirectory.framework/Versions/A/CFOpenDirectory
0x0000000048ff7000 	/System/Library/Frameworks/SecurityFoundation.framework/Versions/A/SecurityFoundation
0x0000000048ff7000 	/System/Library/PrivateFrameworks/LanguageModeling.framework/Versions/A/LanguageModeling
0x0000000048ff7000 	/usr/lib/libmarisa.dylib
0x0000000048ff7000 	/usr/lib/libChineseTokenizer.dylib
0x0000000048ff7000 	/usr/lib/libcmph.dylib
0x0000000048ff7000 	/System/Library/PrivateFrameworks/CoreEmoji.framework/Versions/A/CoreEmoji
0x0000000048ff7000 	/System/Library/Frameworks/ServiceManagement.framework/Versions/A/ServiceManagement
0x0000000048ff7000 	/usr/lib/libxslt.1.dylib
0x0000000048ff7000 	/System/Library/Frameworks/Carbon.framework/Versions/A/Frameworks/Ink.framework/Versions/A/Ink
0x0000000048ff7000 	/System/Library/PrivateFrameworks/TextureIO.framework/Versions/A/TextureIO
0x0000000048ff7000 	/System/Library/Frameworks/Metal.framework/Versions/A/Metal
0x0000000048ff7000 	/usr/lib/libate.dylib
0x0000000048ff7000 	/System/Library/PrivateFrameworks/GPUCompiler.framework/libmetal_timestamp.dylib
0x0000000048ff7000 	/System/Library/Frameworks/OpenGL.framework/Versions/A/Libraries/libCoreFSCache.dylib
0x0000000048ff7000 	/System/Library/PrivateFrameworks/IOAccelerator.framework/Versions/A/IOAccelerator
0x0000000048ff7000 	/System/Library/Frameworks/CoreVideo.framework/Versions/A/CoreVideo
0x0000000048ff7000 	/usr/lib/libFosl_dynamic.dylib
0x0000000048ff7000 	/System/Library/PrivateFrameworks/MetalPerformanceShaders.framework/Versions/A/MetalPerformanceShaders
0x0000000048ff7000 	/System/Library/PrivateFrameworks/FaceCore.framework/Versions/A/FaceCore
0x0000000048ff7000 	/System/Library/Frameworks/OpenCL.framework/Versions/A/OpenCL
0x0000000048ff7000 	/System/Library/Frameworks/OpenGL.framework/Versions/A/Libraries/libGLU.dylib
0x0000000048ff7000 	/System/Library/Frameworks/OpenGL.framework/Versions/A/Libraries/libGFXShared.dylib
0x0000000048ff7000 	/System/Library/Frameworks/OpenGL.framework/Versions/A/Libraries/libGL.dylib
0x0000000048ff7000 	/System/Library/Frameworks/OpenGL.framework/Versions/A/Libraries/libGLImage.dylib
0x0000000048ff7000 	/System/Library/Frameworks/OpenGL.framework/Versions/A/Libraries/libCVMSPluginSupport.dylib
0x0000000048ff7000 	/System/Library/Frameworks/OpenGL.framework/Versions/A/Libraries/libCoreVMClient.dylib
0x0000000048ff7000 	/System/Library/PrivateFrameworks/CrashReporterSupport.framework/Versions/A/CrashReporterSupport
0x0000000048ff7000 	/System/Library/PrivateFrameworks/Sharing.framework/Versions/A/Sharing
0x0000000048ff7000 	/System/Library/PrivateFrameworks/IconServices.framework/Versions/A/IconServices
0x0000000048ff7000 	/System/Library/PrivateFrameworks/ProtocolBuffer.framework/Versions/A/ProtocolBuffer
0x0000000048ff7000 	/System/Library/PrivateFrameworks/Apple80211.framework/Versions/A/Apple80211
0x0000000048ff7000 	/System/Library/Frameworks/CoreWLAN.framework/Versions/A/CoreWLAN
0x0000000048ff7000 	/System/Library/PrivateFrameworks/CoreUtils.framework/Versions/A/CoreUtils
0x0000000048ff7000 	/System/Library/Frameworks/IOBluetooth.framework/Versions/A/IOBluetooth
0x0000000048ff7000 	/System/Library/PrivateFrameworks/CoreWiFi.framework/Versions/A/CoreWiFi
0x0000000048ff7000 	/System/Library/Frameworks/CoreBluetooth.framework/Versions/A/CoreBluetooth
0x0000000048ff7000 	/System/Library/Frameworks/CoreDisplay.framework/Versions/A/CoreDisplay
0x0000000048ff7000 	/System/Library/PrivateFrameworks/IOPresentment.framework/Versions/A/IOPresentment
0x0000000048ff7000 	/System/Library/PrivateFrameworks/DSExternalDisplay.framework/Versions/A/DSExternalDisplay
0x0000000048ff7000 	/System/Library/PrivateFrameworks/DebugSymbols.framework/Versions/A/DebugSymbols
0x0000000048ff7000 	/System/Library/PrivateFrameworks/CoreSymbolication.framework/Versions/A/CoreSymbolication
0x0000000048ff7000 	/System/Library/PrivateFrameworks/Symbolication.framework/Versions/A/Symbolication
0x0000000048ff7000 	/System/Library/PrivateFrameworks/AppleFSCompression.framework/Versions/A/AppleFSCompression
0x0000000048ff7000 	/System/Library/PrivateFrameworks/SpeechRecognitionCore.framework/Versions/A/SpeechRecognitionCore
0x0000000048ff7000 	/System/Library/PrivateFrameworks/ChunkingLibrary.framework/Versions/A/ChunkingLibrary
0x000000010d282000 	/Library/Java/JavaVirtualMachines/jdk1.8.0_111.jdk/Contents/Home/jre/lib/server/libjvm.dylib
0x0000000048ff7000 	/usr/lib/libstdc++.6.dylib
0x000000010c5d1000 	/Library/Java/JavaVirtualMachines/jdk1.8.0_111.jdk/Contents/Home/jre/lib/libverify.dylib
0x000000010ce00000 	/Library/Java/JavaVirtualMachines/jdk1.8.0_111.jdk/Contents/Home/jre/lib/libjava.dylib
0x000000010c5e9000 	/Library/Java/JavaVirtualMachines/jdk1.8.0_111.jdk/Contents/Home/jre/lib/libzip.dylib
0x00000001237c6000 	/System/Library/Frameworks/JavaVM.framework/Frameworks/JavaRuntimeSupport.framework/JavaRuntimeSupport
0x00000001237e0000 	/System/Library/Frameworks/JavaVM.framework/Versions/A/Frameworks/JavaNativeFoundation.framework/Versions/A/JavaNativeFoundation
0x000000010c5f3000 	/System/Library/Frameworks/JavaVM.framework/Versions/A/JavaVM
0x0000000048ff7000 	/System/Library/Frameworks/Carbon.framework/Versions/A/Carbon
0x00000001237f5000 	/System/Library/PrivateFrameworks/JavaLaunching.framework/Versions/A/JavaLaunching
0x0000000048ff7000 	/System/Library/Frameworks/Carbon.framework/Versions/A/Frameworks/CommonPanels.framework/Versions/A/CommonPanels
0x0000000048ff7000 	/System/Library/Frameworks/Carbon.framework/Versions/A/Frameworks/Help.framework/Versions/A/Help
0x0000000048ff7000 	/System/Library/Frameworks/Carbon.framework/Versions/A/Frameworks/ImageCapture.framework/Versions/A/ImageCapture
0x0000000048ff7000 	/System/Library/Frameworks/Carbon.framework/Versions/A/Frameworks/OpenScripting.framework/Versions/A/OpenScripting
0x0000000048ff7000 	/System/Library/Frameworks/Carbon.framework/Versions/A/Frameworks/Print.framework/Versions/A/Print
0x0000000048ff7000 	/System/Library/Frameworks/Carbon.framework/Versions/A/Frameworks/SecurityHI.framework/Versions/A/SecurityHI
0x00000001251af000 	/Library/Java/JavaVirtualMachines/jdk1.8.0_111.jdk/Contents/Home/jre/lib/libawt.dylib
0x0000000125257000 	/Library/Java/JavaVirtualMachines/jdk1.8.0_111.jdk/Contents/Home/jre/lib/./libmlib_image.dylib
0x0000000125323000 	/Library/Java/JavaVirtualMachines/jdk1.8.0_111.jdk/Contents/Home/jre/lib/libawt_lwawt.dylib
0x00000001253d8000 	/Library/Java/JavaVirtualMachines/jdk1.8.0_111.jdk/Contents/Home/jre/lib/./libosxapp.dylib
0x0000000048ff7000 	/System/Library/Frameworks/ExceptionHandling.framework/Versions/A/ExceptionHandling
0x0000000048ff7000 	/System/Library/PrivateFrameworks/CoreServicesInternal.framework/Versions/A/CoreServicesInternal
0x0000000048ff7000 	/System/Library/CoreServices/RawCamera.bundle/Contents/MacOS/RawCamera
0x0000000048ff7000 	/System/Library/Frameworks/Accelerate.framework/Versions/A/Frameworks/vImage.framework/Versions/A/Libraries/libCGInterfaces.dylib
0x0000000048ff7000 	/System/Library/Frameworks/ApplicationServices.framework/Versions/A/Frameworks/ATS.framework/Versions/A/Resources/libTrueTypeScaler.dylib
0x00000001270c2000 	/System/Library/Frameworks/OpenGL.framework/Resources/GLEngine.bundle/GLEngine
0x0000000048ff7000 	/System/Library/Frameworks/OpenGL.framework/Versions/A/Libraries/libGLProgrammability.dylib
0x00000001272a7000 	/System/Library/Extensions/AppleIntelBDWGraphicsGLDriver.bundle/Contents/MacOS/AppleIntelBDWGraphicsGLDriver
0x0000000048ff7000 	/System/Library/PrivateFrameworks/GPUSupport.framework/Versions/A/Libraries/libGPUSupportMercury.dylib
0x0000000127a11000 	/System/Library/Frameworks/OpenGL.framework/Resources//GLRendererFloat.bundle/GLRendererFloat
0x0000000048ff7000 	/System/Library/Frameworks/OpenCL.framework/Versions/A/Libraries/libcldcpuengine.dylib
0x0000000048ff7000 	/usr/lib/libcrypto.0.9.8.dylib
0x0000000048ff7000 	/System/Library/PrivateFrameworks/TrustEvaluationAgent.framework/Versions/A/TrustEvaluationAgent
0x0000000127a45000 	/System/Library/Extensions/AppleIntelBDWGraphicsMTLDriver.bundle/Contents/MacOS/AppleIntelBDWGraphicsMTLDriver
0x0000000048ff7000 	/System/Library/PrivateFrameworks/FamilyControls.framework/Versions/A/FamilyControls
0x0000000048ff7000 	/System/Library/PrivateFrameworks/CommerceKit.framework/Versions/A/Frameworks/CommerceCore.framework/Versions/A/CommerceCore
0x0000000048ff7000 	/System/Library/PrivateFrameworks/SystemAdministration.framework/Versions/A/SystemAdministration
0x0000000048ff7000 	/System/Library/PrivateFrameworks/AppContainer.framework/Versions/A/AppContainer
0x0000000048ff7000 	/System/Library/PrivateFrameworks/SecCodeWrapper.framework/Versions/A/SecCodeWrapper
0x0000000048ff7000 	/System/Library/Frameworks/DirectoryService.framework/Versions/A/DirectoryService
0x0000000048ff7000 	/System/Library/PrivateFrameworks/DiskImages.framework/Versions/A/DiskImages
0x0000000048ff7000 	/System/Library/PrivateFrameworks/LoginUIKit.framework/Versions/A/Frameworks/LoginUICore.framework/Versions/A/LoginUICore
0x0000000048ff7000 	/usr/lib/libCoreStorage.dylib
0x0000000048ff7000 	/usr/lib/libcsfde.dylib
0x0000000048ff7000 	/usr/lib/libodfde.dylib
0x0000000048ff7000 	/System/Library/Frameworks/DiscRecording.framework/Versions/A/DiscRecording
0x0000000048ff7000 	/usr/lib/libcurl.4.dylib
0x0000000048ff7000 	/System/Library/PrivateFrameworks/MediaKit.framework/Versions/A/MediaKit
0x0000000048ff7000 	/System/Library/PrivateFrameworks/ProtectedCloudStorage.framework/Versions/A/ProtectedCloudStorage
0x0000000048ff7000 	/System/Library/PrivateFrameworks/EFILogin.framework/Versions/A/EFILogin
0x0000000048ff7000 	/usr/lib/libutil.dylib
0x0000000048ff7000 	/System/Library/Frameworks/LDAP.framework/Versions/A/LDAP
0x0000000048ff7000 	/usr/lib/libsasl2.2.dylib
0x0000000048ff7000 	/System/Library/PrivateFrameworks/CoreDaemon.framework/Versions/B/CoreDaemon
0x0000000048ff7000 	/System/Library/PrivateFrameworks/AppleSRP.framework/Versions/A/AppleSRP
0x0000000048ff7000 	/System/Library/PrivateFrameworks/APFS.framework/Versions/A/APFS
0x0000000129208000 	/Library/Java/JavaVirtualMachines/jdk1.8.0_111.jdk/Contents/Home/jre/lib/libfontmanager.dylib
0x000000012926f000 	/Users/miguelgascon/NetBeansProjects/target/natives/liblwjgl.dylib
0x0000000125662000 	/Library/Java/JavaVirtualMachines/jdk1.8.0_111.jdk/Contents/Home/jre/lib/libjawt.dylib
0x0000000048ff7000 	/System/Library/PrivateFrameworks/ViewBridge.framework/Versions/A/ViewBridge
0x0000000048ff7000 	/System/Library/PrivateFrameworks/XPCService.framework/Versions/A/XPCService
0x0000000048ff7000 	/System/Library/PrivateFrameworks/AppSandbox.framework/Versions/A/AppSandbox
0x0000000048ff7000 	/usr/lib/libsandbox.1.dylib
0x0000000048ff7000 	/usr/lib/libMatch.1.dylib
0x000000012bc03000 	/Users/miguelgascon/NetBeansProjects/target/natives/libjinput-osx.jnilib
0x000000012bc08000 	/System/Library/Extensions/IOHIDFamily.kext/Contents/PlugIns/IOHIDLib.plugin/Contents/MacOS/IOHIDLib
0x000000012bc38000 	/Library/Java/JavaVirtualMachines/jdk1.8.0_111.jdk/Contents/Home/jre/lib/libnio.dylib
0x000000012bc48000 	/Library/Java/JavaVirtualMachines/jdk1.8.0_111.jdk/Contents/Home/jre/lib/./libnet.dylib
0x000000012bc63000 	/Library/Java/JavaVirtualMachines/jdk1.8.0_111.jdk/Contents/Home/jre/lib/libjpeg.dylib
0x0000000144ffb000 	/Library/Java/JavaVirtualMachines/jdk1.8.0_111.jdk/Contents/Home/jre/lib/liblcms.dylib
0x0000000048ff7000 	/System/Library/Frameworks/ApplicationServices.framework/Versions/A/Frameworks/ATS.framework/Versions/A/Resources/libType1Scaler.dylib
0x0000000170f94000 	/Users/miguelgascon/NetBeansProjects/target/natives/openal.dylib
0x000000017101a000 	/System/Library/Components/CoreAudio.component/Contents/MacOS/CoreAudio
0x0000000171218000 	/System/Library/Extensions/AppleHDA.kext/Contents/PlugIns/AppleHDAHALPlugIn.bundle/Contents/MacOS/AppleHDAHALPlugIn

VM Arguments:
jvm_args: -Djava.library.path=target/natives 
java_command: ca.qc.bdeb.projetIntegrateur.Main
java_class_path (initial): /Users/miguelgascon/NetBeansProjects/target/classes:/Users/miguelgascon/.m2/repository/org/slick2d/slick2d-core/1.0.2/slick2d-core-1.0.2.jar:/Users/miguelgascon/.m2/repository/org/lwjgl/lwjgl/lwjgl/2.9.3/lwjgl-2.9.3.jar:/Users/miguelgascon/.m2/repository/org/lwjgl/lwjgl/lwjgl-platform/2.9.3/lwjgl-platform-2.9.3-natives-windows.jar:/Users/miguelgascon/.m2/repository/org/lwjgl/lwjgl/lwjgl-platform/2.9.3/lwjgl-platform-2.9.3-natives-linux.jar:/Users/miguelgascon/.m2/repository/org/lwjgl/lwjgl/lwjgl-platform/2.9.3/lwjgl-platform-2.9.3-natives-osx.jar:/Users/miguelgascon/.m2/repository/net/java/jinput/jinput/2.0.5/jinput-2.0.5.jar:/Users/miguelgascon/.m2/repository/net/java/jutils/jutils/1.0.0/jutils-1.0.0.jar:/Users/miguelgascon/.m2/repository/net/java/jinput/jinput-platform/2.0.5/jinput-platform-2.0.5-natives-linux.jar:/Users/miguelgascon/.m2/repository/net/java/jinput/jinput-platform/2.0.5/jinput-platform-2.0.5-natives-windows.jar:/Users/miguelgascon/.m2/repository/net/java/jinput/jinput-platform/2.0.5/jinput-platform-2.0.5-natives-osx.jar:/Users/miguelgascon/.m2/repository/org/lwjgl/lwjgl/3.1.1/lwjgl-3.1.1-natives-windows.jar:/Users/miguelgascon/.m2/repository/com/googlecode/mavennatives/maven-nativedependencies-plugin/0.0.7/maven-nativedependencies-plugin-0.0.7.jar:/Users/miguelgascon/.m2/repository/org/apache/maven/maven-artifact/2.0.10/maven-artifact-2.0.10.jar:/Users/miguelgascon/.m2/repository/org/apache/maven/maven-plugin-api/2.0.10/maven-plugin-api-2.0.10.jar:/Users/miguelgascon/.m2/repository/org/apache/maven/maven-project/2.0.10/maven-project-2.0.10.jar:/Users/miguelgascon/.m2/repository/org/apache/maven/maven-settings/2.0.10/maven-settings-2.0.10.jar:/Users/miguelgascon/.m2/repository/org/apache/maven/maven-profile/2.0.10/maven-profile-2.0.10.jar:/Users/miguelgascon/.m2/repository/org/apache/maven/maven-artifact-manager/2.0.10/maven-artifact-manager-2.0.10.jar:/Users/miguelgascon/.m2/repository/org/apache/maven/maven-plugin-regi
Launcher Type: SUN_STANDARD

Environment Variables:
JAVA_HOME=/Library/Java/JavaVirtualMachines/jdk1.8.0_111.jdk/Contents/Home
PATH=/usr/bin:/bin:/usr/sbin:/sbin
SHELL=/bin/bash

Signal Handlers:
SIGSEGV: [libjvm.dylib+0x5b03ed], sa_mask[0]=11111111011111110111111111111111, sa_flags=SA_ONSTACK|SA_RESTART|SA_SIGINFO
SIGBUS: [libjvm.dylib+0x5b03ed], sa_mask[0]=11111111011111110111111111111111, sa_flags=SA_RESTART|SA_SIGINFO
SIGFPE: [libjvm.dylib+0x48711c], sa_mask[0]=11111111011111110111111111111111, sa_flags=SA_RESTART|SA_SIGINFO
SIGPIPE: [libjvm.dylib+0x48711c], sa_mask[0]=11111111011111110111111111111111, sa_flags=SA_RESTART|SA_SIGINFO
SIGXFSZ: [libjvm.dylib+0x48711c], sa_mask[0]=11111111011111110111111111111111, sa_flags=SA_RESTART|SA_SIGINFO
SIGILL: [libjvm.dylib+0x48711c], sa_mask[0]=11111111011111110111111111111111, sa_flags=SA_RESTART|SA_SIGINFO
SIGUSR1: SIG_DFL, sa_mask[0]=00000000000000000000000000000000, sa_flags=none
SIGUSR2: [libjvm.dylib+0x486c3a], sa_mask[0]=00100000000000000000000000000000, sa_flags=SA_RESTART|SA_SIGINFO
SIGHUP: [libjvm.dylib+0x485211], sa_mask[0]=11111111011111110111111111111111, sa_flags=SA_RESTART|SA_SIGINFO
SIGINT: SIG_IGN, sa_mask[0]=00000000000000000000000000000000, sa_flags=none
SIGTERM: [libjvm.dylib+0x485211], sa_mask[0]=11111111011111110111111111111111, sa_flags=SA_RESTART|SA_SIGINFO
SIGQUIT: [libjvm.dylib+0x485211], sa_mask[0]=11111111011111110111111111111111, sa_flags=SA_RESTART|SA_SIGINFO


---------------  S Y S T E M  ---------------

OS:Bsduname:Darwin 16.5.0 Darwin Kernel Version 16.5.0: Fri Mar  3 16:52:33 PST 2017; root:xnu-3789.51.2~3/RELEASE_X86_64 x86_64
rlimit: STACK 8192k, CORE 0k, NPROC 709, NOFILE 10240, AS infinity
load average:1.33 1.25 1.29

CPU:total 4 (2 cores per cpu, 2 threads per core) family 6 model 61 stepping 4, cmov, cx8, fxsr, mmx, sse, sse2, sse3, ssse3, sse4.1, sse4.2, popcnt, avx, avx2, aes, clmul, erms, 3dnowpref, lzcnt, ht, tsc, tscinvbit, bmi1, bmi2, adx

Memory: 4k page, physical 8388608k(372240k free)

/proc/meminfo:


vm_info: Java HotSpot(TM) 64-Bit Server VM (25.111-b14) for bsd-amd64 JRE (1.8.0_111-b14), built on Sep 22 2016 15:31:41 by "java_re" with gcc 4.2.1 (Based on Apple Inc. build 5658) (LLVM build 2336.11.00)

time: Mon May 22 16:29:25 2017
elapsed time: 29 seconds (0d 0h 0m 29s)

