#
# A fatal error has been detected by the Java Runtime Environment:
#
#  SIGSEGV (0xb) at pc=0x00007fffdc199d08, pid=2076, tid=0x0000000000000307
#
# JRE version: Java(TM) SE Runtime Environment (8.0_111-b14) (build 1.8.0_111-b14)
# Java VM: Java HotSpot(TM) 64-Bit Server VM (25.111-b14 mixed mode bsd-amd64 compressed oops)
# Problematic frame:
# C  [libobjc.A.dylib+0xbd08]  objc_storeWeak+0x16e
#
# Failed to write core dump. Core dumps have been disabled. To enable core dumping, try "ulimit -c unlimited" before starting Java again
#
# If you would like to submit a bug report, please visit:
#   http://bugreport.java.com/bugreport/crash.jsp
# The crash happened outside the Java Virtual Machine in native code.
# See problematic frame for where to report the bug.
#

---------------  T H R E A D  ---------------

Current thread (0x00007fcbc0a39800):  JavaThread "AppKit Thread" daemon [_thread_in_native, id=775, stack(0x00007fff5e307000,0x00007fff5eb07000)]

siginfo: si_signo: 11 (SIGSEGV), si_code: 1 (SEGV_MAPERR), si_addr: 0x0000000000000000

Registers:
RAX=0x00007fcbc1808e00, RBX=0x00007fffe58ee480, RCX=0x0000000000000000, RDX=0x00007ffffffffff8
RSP=0x00007fff5eaffb40, RBP=0x00007fff5eaffbc0, RSI=0x00007fcbc1809000, RDI=0x00007fffe58ee480
R8 =0x00000000000000ff, R9 =0x00007fcbbfd8ecf0, R10=0x0000000000000023, R11=0x00007fcbc0484430
R12=0x00007fffe58ef2c0, R13=0x0000000000000000, R14=0x00007fcbbff40bc0, R15=0x0000000000000000
RIP=0x00007fffdc199d08, EFLAGS=0x0000000000010206, ERR=0x0000000000000004
  TRAPNO=0x000000000000000e

Top of Stack: (sp=0x00007fff5eaffb40)
0x00007fff5eaffb40:   0000000000000000 00007fcbbfd53858
0x00007fff5eaffb50:   ffff803440271310 0000000000000e40
0x00007fff5eaffb60:   00007fffe5838630 0000000000000000
0x00007fff5eaffb70:   00007fffe58ef2c0 00007fcbbff40bc0
0x00007fff5eaffb80:   0000000000000000 00007fcbbfd66788
0x00007fff5eaffb90:   000000000000000f 00007fcbbfd8ecf0
0x00007fff5eaffba0:   0000000000000000 00007fcbbfd8ecf0
0x00007fff5eaffbb0:   00007fcbbfd536c0 00007fcbbff40bc0
0x00007fff5eaffbc0:   00007fff5eaffc00 00007fffc8d16d5f
0x00007fff5eaffbd0:   00007fff5eaffc00 0000000000000000
0x00007fff5eaffbe0:   00007fcbbff40bc0 00007fffc5a4c006
0x00007fff5eaffbf0:   00007fcbbfd8ecf0 00007fffdc195040
0x00007fff5eaffc00:   00007fff5eaffc30 00007fffc50e46fb
0x00007fff5eaffc10:   00007fffdc195040 00007fff5eaffcb8
0x00007fff5eaffc20:   00007fffc5a8f759 00007fffdc195040
0x00007fff5eaffc30:   00007fff5eaffc70 00007fffc54b1c73
0x00007fff5eaffc40:   0000000000000000 0000000000000000
0x00007fff5eaffc50:   0000000000000094 00007fffc5a7217f
0x00007fff5eaffc60:   00007fff5eaffcb8 0000000000000001
0x00007fff5eaffc70:   00007fff5eaffca0 00007fffc4f3bd48
0x00007fff5eaffc80:   0000000000000000 00007fcbbff40bc0
0x00007fff5eaffc90:   00007fcbbfd8ecf0 0000000000000000
0x00007fff5eaffca0:   00007fff5eaffd00 00007fffc50e4538
0x00007fff5eaffcb0:   0000000000000000 00007fffe5981060
0x00007fff5eaffcc0:   00000000c2000000 00007fffc54b1b84
0x00007fff5eaffcd0:   00007fffe1a50cf0 0000000000000000
0x00007fff5eaffce0:   00007fcbbff40bc0 00007fcbbfd8ecf0
0x00007fff5eaffcf0:   00007fcbbfd8ecf0 00007fcbbff40bc0
0x00007fff5eaffd00:   00007fff5eaffd30 000000011ddf7586
0x00007fff5eaffd10:   00007fcbbfd8ecf0 000000011de2bc60
0x00007fff5eaffd20:   00007fcbbfe3ede0 00007fcbbfe3ede0
0x00007fff5eaffd30:   00007fff5eb002a0 00007fffc4f5ee7b 

Instructions: (pc=0x00007fffdc199d08)
0x00007fffdc199ce8:   eb 07 48 8b 45 a0 48 8b 30 48 8b 45 c0 48 39 c6
0x00007fffdc199cf8:   74 2a 48 8b 46 20 48 89 c1 48 21 d1 48 8b 49 08
0x00007fffdc199d08:   f6 01 01 75 0a 48 8b 06 48 21 d0 48 8b 40 20 48
0x00007fffdc199d18:   21 d0 f6 40 03 20 0f 84 f8 fe ff ff 49 c1 e5 06 

Register to memory mapping:

RAX=0x00007fcbc1808e00 is an unknown value
RBX=0x00007fffe58ee480: _ZN12_GLOBAL__N_1L12SideTableBufE+0 in /usr/lib/libobjc.A.dylib at 0x00007fffdc18e000
RCX=0x0000000000000000 is an unknown value
RDX=0x00007ffffffffff8 is an unknown value
RSP=0x00007fff5eaffb40 is pointing into the stack for thread: 0x00007fcbc0a39800
RBP=0x00007fff5eaffbc0 is pointing into the stack for thread: 0x00007fcbc0a39800
RSI=0x00007fcbc1809000 is a thread
RDI=0x00007fffe58ee480: _ZN12_GLOBAL__N_1L12SideTableBufE+0 in /usr/lib/libobjc.A.dylib at 0x00007fffdc18e000
R8 =0x00000000000000ff is an unknown value
R9 =0x00007fcbbfd8ecf0 is an unknown value
R10=0x0000000000000023 is an unknown value
R11=0x00007fcbc0484430 is an unknown value
R12=0x00007fffe58ef2c0: _ZN12_GLOBAL__N_1L12SideTableBufE+0xe40 in /usr/lib/libobjc.A.dylib at 0x00007fffdc18e000
R13=0x0000000000000000 is an unknown value
R14=0x00007fcbbff40bc0 is an unknown value
R15=0x0000000000000000 is an unknown value


Stack: [0x00007fff5e307000,0x00007fff5eb07000],  sp=0x00007fff5eaffb40,  free space=8162k
Native frames: (J=compiled Java code, j=interpreted, Vv=VM code, C=native code)
C  [libobjc.A.dylib+0xbd08]  objc_storeWeak+0x16e
C  [Foundation+0x17d5f]  -[NSConcreteMapTable setObject:forKey:]+0x6a
C  [AppKit+0x3226fb]  -[NSView(NSOpenGLContextAssociation) _setOpenGLContext:]+0x9b
C  [AppKit+0x6efc73]  __27-[NSOpenGLContext setView:]_block_invoke+0xef
C  [AppKit+0x179d48]  NSPerformVisuallyAtomicChange+0x93
C  [AppKit+0x322538]  -[NSOpenGLContext setView:]+0x69
C  [liblwjgl.dylib+0xa586]  -[MacOSXOpenGLView lockFocus]+0x76
C  [AppKit+0x19ce7b]  -[NSView _recursiveDisplayRectIfNeededIgnoringOpacity:isVisibleRect:rectIsVisibleRectForView:topView:]+0x6ee
C  [AppKit+0x19d6d1]  -[NSView _recursiveDisplayRectIfNeededIgnoringOpacity:isVisibleRect:rectIsVisibleRectForView:topView:]+0xf44
C  [AppKit+0x19c2af]  -[NSThemeFrame _recursiveDisplayRectIfNeededIgnoringOpacity:isVisibleRect:rectIsVisibleRectForView:topView:]+0x14e
C  [AppKit+0x19a6d8]  -[NSView _displayRectIgnoringOpacity:isVisibleRect:rectIsVisibleRectForView:]+0x994
C  [AppKit+0x195fca]  -[NSView displayIfNeeded]+0x6d4
C  [AppKit+0x1958db]  -[NSWindow displayIfNeeded]+0xe6
C  [AppKit+0x8f5cb4]  ___NSWindowGetDisplayCycleObserver_block_invoke.6228+0x115
C  [AppKit+0x1953b9]  __37+[NSDisplayCycle currentDisplayCycle]_block_invoke+0x1c6
C  [QuartzCore+0x11da6]  CA::Transaction::run_commit_handlers(CATransactionPhase)+0x2e
C  [QuartzCore+0x11b8d8]  CA::Context::commit_transaction(CA::Transaction*)+0xa0
C  [QuartzCore+0x10881]  CA::Transaction::commit()+0x1db
C  [AppKit+0x4788b1]  __37+[NSDisplayCycle currentDisplayCycle]_block_invoke.31+0x143
C  [CoreFoundation+0xa6d37]  __CFRUNLOOP_IS_CALLING_OUT_TO_AN_OBSERVER_CALLBACK_FUNCTION__+0x17
C  [CoreFoundation+0xa6ca7]  __CFRunLoopDoObservers+0x187
C  [CoreFoundation+0x876d9]  __CFRunLoopRun+0x369
C  [CoreFoundation+0x87114]  CFRunLoopRunSpecific+0x1a4
C  [HIToolbox+0x30ebc]  RunCurrentEventLoopInMode+0xf0
C  [HIToolbox+0x30bf9]  ReceiveNextEventCommon+0xb8
C  [HIToolbox+0x30b26]  _BlockUntilNextEventMatchingListInModeWithFilter+0x47
C  [AppKit+0x46a54]  _DPSNextEvent+0x460
C  [AppKit+0x7c27ee]  -[NSApplication(NSEvent) _nextEventMatchingEventMask:untilDate:inMode:dequeue:]+0xaec
C  [libosxapp.dylib+0x23aa]  -[NSApplicationAWT nextEventMatchingMask:untilDate:inMode:dequeue:]+0x7c
C  [AppKit+0x3b3db]  -[NSApplication run]+0x39e
C  [libosxapp.dylib+0x214d]  +[NSApplicationAWT runAWTLoopWithApp:]+0x9c
C  [libawt_lwawt.dylib+0x444b3]  -[AWTStarter starter:]+0x389
C  [Foundation+0x717ba]  __NSThreadPerformPerform+0x146
C  [CoreFoundation+0xa7321]  __CFRUNLOOP_IS_CALLING_OUT_TO_A_SOURCE0_PERFORM_FUNCTION__+0x11
C  [CoreFoundation+0x8821d]  __CFRunLoopDoSources0+0x22d
C  [CoreFoundation+0x87716]  __CFRunLoopRun+0x3a6
C  [CoreFoundation+0x87114]  CFRunLoopRunSpecific+0x1a4
C  [java+0x6465]  CreateExecutionEnvironment+0x367
C  [java+0x218c]  JLI_Launch+0x7a0
C  [java+0x84c2]  main+0x65
C  [java+0x19e4]  start+0x34
C  0x0000000000000005


---------------  P R O C E S S  ---------------

Java Threads: ( => current thread )
  0x00007fcbc050d000 JavaThread "AWT-Shutdown" [_thread_blocked, id=29527, stack(0x0000700004fd6000,0x00007000050d6000)]
  0x00007fcbc0341000 JavaThread "Java2D Queue Flusher" daemon [_thread_blocked, id=64007, stack(0x00007000052e2000,0x00007000053e2000)]
  0x00007fcbc0325800 JavaThread "Java2D Disposer" daemon [_thread_blocked, id=59927, stack(0x00007000051df000,0x00007000052df000)]
=>0x00007fcbc0a39800 JavaThread "AppKit Thread" daemon [_thread_in_native, id=775, stack(0x00007fff5e307000,0x00007fff5eb07000)]
  0x00007fcbc1815800 JavaThread "Service Thread" daemon [_thread_blocked, id=18435, stack(0x0000700004d4d000,0x0000700004e4d000)]
  0x00007fcbc008d800 JavaThread "C1 CompilerThread2" daemon [_thread_blocked, id=17923, stack(0x0000700004c4a000,0x0000700004d4a000)]
  0x00007fcbc1814800 JavaThread "C2 CompilerThread1" daemon [_thread_blocked, id=17411, stack(0x0000700004b47000,0x0000700004c47000)]
  0x00007fcbc0027800 JavaThread "C2 CompilerThread0" daemon [_thread_blocked, id=16899, stack(0x0000700004a44000,0x0000700004b44000)]
  0x00007fcbc1806800 JavaThread "Signal Dispatcher" daemon [_thread_blocked, id=16387, stack(0x0000700004941000,0x0000700004a41000)]
  0x00007fcbc0002800 JavaThread "Finalizer" daemon [_thread_blocked, id=12547, stack(0x000070000483e000,0x000070000493e000)]
  0x00007fcbc1040800 JavaThread "Reference Handler" daemon [_thread_blocked, id=12035, stack(0x000070000473b000,0x000070000483b000)]
  0x00007fcbc1809000 JavaThread "main" [_thread_in_native, id=7171, stack(0x0000700004129000,0x0000700004229000)]

Other Threads:
  0x00007fcbc103e000 VMThread [stack: 0x0000700004638000,0x0000700004738000] [id=11523]
  0x00007fcbc105f800 WatcherThread [stack: 0x0000700004e50000,0x0000700004f50000] [id=18947]

VM state:not at safepoint (normal execution)

VM Mutex/Monitor currently owned by a thread: None

Heap:
 PSYoungGen      total 179712K, used 74727K [0x0000000795580000, 0x00000007a2680000, 0x00000007c0000000)
  eden space 158720K, 46% used [0x0000000795580000,0x0000000799d99c08,0x000000079f080000)
  from space 20992K, 4% used [0x00000007a1200000,0x00000007a12e0000,0x00000007a2680000)
  to   space 27648K, 0% used [0x000000079f080000,0x000000079f080000,0x00000007a0b80000)
 ParOldGen       total 111104K, used 51602K [0x0000000740000000, 0x0000000746c80000, 0x0000000795580000)
  object space 111104K, 46% used [0x0000000740000000,0x00000007432648c0,0x0000000746c80000)
 Metaspace       used 11808K, capacity 12033K, committed 12416K, reserved 1060864K
  class space    used 1217K, capacity 1311K, committed 1408K, reserved 1048576K

Card table byte_map: [0x0000000102d61000,0x0000000103162000] byte_map_base: 0x00000000ff361000

Marking Bits: (ParMarkBitMap*) 0x00000001022efd20
 Begin Bits: [0x000000010340d000, 0x000000010540d000)
 End Bits:   [0x000000010540d000, 0x000000010740d000)

Polling page: 0x00000001011b9000

CodeCache: size=245760Kb used=6130Kb max_used=6141Kb free=239629Kb
 bounds [0x000000010dd8a000, 0x000000010e39a000, 0x000000011cd8a000]
 total_blobs=2119 nmethods=1567 adapters=466
 compilation: enabled

Compilation events (10 events):
Event: 23.651 Thread 0x00007fcbc1814800 1568       4       java.net.URLClassLoader$2::run (5 bytes)
Event: 23.656 Thread 0x00007fcbc1814800 nmethod 1568 0x000000010e382450 code [0x000000010e3825e0, 0x000000010e3829d0]
Event: 23.835 Thread 0x00007fcbc0027800 1569       4       java.nio.Bits::copyFromArray (70 bytes)
Event: 23.836 Thread 0x00007fcbc0027800 nmethod 1569 0x000000010e382e50 code [0x000000010e382fa0, 0x000000010e383038]
Event: 24.118 Thread 0x00007fcbc1814800 1570   !   4       org.lwjgl.opengl.Display::isFullscreen (34 bytes)
Event: 24.120 Thread 0x00007fcbc1814800 nmethod 1570 0x000000010e3868d0 code [0x000000010e386a20, 0x000000010e386c58]
Event: 25.802 Thread 0x00007fcbc0027800 1571       4       java.nio.HeapByteBuffer::putInt (20 bytes)
Event: 25.804 Thread 0x00007fcbc0027800 nmethod 1571 0x000000010e381f90 code [0x000000010e3820e0, 0x000000010e382258]
Event: 25.935 Thread 0x00007fcbc1814800 1572       4       java.nio.HeapByteBuffer::getInt (18 bytes)
Event: 25.937 Thread 0x00007fcbc1814800 nmethod 1572 0x000000010e388290 code [0x000000010e3883e0, 0x000000010e388558]

GC Heap History (10 events):
Event: 3.241 GC heap before
{Heap before GC invocations=6 (full 1):
 PSYoungGen      total 59904K, used 59520K [0x0000000795580000, 0x0000000799c00000, 0x00000007c0000000)
  eden space 59392K, 100% used [0x0000000795580000,0x0000000798f80000,0x0000000798f80000)
  from space 512K, 25% used [0x0000000799b80000,0x0000000799ba0000,0x0000000799c00000)
  to   space 5120K, 0% used [0x0000000799200000,0x0000000799200000,0x0000000799700000)
 ParOldGen       total 109568K, used 55417K [0x0000000740000000, 0x0000000746b00000, 0x0000000795580000)
  object space 109568K, 50% used [0x0000000740000000,0x000000074361e678,0x0000000746b00000)
 Metaspace       used 10221K, capacity 10401K, committed 10624K, reserved 1058816K
  class space    used 1090K, capacity 1151K, committed 1152K, reserved 1048576K
Event: 3.252 GC heap after
Heap after GC invocations=6 (full 1):
 PSYoungGen      total 67072K, used 256K [0x0000000795580000, 0x000000079ec80000, 0x00000007c0000000)
  eden space 61952K, 0% used [0x0000000795580000,0x0000000795580000,0x0000000799200000)
  from space 5120K, 5% used [0x0000000799200000,0x0000000799240000,0x0000000799700000)
  to   space 25600K, 0% used [0x000000079d380000,0x000000079d380000,0x000000079ec80000)
 ParOldGen       total 109568K, used 73650K [0x0000000740000000, 0x0000000746b00000, 0x0000000795580000)
  object space 109568K, 67% used [0x0000000740000000,0x00000007447ecaa8,0x0000000746b00000)
 Metaspace       used 10221K, capacity 10401K, committed 10624K, reserved 1058816K
  class space    used 1090K, capacity 1151K, committed 1152K, reserved 1048576K
}
Event: 3.252 GC heap before
{Heap before GC invocations=7 (full 2):
 PSYoungGen      total 67072K, used 256K [0x0000000795580000, 0x000000079ec80000, 0x00000007c0000000)
  eden space 61952K, 0% used [0x0000000795580000,0x0000000795580000,0x0000000799200000)
  from space 5120K, 5% used [0x0000000799200000,0x0000000799240000,0x0000000799700000)
  to   space 25600K, 0% used [0x000000079d380000,0x000000079d380000,0x000000079ec80000)
 ParOldGen       total 109568K, used 73650K [0x0000000740000000, 0x0000000746b00000, 0x0000000795580000)
  object space 109568K, 67% used [0x0000000740000000,0x00000007447ecaa8,0x0000000746b00000)
 Metaspace       used 10221K, capacity 10401K, committed 10624K, reserved 1058816K
  class space    used 1090K, capacity 1151K, committed 1152K, reserved 1048576K
Event: 3.277 GC heap after
Heap after GC invocations=7 (full 2):
 PSYoungGen      total 67072K, used 0K [0x0000000795580000, 0x000000079ec80000, 0x00000007c0000000)
  eden space 61952K, 0% used [0x0000000795580000,0x0000000795580000,0x0000000799200000)
  from space 5120K, 0% used [0x0000000799200000,0x0000000799200000,0x0000000799700000)
  to   space 25600K, 0% used [0x000000079d380000,0x000000079d380000,0x000000079ec80000)
 ParOldGen       total 111104K, used 10802K [0x0000000740000000, 0x0000000746c80000, 0x0000000795580000)
  object space 111104K, 9% used [0x0000000740000000,0x0000000740a8c880,0x0000000746c80000)
 Metaspace       used 10221K, capacity 10401K, committed 10624K, reserved 1058816K
  class space    used 1090K, capacity 1151K, committed 1152K, reserved 1048576K
}
Event: 3.468 GC heap before
{Heap before GC invocations=8 (full 2):
 PSYoungGen      total 67072K, used 61952K [0x0000000795580000, 0x000000079ec80000, 0x00000007c0000000)
  eden space 61952K, 100% used [0x0000000795580000,0x0000000799200000,0x0000000799200000)
  from space 5120K, 0% used [0x0000000799200000,0x0000000799200000,0x0000000799700000)
  to   space 25600K, 0% used [0x000000079d380000,0x000000079d380000,0x000000079ec80000)
 ParOldGen       total 111104K, used 10802K [0x0000000740000000, 0x0000000746c80000, 0x0000000795580000)
  object space 111104K, 9% used [0x0000000740000000,0x0000000740a8c880,0x0000000746c80000)
 Metaspace       used 10250K, capacity 10465K, committed 10624K, reserved 1058816K
  class space    used 1091K, capacity 1151K, committed 1152K, reserved 1048576K
Event: 3.491 GC heap after
Heap after GC invocations=8 (full 2):
 PSYoungGen      total 124416K, used 20516K [0x0000000795580000, 0x000000079f900000, 0x00000007c0000000)
  eden space 98816K, 0% used [0x0000000795580000,0x0000000795580000,0x000000079b600000)
  from space 25600K, 80% used [0x000000079d380000,0x000000079e789020,0x000000079ec80000)
  to   space 30208K, 0% used [0x000000079b600000,0x000000079b600000,0x000000079d380000)
 ParOldGen       total 111104K, used 51586K [0x0000000740000000, 0x0000000746c80000, 0x0000000795580000)
  object space 111104K, 46% used [0x0000000740000000,0x00000007432608c0,0x0000000746c80000)
 Metaspace       used 10250K, capacity 10465K, committed 10624K, reserved 1058816K
  class space    used 1091K, capacity 1151K, committed 1152K, reserved 1048576K
}
Event: 6.125 GC heap before
{Heap before GC invocations=9 (full 2):
 PSYoungGen      total 124416K, used 115324K [0x0000000795580000, 0x000000079f900000, 0x00000007c0000000)
  eden space 98816K, 95% used [0x0000000795580000,0x000000079b2163c0,0x000000079b600000)
  from space 25600K, 80% used [0x000000079d380000,0x000000079e789020,0x000000079ec80000)
  to   space 30208K, 0% used [0x000000079b600000,0x000000079b600000,0x000000079d380000)
 ParOldGen       total 111104K, used 51586K [0x0000000740000000, 0x0000000746c80000, 0x0000000795580000)
  object space 111104K, 46% used [0x0000000740000000,0x00000007432608c0,0x0000000746c80000)
 Metaspace       used 11583K, capacity 11745K, committed 12032K, reserved 1060864K
  class space    used 1213K, capacity 1279K, committed 1280K, reserved 1048576K
Event: 6.131 GC heap after
Heap after GC invocations=9 (full 2):
 PSYoungGen      total 129024K, used 3969K [0x0000000795580000, 0x00000007a2d80000, 0x00000007c0000000)
  eden space 98816K, 0% used [0x0000000795580000,0x0000000795580000,0x000000079b600000)
  from space 30208K, 13% used [0x000000079b600000,0x000000079b9e0748,0x000000079d380000)
  to   space 28160K, 0% used [0x00000007a1200000,0x00000007a1200000,0x00000007a2d80000)
 ParOldGen       total 111104K, used 51594K [0x0000000740000000, 0x0000000746c80000, 0x0000000795580000)
  object space 111104K, 46% used [0x0000000740000000,0x00000007432628c0,0x0000000746c80000)
 Metaspace       used 11583K, capacity 11745K, committed 12032K, reserved 1060864K
  class space    used 1213K, capacity 1279K, committed 1280K, reserved 1048576K
}
Event: 12.452 GC heap before
{Heap before GC invocations=10 (full 2):
 PSYoungGen      total 129024K, used 102785K [0x0000000795580000, 0x00000007a2d80000, 0x00000007c0000000)
  eden space 98816K, 100% used [0x0000000795580000,0x000000079b600000,0x000000079b600000)
  from space 30208K, 13% used [0x000000079b600000,0x000000079b9e0748,0x000000079d380000)
  to   space 28160K, 0% used [0x00000007a1200000,0x00000007a1200000,0x00000007a2d80000)
 ParOldGen       total 111104K, used 51594K [0x0000000740000000, 0x0000000746c80000, 0x0000000795580000)
  object space 111104K, 46% used [0x0000000740000000,0x00000007432628c0,0x0000000746c80000)
 Metaspace       used 11760K, capacity 11969K, committed 12160K, reserved 1060864K
  class space    used 1216K, capacity 1311K, committed 1408K, reserved 1048576K
Event: 12.455 GC heap after
Heap after GC invocations=10 (full 2):
 PSYoungGen      total 179712K, used 896K [0x0000000795580000, 0x00000007a2680000, 0x00000007c0000000)
  eden space 158720K, 0% used [0x0000000795580000,0x0000000795580000,0x000000079f080000)
  from space 20992K, 4% used [0x00000007a1200000,0x00000007a12e0000,0x00000007a2680000)
  to   space 27648K, 0% used [0x000000079f080000,0x000000079f080000,0x00000007a0b80000)
 ParOldGen       total 111104K, used 51602K [0x0000000740000000, 0x0000000746c80000, 0x0000000795580000)
  object space 111104K, 46% used [0x0000000740000000,0x00000007432648c0,0x0000000746c80000)
 Metaspace       used 11760K, capacity 11969K, committed 12160K, reserved 1060864K
  class space    used 1216K, capacity 1311K, committed 1408K, reserved 1048576K
}

Deoptimization events (10 events):
Event: 5.367 Thread 0x00007fcbc1809000 Uncommon trap: reason=unstable_if action=reinterpret pc=0x000000010e052200 method=java.awt.image.ComponentColorModel.getAlpha(Ljava/lang/Object;)I @ 4
Event: 5.367 Thread 0x00007fcbc1809000 Uncommon trap: reason=unstable_if action=reinterpret pc=0x000000010e0605d4 method=java.awt.image.ComponentColorModel.getAlpha(Ljava/lang/Object;)I @ 4
Event: 5.730 Thread 0x00007fcbc1809000 Uncommon trap: reason=unstable_if action=reinterpret pc=0x000000010e1b32d4 method=com.jcraft.jogg.Buffer.read(I)I @ 23
Event: 6.746 Thread 0x00007fcbc1809000 Uncommon trap: reason=unstable_if action=reinterpret pc=0x000000010e24fa7c method=com.jcraft.jorbis.Floor1.inverse1(Lcom/jcraft/jorbis/Block;Ljava/lang/Object;Ljava/lang/Object;)Ljava/lang/Object; @ 31
Event: 6.746 Thread 0x00007fcbc1809000 Uncommon trap: reason=unstable_if action=reinterpret pc=0x000000010e22e86c method=com.jcraft.jorbis.Floor1.inverse2(Lcom/jcraft/jorbis/Block;Ljava/lang/Object;Ljava/lang/Object;[F)I @ 33
Event: 6.755 Thread 0x00007fcbc1809000 Uncommon trap: reason=unstable_if action=reinterpret pc=0x000000010e20a2ac method=com.jcraft.jorbis.DspState.synthesis_blockin(Lcom/jcraft/jorbis/Block;)I @ 701
Event: 6.755 Thread 0x00007fcbc1809000 Uncommon trap: reason=unstable_if action=reinterpret pc=0x000000010e2255bc method=org.newdawn.slick.openal.OggInputStream.readPCM()V @ 63
Event: 6.755 Thread 0x00007fcbc1809000 Uncommon trap: reason=unstable_if action=reinterpret pc=0x000000010e238094 method=org.newdawn.slick.openal.OggInputStream.atEnd()Z @ 4
Event: 6.755 Thread 0x00007fcbc1809000 Uncommon trap: reason=unstable_if action=reinterpret pc=0x000000010e1b0378 method=org.newdawn.slick.openal.OggInputStream.atEnd()Z @ 4
Event: 6.844 Thread 0x00007fcbc1809000 Uncommon trap: reason=unstable_if action=reinterpret pc=0x000000010e08d9fc method=java.nio.DirectByteBuffer.put([BII)Ljava/nio/ByteBuffer; @ 8

Internal exceptions (10 events):
Event: 1.031 Thread 0x00007fcbc1809000 Exception <a 'java/io/FileNotFoundException'> (0x0000000795a0c230) thrown at [/Users/java_re/workspace/8-2-build-macosx-x86_64/jdk8u111/7883/hotspot/src/share/vm/prims/jni.cpp, line 709]
Event: 2.532 Thread 0x00007fcbc1809000 Implicit null exception at 0x000000010e0723b6 to 0x000000010e0729b1
Event: 2.533 Thread 0x00007fcbc1809000 Implicit null exception at 0x000000010e0578e4 to 0x000000010e057b11
Event: 5.677 Thread 0x00007fcbc1809000 Exception <a 'java/security/PrivilegedActionException'> (0x000000079ab2c010) thrown at [/Users/java_re/workspace/8-2-build-macosx-x86_64/jdk8u111/7883/hotspot/src/share/vm/prims/jvm.cpp, line 1386]
Event: 5.677 Thread 0x00007fcbc1809000 Exception <a 'java/security/PrivilegedActionException'> (0x000000079ab2dbf8) thrown at [/Users/java_re/workspace/8-2-build-macosx-x86_64/jdk8u111/7883/hotspot/src/share/vm/prims/jvm.cpp, line 1386]
Event: 5.677 Thread 0x00007fcbc1809000 Exception <a 'java/security/PrivilegedActionException'> (0x000000079ab2ed18) thrown at [/Users/java_re/workspace/8-2-build-macosx-x86_64/jdk8u111/7883/hotspot/src/share/vm/prims/jvm.cpp, line 1386]
Event: 5.677 Thread 0x00007fcbc1809000 Exception <a 'java/security/PrivilegedActionException'> (0x000000079ab33e38) thrown at [/Users/java_re/workspace/8-2-build-macosx-x86_64/jdk8u111/7883/hotspot/src/share/vm/prims/jvm.cpp, line 1386]
Event: 5.677 Thread 0x00007fcbc1809000 Exception <a 'java/security/PrivilegedActionException'> (0x000000079ab34a90) thrown at [/Users/java_re/workspace/8-2-build-macosx-x86_64/jdk8u111/7883/hotspot/src/share/vm/prims/jvm.cpp, line 1386]
Event: 5.677 Thread 0x00007fcbc1809000 Exception <a 'java/security/PrivilegedActionException'> (0x000000079ab356b8) thrown at [/Users/java_re/workspace/8-2-build-macosx-x86_64/jdk8u111/7883/hotspot/src/share/vm/prims/jvm.cpp, line 1386]
Event: 6.746 Thread 0x00007fcbc1809000 Implicit null exception at 0x000000010e22c6a7 to 0x000000010e22e82d

Events (10 events):
Event: 12.460 Executing VM operation: BulkRevokeBias done
Event: 12.460 Thread 0x00007fcbc008d800 flushing nmethod 0x000000010de8b950
Event: 12.460 Thread 0x00007fcbc008d800 flushing nmethod 0x000000010de8c390
Event: 12.460 Thread 0x00007fcbc008d800 flushing nmethod 0x000000010de96650
Event: 12.460 Executing VM operation: RevokeBias
Event: 12.460 Executing VM operation: RevokeBias done
Event: 12.461 Executing VM operation: RevokeBias
Event: 12.461 Executing VM operation: RevokeBias done
Event: 27.215 loading class org/lwjgl/opengl/CallbackUtil
Event: 27.215 loading class org/lwjgl/opengl/CallbackUtil done


Dynamic libraries:
0x0000000051f11000 	/System/Library/Frameworks/Cocoa.framework/Versions/A/Cocoa
0x0000000051f11000 	/System/Library/Frameworks/Security.framework/Versions/A/Security
0x0000000051f11000 	/System/Library/Frameworks/ApplicationServices.framework/Versions/A/ApplicationServices
0x0000000051f11000 	/usr/lib/libz.1.dylib
0x0000000051f11000 	/usr/lib/libSystem.B.dylib
0x0000000051f11000 	/usr/lib/libobjc.A.dylib
0x0000000051f11000 	/System/Library/Frameworks/CoreFoundation.framework/Versions/A/CoreFoundation
0x0000000051f11000 	/System/Library/Frameworks/Foundation.framework/Versions/C/Foundation
0x0000000051f11000 	/System/Library/Frameworks/AppKit.framework/Versions/C/AppKit
0x0000000051f11000 	/System/Library/Frameworks/CoreData.framework/Versions/A/CoreData
0x0000000051f11000 	/System/Library/PrivateFrameworks/RemoteViewServices.framework/Versions/A/RemoteViewServices
0x0000000051f11000 	/System/Library/PrivateFrameworks/UIFoundation.framework/Versions/A/UIFoundation
0x0000000051f11000 	/System/Library/PrivateFrameworks/DFRFoundation.framework/Versions/A/DFRFoundation
0x0000000051f11000 	/usr/lib/libenergytrace.dylib
0x0000000051f11000 	/System/Library/PrivateFrameworks/SkyLight.framework/Versions/A/SkyLight
0x0000000051f11000 	/System/Library/Frameworks/CoreGraphics.framework/Versions/A/CoreGraphics
0x0000000051f11000 	/usr/lib/libScreenReader.dylib
0x0000000051f11000 	/System/Library/Frameworks/Accelerate.framework/Versions/A/Accelerate
0x0000000051f11000 	/System/Library/Frameworks/IOSurface.framework/Versions/A/IOSurface
0x0000000051f11000 	/System/Library/Frameworks/AudioToolbox.framework/Versions/A/AudioToolbox
0x0000000051f11000 	/System/Library/Frameworks/AudioUnit.framework/Versions/A/AudioUnit
0x0000000051f11000 	/System/Library/PrivateFrameworks/DataDetectorsCore.framework/Versions/A/DataDetectorsCore
0x0000000051f11000 	/System/Library/PrivateFrameworks/DesktopServicesPriv.framework/Versions/A/DesktopServicesPriv
0x0000000051f11000 	/System/Library/Frameworks/Carbon.framework/Versions/A/Frameworks/HIToolbox.framework/Versions/A/HIToolbox
0x0000000051f11000 	/usr/lib/libicucore.A.dylib
0x0000000051f11000 	/System/Library/Frameworks/QuartzCore.framework/Versions/A/QuartzCore
0x0000000051f11000 	/System/Library/Frameworks/Carbon.framework/Versions/A/Frameworks/SpeechRecognition.framework/Versions/A/SpeechRecognition
0x0000000051f11000 	/usr/lib/libauto.dylib
0x0000000051f11000 	/usr/lib/libxml2.2.dylib
0x0000000051f11000 	/System/Library/PrivateFrameworks/CoreUI.framework/Versions/A/CoreUI
0x0000000051f11000 	/System/Library/Frameworks/CoreAudio.framework/Versions/A/CoreAudio
0x0000000051f11000 	/System/Library/Frameworks/DiskArbitration.framework/Versions/A/DiskArbitration
0x0000000051f11000 	/usr/lib/liblangid.dylib
0x0000000051f11000 	/System/Library/PrivateFrameworks/MultitouchSupport.framework/Versions/A/MultitouchSupport
0x0000000051f11000 	/System/Library/Frameworks/IOKit.framework/Versions/A/IOKit
0x0000000051f11000 	/usr/lib/libDiagnosticMessagesClient.dylib
0x0000000051f11000 	/System/Library/Frameworks/CoreServices.framework/Versions/A/CoreServices
0x0000000051f11000 	/System/Library/PrivateFrameworks/PerformanceAnalysis.framework/Versions/A/PerformanceAnalysis
0x0000000051f11000 	/System/Library/PrivateFrameworks/GenerationalStorage.framework/Versions/A/GenerationalStorage
0x0000000051f11000 	/System/Library/Frameworks/OpenGL.framework/Versions/A/OpenGL
0x0000000051f11000 	/System/Library/Frameworks/CoreImage.framework/Versions/A/CoreImage
0x0000000051f11000 	/System/Library/Frameworks/CoreText.framework/Versions/A/CoreText
0x0000000051f11000 	/System/Library/Frameworks/ImageIO.framework/Versions/A/ImageIO
0x0000000051f11000 	/System/Library/PrivateFrameworks/Backup.framework/Versions/A/Backup
0x0000000051f11000 	/usr/lib/libarchive.2.dylib
0x0000000051f11000 	/System/Library/Frameworks/CFNetwork.framework/Versions/A/CFNetwork
0x0000000051f11000 	/System/Library/Frameworks/SystemConfiguration.framework/Versions/A/SystemConfiguration
0x0000000051f11000 	/usr/lib/libCRFSuite.dylib
0x0000000051f11000 	/usr/lib/libc++.1.dylib
0x0000000051f11000 	/usr/lib/libc++abi.dylib
0x0000000051f11000 	/usr/lib/system/libcache.dylib
0x0000000051f11000 	/usr/lib/system/libcommonCrypto.dylib
0x0000000051f11000 	/usr/lib/system/libcompiler_rt.dylib
0x0000000051f11000 	/usr/lib/system/libcopyfile.dylib
0x0000000051f11000 	/usr/lib/system/libcorecrypto.dylib
0x0000000051f11000 	/usr/lib/system/libdispatch.dylib
0x0000000051f11000 	/usr/lib/system/libdyld.dylib
0x0000000051f11000 	/usr/lib/system/libkeymgr.dylib
0x0000000051f11000 	/usr/lib/system/liblaunch.dylib
0x0000000051f11000 	/usr/lib/system/libmacho.dylib
0x0000000051f11000 	/usr/lib/system/libquarantine.dylib
0x0000000051f11000 	/usr/lib/system/libremovefile.dylib
0x0000000051f11000 	/usr/lib/system/libsystem_asl.dylib
0x0000000051f11000 	/usr/lib/system/libsystem_blocks.dylib
0x0000000051f11000 	/usr/lib/system/libsystem_c.dylib
0x0000000051f11000 	/usr/lib/system/libsystem_configuration.dylib
0x0000000051f11000 	/usr/lib/system/libsystem_coreservices.dylib
0x0000000051f11000 	/usr/lib/system/libsystem_coretls.dylib
0x0000000051f11000 	/usr/lib/system/libsystem_dnssd.dylib
0x0000000051f11000 	/usr/lib/system/libsystem_info.dylib
0x0000000051f11000 	/usr/lib/system/libsystem_kernel.dylib
0x0000000051f11000 	/usr/lib/system/libsystem_m.dylib
0x0000000051f11000 	/usr/lib/system/libsystem_malloc.dylib
0x0000000051f11000 	/usr/lib/system/libsystem_network.dylib
0x0000000051f11000 	/usr/lib/system/libsystem_networkextension.dylib
0x0000000051f11000 	/usr/lib/system/libsystem_notify.dylib
0x0000000051f11000 	/usr/lib/system/libsystem_platform.dylib
0x0000000051f11000 	/usr/lib/system/libsystem_pthread.dylib
0x0000000051f11000 	/usr/lib/system/libsystem_sandbox.dylib
0x0000000051f11000 	/usr/lib/system/libsystem_secinit.dylib
0x0000000051f11000 	/usr/lib/system/libsystem_symptoms.dylib
0x0000000051f11000 	/usr/lib/system/libsystem_trace.dylib
0x0000000051f11000 	/usr/lib/system/libunwind.dylib
0x0000000051f11000 	/usr/lib/system/libxpc.dylib
0x0000000051f11000 	/usr/lib/libbsm.0.dylib
0x0000000051f11000 	/usr/lib/system/libkxld.dylib
0x0000000051f11000 	/usr/lib/libcoretls.dylib
0x0000000051f11000 	/usr/lib/libcoretls_cfhelpers.dylib
0x0000000051f11000 	/usr/lib/libOpenScriptingUtil.dylib
0x0000000051f11000 	/usr/lib/libpam.2.dylib
0x0000000051f11000 	/usr/lib/libsqlite3.dylib
0x0000000051f11000 	/usr/lib/libxar.1.dylib
0x0000000051f11000 	/usr/lib/libbz2.1.0.dylib
0x0000000051f11000 	/usr/lib/liblzma.5.dylib
0x0000000051f11000 	/usr/lib/libnetwork.dylib
0x0000000051f11000 	/usr/lib/libpcap.A.dylib
0x0000000051f11000 	/System/Library/Frameworks/CoreServices.framework/Versions/A/Frameworks/FSEvents.framework/Versions/A/FSEvents
0x0000000051f11000 	/System/Library/Frameworks/CoreServices.framework/Versions/A/Frameworks/CarbonCore.framework/Versions/A/CarbonCore
0x0000000051f11000 	/System/Library/Frameworks/CoreServices.framework/Versions/A/Frameworks/Metadata.framework/Versions/A/Metadata
0x0000000051f11000 	/System/Library/Frameworks/CoreServices.framework/Versions/A/Frameworks/OSServices.framework/Versions/A/OSServices
0x0000000051f11000 	/System/Library/Frameworks/CoreServices.framework/Versions/A/Frameworks/SearchKit.framework/Versions/A/SearchKit
0x0000000051f11000 	/System/Library/Frameworks/CoreServices.framework/Versions/A/Frameworks/AE.framework/Versions/A/AE
0x0000000051f11000 	/System/Library/Frameworks/CoreServices.framework/Versions/A/Frameworks/LaunchServices.framework/Versions/A/LaunchServices
0x0000000051f11000 	/System/Library/Frameworks/CoreServices.framework/Versions/A/Frameworks/DictionaryServices.framework/Versions/A/DictionaryServices
0x0000000051f11000 	/System/Library/Frameworks/CoreServices.framework/Versions/A/Frameworks/SharedFileList.framework/Versions/A/SharedFileList
0x0000000051f11000 	/System/Library/Frameworks/NetFS.framework/Versions/A/NetFS
0x0000000051f11000 	/System/Library/PrivateFrameworks/NetAuth.framework/Versions/A/NetAuth
0x0000000051f11000 	/System/Library/PrivateFrameworks/login.framework/Versions/A/Frameworks/loginsupport.framework/Versions/A/loginsupport
0x0000000051f11000 	/System/Library/PrivateFrameworks/TCC.framework/Versions/A/TCC
0x0000000051f11000 	/usr/lib/libmecabra.dylib
0x0000000051f11000 	/System/Library/Frameworks/ApplicationServices.framework/Versions/A/Frameworks/ATS.framework/Versions/A/ATS
0x0000000051f11000 	/System/Library/Frameworks/ApplicationServices.framework/Versions/A/Frameworks/ColorSync.framework/Versions/A/ColorSync
0x0000000051f11000 	/System/Library/Frameworks/ApplicationServices.framework/Versions/A/Frameworks/HIServices.framework/Versions/A/HIServices
0x0000000051f11000 	/System/Library/Frameworks/ApplicationServices.framework/Versions/A/Frameworks/LangAnalysis.framework/Versions/A/LangAnalysis
0x0000000051f11000 	/System/Library/Frameworks/ApplicationServices.framework/Versions/A/Frameworks/PrintCore.framework/Versions/A/PrintCore
0x0000000051f11000 	/System/Library/Frameworks/ApplicationServices.framework/Versions/A/Frameworks/QD.framework/Versions/A/QD
0x0000000051f11000 	/System/Library/Frameworks/ApplicationServices.framework/Versions/A/Frameworks/SpeechSynthesis.framework/Versions/A/SpeechSynthesis
0x0000000051f11000 	/System/Library/Frameworks/Accelerate.framework/Versions/A/Frameworks/vImage.framework/Versions/A/vImage
0x0000000051f11000 	/System/Library/Frameworks/Accelerate.framework/Versions/A/Frameworks/vecLib.framework/Versions/A/vecLib
0x0000000051f11000 	/System/Library/Frameworks/Accelerate.framework/Versions/A/Frameworks/vecLib.framework/Versions/A/libvDSP.dylib
0x0000000051f11000 	/System/Library/Frameworks/Accelerate.framework/Versions/A/Frameworks/vecLib.framework/Versions/A/libBNNS.dylib
0x0000000051f11000 	/System/Library/Frameworks/Accelerate.framework/Versions/A/Frameworks/vecLib.framework/Versions/A/libQuadrature.dylib
0x0000000051f11000 	/System/Library/Frameworks/Accelerate.framework/Versions/A/Frameworks/vecLib.framework/Versions/A/libvMisc.dylib
0x0000000051f11000 	/System/Library/Frameworks/Accelerate.framework/Versions/A/Frameworks/vecLib.framework/Versions/A/libLAPACK.dylib
0x0000000051f11000 	/System/Library/Frameworks/Accelerate.framework/Versions/A/Frameworks/vecLib.framework/Versions/A/libBLAS.dylib
0x0000000051f11000 	/System/Library/Frameworks/Accelerate.framework/Versions/A/Frameworks/vecLib.framework/Versions/A/libLinearAlgebra.dylib
0x0000000051f11000 	/System/Library/Frameworks/Accelerate.framework/Versions/A/Frameworks/vecLib.framework/Versions/A/libSparseBLAS.dylib
0x0000000051f11000 	/System/Library/Frameworks/ApplicationServices.framework/Versions/A/Frameworks/ATS.framework/Versions/A/Resources/libFontParser.dylib
0x0000000051f11000 	/System/Library/Frameworks/ApplicationServices.framework/Versions/A/Frameworks/ATS.framework/Versions/A/Resources/libFontRegistry.dylib
0x0000000051f11000 	/System/Library/Frameworks/ImageIO.framework/Versions/A/Resources/libJPEG.dylib
0x0000000051f11000 	/System/Library/Frameworks/ImageIO.framework/Versions/A/Resources/libTIFF.dylib
0x0000000051f11000 	/System/Library/Frameworks/ImageIO.framework/Versions/A/Resources/libPng.dylib
0x0000000051f11000 	/System/Library/Frameworks/ImageIO.framework/Versions/A/Resources/libGIF.dylib
0x0000000051f11000 	/System/Library/Frameworks/ImageIO.framework/Versions/A/Resources/libJP2.dylib
0x0000000051f11000 	/System/Library/Frameworks/ImageIO.framework/Versions/A/Resources/libRadiance.dylib
0x0000000051f11000 	/usr/lib/libcompression.dylib
0x0000000051f11000 	/System/Library/PrivateFrameworks/AppleJPEG.framework/Versions/A/AppleJPEG
0x0000000051f11000 	/usr/lib/libcups.2.dylib
0x0000000051f11000 	/System/Library/Frameworks/Kerberos.framework/Versions/A/Kerberos
0x0000000051f11000 	/System/Library/Frameworks/GSS.framework/Versions/A/GSS
0x0000000051f11000 	/usr/lib/libresolv.9.dylib
0x0000000051f11000 	/usr/lib/libiconv.2.dylib
0x0000000051f11000 	/System/Library/PrivateFrameworks/Heimdal.framework/Versions/A/Heimdal
0x0000000051f11000 	/usr/lib/libheimdal-asn1.dylib
0x0000000051f11000 	/System/Library/Frameworks/OpenDirectory.framework/Versions/A/OpenDirectory
0x0000000051f11000 	/System/Library/PrivateFrameworks/CommonAuth.framework/Versions/A/CommonAuth
0x0000000051f11000 	/System/Library/Frameworks/OpenDirectory.framework/Versions/A/Frameworks/CFOpenDirectory.framework/Versions/A/CFOpenDirectory
0x0000000051f11000 	/System/Library/Frameworks/SecurityFoundation.framework/Versions/A/SecurityFoundation
0x0000000051f11000 	/System/Library/PrivateFrameworks/LanguageModeling.framework/Versions/A/LanguageModeling
0x0000000051f11000 	/usr/lib/libmarisa.dylib
0x0000000051f11000 	/usr/lib/libChineseTokenizer.dylib
0x0000000051f11000 	/usr/lib/libcmph.dylib
0x0000000051f11000 	/System/Library/PrivateFrameworks/CoreEmoji.framework/Versions/A/CoreEmoji
0x0000000051f11000 	/System/Library/Frameworks/ServiceManagement.framework/Versions/A/ServiceManagement
0x0000000051f11000 	/usr/lib/libxslt.1.dylib
0x0000000051f11000 	/System/Library/Frameworks/Carbon.framework/Versions/A/Frameworks/Ink.framework/Versions/A/Ink
0x0000000051f11000 	/System/Library/PrivateFrameworks/TextureIO.framework/Versions/A/TextureIO
0x0000000051f11000 	/System/Library/Frameworks/Metal.framework/Versions/A/Metal
0x0000000051f11000 	/usr/lib/libate.dylib
0x0000000051f11000 	/System/Library/PrivateFrameworks/GPUCompiler.framework/libmetal_timestamp.dylib
0x0000000051f11000 	/System/Library/Frameworks/OpenGL.framework/Versions/A/Libraries/libCoreFSCache.dylib
0x0000000051f11000 	/System/Library/PrivateFrameworks/IOAccelerator.framework/Versions/A/IOAccelerator
0x0000000051f11000 	/System/Library/Frameworks/CoreVideo.framework/Versions/A/CoreVideo
0x0000000051f11000 	/usr/lib/libFosl_dynamic.dylib
0x0000000051f11000 	/System/Library/PrivateFrameworks/MetalPerformanceShaders.framework/Versions/A/MetalPerformanceShaders
0x0000000051f11000 	/System/Library/PrivateFrameworks/FaceCore.framework/Versions/A/FaceCore
0x0000000051f11000 	/System/Library/Frameworks/OpenCL.framework/Versions/A/OpenCL
0x0000000051f11000 	/System/Library/Frameworks/OpenGL.framework/Versions/A/Libraries/libGLU.dylib
0x0000000051f11000 	/System/Library/Frameworks/OpenGL.framework/Versions/A/Libraries/libGFXShared.dylib
0x0000000051f11000 	/System/Library/Frameworks/OpenGL.framework/Versions/A/Libraries/libGL.dylib
0x0000000051f11000 	/System/Library/Frameworks/OpenGL.framework/Versions/A/Libraries/libGLImage.dylib
0x0000000051f11000 	/System/Library/Frameworks/OpenGL.framework/Versions/A/Libraries/libCVMSPluginSupport.dylib
0x0000000051f11000 	/System/Library/Frameworks/OpenGL.framework/Versions/A/Libraries/libCoreVMClient.dylib
0x0000000051f11000 	/System/Library/PrivateFrameworks/CrashReporterSupport.framework/Versions/A/CrashReporterSupport
0x0000000051f11000 	/System/Library/PrivateFrameworks/Sharing.framework/Versions/A/Sharing
0x0000000051f11000 	/System/Library/PrivateFrameworks/IconServices.framework/Versions/A/IconServices
0x0000000051f11000 	/System/Library/PrivateFrameworks/ProtocolBuffer.framework/Versions/A/ProtocolBuffer
0x0000000051f11000 	/System/Library/PrivateFrameworks/Apple80211.framework/Versions/A/Apple80211
0x0000000051f11000 	/System/Library/Frameworks/CoreWLAN.framework/Versions/A/CoreWLAN
0x0000000051f11000 	/System/Library/PrivateFrameworks/CoreUtils.framework/Versions/A/CoreUtils
0x0000000051f11000 	/System/Library/Frameworks/IOBluetooth.framework/Versions/A/IOBluetooth
0x0000000051f11000 	/System/Library/PrivateFrameworks/CoreWiFi.framework/Versions/A/CoreWiFi
0x0000000051f11000 	/System/Library/Frameworks/CoreBluetooth.framework/Versions/A/CoreBluetooth
0x0000000051f11000 	/System/Library/Frameworks/CoreDisplay.framework/Versions/A/CoreDisplay
0x0000000051f11000 	/System/Library/PrivateFrameworks/IOPresentment.framework/Versions/A/IOPresentment
0x0000000051f11000 	/System/Library/PrivateFrameworks/DSExternalDisplay.framework/Versions/A/DSExternalDisplay
0x0000000051f11000 	/System/Library/PrivateFrameworks/DebugSymbols.framework/Versions/A/DebugSymbols
0x0000000051f11000 	/System/Library/PrivateFrameworks/CoreSymbolication.framework/Versions/A/CoreSymbolication
0x0000000051f11000 	/System/Library/PrivateFrameworks/Symbolication.framework/Versions/A/Symbolication
0x0000000051f11000 	/System/Library/PrivateFrameworks/AppleFSCompression.framework/Versions/A/AppleFSCompression
0x0000000051f11000 	/System/Library/PrivateFrameworks/SpeechRecognitionCore.framework/Versions/A/SpeechRecognitionCore
0x0000000051f11000 	/System/Library/PrivateFrameworks/ChunkingLibrary.framework/Versions/A/ChunkingLibrary
0x0000000101a00000 	/Library/Java/JavaVirtualMachines/jdk1.8.0_111.jdk/Contents/Home/jre/lib/server/libjvm.dylib
0x0000000051f11000 	/usr/lib/libstdc++.6.dylib
0x0000000101176000 	/Library/Java/JavaVirtualMachines/jdk1.8.0_111.jdk/Contents/Home/jre/lib/libverify.dylib
0x0000000101184000 	/Library/Java/JavaVirtualMachines/jdk1.8.0_111.jdk/Contents/Home/jre/lib/libjava.dylib
0x00000001011c3000 	/Library/Java/JavaVirtualMachines/jdk1.8.0_111.jdk/Contents/Home/jre/lib/libzip.dylib
0x00000001092dc000 	/System/Library/Frameworks/JavaVM.framework/Frameworks/JavaRuntimeSupport.framework/JavaRuntimeSupport
0x00000001092f6000 	/System/Library/Frameworks/JavaVM.framework/Versions/A/Frameworks/JavaNativeFoundation.framework/Versions/A/JavaNativeFoundation
0x000000010930b000 	/System/Library/Frameworks/JavaVM.framework/Versions/A/JavaVM
0x0000000051f11000 	/System/Library/Frameworks/Carbon.framework/Versions/A/Carbon
0x0000000109318000 	/System/Library/PrivateFrameworks/JavaLaunching.framework/Versions/A/JavaLaunching
0x0000000051f11000 	/System/Library/Frameworks/Carbon.framework/Versions/A/Frameworks/CommonPanels.framework/Versions/A/CommonPanels
0x0000000051f11000 	/System/Library/Frameworks/Carbon.framework/Versions/A/Frameworks/Help.framework/Versions/A/Help
0x0000000051f11000 	/System/Library/Frameworks/Carbon.framework/Versions/A/Frameworks/ImageCapture.framework/Versions/A/ImageCapture
0x0000000051f11000 	/System/Library/Frameworks/Carbon.framework/Versions/A/Frameworks/OpenScripting.framework/Versions/A/OpenScripting
0x0000000051f11000 	/System/Library/Frameworks/Carbon.framework/Versions/A/Frameworks/Print.framework/Versions/A/Print
0x0000000051f11000 	/System/Library/Frameworks/Carbon.framework/Versions/A/Frameworks/SecurityHI.framework/Versions/A/SecurityHI
0x000000010acc9000 	/Library/Java/JavaVirtualMachines/jdk1.8.0_111.jdk/Contents/Home/jre/lib/libawt.dylib
0x000000010ad71000 	/Library/Java/JavaVirtualMachines/jdk1.8.0_111.jdk/Contents/Home/jre/lib/./libmlib_image.dylib
0x000000010ae3d000 	/Library/Java/JavaVirtualMachines/jdk1.8.0_111.jdk/Contents/Home/jre/lib/libawt_lwawt.dylib
0x000000010aef2000 	/Library/Java/JavaVirtualMachines/jdk1.8.0_111.jdk/Contents/Home/jre/lib/./libosxapp.dylib
0x0000000051f11000 	/System/Library/Frameworks/ExceptionHandling.framework/Versions/A/ExceptionHandling
0x0000000051f11000 	/System/Library/PrivateFrameworks/CoreServicesInternal.framework/Versions/A/CoreServicesInternal
0x0000000051f11000 	/System/Library/CoreServices/RawCamera.bundle/Contents/MacOS/RawCamera
0x000000010af86000 	/System/Library/Frameworks/Accelerate.framework/Frameworks/vImage.framework/Versions/A/Libraries/libCGInterfaces.dylib
0x0000000051f11000 	/System/Library/Frameworks/ApplicationServices.framework/Versions/A/Frameworks/ATS.framework/Versions/A/Resources/libTrueTypeScaler.dylib
0x000000010cc73000 	/System/Library/Frameworks/OpenGL.framework/Resources/GLEngine.bundle/GLEngine
0x0000000051f11000 	/System/Library/Frameworks/OpenGL.framework/Versions/A/Libraries/libGLProgrammability.dylib
0x000000010ce58000 	/System/Library/Extensions/AppleIntelBDWGraphicsGLDriver.bundle/Contents/MacOS/AppleIntelBDWGraphicsGLDriver
0x0000000051f11000 	/System/Library/PrivateFrameworks/GPUSupport.framework/Versions/A/Libraries/libGPUSupportMercury.dylib
0x000000010b5ee000 	/System/Library/Frameworks/OpenGL.framework/Resources//GLRendererFloat.bundle/GLRendererFloat
0x0000000051f11000 	/System/Library/Frameworks/OpenCL.framework/Versions/A/Libraries/libcldcpuengine.dylib
0x0000000051f11000 	/usr/lib/libcrypto.0.9.8.dylib
0x0000000051f11000 	/System/Library/PrivateFrameworks/TrustEvaluationAgent.framework/Versions/A/TrustEvaluationAgent
0x000000010d5c2000 	/System/Library/Extensions/AppleIntelBDWGraphicsMTLDriver.bundle/Contents/MacOS/AppleIntelBDWGraphicsMTLDriver
0x0000000051f11000 	/System/Library/PrivateFrameworks/FamilyControls.framework/Versions/A/FamilyControls
0x0000000051f11000 	/System/Library/PrivateFrameworks/CommerceKit.framework/Versions/A/Frameworks/CommerceCore.framework/Versions/A/CommerceCore
0x0000000051f11000 	/System/Library/PrivateFrameworks/SystemAdministration.framework/Versions/A/SystemAdministration
0x0000000051f11000 	/System/Library/PrivateFrameworks/AppContainer.framework/Versions/A/AppContainer
0x0000000051f11000 	/System/Library/PrivateFrameworks/SecCodeWrapper.framework/Versions/A/SecCodeWrapper
0x0000000051f11000 	/System/Library/Frameworks/DirectoryService.framework/Versions/A/DirectoryService
0x0000000051f11000 	/System/Library/PrivateFrameworks/DiskImages.framework/Versions/A/DiskImages
0x0000000051f11000 	/System/Library/PrivateFrameworks/LoginUIKit.framework/Versions/A/Frameworks/LoginUICore.framework/Versions/A/LoginUICore
0x0000000051f11000 	/usr/lib/libCoreStorage.dylib
0x0000000051f11000 	/usr/lib/libcsfde.dylib
0x0000000051f11000 	/usr/lib/libodfde.dylib
0x0000000051f11000 	/System/Library/Frameworks/DiscRecording.framework/Versions/A/DiscRecording
0x0000000051f11000 	/usr/lib/libcurl.4.dylib
0x0000000051f11000 	/System/Library/PrivateFrameworks/MediaKit.framework/Versions/A/MediaKit
0x0000000051f11000 	/System/Library/PrivateFrameworks/ProtectedCloudStorage.framework/Versions/A/ProtectedCloudStorage
0x0000000051f11000 	/System/Library/PrivateFrameworks/EFILogin.framework/Versions/A/EFILogin
0x0000000051f11000 	/usr/lib/libutil.dylib
0x0000000051f11000 	/System/Library/Frameworks/LDAP.framework/Versions/A/LDAP
0x0000000051f11000 	/usr/lib/libsasl2.2.dylib
0x0000000051f11000 	/System/Library/PrivateFrameworks/CoreDaemon.framework/Versions/B/CoreDaemon
0x0000000051f11000 	/System/Library/PrivateFrameworks/AppleSRP.framework/Versions/A/AppleSRP
0x0000000051f11000 	/System/Library/PrivateFrameworks/APFS.framework/Versions/A/APFS
0x000000011dd86000 	/Library/Java/JavaVirtualMachines/jdk1.8.0_111.jdk/Contents/Home/jre/lib/libfontmanager.dylib
0x000000011dded000 	/Users/miguelgascon/NetBeansProjects/target/natives/liblwjgl.dylib
0x000000010b19f000 	/Library/Java/JavaVirtualMachines/jdk1.8.0_111.jdk/Contents/Home/jre/lib/libjawt.dylib
0x0000000051f11000 	/System/Library/PrivateFrameworks/ViewBridge.framework/Versions/A/ViewBridge
0x0000000051f11000 	/System/Library/PrivateFrameworks/XPCService.framework/Versions/A/XPCService
0x0000000051f11000 	/System/Library/PrivateFrameworks/AppSandbox.framework/Versions/A/AppSandbox
0x0000000051f11000 	/usr/lib/libsandbox.1.dylib
0x0000000051f11000 	/usr/lib/libMatch.1.dylib
0x00000001207aa000 	/Users/miguelgascon/NetBeansProjects/target/natives/libjinput-osx.jnilib
0x00000001207af000 	/System/Library/Extensions/IOHIDFamily.kext/Contents/PlugIns/IOHIDLib.plugin/Contents/MacOS/IOHIDLib
0x00000001207df000 	/Library/Java/JavaVirtualMachines/jdk1.8.0_111.jdk/Contents/Home/jre/lib/libnio.dylib
0x00000001207ef000 	/Library/Java/JavaVirtualMachines/jdk1.8.0_111.jdk/Contents/Home/jre/lib/./libnet.dylib
0x000000012080a000 	/Library/Java/JavaVirtualMachines/jdk1.8.0_111.jdk/Contents/Home/jre/lib/libjpeg.dylib
0x0000000139fcf000 	/Library/Java/JavaVirtualMachines/jdk1.8.0_111.jdk/Contents/Home/jre/lib/liblcms.dylib
0x0000000051f11000 	/System/Library/Frameworks/ApplicationServices.framework/Versions/A/Frameworks/ATS.framework/Versions/A/Resources/libType1Scaler.dylib
0x00000001673b6000 	/Users/miguelgascon/NetBeansProjects/target/natives/openal.dylib
0x000000016743a000 	/System/Library/Components/CoreAudio.component/Contents/MacOS/CoreAudio
0x0000000167638000 	/System/Library/Extensions/AppleHDA.kext/Contents/PlugIns/AppleHDAHALPlugIn.bundle/Contents/MacOS/AppleHDAHALPlugIn

VM Arguments:
jvm_args: -Djava.library.path=target/natives 
java_command: ca.qc.bdeb.projetIntegrateur.Main
java_class_path (initial): /Users/miguelgascon/NetBeansProjects/target/classes:/Users/miguelgascon/.m2/repository/org/slick2d/slick2d-core/1.0.2/slick2d-core-1.0.2.jar:/Users/miguelgascon/.m2/repository/org/lwjgl/lwjgl/lwjgl/2.9.3/lwjgl-2.9.3.jar:/Users/miguelgascon/.m2/repository/org/lwjgl/lwjgl/lwjgl-platform/2.9.3/lwjgl-platform-2.9.3-natives-windows.jar:/Users/miguelgascon/.m2/repository/org/lwjgl/lwjgl/lwjgl-platform/2.9.3/lwjgl-platform-2.9.3-natives-linux.jar:/Users/miguelgascon/.m2/repository/org/lwjgl/lwjgl/lwjgl-platform/2.9.3/lwjgl-platform-2.9.3-natives-osx.jar:/Users/miguelgascon/.m2/repository/net/java/jinput/jinput/2.0.5/jinput-2.0.5.jar:/Users/miguelgascon/.m2/repository/net/java/jutils/jutils/1.0.0/jutils-1.0.0.jar:/Users/miguelgascon/.m2/repository/net/java/jinput/jinput-platform/2.0.5/jinput-platform-2.0.5-natives-linux.jar:/Users/miguelgascon/.m2/repository/net/java/jinput/jinput-platform/2.0.5/jinput-platform-2.0.5-natives-windows.jar:/Users/miguelgascon/.m2/repository/net/java/jinput/jinput-platform/2.0.5/jinput-platform-2.0.5-natives-osx.jar:/Users/miguelgascon/.m2/repository/org/lwjgl/lwjgl/3.1.1/lwjgl-3.1.1-natives-windows.jar:/Users/miguelgascon/.m2/repository/com/googlecode/mavennatives/maven-nativedependencies-plugin/0.0.7/maven-nativedependencies-plugin-0.0.7.jar:/Users/miguelgascon/.m2/repository/org/apache/maven/maven-artifact/2.0.10/maven-artifact-2.0.10.jar:/Users/miguelgascon/.m2/repository/org/apache/maven/maven-plugin-api/2.0.10/maven-plugin-api-2.0.10.jar:/Users/miguelgascon/.m2/repository/org/apache/maven/maven-project/2.0.10/maven-project-2.0.10.jar:/Users/miguelgascon/.m2/repository/org/apache/maven/maven-settings/2.0.10/maven-settings-2.0.10.jar:/Users/miguelgascon/.m2/repository/org/apache/maven/maven-profile/2.0.10/maven-profile-2.0.10.jar:/Users/miguelgascon/.m2/repository/org/apache/maven/maven-artifact-manager/2.0.10/maven-artifact-manager-2.0.10.jar:/Users/miguelgascon/.m2/repository/org/apache/maven/maven-plugin-regi
Launcher Type: SUN_STANDARD

Environment Variables:
JAVA_HOME=/Library/Java/JavaVirtualMachines/jdk1.8.0_111.jdk/Contents/Home
PATH=/usr/bin:/bin:/usr/sbin:/sbin
SHELL=/bin/bash

Signal Handlers:
SIGSEGV: [libjvm.dylib+0x5b03ed], sa_mask[0]=11111111011111110111111111111111, sa_flags=SA_ONSTACK|SA_RESTART|SA_SIGINFO
SIGBUS: [libjvm.dylib+0x5b03ed], sa_mask[0]=11111111011111110111111111111111, sa_flags=SA_RESTART|SA_SIGINFO
SIGFPE: [libjvm.dylib+0x48711c], sa_mask[0]=11111111011111110111111111111111, sa_flags=SA_RESTART|SA_SIGINFO
SIGPIPE: [libjvm.dylib+0x48711c], sa_mask[0]=11111111011111110111111111111111, sa_flags=SA_RESTART|SA_SIGINFO
SIGXFSZ: [libjvm.dylib+0x48711c], sa_mask[0]=11111111011111110111111111111111, sa_flags=SA_RESTART|SA_SIGINFO
SIGILL: [libjvm.dylib+0x48711c], sa_mask[0]=11111111011111110111111111111111, sa_flags=SA_RESTART|SA_SIGINFO
SIGUSR1: SIG_DFL, sa_mask[0]=00000000000000000000000000000000, sa_flags=none
SIGUSR2: [libjvm.dylib+0x486c3a], sa_mask[0]=00100000000000000000000000000000, sa_flags=SA_RESTART|SA_SIGINFO
SIGHUP: [libjvm.dylib+0x485211], sa_mask[0]=11111111011111110111111111111111, sa_flags=SA_RESTART|SA_SIGINFO
SIGINT: SIG_IGN, sa_mask[0]=00000000000000000000000000000000, sa_flags=none
SIGTERM: [libjvm.dylib+0x485211], sa_mask[0]=11111111011111110111111111111111, sa_flags=SA_RESTART|SA_SIGINFO
SIGQUIT: [libjvm.dylib+0x485211], sa_mask[0]=11111111011111110111111111111111, sa_flags=SA_RESTART|SA_SIGINFO


---------------  S Y S T E M  ---------------

OS:Bsduname:Darwin 16.6.0 Darwin Kernel Version 16.6.0: Fri Apr 14 16:21:16 PDT 2017; root:xnu-3789.60.24~6/RELEASE_X86_64 x86_64
rlimit: STACK 8192k, CORE 0k, NPROC 709, NOFILE 10240, AS infinity
load average:1.59 1.46 1.52

CPU:total 4 (2 cores per cpu, 2 threads per core) family 6 model 61 stepping 4, cmov, cx8, fxsr, mmx, sse, sse2, sse3, ssse3, sse4.1, sse4.2, popcnt, avx, avx2, aes, clmul, erms, 3dnowpref, lzcnt, ht, tsc, tscinvbit, bmi1, bmi2, adx

Memory: 4k page, physical 8388608k(548100k free)

/proc/meminfo:


vm_info: Java HotSpot(TM) 64-Bit Server VM (25.111-b14) for bsd-amd64 JRE (1.8.0_111-b14), built on Sep 22 2016 15:31:41 by "java_re" with gcc 4.2.1 (Based on Apple Inc. build 5658) (LLVM build 2336.11.00)

time: Tue May 23 14:29:24 2017
elapsed time: 27 seconds (0d 0h 0m 27s)

