#
# A fatal error has been detected by the Java Runtime Environment:
#
#  SIGSEGV (0xb) at pc=0x00007fffd3266f59, pid=3095, tid=0x0000000000000307
#
# JRE version: Java(TM) SE Runtime Environment (8.0_111-b14) (build 1.8.0_111-b14)
# Java VM: Java HotSpot(TM) 64-Bit Server VM (25.111-b14 mixed mode bsd-amd64 compressed oops)
# Problematic frame:
# C  [libobjc.A.dylib+0xbf59]  weak_register_no_lock+0x41
#
# Failed to write core dump. Core dumps have been disabled. To enable core dumping, try "ulimit -c unlimited" before starting Java again
#
# If you would like to submit a bug report, please visit:
#   http://bugreport.java.com/bugreport/crash.jsp
# The crash happened outside the Java Virtual Machine in native code.
# See problematic frame for where to report the bug.
#

---------------  T H R E A D  ---------------

Current thread (0x00007fdd56953800):  JavaThread "AppKit Thread" daemon [_thread_in_native, id=775, stack(0x00007fff59c56000,0x00007fff5a456000)]

siginfo: si_signo: 11 (SIGSEGV), si_code: 1 (SEGV_MAPERR), si_addr: 0x0000000000000020

Registers:
RAX=0x1000000000000000, RBX=0x00007fdd54e7ce70, RCX=0x0000000000000000, RDX=0x00007fdd54d56090
RSP=0x00007fff5a44eae0, RBP=0x00007fff5a44eb30, RSI=0x00007fdd54e7ce70, RDI=0x00007fffdc9b34a0
R8 =0x00000000000000ff, R9 =0x00007fdd54d87a60, R10=0x000000000000000f, R11=0x00007fdd55c456f0
R12=0x0000000000000001, R13=0x00007fffdc9b3480, R14=0x00007fffdc9b34a0, R15=0x00007fdd54d56090
RIP=0x00007fffd3266f59, EFLAGS=0x0000000000010246, ERR=0x0000000000000004
  TRAPNO=0x000000000000000e

Top of Stack: (sp=0x00007fff5a44eae0)
0x00007fff5a44eae0:   00007fffdc9b3480 00007fffdc9b3b40
0x00007fff5a44eaf0:   00007fff5a44eb80 00007fffd3266dd8
0x00007fff5a44eb00:   0000000000000000 00007fffdc9b3480
0x00007fff5a44eb10:   00007fdd54d56090 00007fffdc9b3480
0x00007fff5a44eb20:   00007fdd54e7ce70 0000000000000000
0x00007fff5a44eb30:   00007fff5a44ebc0 00007fffd3266d5f
0x00007fff5a44eb40:   0000000000000000 00007fdd54d80760
0x00007fff5a44eb50:   ffff8022ab2785a0 0000000000000000
0x00007fff5a44eb60:   00007fffdc8fd630 0000000000000000
0x00007fff5a44eb70:   00007fffdc9b3480 00007fdd54e7ce70
0x00007fff5a44eb80:   0000000000000000 00007fdd54d56090
0x00007fff5a44eb90:   0000000000000004 00007fdd54d87a60
0x00007fff5a44eba0:   0000000000000000 00007fdd54d87a60
0x00007fff5a44ebb0:   00007fdd54d894b0 00007fdd54e7ce70
0x00007fff5a44ebc0:   00007fff5a44ec00 00007fffbfdf9def
0x00007fff5a44ebd0:   00007fff5a44ec00 0000000000000000
0x00007fff5a44ebe0:   00007fdd54e7ce70 00007fffbcb32024
0x00007fff5a44ebf0:   00007fdd54d87a60 00007fffd3262040
0x00007fff5a44ec00:   00007fff5a44ec30 00007fffbc1caa3f
0x00007fff5a44ec10:   00007fffd3262040 00007fff5a44ecb8
0x00007fff5a44ec20:   00007fffbcb75777 00007fffd3262040
0x00007fff5a44ec30:   00007fff5a44ec70 00007fffbc597f5b
0x00007fff5a44ec40:   0000000000000000 0000000000000000
0x00007fff5a44ec50:   0000000000000094 00007fffbcb5819d
0x00007fff5a44ec60:   00007fff5a44ecb8 0000000000000001
0x00007fff5a44ec70:   00007fff5a44eca0 00007fffbc022118
0x00007fff5a44ec80:   0000000000000000 00007fdd54e7ce70
0x00007fff5a44ec90:   00007fdd54d87a60 0000000000000000
0x00007fff5a44eca0:   00007fff5a44ed00 00007fffbc1ca87c
0x00007fff5a44ecb0:   0000000000000000 00007fffdca46060
0x00007fff5a44ecc0:   00000000c2000000 00007fffbc597e6c
0x00007fff5a44ecd0:   00007fffd8b1dcf0 0000000000000000 

Instructions: (pc=0x00007fffd3266f59)
0x00007fffd3266f39:   db 0f 84 1c 01 00 00 f6 c3 01 0f 85 10 01 00 00
0x00007fffd3266f49:   48 8b 03 48 b9 f8 ff ff ff ff 7f 00 00 48 21 c1
0x00007fffd3266f59:   f6 41 20 02 75 34 4c 8d 2d 6a d6 74 09 49 8b 75
0x00007fffd3266f69:   00 48 89 df e8 a7 1d 00 00 48 89 c1 31 c0 48 3b 

Register to memory mapping:

RAX=0x1000000000000000 is an unknown value
RBX=0x00007fdd54e7ce70 is an unknown value
RCX=0x0000000000000000 is an unknown value
RDX=0x00007fdd54d56090 is an unknown value
RSP=0x00007fff5a44eae0 is pointing into the stack for thread: 0x00007fdd56953800
RBP=0x00007fff5a44eb30 is pointing into the stack for thread: 0x00007fdd56953800
RSI=0x00007fdd54e7ce70 is an unknown value
RDI=0x00007fffdc9b34a0: _ZN12_GLOBAL__N_1L12SideTableBufE+0x20 in /usr/lib/libobjc.A.dylib at 0x00007fffd325b000
R8 =0x00000000000000ff is an unknown value
R9 =0x00007fdd54d87a60 is an unknown value
R10=0x000000000000000f is an unknown value
R11=0x00007fdd55c456f0 is an unknown value
R12=0x0000000000000001 is an unknown value
R13=0x00007fffdc9b3480: _ZN12_GLOBAL__N_1L12SideTableBufE+0 in /usr/lib/libobjc.A.dylib at 0x00007fffd325b000
R14=0x00007fffdc9b34a0: _ZN12_GLOBAL__N_1L12SideTableBufE+0x20 in /usr/lib/libobjc.A.dylib at 0x00007fffd325b000
R15=0x00007fdd54d56090 is an unknown value


Stack: [0x00007fff59c56000,0x00007fff5a456000],  sp=0x00007fff5a44eae0,  free space=8162k
Native frames: (J=compiled Java code, j=interpreted, Vv=VM code, C=native code)
C  [libobjc.A.dylib+0xbf59]  weak_register_no_lock+0x41
C  [libobjc.A.dylib+0xbd5f]  objc_storeWeak+0x1c5
C  [Foundation+0x17def]  -[NSConcreteMapTable setObject:forKey:]+0x6a
C  [AppKit+0x322a3f]  -[NSView(NSOpenGLContextAssociation) _setOpenGLContext:]+0x9b
C  [AppKit+0x6eff5b]  __27-[NSOpenGLContext setView:]_block_invoke+0xef
C  [AppKit+0x17a118]  NSPerformVisuallyAtomicChange+0x93
C  [AppKit+0x32287c]  -[NSOpenGLContext setView:]+0x69
C  [liblwjgl.dylib+0xa586]  -[MacOSXOpenGLView lockFocus]+0x76
C  [AppKit+0x19d24b]  -[NSView _recursiveDisplayRectIfNeededIgnoringOpacity:isVisibleRect:rectIsVisibleRectForView:topView:]+0x6ee
C  [AppKit+0x19daa1]  -[NSView _recursiveDisplayRectIfNeededIgnoringOpacity:isVisibleRect:rectIsVisibleRectForView:topView:]+0xf44
C  [AppKit+0x19c67f]  -[NSThemeFrame _recursiveDisplayRectIfNeededIgnoringOpacity:isVisibleRect:rectIsVisibleRectForView:topView:]+0x14e
C  [AppKit+0x19aaa8]  -[NSView _displayRectIgnoringOpacity:isVisibleRect:rectIsVisibleRectForView:]+0x994
C  [AppKit+0x19639a]  -[NSView displayIfNeeded]+0x6d4
C  [AppKit+0x195cab]  -[NSWindow displayIfNeeded]+0xe6
C  [AppKit+0x8f5d24]  ___NSWindowGetDisplayCycleObserver_block_invoke.6228+0x115
C  [AppKit+0x195789]  __37+[NSDisplayCycle currentDisplayCycle]_block_invoke+0x1c6
C  [QuartzCore+0x11dc6]  _ZN2CA11Transaction19run_commit_handlersE18CATransactionPhase+0x2e
C  [QuartzCore+0x11b8f0]  _ZN2CA7Context18commit_transactionEPNS_11TransactionE+0xa0
C  [QuartzCore+0x108a1]  _ZN2CA11Transaction6commitEv+0x1db
C  [AppKit+0x478b99]  __37+[NSDisplayCycle currentDisplayCycle]_block_invoke.31+0x143
C  [CoreFoundation+0xa6dd7]  __CFRUNLOOP_IS_CALLING_OUT_TO_AN_OBSERVER_CALLBACK_FUNCTION__+0x17
C  [CoreFoundation+0xa6d47]  __CFRunLoopDoObservers+0x187
C  [CoreFoundation+0x87789]  __CFRunLoopRun+0x369
C  [CoreFoundation+0x871c4]  CFRunLoopRunSpecific+0x1a4
C  [HIToolbox+0x30ebc]  RunCurrentEventLoopInMode+0xf0
C  [HIToolbox+0x30bf9]  ReceiveNextEventCommon+0xb8
C  [HIToolbox+0x30b26]  _BlockUntilNextEventMatchingListInModeWithFilter+0x47
C  [AppKit+0x46e24]  _DPSNextEvent+0x460
C  [AppKit+0x7c285e]  -[NSApplication(NSEvent) _nextEventMatchingEventMask:untilDate:inMode:dequeue:]+0xaec
C  [libosxapp.dylib+0x23aa]  -[NSApplicationAWT nextEventMatchingMask:untilDate:inMode:dequeue:]+0x7c
C  [AppKit+0x3b7ab]  -[NSApplication run]+0x39e
C  [libosxapp.dylib+0x214d]  +[NSApplicationAWT runAWTLoopWithApp:]+0x9c
C  [libawt_lwawt.dylib+0x444b3]  -[AWTStarter starter:]+0x389
C  [Foundation+0x7184a]  __NSThreadPerformPerform+0x146
C  [CoreFoundation+0xa73c1]  __CFRUNLOOP_IS_CALLING_OUT_TO_A_SOURCE0_PERFORM_FUNCTION__+0x11
C  [CoreFoundation+0x882cd]  __CFRunLoopDoSources0+0x22d
C  [CoreFoundation+0x877c6]  __CFRunLoopRun+0x3a6
C  [CoreFoundation+0x871c4]  CFRunLoopRunSpecific+0x1a4
C  [java+0x6465]  CreateExecutionEnvironment+0x367
C  [java+0x218c]  JLI_Launch+0x7a0
C  [java+0x84c2]  main+0x65
C  [java+0x19e4]  start+0x34
C  0x0000000000000005


---------------  P R O C E S S  ---------------

Java Threads: ( => current thread )
  0x00007fdd569c1000 JavaThread "AWT-Shutdown" [_thread_blocked, id=37127, stack(0x0000700001cd7000,0x0000700001dd7000)]
  0x00007fdd561f4800 JavaThread "Java2D Queue Flusher" daemon [_thread_blocked, id=64263, stack(0x0000700002f96000,0x0000700003096000)]
  0x00007fdd55b60800 JavaThread "Java2D Disposer" daemon [_thread_blocked, id=60175, stack(0x0000700002e93000,0x0000700002f93000)]
=>0x00007fdd56953800 JavaThread "AppKit Thread" daemon [_thread_in_native, id=775, stack(0x00007fff59c56000,0x00007fff5a456000)]
  0x00007fdd5681f800 JavaThread "Service Thread" daemon [_thread_blocked, id=18691, stack(0x0000700002a01000,0x0000700002b01000)]
  0x00007fdd5581c000 JavaThread "C1 CompilerThread2" daemon [_thread_blocked, id=18179, stack(0x00007000028fe000,0x00007000029fe000)]
  0x00007fdd56029800 JavaThread "C2 CompilerThread1" daemon [_thread_blocked, id=17667, stack(0x00007000027fb000,0x00007000028fb000)]
  0x00007fdd5581b800 JavaThread "C2 CompilerThread0" daemon [_thread_blocked, id=17155, stack(0x00007000026f8000,0x00007000027f8000)]
  0x00007fdd5681e800 JavaThread "Signal Dispatcher" daemon [_thread_blocked, id=16643, stack(0x00007000025f5000,0x00007000026f5000)]
  0x00007fdd5502b800 JavaThread "Finalizer" daemon [_thread_blocked, id=12547, stack(0x00007000024f2000,0x00007000025f2000)]
  0x00007fdd56039800 JavaThread "Reference Handler" daemon [_thread_blocked, id=12035, stack(0x00007000023ef000,0x00007000024ef000)]
  0x00007fdd55012000 JavaThread "main" [_thread_in_native, id=7171, stack(0x0000700001ddd000,0x0000700001edd000)]

Other Threads:
  0x00007fdd55812800 VMThread [stack: 0x00007000022ec000,0x00007000023ec000] [id=11523]
  0x00007fdd5502e000 WatcherThread [stack: 0x0000700002b04000,0x0000700002c04000] [id=19203]

VM state:not at safepoint (normal execution)

VM Mutex/Monitor currently owned by a thread: None

Heap:
 PSYoungGen      total 192000K, used 17623K [0x0000000795580000, 0x00000007a3280000, 0x00000007c0000000)
  eden space 172032K, 9% used [0x0000000795580000,0x00000007965c5d88,0x000000079fd80000)
  from space 19968K, 4% used [0x00000007a1f00000,0x00000007a1ff0000,0x00000007a3280000)
  to   space 27136K, 0% used [0x000000079fd80000,0x000000079fd80000,0x00000007a1800000)
 ParOldGen       total 106496K, used 43502K [0x0000000740000000, 0x0000000746800000, 0x0000000795580000)
  object space 106496K, 40% used [0x0000000740000000,0x0000000742a7bac0,0x0000000746800000)
 Metaspace       used 11809K, capacity 12037K, committed 12416K, reserved 1060864K
  class space    used 1218K, capacity 1311K, committed 1408K, reserved 1048576K

Card table byte_map: [0x0000000107561000,0x0000000107962000] byte_map_base: 0x0000000103b61000

Marking Bits: (ParMarkBitMap*) 0x0000000106aefd20
 Begin Bits: [0x0000000118309000, 0x000000011a309000)
 End Bits:   [0x000000011a309000, 0x000000011c309000)

Polling page: 0x000000010586a000

CodeCache: size=245760Kb used=6026Kb max_used=6037Kb free=239733Kb
 bounds [0x0000000109309000, 0x00000001098f9000, 0x0000000118309000]
 total_blobs=2110 nmethods=1558 adapters=466
 compilation: enabled

Compilation events (10 events):
Event: 28.259 Thread 0x00007fdd5581c000 1558       3       sun.java2d.pipe.RenderQueue::unlock (4 bytes)
Event: 28.259 Thread 0x00007fdd5581c000 nmethod 1558 0x00000001098ee550 code [0x00000001098ee6e0, 0x00000001098eea48]
Event: 28.259 Thread 0x00007fdd5581c000 1559       3       sun.awt.SunToolkit::awtUnlock (7 bytes)
Event: 28.259 Thread 0x00007fdd5581c000 nmethod 1559 0x00000001098edfd0 code [0x00000001098ee140, 0x00000001098ee428]
Event: 28.363 Thread 0x00007fdd5581c000 1560       3       sun.java2d.pipe.RenderQueue::tryLock (4 bytes)
Event: 28.363 Thread 0x00007fdd5581c000 nmethod 1560 0x00000001098f18d0 code [0x00000001098f1a60, 0x00000001098f1dc8]
Event: 28.363 Thread 0x00007fdd5581c000 1561       3       sun.awt.SunToolkit::awtTryLock (7 bytes)
Event: 28.364 Thread 0x00007fdd5581c000 nmethod 1561 0x00000001098f1350 code [0x00000001098f14c0, 0x00000001098f17a8]
Event: 28.419 Thread 0x00007fdd56029800 1562   !   4       org.lwjgl.opengl.Display::isFullscreen (34 bytes)
Event: 28.420 Thread 0x00007fdd56029800 nmethod 1562 0x00000001098efa10 code [0x00000001098efb60, 0x00000001098efd98]

GC Heap History (10 events):
Event: 2.835 GC heap before
{Heap before GC invocations=6 (full 1):
 PSYoungGen      total 61440K, used 61056K [0x0000000795580000, 0x0000000799c00000, 0x00000007c0000000)
  eden space 60928K, 100% used [0x0000000795580000,0x0000000799100000,0x0000000799100000)
  from space 512K, 25% used [0x0000000799b80000,0x0000000799ba0000,0x0000000799c00000)
  to   space 5120K, 0% used [0x0000000799200000,0x0000000799200000,0x0000000799700000)
 ParOldGen       total 108032K, used 55433K [0x0000000740000000, 0x0000000746980000, 0x0000000795580000)
  object space 108032K, 51% used [0x0000000740000000,0x0000000743622500,0x0000000746980000)
 Metaspace       used 10232K, capacity 10401K, committed 10624K, reserved 1058816K
  class space    used 1091K, capacity 1151K, committed 1152K, reserved 1048576K
Event: 2.845 GC heap after
Heap after GC invocations=6 (full 1):
 PSYoungGen      total 67072K, used 256K [0x0000000795580000, 0x000000079f200000, 0x00000007c0000000)
  eden space 61952K, 0% used [0x0000000795580000,0x0000000795580000,0x0000000799200000)
  from space 5120K, 5% used [0x0000000799200000,0x0000000799240000,0x0000000799700000)
  to   space 25600K, 0% used [0x000000079d900000,0x000000079d900000,0x000000079f200000)
 ParOldGen       total 108032K, used 73666K [0x0000000740000000, 0x0000000746980000, 0x0000000795580000)
  object space 108032K, 68% used [0x0000000740000000,0x00000007447f0930,0x0000000746980000)
 Metaspace       used 10232K, capacity 10401K, committed 10624K, reserved 1058816K
  class space    used 1091K, capacity 1151K, committed 1152K, reserved 1048576K
}
Event: 2.845 GC heap before
{Heap before GC invocations=7 (full 2):
 PSYoungGen      total 67072K, used 256K [0x0000000795580000, 0x000000079f200000, 0x00000007c0000000)
  eden space 61952K, 0% used [0x0000000795580000,0x0000000795580000,0x0000000799200000)
  from space 5120K, 5% used [0x0000000799200000,0x0000000799240000,0x0000000799700000)
  to   space 25600K, 0% used [0x000000079d900000,0x000000079d900000,0x000000079f200000)
 ParOldGen       total 108032K, used 73666K [0x0000000740000000, 0x0000000746980000, 0x0000000795580000)
  object space 108032K, 68% used [0x0000000740000000,0x00000007447f0930,0x0000000746980000)
 Metaspace       used 10232K, capacity 10401K, committed 10624K, reserved 1058816K
  class space    used 1091K, capacity 1151K, committed 1152K, reserved 1048576K
Event: 2.867 GC heap after
Heap after GC invocations=7 (full 2):
 PSYoungGen      total 67072K, used 0K [0x0000000795580000, 0x000000079f200000, 0x00000007c0000000)
  eden space 61952K, 0% used [0x0000000795580000,0x0000000795580000,0x0000000799200000)
  from space 5120K, 0% used [0x0000000799200000,0x0000000799200000,0x0000000799700000)
  to   space 25600K, 0% used [0x000000079d900000,0x000000079d900000,0x000000079f200000)
 ParOldGen       total 106496K, used 10802K [0x0000000740000000, 0x0000000746800000, 0x0000000795580000)
  object space 106496K, 10% used [0x0000000740000000,0x0000000740a8ca90,0x0000000746800000)
 Metaspace       used 10232K, capacity 10401K, committed 10624K, reserved 1058816K
  class space    used 1091K, capacity 1151K, committed 1152K, reserved 1048576K
}
Event: 3.044 GC heap before
{Heap before GC invocations=8 (full 2):
 PSYoungGen      total 67072K, used 61952K [0x0000000795580000, 0x000000079f200000, 0x00000007c0000000)
  eden space 61952K, 100% used [0x0000000795580000,0x0000000799200000,0x0000000799200000)
  from space 5120K, 0% used [0x0000000799200000,0x0000000799200000,0x0000000799700000)
  to   space 25600K, 0% used [0x000000079d900000,0x000000079d900000,0x000000079f200000)
 ParOldGen       total 106496K, used 10802K [0x0000000740000000, 0x0000000746800000, 0x0000000795580000)
  object space 106496K, 10% used [0x0000000740000000,0x0000000740a8ca90,0x0000000746800000)
 Metaspace       used 10265K, capacity 10465K, committed 10624K, reserved 1058816K
  class space    used 1094K, capacity 1151K, committed 1152K, reserved 1048576K
Event: 3.063 GC heap after
Heap after GC invocations=8 (full 2):
 PSYoungGen      total 130048K, used 20516K [0x0000000795580000, 0x000000079fb80000, 0x00000007c0000000)
  eden space 104448K, 0% used [0x0000000795580000,0x0000000795580000,0x000000079bb80000)
  from space 25600K, 80% used [0x000000079d900000,0x000000079ed09020,0x000000079f200000)
  to   space 30208K, 0% used [0x000000079bb80000,0x000000079bb80000,0x000000079d900000)
 ParOldGen       total 106496K, used 43486K [0x0000000740000000, 0x0000000746800000, 0x0000000795580000)
  object space 106496K, 40% used [0x0000000740000000,0x0000000742a77ac0,0x0000000746800000)
 Metaspace       used 10265K, capacity 10465K, committed 10624K, reserved 1058816K
  class space    used 1094K, capacity 1151K, committed 1152K, reserved 1048576K
}
Event: 5.287 GC heap before
{Heap before GC invocations=9 (full 2):
 PSYoungGen      total 130048K, used 117150K [0x0000000795580000, 0x000000079fb80000, 0x00000007c0000000)
  eden space 104448K, 92% used [0x0000000795580000,0x000000079b3de938,0x000000079bb80000)
  from space 25600K, 80% used [0x000000079d900000,0x000000079ed09020,0x000000079f200000)
  to   space 30208K, 0% used [0x000000079bb80000,0x000000079bb80000,0x000000079d900000)
 ParOldGen       total 106496K, used 43486K [0x0000000740000000, 0x0000000746800000, 0x0000000795580000)
  object space 106496K, 40% used [0x0000000740000000,0x0000000742a77ac0,0x0000000746800000)
 Metaspace       used 11583K, capacity 11749K, committed 12032K, reserved 1060864K
  class space    used 1214K, capacity 1279K, committed 1280K, reserved 1048576K
Event: 5.292 GC heap after
Heap after GC invocations=9 (full 2):
 PSYoungGen      total 134656K, used 6036K [0x0000000795580000, 0x00000007a3a00000, 0x00000007c0000000)
  eden space 104448K, 0% used [0x0000000795580000,0x0000000795580000,0x000000079bb80000)
  from space 30208K, 19% used [0x000000079bb80000,0x000000079c165310,0x000000079d900000)
  to   space 27648K, 0% used [0x00000007a1f00000,0x00000007a1f00000,0x00000007a3a00000)
 ParOldGen       total 106496K, used 43494K [0x0000000740000000, 0x0000000746800000, 0x0000000795580000)
  object space 106496K, 40% used [0x0000000740000000,0x0000000742a79ac0,0x0000000746800000)
 Metaspace       used 11583K, capacity 11749K, committed 12032K, reserved 1060864K
  class space    used 1214K, capacity 1279K, committed 1280K, reserved 1048576K
}
Event: 23.351 GC heap before
{Heap before GC invocations=10 (full 2):
 PSYoungGen      total 134656K, used 110484K [0x0000000795580000, 0x00000007a3a00000, 0x00000007c0000000)
  eden space 104448K, 100% used [0x0000000795580000,0x000000079bb80000,0x000000079bb80000)
  from space 30208K, 19% used [0x000000079bb80000,0x000000079c165310,0x000000079d900000)
  to   space 27648K, 0% used [0x00000007a1f00000,0x00000007a1f00000,0x00000007a3a00000)
 ParOldGen       total 106496K, used 43494K [0x0000000740000000, 0x0000000746800000, 0x0000000795580000)
  object space 106496K, 40% used [0x0000000740000000,0x0000000742a79ac0,0x0000000746800000)
 Metaspace       used 11794K, capacity 12037K, committed 12416K, reserved 1060864K
  class space    used 1217K, capacity 1311K, committed 1408K, reserved 1048576K
Event: 23.354 GC heap after
Heap after GC invocations=10 (full 2):
 PSYoungGen      total 192000K, used 960K [0x0000000795580000, 0x00000007a3280000, 0x00000007c0000000)
  eden space 172032K, 0% used [0x0000000795580000,0x0000000795580000,0x000000079fd80000)
  from space 19968K, 4% used [0x00000007a1f00000,0x00000007a1ff0000,0x00000007a3280000)
  to   space 27136K, 0% used [0x000000079fd80000,0x000000079fd80000,0x00000007a1800000)
 ParOldGen       total 106496K, used 43502K [0x0000000740000000, 0x0000000746800000, 0x0000000795580000)
  object space 106496K, 40% used [0x0000000740000000,0x0000000742a7bac0,0x0000000746800000)
 Metaspace       used 11794K, capacity 12037K, committed 12416K, reserved 1060864K
  class space    used 1217K, capacity 1311K, committed 1408K, reserved 1048576K
}

Deoptimization events (10 events):
Event: 5.324 Thread 0x00007fdd55012000 Uncommon trap: reason=unstable_if action=reinterpret pc=0x0000000109798a48 method=org.newdawn.slick.openal.OggInputStream.read()I @ 60
Event: 5.361 Thread 0x00007fdd55012000 Uncommon trap: reason=unstable_if action=reinterpret pc=0x00000001097b8a10 method=org.newdawn.slick.openal.OggInputStream.read()I @ 11
Event: 5.368 Thread 0x00007fdd55012000 Uncommon trap: reason=unstable_if action=reinterpret pc=0x000000010978d944 method=org.newdawn.slick.openal.OggInputStream.read()I @ 11
Event: 5.715 Thread 0x00007fdd55012000 Uncommon trap: reason=unstable_if action=reinterpret pc=0x00000001097c393c method=com.jcraft.jorbis.Floor1.inverse1(Lcom/jcraft/jorbis/Block;Ljava/lang/Object;Ljava/lang/Object;)Ljava/lang/Object; @ 31
Event: 5.715 Thread 0x00007fdd55012000 Uncommon trap: reason=unstable_if action=reinterpret pc=0x00000001097a3d84 method=com.jcraft.jorbis.Floor1.inverse2(Lcom/jcraft/jorbis/Block;Ljava/lang/Object;Ljava/lang/Object;[F)I @ 33
Event: 5.722 Thread 0x00007fdd55012000 Uncommon trap: reason=unstable_if action=reinterpret pc=0x000000010978a0ec method=com.jcraft.jorbis.DspState.synthesis_blockin(Lcom/jcraft/jorbis/Block;)I @ 701
Event: 5.722 Thread 0x00007fdd55012000 Uncommon trap: reason=unstable_if action=reinterpret pc=0x00000001097afce4 method=org.newdawn.slick.openal.OggInputStream.readPCM()V @ 63
Event: 5.722 Thread 0x00007fdd55012000 Uncommon trap: reason=unstable_if action=reinterpret pc=0x000000010979e10c method=org.newdawn.slick.openal.OggInputStream.atEnd()Z @ 4
Event: 5.722 Thread 0x00007fdd55012000 Uncommon trap: reason=unstable_if action=reinterpret pc=0x0000000109773ab8 method=org.newdawn.slick.openal.OggInputStream.atEnd()Z @ 4
Event: 5.849 Thread 0x00007fdd55012000 Uncommon trap: reason=unstable_if action=reinterpret pc=0x000000010961873c method=java.nio.DirectByteBuffer.put([BII)Ljava/nio/ByteBuffer; @ 8

Internal exceptions (10 events):
Event: 0.683 Thread 0x00007fdd55012000 Exception <a 'java/io/FileNotFoundException'> (0x0000000795a0c678) thrown at [/Users/java_re/workspace/8-2-build-macosx-x86_64/jdk8u111/7883/hotspot/src/share/vm/prims/jni.cpp, line 709]
Event: 2.147 Thread 0x00007fdd55012000 Implicit null exception at 0x00000001095e79b6 to 0x00000001095e7fb1
Event: 2.148 Thread 0x00007fdd55012000 Implicit null exception at 0x00000001095ca3e4 to 0x00000001095ca611
Event: 4.798 Thread 0x00007fdd55012000 Exception <a 'java/security/PrivilegedActionException'> (0x000000079a8dda00) thrown at [/Users/java_re/workspace/8-2-build-macosx-x86_64/jdk8u111/7883/hotspot/src/share/vm/prims/jvm.cpp, line 1386]
Event: 4.799 Thread 0x00007fdd55012000 Exception <a 'java/security/PrivilegedActionException'> (0x000000079a8df5e8) thrown at [/Users/java_re/workspace/8-2-build-macosx-x86_64/jdk8u111/7883/hotspot/src/share/vm/prims/jvm.cpp, line 1386]
Event: 4.799 Thread 0x00007fdd55012000 Exception <a 'java/security/PrivilegedActionException'> (0x000000079a8e0708) thrown at [/Users/java_re/workspace/8-2-build-macosx-x86_64/jdk8u111/7883/hotspot/src/share/vm/prims/jvm.cpp, line 1386]
Event: 4.799 Thread 0x00007fdd55012000 Exception <a 'java/security/PrivilegedActionException'> (0x000000079a8e5828) thrown at [/Users/java_re/workspace/8-2-build-macosx-x86_64/jdk8u111/7883/hotspot/src/share/vm/prims/jvm.cpp, line 1386]
Event: 4.799 Thread 0x00007fdd55012000 Exception <a 'java/security/PrivilegedActionException'> (0x000000079a8e6480) thrown at [/Users/java_re/workspace/8-2-build-macosx-x86_64/jdk8u111/7883/hotspot/src/share/vm/prims/jvm.cpp, line 1386]
Event: 4.799 Thread 0x00007fdd55012000 Exception <a 'java/security/PrivilegedActionException'> (0x000000079a8e70a8) thrown at [/Users/java_re/workspace/8-2-build-macosx-x86_64/jdk8u111/7883/hotspot/src/share/vm/prims/jvm.cpp, line 1386]
Event: 5.715 Thread 0x00007fdd55012000 Implicit null exception at 0x00000001097a1c75 to 0x00000001097a3d39

Events (10 events):
Event: 23.358 Executing VM operation: BulkRevokeBias
Event: 23.358 Executing VM operation: BulkRevokeBias done
Event: 23.359 Thread 0x00007fdd5581c000 flushing nmethod 0x000000010940aed0
Event: 23.359 Thread 0x00007fdd5581c000 flushing nmethod 0x000000010940b610
Event: 23.359 Thread 0x00007fdd5581c000 flushing nmethod 0x0000000109415d10
Event: 23.359 Executing VM operation: RevokeBias
Event: 23.359 Executing VM operation: RevokeBias done
Event: 27.841 Thread 0x00007fdd569c1000 Thread added: 0x00007fdd569c1000
Event: 29.092 loading class org/lwjgl/opengl/CallbackUtil
Event: 29.092 loading class org/lwjgl/opengl/CallbackUtil done


Dynamic libraries:
0x0000000048ff7000 	/System/Library/Frameworks/Cocoa.framework/Versions/A/Cocoa
0x0000000048ff7000 	/System/Library/Frameworks/Security.framework/Versions/A/Security
0x0000000048ff7000 	/System/Library/Frameworks/ApplicationServices.framework/Versions/A/ApplicationServices
0x0000000048ff7000 	/usr/lib/libz.1.dylib
0x0000000048ff7000 	/usr/lib/libSystem.B.dylib
0x0000000048ff7000 	/usr/lib/libobjc.A.dylib
0x0000000048ff7000 	/System/Library/Frameworks/CoreFoundation.framework/Versions/A/CoreFoundation
0x0000000048ff7000 	/System/Library/Frameworks/Foundation.framework/Versions/C/Foundation
0x0000000048ff7000 	/System/Library/Frameworks/AppKit.framework/Versions/C/AppKit
0x0000000048ff7000 	/System/Library/Frameworks/CoreData.framework/Versions/A/CoreData
0x0000000048ff7000 	/System/Library/PrivateFrameworks/RemoteViewServices.framework/Versions/A/RemoteViewServices
0x0000000048ff7000 	/System/Library/PrivateFrameworks/UIFoundation.framework/Versions/A/UIFoundation
0x0000000048ff7000 	/System/Library/PrivateFrameworks/DFRFoundation.framework/Versions/A/DFRFoundation
0x0000000048ff7000 	/usr/lib/libenergytrace.dylib
0x0000000048ff7000 	/System/Library/PrivateFrameworks/SkyLight.framework/Versions/A/SkyLight
0x0000000048ff7000 	/System/Library/Frameworks/CoreGraphics.framework/Versions/A/CoreGraphics
0x0000000048ff7000 	/usr/lib/libScreenReader.dylib
0x0000000048ff7000 	/System/Library/Frameworks/Accelerate.framework/Versions/A/Accelerate
0x0000000048ff7000 	/System/Library/Frameworks/IOSurface.framework/Versions/A/IOSurface
0x0000000048ff7000 	/System/Library/Frameworks/AudioToolbox.framework/Versions/A/AudioToolbox
0x0000000048ff7000 	/System/Library/Frameworks/AudioUnit.framework/Versions/A/AudioUnit
0x0000000048ff7000 	/System/Library/PrivateFrameworks/DataDetectorsCore.framework/Versions/A/DataDetectorsCore
0x0000000048ff7000 	/System/Library/PrivateFrameworks/DesktopServicesPriv.framework/Versions/A/DesktopServicesPriv
0x0000000048ff7000 	/System/Library/Frameworks/Carbon.framework/Versions/A/Frameworks/HIToolbox.framework/Versions/A/HIToolbox
0x0000000048ff7000 	/usr/lib/libicucore.A.dylib
0x0000000048ff7000 	/System/Library/Frameworks/QuartzCore.framework/Versions/A/QuartzCore
0x0000000048ff7000 	/System/Library/Frameworks/Carbon.framework/Versions/A/Frameworks/SpeechRecognition.framework/Versions/A/SpeechRecognition
0x0000000048ff7000 	/usr/lib/libauto.dylib
0x0000000048ff7000 	/usr/lib/libxml2.2.dylib
0x0000000048ff7000 	/System/Library/PrivateFrameworks/CoreUI.framework/Versions/A/CoreUI
0x0000000048ff7000 	/System/Library/Frameworks/CoreAudio.framework/Versions/A/CoreAudio
0x0000000048ff7000 	/System/Library/Frameworks/DiskArbitration.framework/Versions/A/DiskArbitration
0x0000000048ff7000 	/usr/lib/liblangid.dylib
0x0000000048ff7000 	/System/Library/PrivateFrameworks/MultitouchSupport.framework/Versions/A/MultitouchSupport
0x0000000048ff7000 	/System/Library/Frameworks/IOKit.framework/Versions/A/IOKit
0x0000000048ff7000 	/usr/lib/libDiagnosticMessagesClient.dylib
0x0000000048ff7000 	/System/Library/Frameworks/CoreServices.framework/Versions/A/CoreServices
0x0000000048ff7000 	/System/Library/PrivateFrameworks/PerformanceAnalysis.framework/Versions/A/PerformanceAnalysis
0x0000000048ff7000 	/System/Library/PrivateFrameworks/GenerationalStorage.framework/Versions/A/GenerationalStorage
0x0000000048ff7000 	/System/Library/Frameworks/OpenGL.framework/Versions/A/OpenGL
0x0000000048ff7000 	/System/Library/Frameworks/CoreImage.framework/Versions/A/CoreImage
0x0000000048ff7000 	/System/Library/Frameworks/CoreText.framework/Versions/A/CoreText
0x0000000048ff7000 	/System/Library/Frameworks/ImageIO.framework/Versions/A/ImageIO
0x0000000048ff7000 	/System/Library/PrivateFrameworks/Backup.framework/Versions/A/Backup
0x0000000048ff7000 	/usr/lib/libarchive.2.dylib
0x0000000048ff7000 	/System/Library/Frameworks/CFNetwork.framework/Versions/A/CFNetwork
0x0000000048ff7000 	/System/Library/Frameworks/SystemConfiguration.framework/Versions/A/SystemConfiguration
0x0000000048ff7000 	/usr/lib/libCRFSuite.dylib
0x0000000048ff7000 	/usr/lib/libc++.1.dylib
0x0000000048ff7000 	/usr/lib/libc++abi.dylib
0x0000000048ff7000 	/usr/lib/system/libcache.dylib
0x0000000048ff7000 	/usr/lib/system/libcommonCrypto.dylib
0x0000000048ff7000 	/usr/lib/system/libcompiler_rt.dylib
0x0000000048ff7000 	/usr/lib/system/libcopyfile.dylib
0x0000000048ff7000 	/usr/lib/system/libcorecrypto.dylib
0x0000000048ff7000 	/usr/lib/system/libdispatch.dylib
0x0000000048ff7000 	/usr/lib/system/libdyld.dylib
0x0000000048ff7000 	/usr/lib/system/libkeymgr.dylib
0x0000000048ff7000 	/usr/lib/system/liblaunch.dylib
0x0000000048ff7000 	/usr/lib/system/libmacho.dylib
0x0000000048ff7000 	/usr/lib/system/libquarantine.dylib
0x0000000048ff7000 	/usr/lib/system/libremovefile.dylib
0x0000000048ff7000 	/usr/lib/system/libsystem_asl.dylib
0x0000000048ff7000 	/usr/lib/system/libsystem_blocks.dylib
0x0000000048ff7000 	/usr/lib/system/libsystem_c.dylib
0x0000000048ff7000 	/usr/lib/system/libsystem_configuration.dylib
0x0000000048ff7000 	/usr/lib/system/libsystem_coreservices.dylib
0x0000000048ff7000 	/usr/lib/system/libsystem_coretls.dylib
0x0000000048ff7000 	/usr/lib/system/libsystem_dnssd.dylib
0x0000000048ff7000 	/usr/lib/system/libsystem_info.dylib
0x0000000048ff7000 	/usr/lib/system/libsystem_kernel.dylib
0x0000000048ff7000 	/usr/lib/system/libsystem_m.dylib
0x0000000048ff7000 	/usr/lib/system/libsystem_malloc.dylib
0x0000000048ff7000 	/usr/lib/system/libsystem_network.dylib
0x0000000048ff7000 	/usr/lib/system/libsystem_networkextension.dylib
0x0000000048ff7000 	/usr/lib/system/libsystem_notify.dylib
0x0000000048ff7000 	/usr/lib/system/libsystem_platform.dylib
0x0000000048ff7000 	/usr/lib/system/libsystem_pthread.dylib
0x0000000048ff7000 	/usr/lib/system/libsystem_sandbox.dylib
0x0000000048ff7000 	/usr/lib/system/libsystem_secinit.dylib
0x0000000048ff7000 	/usr/lib/system/libsystem_symptoms.dylib
0x0000000048ff7000 	/usr/lib/system/libsystem_trace.dylib
0x0000000048ff7000 	/usr/lib/system/libunwind.dylib
0x0000000048ff7000 	/usr/lib/system/libxpc.dylib
0x0000000048ff7000 	/usr/lib/libbsm.0.dylib
0x0000000048ff7000 	/usr/lib/system/libkxld.dylib
0x0000000048ff7000 	/usr/lib/libcoretls.dylib
0x0000000048ff7000 	/usr/lib/libcoretls_cfhelpers.dylib
0x0000000048ff7000 	/usr/lib/libOpenScriptingUtil.dylib
0x0000000048ff7000 	/usr/lib/libpam.2.dylib
0x0000000048ff7000 	/usr/lib/libsqlite3.dylib
0x0000000048ff7000 	/usr/lib/libxar.1.dylib
0x0000000048ff7000 	/usr/lib/libbz2.1.0.dylib
0x0000000048ff7000 	/usr/lib/liblzma.5.dylib
0x0000000048ff7000 	/usr/lib/libnetwork.dylib
0x0000000048ff7000 	/usr/lib/libpcap.A.dylib
0x0000000048ff7000 	/System/Library/Frameworks/CoreServices.framework/Versions/A/Frameworks/FSEvents.framework/Versions/A/FSEvents
0x0000000048ff7000 	/System/Library/Frameworks/CoreServices.framework/Versions/A/Frameworks/CarbonCore.framework/Versions/A/CarbonCore
0x0000000048ff7000 	/System/Library/Frameworks/CoreServices.framework/Versions/A/Frameworks/Metadata.framework/Versions/A/Metadata
0x0000000048ff7000 	/System/Library/Frameworks/CoreServices.framework/Versions/A/Frameworks/OSServices.framework/Versions/A/OSServices
0x0000000048ff7000 	/System/Library/Frameworks/CoreServices.framework/Versions/A/Frameworks/SearchKit.framework/Versions/A/SearchKit
0x0000000048ff7000 	/System/Library/Frameworks/CoreServices.framework/Versions/A/Frameworks/AE.framework/Versions/A/AE
0x0000000048ff7000 	/System/Library/Frameworks/CoreServices.framework/Versions/A/Frameworks/LaunchServices.framework/Versions/A/LaunchServices
0x0000000048ff7000 	/System/Library/Frameworks/CoreServices.framework/Versions/A/Frameworks/DictionaryServices.framework/Versions/A/DictionaryServices
0x0000000048ff7000 	/System/Library/Frameworks/CoreServices.framework/Versions/A/Frameworks/SharedFileList.framework/Versions/A/SharedFileList
0x0000000048ff7000 	/System/Library/Frameworks/NetFS.framework/Versions/A/NetFS
0x0000000048ff7000 	/System/Library/PrivateFrameworks/NetAuth.framework/Versions/A/NetAuth
0x0000000048ff7000 	/System/Library/PrivateFrameworks/login.framework/Versions/A/Frameworks/loginsupport.framework/Versions/A/loginsupport
0x0000000048ff7000 	/System/Library/PrivateFrameworks/TCC.framework/Versions/A/TCC
0x0000000048ff7000 	/usr/lib/libmecabra.dylib
0x0000000048ff7000 	/System/Library/Frameworks/ApplicationServices.framework/Versions/A/Frameworks/ATS.framework/Versions/A/ATS
0x0000000048ff7000 	/System/Library/Frameworks/ApplicationServices.framework/Versions/A/Frameworks/ColorSync.framework/Versions/A/ColorSync
0x0000000048ff7000 	/System/Library/Frameworks/ApplicationServices.framework/Versions/A/Frameworks/HIServices.framework/Versions/A/HIServices
0x0000000048ff7000 	/System/Library/Frameworks/ApplicationServices.framework/Versions/A/Frameworks/LangAnalysis.framework/Versions/A/LangAnalysis
0x0000000048ff7000 	/System/Library/Frameworks/ApplicationServices.framework/Versions/A/Frameworks/PrintCore.framework/Versions/A/PrintCore
0x0000000048ff7000 	/System/Library/Frameworks/ApplicationServices.framework/Versions/A/Frameworks/QD.framework/Versions/A/QD
0x0000000048ff7000 	/System/Library/Frameworks/ApplicationServices.framework/Versions/A/Frameworks/SpeechSynthesis.framework/Versions/A/SpeechSynthesis
0x0000000048ff7000 	/System/Library/Frameworks/Accelerate.framework/Versions/A/Frameworks/vImage.framework/Versions/A/vImage
0x0000000048ff7000 	/System/Library/Frameworks/Accelerate.framework/Versions/A/Frameworks/vecLib.framework/Versions/A/vecLib
0x0000000048ff7000 	/System/Library/Frameworks/Accelerate.framework/Versions/A/Frameworks/vecLib.framework/Versions/A/libvDSP.dylib
0x0000000048ff7000 	/System/Library/Frameworks/Accelerate.framework/Versions/A/Frameworks/vecLib.framework/Versions/A/libBNNS.dylib
0x0000000048ff7000 	/System/Library/Frameworks/Accelerate.framework/Versions/A/Frameworks/vecLib.framework/Versions/A/libQuadrature.dylib
0x0000000048ff7000 	/System/Library/Frameworks/Accelerate.framework/Versions/A/Frameworks/vecLib.framework/Versions/A/libvMisc.dylib
0x0000000048ff7000 	/System/Library/Frameworks/Accelerate.framework/Versions/A/Frameworks/vecLib.framework/Versions/A/libLAPACK.dylib
0x0000000048ff7000 	/System/Library/Frameworks/Accelerate.framework/Versions/A/Frameworks/vecLib.framework/Versions/A/libBLAS.dylib
0x0000000048ff7000 	/System/Library/Frameworks/Accelerate.framework/Versions/A/Frameworks/vecLib.framework/Versions/A/libLinearAlgebra.dylib
0x0000000048ff7000 	/System/Library/Frameworks/Accelerate.framework/Versions/A/Frameworks/vecLib.framework/Versions/A/libSparseBLAS.dylib
0x0000000048ff7000 	/System/Library/Frameworks/ApplicationServices.framework/Versions/A/Frameworks/ATS.framework/Versions/A/Resources/libFontParser.dylib
0x0000000048ff7000 	/System/Library/Frameworks/ApplicationServices.framework/Versions/A/Frameworks/ATS.framework/Versions/A/Resources/libFontRegistry.dylib
0x0000000048ff7000 	/System/Library/Frameworks/ImageIO.framework/Versions/A/Resources/libJPEG.dylib
0x0000000048ff7000 	/System/Library/Frameworks/ImageIO.framework/Versions/A/Resources/libTIFF.dylib
0x0000000048ff7000 	/System/Library/Frameworks/ImageIO.framework/Versions/A/Resources/libPng.dylib
0x0000000048ff7000 	/System/Library/Frameworks/ImageIO.framework/Versions/A/Resources/libGIF.dylib
0x0000000048ff7000 	/System/Library/Frameworks/ImageIO.framework/Versions/A/Resources/libJP2.dylib
0x0000000048ff7000 	/System/Library/Frameworks/ImageIO.framework/Versions/A/Resources/libRadiance.dylib
0x0000000048ff7000 	/usr/lib/libcompression.dylib
0x0000000048ff7000 	/System/Library/PrivateFrameworks/AppleJPEG.framework/Versions/A/AppleJPEG
0x0000000048ff7000 	/usr/lib/libcups.2.dylib
0x0000000048ff7000 	/System/Library/Frameworks/Kerberos.framework/Versions/A/Kerberos
0x0000000048ff7000 	/System/Library/Frameworks/GSS.framework/Versions/A/GSS
0x0000000048ff7000 	/usr/lib/libresolv.9.dylib
0x0000000048ff7000 	/usr/lib/libiconv.2.dylib
0x0000000048ff7000 	/System/Library/PrivateFrameworks/Heimdal.framework/Versions/A/Heimdal
0x0000000048ff7000 	/usr/lib/libheimdal-asn1.dylib
0x0000000048ff7000 	/System/Library/Frameworks/OpenDirectory.framework/Versions/A/OpenDirectory
0x0000000048ff7000 	/System/Library/PrivateFrameworks/CommonAuth.framework/Versions/A/CommonAuth
0x0000000048ff7000 	/System/Library/Frameworks/OpenDirectory.framework/Versions/A/Frameworks/CFOpenDirectory.framework/Versions/A/CFOpenDirectory
0x0000000048ff7000 	/System/Library/Frameworks/SecurityFoundation.framework/Versions/A/SecurityFoundation
0x0000000048ff7000 	/System/Library/PrivateFrameworks/LanguageModeling.framework/Versions/A/LanguageModeling
0x0000000048ff7000 	/usr/lib/libmarisa.dylib
0x0000000048ff7000 	/usr/lib/libChineseTokenizer.dylib
0x0000000048ff7000 	/usr/lib/libcmph.dylib
0x0000000048ff7000 	/System/Library/PrivateFrameworks/CoreEmoji.framework/Versions/A/CoreEmoji
0x0000000048ff7000 	/System/Library/Frameworks/ServiceManagement.framework/Versions/A/ServiceManagement
0x0000000048ff7000 	/usr/lib/libxslt.1.dylib
0x0000000048ff7000 	/System/Library/Frameworks/Carbon.framework/Versions/A/Frameworks/Ink.framework/Versions/A/Ink
0x0000000048ff7000 	/System/Library/PrivateFrameworks/TextureIO.framework/Versions/A/TextureIO
0x0000000048ff7000 	/System/Library/Frameworks/Metal.framework/Versions/A/Metal
0x0000000048ff7000 	/usr/lib/libate.dylib
0x0000000048ff7000 	/System/Library/PrivateFrameworks/GPUCompiler.framework/libmetal_timestamp.dylib
0x0000000048ff7000 	/System/Library/Frameworks/OpenGL.framework/Versions/A/Libraries/libCoreFSCache.dylib
0x0000000048ff7000 	/System/Library/PrivateFrameworks/IOAccelerator.framework/Versions/A/IOAccelerator
0x0000000048ff7000 	/System/Library/Frameworks/CoreVideo.framework/Versions/A/CoreVideo
0x0000000048ff7000 	/usr/lib/libFosl_dynamic.dylib
0x0000000048ff7000 	/System/Library/PrivateFrameworks/MetalPerformanceShaders.framework/Versions/A/MetalPerformanceShaders
0x0000000048ff7000 	/System/Library/PrivateFrameworks/FaceCore.framework/Versions/A/FaceCore
0x0000000048ff7000 	/System/Library/Frameworks/OpenCL.framework/Versions/A/OpenCL
0x0000000048ff7000 	/System/Library/Frameworks/OpenGL.framework/Versions/A/Libraries/libGLU.dylib
0x0000000048ff7000 	/System/Library/Frameworks/OpenGL.framework/Versions/A/Libraries/libGFXShared.dylib
0x0000000048ff7000 	/System/Library/Frameworks/OpenGL.framework/Versions/A/Libraries/libGL.dylib
0x0000000048ff7000 	/System/Library/Frameworks/OpenGL.framework/Versions/A/Libraries/libGLImage.dylib
0x0000000048ff7000 	/System/Library/Frameworks/OpenGL.framework/Versions/A/Libraries/libCVMSPluginSupport.dylib
0x0000000048ff7000 	/System/Library/Frameworks/OpenGL.framework/Versions/A/Libraries/libCoreVMClient.dylib
0x0000000048ff7000 	/System/Library/PrivateFrameworks/CrashReporterSupport.framework/Versions/A/CrashReporterSupport
0x0000000048ff7000 	/System/Library/PrivateFrameworks/Sharing.framework/Versions/A/Sharing
0x0000000048ff7000 	/System/Library/PrivateFrameworks/IconServices.framework/Versions/A/IconServices
0x0000000048ff7000 	/System/Library/PrivateFrameworks/ProtocolBuffer.framework/Versions/A/ProtocolBuffer
0x0000000048ff7000 	/System/Library/PrivateFrameworks/Apple80211.framework/Versions/A/Apple80211
0x0000000048ff7000 	/System/Library/Frameworks/CoreWLAN.framework/Versions/A/CoreWLAN
0x0000000048ff7000 	/System/Library/PrivateFrameworks/CoreUtils.framework/Versions/A/CoreUtils
0x0000000048ff7000 	/System/Library/Frameworks/IOBluetooth.framework/Versions/A/IOBluetooth
0x0000000048ff7000 	/System/Library/PrivateFrameworks/CoreWiFi.framework/Versions/A/CoreWiFi
0x0000000048ff7000 	/System/Library/Frameworks/CoreBluetooth.framework/Versions/A/CoreBluetooth
0x0000000048ff7000 	/System/Library/Frameworks/CoreDisplay.framework/Versions/A/CoreDisplay
0x0000000048ff7000 	/System/Library/PrivateFrameworks/IOPresentment.framework/Versions/A/IOPresentment
0x0000000048ff7000 	/System/Library/PrivateFrameworks/DSExternalDisplay.framework/Versions/A/DSExternalDisplay
0x0000000048ff7000 	/System/Library/PrivateFrameworks/DebugSymbols.framework/Versions/A/DebugSymbols
0x0000000048ff7000 	/System/Library/PrivateFrameworks/CoreSymbolication.framework/Versions/A/CoreSymbolication
0x0000000048ff7000 	/System/Library/PrivateFrameworks/Symbolication.framework/Versions/A/Symbolication
0x0000000048ff7000 	/System/Library/PrivateFrameworks/AppleFSCompression.framework/Versions/A/AppleFSCompression
0x0000000048ff7000 	/System/Library/PrivateFrameworks/SpeechRecognitionCore.framework/Versions/A/SpeechRecognitionCore
0x0000000048ff7000 	/System/Library/PrivateFrameworks/ChunkingLibrary.framework/Versions/A/ChunkingLibrary
0x0000000106200000 	/Library/Java/JavaVirtualMachines/jdk1.8.0_111.jdk/Contents/Home/jre/lib/server/libjvm.dylib
0x0000000048ff7000 	/usr/lib/libstdc++.6.dylib
0x0000000105827000 	/Library/Java/JavaVirtualMachines/jdk1.8.0_111.jdk/Contents/Home/jre/lib/libverify.dylib
0x0000000105835000 	/Library/Java/JavaVirtualMachines/jdk1.8.0_111.jdk/Contents/Home/jre/lib/libjava.dylib
0x0000000105874000 	/Library/Java/JavaVirtualMachines/jdk1.8.0_111.jdk/Contents/Home/jre/lib/libzip.dylib
0x000000011ca29000 	/System/Library/Frameworks/JavaVM.framework/Frameworks/JavaRuntimeSupport.framework/JavaRuntimeSupport
0x000000011ca43000 	/System/Library/Frameworks/JavaVM.framework/Versions/A/Frameworks/JavaNativeFoundation.framework/Versions/A/JavaNativeFoundation
0x00000001059f0000 	/System/Library/Frameworks/JavaVM.framework/Versions/A/JavaVM
0x0000000048ff7000 	/System/Library/Frameworks/Carbon.framework/Versions/A/Carbon
0x0000000109272000 	/System/Library/PrivateFrameworks/JavaLaunching.framework/Versions/A/JavaLaunching
0x0000000048ff7000 	/System/Library/Frameworks/Carbon.framework/Versions/A/Frameworks/CommonPanels.framework/Versions/A/CommonPanels
0x0000000048ff7000 	/System/Library/Frameworks/Carbon.framework/Versions/A/Frameworks/Help.framework/Versions/A/Help
0x0000000048ff7000 	/System/Library/Frameworks/Carbon.framework/Versions/A/Frameworks/ImageCapture.framework/Versions/A/ImageCapture
0x0000000048ff7000 	/System/Library/Frameworks/Carbon.framework/Versions/A/Frameworks/OpenScripting.framework/Versions/A/OpenScripting
0x0000000048ff7000 	/System/Library/Frameworks/Carbon.framework/Versions/A/Frameworks/Print.framework/Versions/A/Print
0x0000000048ff7000 	/System/Library/Frameworks/Carbon.framework/Versions/A/Frameworks/SecurityHI.framework/Versions/A/SecurityHI
0x000000011e405000 	/Library/Java/JavaVirtualMachines/jdk1.8.0_111.jdk/Contents/Home/jre/lib/libawt.dylib
0x000000011e4ad000 	/Library/Java/JavaVirtualMachines/jdk1.8.0_111.jdk/Contents/Home/jre/lib/./libmlib_image.dylib
0x000000011e579000 	/Library/Java/JavaVirtualMachines/jdk1.8.0_111.jdk/Contents/Home/jre/lib/libawt_lwawt.dylib
0x000000011e62e000 	/Library/Java/JavaVirtualMachines/jdk1.8.0_111.jdk/Contents/Home/jre/lib/./libosxapp.dylib
0x0000000048ff7000 	/System/Library/Frameworks/ExceptionHandling.framework/Versions/A/ExceptionHandling
0x0000000048ff7000 	/System/Library/PrivateFrameworks/CoreServicesInternal.framework/Versions/A/CoreServicesInternal
0x0000000048ff7000 	/System/Library/CoreServices/RawCamera.bundle/Contents/MacOS/RawCamera
0x0000000048ff7000 	/System/Library/Frameworks/Accelerate.framework/Versions/A/Frameworks/vImage.framework/Versions/A/Libraries/libCGInterfaces.dylib
0x0000000048ff7000 	/System/Library/Frameworks/ApplicationServices.framework/Versions/A/Frameworks/ATS.framework/Versions/A/Resources/libTrueTypeScaler.dylib
0x0000000120313000 	/System/Library/Frameworks/OpenGL.framework/Resources/GLEngine.bundle/GLEngine
0x0000000048ff7000 	/System/Library/Frameworks/OpenGL.framework/Versions/A/Libraries/libGLProgrammability.dylib
0x00000001204f8000 	/System/Library/Extensions/AppleIntelBDWGraphicsGLDriver.bundle/Contents/MacOS/AppleIntelBDWGraphicsGLDriver
0x0000000048ff7000 	/System/Library/PrivateFrameworks/GPUSupport.framework/Versions/A/Libraries/libGPUSupportMercury.dylib
0x0000000120c64000 	/System/Library/Frameworks/OpenGL.framework/Resources//GLRendererFloat.bundle/GLRendererFloat
0x0000000048ff7000 	/System/Library/Frameworks/OpenCL.framework/Versions/A/Libraries/libcldcpuengine.dylib
0x0000000048ff7000 	/usr/lib/libcrypto.0.9.8.dylib
0x0000000048ff7000 	/System/Library/PrivateFrameworks/TrustEvaluationAgent.framework/Versions/A/TrustEvaluationAgent
0x0000000120c98000 	/System/Library/Extensions/AppleIntelBDWGraphicsMTLDriver.bundle/Contents/MacOS/AppleIntelBDWGraphicsMTLDriver
0x0000000048ff7000 	/System/Library/PrivateFrameworks/FamilyControls.framework/Versions/A/FamilyControls
0x0000000048ff7000 	/System/Library/PrivateFrameworks/CommerceKit.framework/Versions/A/Frameworks/CommerceCore.framework/Versions/A/CommerceCore
0x0000000048ff7000 	/System/Library/PrivateFrameworks/SystemAdministration.framework/Versions/A/SystemAdministration
0x0000000048ff7000 	/System/Library/PrivateFrameworks/AppContainer.framework/Versions/A/AppContainer
0x0000000048ff7000 	/System/Library/PrivateFrameworks/SecCodeWrapper.framework/Versions/A/SecCodeWrapper
0x0000000048ff7000 	/System/Library/Frameworks/DirectoryService.framework/Versions/A/DirectoryService
0x0000000048ff7000 	/System/Library/PrivateFrameworks/DiskImages.framework/Versions/A/DiskImages
0x0000000048ff7000 	/System/Library/PrivateFrameworks/LoginUIKit.framework/Versions/A/Frameworks/LoginUICore.framework/Versions/A/LoginUICore
0x0000000048ff7000 	/usr/lib/libCoreStorage.dylib
0x0000000048ff7000 	/usr/lib/libcsfde.dylib
0x0000000048ff7000 	/usr/lib/libodfde.dylib
0x0000000048ff7000 	/System/Library/Frameworks/DiscRecording.framework/Versions/A/DiscRecording
0x0000000048ff7000 	/usr/lib/libcurl.4.dylib
0x0000000048ff7000 	/System/Library/PrivateFrameworks/MediaKit.framework/Versions/A/MediaKit
0x0000000048ff7000 	/System/Library/PrivateFrameworks/ProtectedCloudStorage.framework/Versions/A/ProtectedCloudStorage
0x0000000048ff7000 	/System/Library/PrivateFrameworks/EFILogin.framework/Versions/A/EFILogin
0x0000000048ff7000 	/usr/lib/libutil.dylib
0x0000000048ff7000 	/System/Library/Frameworks/LDAP.framework/Versions/A/LDAP
0x0000000048ff7000 	/usr/lib/libsasl2.2.dylib
0x0000000048ff7000 	/System/Library/PrivateFrameworks/CoreDaemon.framework/Versions/B/CoreDaemon
0x0000000048ff7000 	/System/Library/PrivateFrameworks/AppleSRP.framework/Versions/A/AppleSRP
0x0000000048ff7000 	/System/Library/PrivateFrameworks/APFS.framework/Versions/A/APFS
0x000000012243b000 	/Library/Java/JavaVirtualMachines/jdk1.8.0_111.jdk/Contents/Home/jre/lib/libfontmanager.dylib
0x00000001224a2000 	/Users/miguelgascon/NetBeansProjects/target/natives/liblwjgl.dylib
0x000000011e8b8000 	/Library/Java/JavaVirtualMachines/jdk1.8.0_111.jdk/Contents/Home/jre/lib/libjawt.dylib
0x0000000048ff7000 	/System/Library/PrivateFrameworks/ViewBridge.framework/Versions/A/ViewBridge
0x0000000048ff7000 	/System/Library/PrivateFrameworks/XPCService.framework/Versions/A/XPCService
0x0000000048ff7000 	/System/Library/PrivateFrameworks/AppSandbox.framework/Versions/A/AppSandbox
0x0000000048ff7000 	/usr/lib/libsandbox.1.dylib
0x0000000048ff7000 	/usr/lib/libMatch.1.dylib
0x0000000124e36000 	/Users/miguelgascon/NetBeansProjects/target/natives/libjinput-osx.jnilib
0x0000000124e3b000 	/System/Library/Extensions/IOHIDFamily.kext/Contents/PlugIns/IOHIDLib.plugin/Contents/MacOS/IOHIDLib
0x0000000124e94000 	/Library/Java/JavaVirtualMachines/jdk1.8.0_111.jdk/Contents/Home/jre/lib/libnio.dylib
0x0000000124ea4000 	/Library/Java/JavaVirtualMachines/jdk1.8.0_111.jdk/Contents/Home/jre/lib/./libnet.dylib
0x0000000124ebf000 	/Library/Java/JavaVirtualMachines/jdk1.8.0_111.jdk/Contents/Home/jre/lib/libjpeg.dylib
0x00000001200ef000 	/Library/Java/JavaVirtualMachines/jdk1.8.0_111.jdk/Contents/Home/jre/lib/liblcms.dylib
0x0000000048ff7000 	/System/Library/Frameworks/ApplicationServices.framework/Versions/A/Frameworks/ATS.framework/Versions/A/Resources/libType1Scaler.dylib
0x0000000161b3d000 	/Users/miguelgascon/NetBeansProjects/target/natives/openal.dylib
0x0000000161dc3000 	/System/Library/Components/CoreAudio.component/Contents/MacOS/CoreAudio
0x0000000161fc1000 	/System/Library/Extensions/AppleHDA.kext/Contents/PlugIns/AppleHDAHALPlugIn.bundle/Contents/MacOS/AppleHDAHALPlugIn

VM Arguments:
jvm_args: -Djava.library.path=target/natives 
java_command: ca.qc.bdeb.projetIntegrateur.Main
java_class_path (initial): /Users/miguelgascon/NetBeansProjects/target/classes:/Users/miguelgascon/.m2/repository/org/slick2d/slick2d-core/1.0.2/slick2d-core-1.0.2.jar:/Users/miguelgascon/.m2/repository/org/lwjgl/lwjgl/lwjgl/2.9.3/lwjgl-2.9.3.jar:/Users/miguelgascon/.m2/repository/org/lwjgl/lwjgl/lwjgl-platform/2.9.3/lwjgl-platform-2.9.3-natives-windows.jar:/Users/miguelgascon/.m2/repository/org/lwjgl/lwjgl/lwjgl-platform/2.9.3/lwjgl-platform-2.9.3-natives-linux.jar:/Users/miguelgascon/.m2/repository/org/lwjgl/lwjgl/lwjgl-platform/2.9.3/lwjgl-platform-2.9.3-natives-osx.jar:/Users/miguelgascon/.m2/repository/net/java/jinput/jinput/2.0.5/jinput-2.0.5.jar:/Users/miguelgascon/.m2/repository/net/java/jutils/jutils/1.0.0/jutils-1.0.0.jar:/Users/miguelgascon/.m2/repository/net/java/jinput/jinput-platform/2.0.5/jinput-platform-2.0.5-natives-linux.jar:/Users/miguelgascon/.m2/repository/net/java/jinput/jinput-platform/2.0.5/jinput-platform-2.0.5-natives-windows.jar:/Users/miguelgascon/.m2/repository/net/java/jinput/jinput-platform/2.0.5/jinput-platform-2.0.5-natives-osx.jar:/Users/miguelgascon/.m2/repository/org/lwjgl/lwjgl/3.1.1/lwjgl-3.1.1-natives-windows.jar:/Users/miguelgascon/.m2/repository/com/googlecode/mavennatives/maven-nativedependencies-plugin/0.0.7/maven-nativedependencies-plugin-0.0.7.jar:/Users/miguelgascon/.m2/repository/org/apache/maven/maven-artifact/2.0.10/maven-artifact-2.0.10.jar:/Users/miguelgascon/.m2/repository/org/apache/maven/maven-plugin-api/2.0.10/maven-plugin-api-2.0.10.jar:/Users/miguelgascon/.m2/repository/org/apache/maven/maven-project/2.0.10/maven-project-2.0.10.jar:/Users/miguelgascon/.m2/repository/org/apache/maven/maven-settings/2.0.10/maven-settings-2.0.10.jar:/Users/miguelgascon/.m2/repository/org/apache/maven/maven-profile/2.0.10/maven-profile-2.0.10.jar:/Users/miguelgascon/.m2/repository/org/apache/maven/maven-artifact-manager/2.0.10/maven-artifact-manager-2.0.10.jar:/Users/miguelgascon/.m2/repository/org/apache/maven/maven-plugin-regi
Launcher Type: SUN_STANDARD

Environment Variables:
JAVA_HOME=/Library/Java/JavaVirtualMachines/jdk1.8.0_111.jdk/Contents/Home
PATH=/usr/bin:/bin:/usr/sbin:/sbin
SHELL=/bin/bash

Signal Handlers:
SIGSEGV: [libjvm.dylib+0x5b03ed], sa_mask[0]=11111111011111110111111111111111, sa_flags=SA_ONSTACK|SA_RESTART|SA_SIGINFO
SIGBUS: [libjvm.dylib+0x5b03ed], sa_mask[0]=11111111011111110111111111111111, sa_flags=SA_RESTART|SA_SIGINFO
SIGFPE: [libjvm.dylib+0x48711c], sa_mask[0]=11111111011111110111111111111111, sa_flags=SA_RESTART|SA_SIGINFO
SIGPIPE: [libjvm.dylib+0x48711c], sa_mask[0]=11111111011111110111111111111111, sa_flags=SA_RESTART|SA_SIGINFO
SIGXFSZ: [libjvm.dylib+0x48711c], sa_mask[0]=11111111011111110111111111111111, sa_flags=SA_RESTART|SA_SIGINFO
SIGILL: [libjvm.dylib+0x48711c], sa_mask[0]=11111111011111110111111111111111, sa_flags=SA_RESTART|SA_SIGINFO
SIGUSR1: SIG_DFL, sa_mask[0]=00000000000000000000000000000000, sa_flags=none
SIGUSR2: [libjvm.dylib+0x486c3a], sa_mask[0]=00100000000000000000000000000000, sa_flags=SA_RESTART|SA_SIGINFO
SIGHUP: [libjvm.dylib+0x485211], sa_mask[0]=11111111011111110111111111111111, sa_flags=SA_RESTART|SA_SIGINFO
SIGINT: SIG_IGN, sa_mask[0]=00000000000000000000000000000000, sa_flags=none
SIGTERM: [libjvm.dylib+0x485211], sa_mask[0]=11111111011111110111111111111111, sa_flags=SA_RESTART|SA_SIGINFO
SIGQUIT: [libjvm.dylib+0x485211], sa_mask[0]=11111111011111110111111111111111, sa_flags=SA_RESTART|SA_SIGINFO


---------------  S Y S T E M  ---------------

OS:Bsduname:Darwin 16.5.0 Darwin Kernel Version 16.5.0: Fri Mar  3 16:52:33 PST 2017; root:xnu-3789.51.2~3/RELEASE_X86_64 x86_64
rlimit: STACK 8192k, CORE 0k, NPROC 709, NOFILE 10240, AS infinity
load average:1.42 1.39 1.42

CPU:total 4 (2 cores per cpu, 2 threads per core) family 6 model 61 stepping 4, cmov, cx8, fxsr, mmx, sse, sse2, sse3, ssse3, sse4.1, sse4.2, popcnt, avx, avx2, aes, clmul, erms, 3dnowpref, lzcnt, ht, tsc, tscinvbit, bmi1, bmi2, adx

Memory: 4k page, physical 8388608k(467460k free)

/proc/meminfo:


vm_info: Java HotSpot(TM) 64-Bit Server VM (25.111-b14) for bsd-amd64 JRE (1.8.0_111-b14), built on Sep 22 2016 15:31:41 by "java_re" with gcc 4.2.1 (Based on Apple Inc. build 5658) (LLVM build 2336.11.00)

time: Tue May 23 00:29:14 2017
elapsed time: 29 seconds (0d 0h 0m 29s)

