#
# A fatal error has been detected by the Java Runtime Environment:
#
#  SIGSEGV (0xb) at pc=0x00007fffd81d2d08, pid=15887, tid=0x0000000000000307
#
# JRE version: Java(TM) SE Runtime Environment (8.0_111-b14) (build 1.8.0_111-b14)
# Java VM: Java HotSpot(TM) 64-Bit Server VM (25.111-b14 mixed mode bsd-amd64 compressed oops)
# Problematic frame:
# C  [libobjc.A.dylib+0xbd08]  objc_storeWeak+0x16e
#
# Failed to write core dump. Core dumps have been disabled. To enable core dumping, try "ulimit -c unlimited" before starting Java again
#
# If you would like to submit a bug report, please visit:
#   http://bugreport.java.com/bugreport/crash.jsp
# The crash happened outside the Java Virtual Machine in native code.
# See problematic frame for where to report the bug.
#

---------------  T H R E A D  ---------------

Current thread (0x00007fb3f3249000):  JavaThread "AppKit Thread" daemon [_thread_in_native, id=775, stack(0x00007fff507f0000,0x00007fff50ff0000)]

siginfo: si_signo: 11 (SIGSEGV), si_code: 1 (SEGV_MAPERR), si_addr: 0x0000000000000000

Registers:
RAX=0x00007fb3f3002000, RBX=0x00007fffe191f480, RCX=0x0000000000000000, RDX=0x00007ffffffffff8
RSP=0x00007fff50fe8b40, RBP=0x00007fff50fe8bc0, RSI=0x00007fb3f3002000, RDI=0x00007fffe191f480
R8 =0x00000000000000ff, R9 =0x00007fb3f2d4db90, R10=0x000000000000000e, R11=0x00007fb3f33e6ee0
R12=0x00007fffe191f540, R13=0x0000000000000000, R14=0x00007fb3f2e1d680, R15=0x0000000000000000
RIP=0x00007fffd81d2d08, EFLAGS=0x0000000000010206, ERR=0x0000000000000004
  TRAPNO=0x000000000000000e

Top of Stack: (sp=0x00007fff50fe8b40)
0x00007fff50fe8b40:   0000000000000000 00007fb3f2d55240
0x00007fff50fe8b50:   ffff804c0d2b2470 00000000000000c0
0x00007fff50fe8b60:   00007fffe1869630 0000000000000000
0x00007fff50fe8b70:   00007fffe191f540 00007fb3f2e1d680
0x00007fff50fe8b80:   0000000000000000 00007fb3f2d614b0
0x00007fff50fe8b90:   000000000000000e 00007fb3f2d4db90
0x00007fff50fe8ba0:   0000000000000000 00007fb3f2d4db90
0x00007fff50fe8bb0:   00007fb3f2d61320 00007fb3f2e1d680
0x00007fff50fe8bc0:   00007fff50fe8c00 00007fffc4d65def
0x00007fff50fe8bd0:   00007fff50fe8c00 0000000000000000
0x00007fff50fe8be0:   00007fb3f2e1d680 00007fffc1a9e024
0x00007fff50fe8bf0:   00007fb3f2d4db90 00007fffd81ce040
0x00007fff50fe8c00:   00007fff50fe8c30 00007fffc1136a3f
0x00007fff50fe8c10:   00007fffd81ce040 00007fff50fe8cb8
0x00007fff50fe8c20:   00007fffc1ae1777 00007fffd81ce040
0x00007fff50fe8c30:   00007fff50fe8c70 00007fffc1503f5b
0x00007fff50fe8c40:   0000000000000000 0000000000000000
0x00007fff50fe8c50:   0000000000000094 00007fffc1ac419d
0x00007fff50fe8c60:   00007fff50fe8cb8 0000000000000001
0x00007fff50fe8c70:   00007fff50fe8ca0 00007fffc0f8e118
0x00007fff50fe8c80:   0000000000000000 00007fb3f2e1d680
0x00007fff50fe8c90:   00007fb3f2d4db90 0000000000000000
0x00007fff50fe8ca0:   00007fff50fe8d00 00007fffc113687c
0x00007fff50fe8cb0:   0000000000000000 00007fffe19b2060
0x00007fff50fe8cc0:   00000000c2000000 00007fffc1503e6c
0x00007fff50fe8cd0:   00007fffdda89cf0 0000000000000000
0x00007fff50fe8ce0:   00007fb3f2e1d680 00007fb3f2d4db90
0x00007fff50fe8cf0:   00007fb3f2d4db90 00007fb3f2e1d680
0x00007fff50fe8d00:   00007fff50fe8d30 000000012b84f586
0x00007fff50fe8d10:   00007fb3f2d4db90 000000012b883c60
0x00007fff50fe8d20:   00007fb3f2d023b0 00007fb3f2d023b0
0x00007fff50fe8d30:   00007fff50fe92a0 00007fffc0fb124b 

Instructions: (pc=0x00007fffd81d2d08)
0x00007fffd81d2ce8:   eb 07 48 8b 45 a0 48 8b 30 48 8b 45 c0 48 39 c6
0x00007fffd81d2cf8:   74 2a 48 8b 46 20 48 89 c1 48 21 d1 48 8b 49 08
0x00007fffd81d2d08:   f6 01 01 75 0a 48 8b 06 48 21 d0 48 8b 40 20 48
0x00007fffd81d2d18:   21 d0 f6 40 03 20 0f 84 f8 fe ff ff 49 c1 e5 06 

Register to memory mapping:

RAX=0x00007fb3f3002000 is a thread
RBX=0x00007fffe191f480: _ZN12_GLOBAL__N_1L12SideTableBufE+0 in /usr/lib/libobjc.A.dylib at 0x00007fffd81c7000
RCX=0x0000000000000000 is an unknown value
RDX=0x00007ffffffffff8 is an unknown value
RSP=0x00007fff50fe8b40 is pointing into the stack for thread: 0x00007fb3f3249000
RBP=0x00007fff50fe8bc0 is pointing into the stack for thread: 0x00007fb3f3249000
RSI=0x00007fb3f3002000 is a thread
RDI=0x00007fffe191f480: _ZN12_GLOBAL__N_1L12SideTableBufE+0 in /usr/lib/libobjc.A.dylib at 0x00007fffd81c7000
R8 =0x00000000000000ff is an unknown value
R9 =0x00007fb3f2d4db90 is an unknown value
R10=0x000000000000000e is an unknown value
R11=0x00007fb3f33e6ee0 is an unknown value
R12=0x00007fffe191f540: _ZN12_GLOBAL__N_1L12SideTableBufE+0xc0 in /usr/lib/libobjc.A.dylib at 0x00007fffd81c7000
R13=0x0000000000000000 is an unknown value
R14=0x00007fb3f2e1d680 is an unknown value
R15=0x0000000000000000 is an unknown value


Stack: [0x00007fff507f0000,0x00007fff50ff0000],  sp=0x00007fff50fe8b40,  free space=8162k
Native frames: (J=compiled Java code, j=interpreted, Vv=VM code, C=native code)
C  [libobjc.A.dylib+0xbd08]  objc_storeWeak+0x16e
C  [Foundation+0x17def]  -[NSConcreteMapTable setObject:forKey:]+0x6a
C  [AppKit+0x322a3f]  -[NSView(NSOpenGLContextAssociation) _setOpenGLContext:]+0x9b
C  [AppKit+0x6eff5b]  __27-[NSOpenGLContext setView:]_block_invoke+0xef
C  [AppKit+0x17a118]  NSPerformVisuallyAtomicChange+0x93
C  [AppKit+0x32287c]  -[NSOpenGLContext setView:]+0x69
C  [liblwjgl.dylib+0xa586]  -[MacOSXOpenGLView lockFocus]+0x76
C  [AppKit+0x19d24b]  -[NSView _recursiveDisplayRectIfNeededIgnoringOpacity:isVisibleRect:rectIsVisibleRectForView:topView:]+0x6ee
C  [AppKit+0x19daa1]  -[NSView _recursiveDisplayRectIfNeededIgnoringOpacity:isVisibleRect:rectIsVisibleRectForView:topView:]+0xf44
C  [AppKit+0x19c67f]  -[NSThemeFrame _recursiveDisplayRectIfNeededIgnoringOpacity:isVisibleRect:rectIsVisibleRectForView:topView:]+0x14e
C  [AppKit+0x19aaa8]  -[NSView _displayRectIgnoringOpacity:isVisibleRect:rectIsVisibleRectForView:]+0x994
C  [AppKit+0x19639a]  -[NSView displayIfNeeded]+0x6d4
C  [AppKit+0x195cab]  -[NSWindow displayIfNeeded]+0xe6
C  [AppKit+0x8f5d24]  ___NSWindowGetDisplayCycleObserver_block_invoke.6228+0x115
C  [AppKit+0x195789]  __37+[NSDisplayCycle currentDisplayCycle]_block_invoke+0x1c6
C  [QuartzCore+0x11dc6]  _ZN2CA11Transaction19run_commit_handlersE18CATransactionPhase+0x2e
C  [QuartzCore+0x11b8f0]  _ZN2CA7Context18commit_transactionEPNS_11TransactionE+0xa0
C  [QuartzCore+0x108a1]  _ZN2CA11Transaction6commitEv+0x1db
C  [AppKit+0x478b99]  __37+[NSDisplayCycle currentDisplayCycle]_block_invoke.31+0x143
C  [CoreFoundation+0xa6dd7]  __CFRUNLOOP_IS_CALLING_OUT_TO_AN_OBSERVER_CALLBACK_FUNCTION__+0x17
C  [CoreFoundation+0xa6d47]  __CFRunLoopDoObservers+0x187
C  [CoreFoundation+0x87789]  __CFRunLoopRun+0x369
C  [CoreFoundation+0x871c4]  CFRunLoopRunSpecific+0x1a4
C  [HIToolbox+0x30ebc]  RunCurrentEventLoopInMode+0xf0
C  [HIToolbox+0x30bf9]  ReceiveNextEventCommon+0xb8
C  [HIToolbox+0x30b26]  _BlockUntilNextEventMatchingListInModeWithFilter+0x47
C  [AppKit+0x46e24]  _DPSNextEvent+0x460
C  [AppKit+0x7c285e]  -[NSApplication(NSEvent) _nextEventMatchingEventMask:untilDate:inMode:dequeue:]+0xaec
C  [libosxapp.dylib+0x23aa]  -[NSApplicationAWT nextEventMatchingMask:untilDate:inMode:dequeue:]+0x7c
C  [AppKit+0x3b7ab]  -[NSApplication run]+0x39e
C  [libosxapp.dylib+0x214d]  +[NSApplicationAWT runAWTLoopWithApp:]+0x9c
C  [libawt_lwawt.dylib+0x444b3]  -[AWTStarter starter:]+0x389
C  [Foundation+0x7184a]  __NSThreadPerformPerform+0x146
C  [CoreFoundation+0xa73c1]  __CFRUNLOOP_IS_CALLING_OUT_TO_A_SOURCE0_PERFORM_FUNCTION__+0x11
C  [CoreFoundation+0x882cd]  __CFRunLoopDoSources0+0x22d
C  [CoreFoundation+0x877c6]  __CFRunLoopRun+0x3a6
C  [CoreFoundation+0x871c4]  CFRunLoopRunSpecific+0x1a4
C  [java+0x6465]  CreateExecutionEnvironment+0x367
C  [java+0x218c]  JLI_Launch+0x7a0
C  [java+0x84c2]  main+0x65
C  [java+0x19e4]  start+0x34
C  0x0000000000000005


---------------  P R O C E S S  ---------------

Java Threads: ( => current thread )
  0x00007fb3f4b63800 JavaThread "AWT-Shutdown" [_thread_blocked, id=5135, stack(0x0000700008045000,0x0000700008145000)]
  0x00007fb3f4b41800 JavaThread "Java2D Queue Flusher" daemon [_thread_blocked, id=64015, stack(0x00007000083d4000,0x00007000084d4000)]
  0x00007fb3f4b33000 JavaThread "Java2D Disposer" daemon [_thread_blocked, id=60175, stack(0x00007000082d1000,0x00007000083d1000)]
=>0x00007fb3f3249000 JavaThread "AppKit Thread" daemon [_thread_in_native, id=775, stack(0x00007fff507f0000,0x00007fff50ff0000)]
  0x00007fb3f4864800 JavaThread "Service Thread" daemon [_thread_blocked, id=18691, stack(0x0000700007e3f000,0x0000700007f3f000)]
  0x00007fb3f4854000 JavaThread "C1 CompilerThread2" daemon [_thread_blocked, id=18179, stack(0x0000700007d3c000,0x0000700007e3c000)]
  0x00007fb3f4839000 JavaThread "C2 CompilerThread1" daemon [_thread_blocked, id=17667, stack(0x0000700007c39000,0x0000700007d39000)]
  0x00007fb3f401a000 JavaThread "C2 CompilerThread0" daemon [_thread_blocked, id=17155, stack(0x0000700007b36000,0x0000700007c36000)]
  0x00007fb3f4838000 JavaThread "Signal Dispatcher" daemon [_thread_blocked, id=16643, stack(0x0000700007a33000,0x0000700007b33000)]
  0x00007fb3f4824000 JavaThread "Finalizer" daemon [_thread_blocked, id=12547, stack(0x0000700007930000,0x0000700007a30000)]
  0x00007fb3f3818000 JavaThread "Reference Handler" daemon [_thread_blocked, id=12035, stack(0x000070000782d000,0x000070000792d000)]
  0x00007fb3f3002000 JavaThread "main" [_thread_in_native, id=7171, stack(0x000070000721b000,0x000070000731b000)]

Other Threads:
  0x00007fb3f3815800 VMThread [stack: 0x000070000772a000,0x000070000782a000] [id=11523]
  0x00007fb3f4865800 WatcherThread [stack: 0x0000700007f42000,0x0000700008042000] [id=19203]

VM state:not at safepoint (normal execution)

VM Mutex/Monitor currently owned by a thread: None

Heap:
 PSYoungGen      total 133632K, used 27470K [0x0000000795580000, 0x00000007a4a00000, 0x00000007c0000000)
  eden space 128512K, 17% used [0x0000000795580000,0x0000000796b8b940,0x000000079d300000)
  from space 5120K, 95% used [0x000000079d300000,0x000000079d7c8040,0x000000079d800000)
  to   space 24064K, 0% used [0x00000007a3280000,0x00000007a3280000,0x00000007a4a00000)
 ParOldGen       total 141824K, used 59516K [0x0000000740000000, 0x0000000748a80000, 0x0000000795580000)
  object space 141824K, 41% used [0x0000000740000000,0x0000000743a1f3d8,0x0000000748a80000)
 Metaspace       used 11464K, capacity 11633K, committed 11776K, reserved 1060864K
  class space    used 1186K, capacity 1247K, committed 1280K, reserved 1048576K

Card table byte_map: [0x00000001109c0000,0x0000000110dc1000] byte_map_base: 0x000000010cfc0000

Marking Bits: (ParMarkBitMap*) 0x000000010f57cd20
 Begin Bits: [0x00000001206dc000, 0x00000001226dc000)
 End Bits:   [0x00000001226dc000, 0x00000001246dc000)

Polling page: 0x000000010fc71000

CodeCache: size=245760Kb used=5380Kb max_used=5392Kb free=240379Kb
 bounds [0x00000001116dc000, 0x0000000111c2c000, 0x00000001206dc000]
 total_blobs=1966 nmethods=1423 adapters=457
 compilation: enabled

Compilation events (10 events):
Event: 32.305 Thread 0x00007fb3f4854000 1419       3       java.nio.Bits::makeLong (77 bytes)
Event: 32.306 Thread 0x00007fb3f4854000 nmethod 1419 0x0000000111c1e590 code [0x0000000111c1e6e0, 0x0000000111c1e8b0]
Event: 32.323 Thread 0x00007fb3f4854000 1420       3       java.nio.Bits::getLongB (60 bytes)
Event: 32.323 Thread 0x00007fb3f4854000 nmethod 1420 0x0000000111c1d9d0 code [0x0000000111c1dbc0, 0x0000000111c1e388]
Event: 32.324 Thread 0x00007fb3f4854000 1421       3       org.lwjgl.opengl.MacOSXNativeMouse::setCursorPos (55 bytes)
Event: 32.324 Thread 0x00007fb3f4854000 nmethod 1421 0x0000000111c20b50 code [0x0000000111c20ce0, 0x0000000111c210a8]
Event: 32.324 Thread 0x00007fb3f4854000 1422       3       org.lwjgl.opengl.MacOSXNativeMouse::addDelta (22 bytes)
Event: 32.324 Thread 0x00007fb3f4854000 nmethod 1422 0x0000000111c1d650 code [0x0000000111c1d7c0, 0x0000000111c1d930]
Event: 32.891 Thread 0x00007fb3f401a000 1423       4       sun.misc.FloatingDecimal$BinaryToASCIIBuffer::developLongDigits (304 bytes)
Event: 32.893 Thread 0x00007fb3f401a000 nmethod 1423 0x0000000111c23f90 code [0x0000000111c240e0, 0x0000000111c242b8]

GC Heap History (10 events):
Event: 1.899 GC heap before
{Heap before GC invocations=2 (full 0):
 PSYoungGen      total 38400K, used 38383K [0x0000000795580000, 0x000000079a080000, 0x00000007c0000000)
  eden space 33280K, 100% used [0x0000000795580000,0x0000000797600000,0x0000000797600000)
  from space 5120K, 99% used [0x0000000797600000,0x0000000797afbe88,0x0000000797b00000)
  to   space 5120K, 0% used [0x0000000799b80000,0x0000000799b80000,0x000000079a080000)
 ParOldGen       total 87552K, used 18742K [0x0000000740000000, 0x0000000745580000, 0x0000000795580000)
  object space 87552K, 21% used [0x0000000740000000,0x000000074124da18,0x0000000745580000)
 Metaspace       used 9029K, capacity 9219K, committed 9472K, reserved 1058816K
  class space    used 941K, capacity 1020K, committed 1024K, reserved 1048576K
Event: 1.906 GC heap after
Heap after GC invocations=2 (full 0):
 PSYoungGen      total 71680K, used 4706K [0x0000000795580000, 0x000000079a080000, 0x00000007c0000000)
  eden space 66560K, 0% used [0x0000000795580000,0x0000000795580000,0x0000000799680000)
  from space 5120K, 91% used [0x0000000799b80000,0x000000079a018900,0x000000079a080000)
  to   space 5120K, 0% used [0x0000000799680000,0x0000000799680000,0x0000000799b80000)
 ParOldGen       total 87552K, used 18750K [0x0000000740000000, 0x0000000745580000, 0x0000000795580000)
  object space 87552K, 21% used [0x0000000740000000,0x000000074124fa18,0x0000000745580000)
 Metaspace       used 9029K, capacity 9219K, committed 9472K, reserved 1058816K
  class space    used 941K, capacity 1020K, committed 1024K, reserved 1048576K
}
Event: 2.181 GC heap before
{Heap before GC invocations=3 (full 0):
 PSYoungGen      total 71680K, used 71266K [0x0000000795580000, 0x000000079a080000, 0x00000007c0000000)
  eden space 66560K, 100% used [0x0000000795580000,0x0000000799680000,0x0000000799680000)
  from space 5120K, 91% used [0x0000000799b80000,0x000000079a018900,0x000000079a080000)
  to   space 5120K, 0% used [0x0000000799680000,0x0000000799680000,0x0000000799b80000)
 ParOldGen       total 87552K, used 18750K [0x0000000740000000, 0x0000000745580000, 0x0000000795580000)
  object space 87552K, 21% used [0x0000000740000000,0x000000074124fa18,0x0000000745580000)
 Metaspace       used 10091K, capacity 10257K, committed 10368K, reserved 1058816K
  class space    used 1075K, capacity 1151K, committed 1152K, reserved 1048576K
Event: 2.213 GC heap after
Heap after GC invocations=3 (full 0):
 PSYoungGen      total 71680K, used 4688K [0x0000000795580000, 0x000000079e180000, 0x00000007c0000000)
  eden space 66560K, 0% used [0x0000000795580000,0x0000000795580000,0x0000000799680000)
  from space 5120K, 91% used [0x0000000799680000,0x0000000799b14010,0x0000000799b80000)
  to   space 5120K, 0% used [0x000000079dc80000,0x000000079dc80000,0x000000079e180000)
 ParOldGen       total 87552K, used 71822K [0x0000000740000000, 0x0000000745580000, 0x0000000795580000)
  object space 87552K, 82% used [0x0000000740000000,0x0000000744623a68,0x0000000745580000)
 Metaspace       used 10091K, capacity 10257K, committed 10368K, reserved 1058816K
  class space    used 1075K, capacity 1151K, committed 1152K, reserved 1048576K
}
Event: 2.213 GC heap before
{Heap before GC invocations=4 (full 1):
 PSYoungGen      total 71680K, used 4688K [0x0000000795580000, 0x000000079e180000, 0x00000007c0000000)
  eden space 66560K, 0% used [0x0000000795580000,0x0000000795580000,0x0000000799680000)
  from space 5120K, 91% used [0x0000000799680000,0x0000000799b14010,0x0000000799b80000)
  to   space 5120K, 0% used [0x000000079dc80000,0x000000079dc80000,0x000000079e180000)
 ParOldGen       total 87552K, used 71822K [0x0000000740000000, 0x0000000745580000, 0x0000000795580000)
  object space 87552K, 82% used [0x0000000740000000,0x0000000744623a68,0x0000000745580000)
 Metaspace       used 10091K, capacity 10257K, committed 10368K, reserved 1058816K
  class space    used 1075K, capacity 1151K, committed 1152K, reserved 1048576K
Event: 2.240 GC heap after
Heap after GC invocations=4 (full 1):
 PSYoungGen      total 71680K, used 0K [0x0000000795580000, 0x000000079e180000, 0x00000007c0000000)
  eden space 66560K, 0% used [0x0000000795580000,0x0000000795580000,0x0000000799680000)
  from space 5120K, 0% used [0x0000000799680000,0x0000000799680000,0x0000000799b80000)
  to   space 5120K, 0% used [0x000000079dc80000,0x000000079dc80000,0x000000079e180000)
 ParOldGen       total 141824K, used 39227K [0x0000000740000000, 0x0000000748a80000, 0x0000000795580000)
  object space 141824K, 27% used [0x0000000740000000,0x000000074264ef88,0x0000000748a80000)
 Metaspace       used 10091K, capacity 10257K, committed 10368K, reserved 1058816K
  class space    used 1075K, capacity 1151K, committed 1152K, reserved 1048576K
}
Event: 2.973 GC heap before
{Heap before GC invocations=5 (full 1):
 PSYoungGen      total 71680K, used 64430K [0x0000000795580000, 0x000000079e180000, 0x00000007c0000000)
  eden space 66560K, 96% used [0x0000000795580000,0x000000079946bae8,0x0000000799680000)
  from space 5120K, 0% used [0x0000000799680000,0x0000000799680000,0x0000000799b80000)
  to   space 5120K, 0% used [0x000000079dc80000,0x000000079dc80000,0x000000079e180000)
 ParOldGen       total 141824K, used 39227K [0x0000000740000000, 0x0000000748a80000, 0x0000000795580000)
  object space 141824K, 27% used [0x0000000740000000,0x000000074264ef88,0x0000000748a80000)
 Metaspace       used 10236K, capacity 10385K, committed 10624K, reserved 1058816K
  class space    used 1091K, capacity 1151K, committed 1152K, reserved 1048576K
Event: 2.976 GC heap after
Heap after GC invocations=5 (full 1):
 PSYoungGen      total 118272K, used 224K [0x0000000795580000, 0x000000079dd00000, 0x00000007c0000000)
  eden space 117760K, 0% used [0x0000000795580000,0x0000000795580000,0x000000079c880000)
  from space 512K, 43% used [0x000000079dc80000,0x000000079dcb8000,0x000000079dd00000)
  to   space 5120K, 0% used [0x000000079d300000,0x000000079d300000,0x000000079d800000)
 ParOldGen       total 141824K, used 57460K [0x0000000740000000, 0x0000000748a80000, 0x0000000795580000)
  object space 141824K, 40% used [0x0000000740000000,0x000000074381d3b8,0x0000000748a80000)
 Metaspace       used 10236K, capacity 10385K, committed 10624K, reserved 1058816K
  class space    used 1091K, capacity 1151K, committed 1152K, reserved 1048576K
}
Event: 4.774 GC heap before
{Heap before GC invocations=6 (full 1):
 PSYoungGen      total 118272K, used 117984K [0x0000000795580000, 0x000000079dd00000, 0x00000007c0000000)
  eden space 117760K, 100% used [0x0000000795580000,0x000000079c880000,0x000000079c880000)
  from space 512K, 43% used [0x000000079dc80000,0x000000079dcb8000,0x000000079dd00000)
  to   space 5120K, 0% used [0x000000079d300000,0x000000079d300000,0x000000079d800000)
 ParOldGen       total 141824K, used 57460K [0x0000000740000000, 0x0000000748a80000, 0x0000000795580000)
  object space 141824K, 40% used [0x0000000740000000,0x000000074381d3b8,0x0000000748a80000)
 Metaspace       used 10991K, capacity 11153K, committed 11520K, reserved 1058816K
  class space    used 1160K, capacity 1215K, committed 1280K, reserved 1048576K
Event: 4.778 GC heap after
Heap after GC invocations=6 (full 1):
 PSYoungGen      total 133632K, used 4896K [0x0000000795580000, 0x00000007a4a00000, 0x00000007c0000000)
  eden space 128512K, 0% used [0x0000000795580000,0x0000000795580000,0x000000079d300000)
  from space 5120K, 95% used [0x000000079d300000,0x000000079d7c8040,0x000000079d800000)
  to   space 24064K, 0% used [0x00000007a3280000,0x00000007a3280000,0x00000007a4a00000)
 ParOldGen       total 141824K, used 59516K [0x0000000740000000, 0x0000000748a80000, 0x0000000795580000)
  object space 141824K, 41% used [0x0000000740000000,0x0000000743a1f3d8,0x0000000748a80000)
 Metaspace       used 10991K, capacity 11153K, committed 11520K, reserved 1058816K
  class space    used 1160K, capacity 1215K, committed 1280K, reserved 1048576K
}

Deoptimization events (10 events):
Event: 2.893 Thread 0x00007fb3f3002000 Uncommon trap: reason=null_assert action=make_not_entrant pc=0x000000011198f3d4 method=com.sun.imageio.plugins.jpeg.JPEGImageReader.acceptPixels(IZ)V @ 4
Event: 4.526 Thread 0x00007fb3f3002000 Uncommon trap: reason=class_check action=maybe_recompile pc=0x0000000111964e1c method=java.util.HashMap.putVal(ILjava/lang/Object;Ljava/lang/Object;ZZ)Ljava/lang/Object; @ 91
Event: 4.530 Thread 0x00007fb3f3002000 Uncommon trap: reason=class_check action=maybe_recompile pc=0x0000000111964e1c method=java.util.HashMap.putVal(ILjava/lang/Object;Ljava/lang/Object;ZZ)Ljava/lang/Object; @ 91
Event: 4.554 Thread 0x00007fb3f3002000 Uncommon trap: reason=unstable_if action=reinterpret pc=0x0000000111a1d9a4 method=java.awt.image.ComponentColorModel.getDataElements(ILjava/lang/Object;)Ljava/lang/Object; @ 30
Event: 4.555 Thread 0x00007fb3f3002000 Uncommon trap: reason=unstable_if action=reinterpret pc=0x00000001119d8300 method=java.awt.image.ComponentColorModel.getAlpha(Ljava/lang/Object;)I @ 4
Event: 4.555 Thread 0x00007fb3f3002000 Uncommon trap: reason=unstable_if action=reinterpret pc=0x00000001119a89dc method=java.awt.image.ComponentColorModel.extractComponent(Ljava/lang/Object;II)I @ 4
Event: 4.555 Thread 0x00007fb3f3002000 Uncommon trap: reason=unstable_if action=reinterpret pc=0x00000001119a80c8 method=java.awt.image.ComponentColorModel.getAlpha(Ljava/lang/Object;)I @ 4
Event: 4.555 Thread 0x00007fb3f3002000 Uncommon trap: reason=unstable_if action=reinterpret pc=0x00000001119a93c0 method=java.awt.image.ComponentColorModel.getAlpha(Ljava/lang/Object;)I @ 4
Event: 4.555 Thread 0x00007fb3f3002000 Uncommon trap: reason=unstable_if action=reinterpret pc=0x00000001119b3214 method=java.awt.image.ComponentColorModel.getAlpha(Ljava/lang/Object;)I @ 4
Event: 4.838 Thread 0x00007fb3f3002000 Uncommon trap: reason=unstable_if action=reinterpret pc=0x00000001119f56fc method=java.nio.DirectByteBuffer.put([BII)Ljava/nio/ByteBuffer; @ 8

Internal exceptions (10 events):
Event: 0.229 Thread 0x00007fb3f3002000 Exception <a 'java/security/PrivilegedActionException'> (0x00000007957eb100) thrown at [/Users/java_re/workspace/8-2-build-macosx-x86_64/jdk8u111/7883/hotspot/src/share/vm/prims/jvm.cpp, line 1386]
Event: 0.229 Thread 0x00007fb3f3002000 Exception <a 'java/security/PrivilegedActionException'> (0x00000007957ee5f0) thrown at [/Users/java_re/workspace/8-2-build-macosx-x86_64/jdk8u111/7883/hotspot/src/share/vm/prims/jvm.cpp, line 1386]
Event: 0.229 Thread 0x00007fb3f3002000 Exception <a 'java/security/PrivilegedActionException'> (0x00000007957ee800) thrown at [/Users/java_re/workspace/8-2-build-macosx-x86_64/jdk8u111/7883/hotspot/src/share/vm/prims/jvm.cpp, line 1386]
Event: 0.332 Thread 0x00007fb3f3002000 Exception <a 'java/lang/NoSuchFieldError': method resolution failed> (0x000000079592d1b0) thrown at [/Users/java_re/workspace/8-2-build-macosx-x86_64/jdk8u111/7883/hotspot/src/share/vm/prims/methodHandles.cpp, line 1146]
Event: 0.339 Thread 0x00007fb3f3002000 Exception <a 'java/lang/NoSuchFieldError': method resolution failed> (0x000000079593a900) thrown at [/Users/java_re/workspace/8-2-build-macosx-x86_64/jdk8u111/7883/hotspot/src/share/vm/prims/methodHandles.cpp, line 1146]
Event: 0.659 Thread 0x00007fb3f3002000 Exception <a 'java/io/FileNotFoundException'> (0x00000007959b6130) thrown at [/Users/java_re/workspace/8-2-build-macosx-x86_64/jdk8u111/7883/hotspot/src/share/vm/prims/jni.cpp, line 709]
Event: 0.659 Thread 0x00007fb3f3002000 Exception <a 'java/io/FileNotFoundException'> (0x00000007959b6cd0) thrown at [/Users/java_re/workspace/8-2-build-macosx-x86_64/jdk8u111/7883/hotspot/src/share/vm/prims/jni.cpp, line 709]
Event: 0.697 Thread 0x00007fb3f3002000 Exception <a 'java/io/FileNotFoundException'> (0x0000000795a0c100) thrown at [/Users/java_re/workspace/8-2-build-macosx-x86_64/jdk8u111/7883/hotspot/src/share/vm/prims/jni.cpp, line 709]
Event: 2.285 Thread 0x00007fb3f3002000 Implicit null exception at 0x00000001119c4ff6 to 0x00000001119c55f1
Event: 2.285 Thread 0x00007fb3f3002000 Implicit null exception at 0x00000001119a4f24 to 0x00000001119a5151

Events (10 events):
Event: 26.660 Executing VM operation: RevokeBias
Event: 26.660 Executing VM operation: RevokeBias done
Event: 26.660 Thread 0x00007fb3f8899000 Thread exited: 0x00007fb3f8899000
Event: 27.375 Thread 0x00007fb3f4b63800 Thread added: 0x00007fb3f4b63800
Event: 28.747 Executing VM operation: RevokeBias
Event: 28.748 Executing VM operation: RevokeBias done
Event: 28.748 Thread 0x00007fb3f4b63800 Thread exited: 0x00007fb3f4b63800
Event: 29.418 Thread 0x00007fb3f4b63800 Thread added: 0x00007fb3f4b63800
Event: 32.973 loading class org/lwjgl/opengl/CallbackUtil
Event: 32.973 loading class org/lwjgl/opengl/CallbackUtil done


Dynamic libraries:
0x000000004df63000 	/System/Library/Frameworks/Cocoa.framework/Versions/A/Cocoa
0x000000004df63000 	/System/Library/Frameworks/Security.framework/Versions/A/Security
0x000000004df63000 	/System/Library/Frameworks/ApplicationServices.framework/Versions/A/ApplicationServices
0x000000004df63000 	/usr/lib/libz.1.dylib
0x000000004df63000 	/usr/lib/libSystem.B.dylib
0x000000004df63000 	/usr/lib/libobjc.A.dylib
0x000000004df63000 	/System/Library/Frameworks/CoreFoundation.framework/Versions/A/CoreFoundation
0x000000004df63000 	/System/Library/Frameworks/Foundation.framework/Versions/C/Foundation
0x000000004df63000 	/System/Library/Frameworks/AppKit.framework/Versions/C/AppKit
0x000000004df63000 	/System/Library/Frameworks/CoreData.framework/Versions/A/CoreData
0x000000004df63000 	/System/Library/PrivateFrameworks/RemoteViewServices.framework/Versions/A/RemoteViewServices
0x000000004df63000 	/System/Library/PrivateFrameworks/UIFoundation.framework/Versions/A/UIFoundation
0x000000004df63000 	/System/Library/PrivateFrameworks/DFRFoundation.framework/Versions/A/DFRFoundation
0x000000004df63000 	/usr/lib/libenergytrace.dylib
0x000000004df63000 	/System/Library/PrivateFrameworks/SkyLight.framework/Versions/A/SkyLight
0x000000004df63000 	/System/Library/Frameworks/CoreGraphics.framework/Versions/A/CoreGraphics
0x000000004df63000 	/usr/lib/libScreenReader.dylib
0x000000004df63000 	/System/Library/Frameworks/Accelerate.framework/Versions/A/Accelerate
0x000000004df63000 	/System/Library/Frameworks/IOSurface.framework/Versions/A/IOSurface
0x000000004df63000 	/System/Library/Frameworks/AudioToolbox.framework/Versions/A/AudioToolbox
0x000000004df63000 	/System/Library/Frameworks/AudioUnit.framework/Versions/A/AudioUnit
0x000000004df63000 	/System/Library/PrivateFrameworks/DataDetectorsCore.framework/Versions/A/DataDetectorsCore
0x000000004df63000 	/System/Library/PrivateFrameworks/DesktopServicesPriv.framework/Versions/A/DesktopServicesPriv
0x000000004df63000 	/System/Library/Frameworks/Carbon.framework/Versions/A/Frameworks/HIToolbox.framework/Versions/A/HIToolbox
0x000000004df63000 	/usr/lib/libicucore.A.dylib
0x000000004df63000 	/System/Library/Frameworks/QuartzCore.framework/Versions/A/QuartzCore
0x000000004df63000 	/System/Library/Frameworks/Carbon.framework/Versions/A/Frameworks/SpeechRecognition.framework/Versions/A/SpeechRecognition
0x000000004df63000 	/usr/lib/libauto.dylib
0x000000004df63000 	/usr/lib/libxml2.2.dylib
0x000000004df63000 	/System/Library/PrivateFrameworks/CoreUI.framework/Versions/A/CoreUI
0x000000004df63000 	/System/Library/Frameworks/CoreAudio.framework/Versions/A/CoreAudio
0x000000004df63000 	/System/Library/Frameworks/DiskArbitration.framework/Versions/A/DiskArbitration
0x000000004df63000 	/usr/lib/liblangid.dylib
0x000000004df63000 	/System/Library/PrivateFrameworks/MultitouchSupport.framework/Versions/A/MultitouchSupport
0x000000004df63000 	/System/Library/Frameworks/IOKit.framework/Versions/A/IOKit
0x000000004df63000 	/usr/lib/libDiagnosticMessagesClient.dylib
0x000000004df63000 	/System/Library/Frameworks/CoreServices.framework/Versions/A/CoreServices
0x000000004df63000 	/System/Library/PrivateFrameworks/PerformanceAnalysis.framework/Versions/A/PerformanceAnalysis
0x000000004df63000 	/System/Library/PrivateFrameworks/GenerationalStorage.framework/Versions/A/GenerationalStorage
0x000000004df63000 	/System/Library/Frameworks/OpenGL.framework/Versions/A/OpenGL
0x000000004df63000 	/System/Library/Frameworks/CoreImage.framework/Versions/A/CoreImage
0x000000004df63000 	/System/Library/Frameworks/CoreText.framework/Versions/A/CoreText
0x000000004df63000 	/System/Library/Frameworks/ImageIO.framework/Versions/A/ImageIO
0x000000004df63000 	/System/Library/PrivateFrameworks/Backup.framework/Versions/A/Backup
0x000000004df63000 	/usr/lib/libarchive.2.dylib
0x000000004df63000 	/System/Library/Frameworks/CFNetwork.framework/Versions/A/CFNetwork
0x000000004df63000 	/System/Library/Frameworks/SystemConfiguration.framework/Versions/A/SystemConfiguration
0x000000004df63000 	/usr/lib/libCRFSuite.dylib
0x000000004df63000 	/usr/lib/libc++.1.dylib
0x000000004df63000 	/usr/lib/libc++abi.dylib
0x000000004df63000 	/usr/lib/system/libcache.dylib
0x000000004df63000 	/usr/lib/system/libcommonCrypto.dylib
0x000000004df63000 	/usr/lib/system/libcompiler_rt.dylib
0x000000004df63000 	/usr/lib/system/libcopyfile.dylib
0x000000004df63000 	/usr/lib/system/libcorecrypto.dylib
0x000000004df63000 	/usr/lib/system/libdispatch.dylib
0x000000004df63000 	/usr/lib/system/libdyld.dylib
0x000000004df63000 	/usr/lib/system/libkeymgr.dylib
0x000000004df63000 	/usr/lib/system/liblaunch.dylib
0x000000004df63000 	/usr/lib/system/libmacho.dylib
0x000000004df63000 	/usr/lib/system/libquarantine.dylib
0x000000004df63000 	/usr/lib/system/libremovefile.dylib
0x000000004df63000 	/usr/lib/system/libsystem_asl.dylib
0x000000004df63000 	/usr/lib/system/libsystem_blocks.dylib
0x000000004df63000 	/usr/lib/system/libsystem_c.dylib
0x000000004df63000 	/usr/lib/system/libsystem_configuration.dylib
0x000000004df63000 	/usr/lib/system/libsystem_coreservices.dylib
0x000000004df63000 	/usr/lib/system/libsystem_coretls.dylib
0x000000004df63000 	/usr/lib/system/libsystem_dnssd.dylib
0x000000004df63000 	/usr/lib/system/libsystem_info.dylib
0x000000004df63000 	/usr/lib/system/libsystem_kernel.dylib
0x000000004df63000 	/usr/lib/system/libsystem_m.dylib
0x000000004df63000 	/usr/lib/system/libsystem_malloc.dylib
0x000000004df63000 	/usr/lib/system/libsystem_network.dylib
0x000000004df63000 	/usr/lib/system/libsystem_networkextension.dylib
0x000000004df63000 	/usr/lib/system/libsystem_notify.dylib
0x000000004df63000 	/usr/lib/system/libsystem_platform.dylib
0x000000004df63000 	/usr/lib/system/libsystem_pthread.dylib
0x000000004df63000 	/usr/lib/system/libsystem_sandbox.dylib
0x000000004df63000 	/usr/lib/system/libsystem_secinit.dylib
0x000000004df63000 	/usr/lib/system/libsystem_symptoms.dylib
0x000000004df63000 	/usr/lib/system/libsystem_trace.dylib
0x000000004df63000 	/usr/lib/system/libunwind.dylib
0x000000004df63000 	/usr/lib/system/libxpc.dylib
0x000000004df63000 	/usr/lib/libbsm.0.dylib
0x000000004df63000 	/usr/lib/system/libkxld.dylib
0x000000004df63000 	/usr/lib/libcoretls.dylib
0x000000004df63000 	/usr/lib/libcoretls_cfhelpers.dylib
0x000000004df63000 	/usr/lib/libOpenScriptingUtil.dylib
0x000000004df63000 	/usr/lib/libpam.2.dylib
0x000000004df63000 	/usr/lib/libsqlite3.dylib
0x000000004df63000 	/usr/lib/libxar.1.dylib
0x000000004df63000 	/usr/lib/libbz2.1.0.dylib
0x000000004df63000 	/usr/lib/liblzma.5.dylib
0x000000004df63000 	/usr/lib/libnetwork.dylib
0x000000004df63000 	/usr/lib/libpcap.A.dylib
0x000000004df63000 	/System/Library/Frameworks/CoreServices.framework/Versions/A/Frameworks/FSEvents.framework/Versions/A/FSEvents
0x000000004df63000 	/System/Library/Frameworks/CoreServices.framework/Versions/A/Frameworks/CarbonCore.framework/Versions/A/CarbonCore
0x000000004df63000 	/System/Library/Frameworks/CoreServices.framework/Versions/A/Frameworks/Metadata.framework/Versions/A/Metadata
0x000000004df63000 	/System/Library/Frameworks/CoreServices.framework/Versions/A/Frameworks/OSServices.framework/Versions/A/OSServices
0x000000004df63000 	/System/Library/Frameworks/CoreServices.framework/Versions/A/Frameworks/SearchKit.framework/Versions/A/SearchKit
0x000000004df63000 	/System/Library/Frameworks/CoreServices.framework/Versions/A/Frameworks/AE.framework/Versions/A/AE
0x000000004df63000 	/System/Library/Frameworks/CoreServices.framework/Versions/A/Frameworks/LaunchServices.framework/Versions/A/LaunchServices
0x000000004df63000 	/System/Library/Frameworks/CoreServices.framework/Versions/A/Frameworks/DictionaryServices.framework/Versions/A/DictionaryServices
0x000000004df63000 	/System/Library/Frameworks/CoreServices.framework/Versions/A/Frameworks/SharedFileList.framework/Versions/A/SharedFileList
0x000000004df63000 	/System/Library/Frameworks/NetFS.framework/Versions/A/NetFS
0x000000004df63000 	/System/Library/PrivateFrameworks/NetAuth.framework/Versions/A/NetAuth
0x000000004df63000 	/System/Library/PrivateFrameworks/login.framework/Versions/A/Frameworks/loginsupport.framework/Versions/A/loginsupport
0x000000004df63000 	/System/Library/PrivateFrameworks/TCC.framework/Versions/A/TCC
0x000000004df63000 	/usr/lib/libmecabra.dylib
0x000000004df63000 	/System/Library/Frameworks/ApplicationServices.framework/Versions/A/Frameworks/ATS.framework/Versions/A/ATS
0x000000004df63000 	/System/Library/Frameworks/ApplicationServices.framework/Versions/A/Frameworks/ColorSync.framework/Versions/A/ColorSync
0x000000004df63000 	/System/Library/Frameworks/ApplicationServices.framework/Versions/A/Frameworks/HIServices.framework/Versions/A/HIServices
0x000000004df63000 	/System/Library/Frameworks/ApplicationServices.framework/Versions/A/Frameworks/LangAnalysis.framework/Versions/A/LangAnalysis
0x000000004df63000 	/System/Library/Frameworks/ApplicationServices.framework/Versions/A/Frameworks/PrintCore.framework/Versions/A/PrintCore
0x000000004df63000 	/System/Library/Frameworks/ApplicationServices.framework/Versions/A/Frameworks/QD.framework/Versions/A/QD
0x000000004df63000 	/System/Library/Frameworks/ApplicationServices.framework/Versions/A/Frameworks/SpeechSynthesis.framework/Versions/A/SpeechSynthesis
0x000000004df63000 	/System/Library/Frameworks/Accelerate.framework/Versions/A/Frameworks/vImage.framework/Versions/A/vImage
0x000000004df63000 	/System/Library/Frameworks/Accelerate.framework/Versions/A/Frameworks/vecLib.framework/Versions/A/vecLib
0x000000004df63000 	/System/Library/Frameworks/Accelerate.framework/Versions/A/Frameworks/vecLib.framework/Versions/A/libvDSP.dylib
0x000000004df63000 	/System/Library/Frameworks/Accelerate.framework/Versions/A/Frameworks/vecLib.framework/Versions/A/libBNNS.dylib
0x000000004df63000 	/System/Library/Frameworks/Accelerate.framework/Versions/A/Frameworks/vecLib.framework/Versions/A/libQuadrature.dylib
0x000000004df63000 	/System/Library/Frameworks/Accelerate.framework/Versions/A/Frameworks/vecLib.framework/Versions/A/libvMisc.dylib
0x000000004df63000 	/System/Library/Frameworks/Accelerate.framework/Versions/A/Frameworks/vecLib.framework/Versions/A/libLAPACK.dylib
0x000000004df63000 	/System/Library/Frameworks/Accelerate.framework/Versions/A/Frameworks/vecLib.framework/Versions/A/libBLAS.dylib
0x000000004df63000 	/System/Library/Frameworks/Accelerate.framework/Versions/A/Frameworks/vecLib.framework/Versions/A/libLinearAlgebra.dylib
0x000000004df63000 	/System/Library/Frameworks/Accelerate.framework/Versions/A/Frameworks/vecLib.framework/Versions/A/libSparseBLAS.dylib
0x000000004df63000 	/System/Library/Frameworks/ApplicationServices.framework/Versions/A/Frameworks/ATS.framework/Versions/A/Resources/libFontParser.dylib
0x000000004df63000 	/System/Library/Frameworks/ApplicationServices.framework/Versions/A/Frameworks/ATS.framework/Versions/A/Resources/libFontRegistry.dylib
0x000000004df63000 	/System/Library/Frameworks/ImageIO.framework/Versions/A/Resources/libJPEG.dylib
0x000000004df63000 	/System/Library/Frameworks/ImageIO.framework/Versions/A/Resources/libTIFF.dylib
0x000000004df63000 	/System/Library/Frameworks/ImageIO.framework/Versions/A/Resources/libPng.dylib
0x000000004df63000 	/System/Library/Frameworks/ImageIO.framework/Versions/A/Resources/libGIF.dylib
0x000000004df63000 	/System/Library/Frameworks/ImageIO.framework/Versions/A/Resources/libJP2.dylib
0x000000004df63000 	/System/Library/Frameworks/ImageIO.framework/Versions/A/Resources/libRadiance.dylib
0x000000004df63000 	/usr/lib/libcompression.dylib
0x000000004df63000 	/System/Library/PrivateFrameworks/AppleJPEG.framework/Versions/A/AppleJPEG
0x000000004df63000 	/usr/lib/libcups.2.dylib
0x000000004df63000 	/System/Library/Frameworks/Kerberos.framework/Versions/A/Kerberos
0x000000004df63000 	/System/Library/Frameworks/GSS.framework/Versions/A/GSS
0x000000004df63000 	/usr/lib/libresolv.9.dylib
0x000000004df63000 	/usr/lib/libiconv.2.dylib
0x000000004df63000 	/System/Library/PrivateFrameworks/Heimdal.framework/Versions/A/Heimdal
0x000000004df63000 	/usr/lib/libheimdal-asn1.dylib
0x000000004df63000 	/System/Library/Frameworks/OpenDirectory.framework/Versions/A/OpenDirectory
0x000000004df63000 	/System/Library/PrivateFrameworks/CommonAuth.framework/Versions/A/CommonAuth
0x000000004df63000 	/System/Library/Frameworks/OpenDirectory.framework/Versions/A/Frameworks/CFOpenDirectory.framework/Versions/A/CFOpenDirectory
0x000000004df63000 	/System/Library/Frameworks/SecurityFoundation.framework/Versions/A/SecurityFoundation
0x000000004df63000 	/System/Library/PrivateFrameworks/LanguageModeling.framework/Versions/A/LanguageModeling
0x000000004df63000 	/usr/lib/libmarisa.dylib
0x000000004df63000 	/usr/lib/libChineseTokenizer.dylib
0x000000004df63000 	/usr/lib/libcmph.dylib
0x000000004df63000 	/System/Library/PrivateFrameworks/CoreEmoji.framework/Versions/A/CoreEmoji
0x000000004df63000 	/System/Library/Frameworks/ServiceManagement.framework/Versions/A/ServiceManagement
0x000000004df63000 	/usr/lib/libxslt.1.dylib
0x000000004df63000 	/System/Library/Frameworks/Carbon.framework/Versions/A/Frameworks/Ink.framework/Versions/A/Ink
0x000000004df63000 	/System/Library/PrivateFrameworks/TextureIO.framework/Versions/A/TextureIO
0x000000004df63000 	/System/Library/Frameworks/Metal.framework/Versions/A/Metal
0x000000004df63000 	/usr/lib/libate.dylib
0x000000004df63000 	/System/Library/PrivateFrameworks/GPUCompiler.framework/libmetal_timestamp.dylib
0x000000004df63000 	/System/Library/Frameworks/OpenGL.framework/Versions/A/Libraries/libCoreFSCache.dylib
0x000000004df63000 	/System/Library/PrivateFrameworks/IOAccelerator.framework/Versions/A/IOAccelerator
0x000000004df63000 	/System/Library/Frameworks/CoreVideo.framework/Versions/A/CoreVideo
0x000000004df63000 	/usr/lib/libFosl_dynamic.dylib
0x000000004df63000 	/System/Library/PrivateFrameworks/MetalPerformanceShaders.framework/Versions/A/MetalPerformanceShaders
0x000000004df63000 	/System/Library/PrivateFrameworks/FaceCore.framework/Versions/A/FaceCore
0x000000004df63000 	/System/Library/Frameworks/OpenCL.framework/Versions/A/OpenCL
0x000000004df63000 	/System/Library/Frameworks/OpenGL.framework/Versions/A/Libraries/libGLU.dylib
0x000000004df63000 	/System/Library/Frameworks/OpenGL.framework/Versions/A/Libraries/libGFXShared.dylib
0x000000004df63000 	/System/Library/Frameworks/OpenGL.framework/Versions/A/Libraries/libGL.dylib
0x000000004df63000 	/System/Library/Frameworks/OpenGL.framework/Versions/A/Libraries/libGLImage.dylib
0x000000004df63000 	/System/Library/Frameworks/OpenGL.framework/Versions/A/Libraries/libCVMSPluginSupport.dylib
0x000000004df63000 	/System/Library/Frameworks/OpenGL.framework/Versions/A/Libraries/libCoreVMClient.dylib
0x000000004df63000 	/System/Library/PrivateFrameworks/CrashReporterSupport.framework/Versions/A/CrashReporterSupport
0x000000004df63000 	/System/Library/PrivateFrameworks/Sharing.framework/Versions/A/Sharing
0x000000004df63000 	/System/Library/PrivateFrameworks/IconServices.framework/Versions/A/IconServices
0x000000004df63000 	/System/Library/PrivateFrameworks/ProtocolBuffer.framework/Versions/A/ProtocolBuffer
0x000000004df63000 	/System/Library/PrivateFrameworks/Apple80211.framework/Versions/A/Apple80211
0x000000004df63000 	/System/Library/Frameworks/CoreWLAN.framework/Versions/A/CoreWLAN
0x000000004df63000 	/System/Library/PrivateFrameworks/CoreUtils.framework/Versions/A/CoreUtils
0x000000004df63000 	/System/Library/Frameworks/IOBluetooth.framework/Versions/A/IOBluetooth
0x000000004df63000 	/System/Library/PrivateFrameworks/CoreWiFi.framework/Versions/A/CoreWiFi
0x000000004df63000 	/System/Library/Frameworks/CoreBluetooth.framework/Versions/A/CoreBluetooth
0x000000004df63000 	/System/Library/Frameworks/CoreDisplay.framework/Versions/A/CoreDisplay
0x000000004df63000 	/System/Library/PrivateFrameworks/IOPresentment.framework/Versions/A/IOPresentment
0x000000004df63000 	/System/Library/PrivateFrameworks/DSExternalDisplay.framework/Versions/A/DSExternalDisplay
0x000000004df63000 	/System/Library/PrivateFrameworks/DebugSymbols.framework/Versions/A/DebugSymbols
0x000000004df63000 	/System/Library/PrivateFrameworks/CoreSymbolication.framework/Versions/A/CoreSymbolication
0x000000004df63000 	/System/Library/PrivateFrameworks/Symbolication.framework/Versions/A/Symbolication
0x000000004df63000 	/System/Library/PrivateFrameworks/AppleFSCompression.framework/Versions/A/AppleFSCompression
0x000000004df63000 	/System/Library/PrivateFrameworks/SpeechRecognitionCore.framework/Versions/A/SpeechRecognitionCore
0x000000004df63000 	/System/Library/PrivateFrameworks/ChunkingLibrary.framework/Versions/A/ChunkingLibrary
0x000000010ec8d000 	/Library/Java/JavaVirtualMachines/jdk1.8.0_111.jdk/Contents/Home/jre/lib/server/libjvm.dylib
0x000000004df63000 	/usr/lib/libstdc++.6.dylib
0x000000010fc2e000 	/Library/Java/JavaVirtualMachines/jdk1.8.0_111.jdk/Contents/Home/jre/lib/libverify.dylib
0x000000010fc3c000 	/Library/Java/JavaVirtualMachines/jdk1.8.0_111.jdk/Contents/Home/jre/lib/libjava.dylib
0x000000010fc7b000 	/Library/Java/JavaVirtualMachines/jdk1.8.0_111.jdk/Contents/Home/jre/lib/libzip.dylib
0x0000000125e7c000 	/System/Library/Frameworks/JavaVM.framework/Frameworks/JavaRuntimeSupport.framework/JavaRuntimeSupport
0x0000000125e96000 	/System/Library/Frameworks/JavaVM.framework/Versions/A/Frameworks/JavaNativeFoundation.framework/Versions/A/JavaNativeFoundation
0x0000000125eab000 	/System/Library/Frameworks/JavaVM.framework/Versions/A/JavaVM
0x000000004df63000 	/System/Library/Frameworks/Carbon.framework/Versions/A/Carbon
0x0000000125eb8000 	/System/Library/PrivateFrameworks/JavaLaunching.framework/Versions/A/JavaLaunching
0x000000004df63000 	/System/Library/Frameworks/Carbon.framework/Versions/A/Frameworks/CommonPanels.framework/Versions/A/CommonPanels
0x000000004df63000 	/System/Library/Frameworks/Carbon.framework/Versions/A/Frameworks/Help.framework/Versions/A/Help
0x000000004df63000 	/System/Library/Frameworks/Carbon.framework/Versions/A/Frameworks/ImageCapture.framework/Versions/A/ImageCapture
0x000000004df63000 	/System/Library/Frameworks/Carbon.framework/Versions/A/Frameworks/OpenScripting.framework/Versions/A/OpenScripting
0x000000004df63000 	/System/Library/Frameworks/Carbon.framework/Versions/A/Frameworks/Print.framework/Versions/A/Print
0x000000004df63000 	/System/Library/Frameworks/Carbon.framework/Versions/A/Frameworks/SecurityHI.framework/Versions/A/SecurityHI
0x000000012786b000 	/Library/Java/JavaVirtualMachines/jdk1.8.0_111.jdk/Contents/Home/jre/lib/libawt.dylib
0x0000000127913000 	/Library/Java/JavaVirtualMachines/jdk1.8.0_111.jdk/Contents/Home/jre/lib/./libmlib_image.dylib
0x00000001279df000 	/Library/Java/JavaVirtualMachines/jdk1.8.0_111.jdk/Contents/Home/jre/lib/libawt_lwawt.dylib
0x0000000127a94000 	/Library/Java/JavaVirtualMachines/jdk1.8.0_111.jdk/Contents/Home/jre/lib/./libosxapp.dylib
0x000000004df63000 	/System/Library/Frameworks/ExceptionHandling.framework/Versions/A/ExceptionHandling
0x000000004df63000 	/System/Library/PrivateFrameworks/CoreServicesInternal.framework/Versions/A/CoreServicesInternal
0x000000004df63000 	/System/Library/CoreServices/RawCamera.bundle/Contents/MacOS/RawCamera
0x000000004df63000 	/System/Library/Frameworks/Accelerate.framework/Versions/A/Frameworks/vImage.framework/Versions/A/Libraries/libCGInterfaces.dylib
0x000000004df63000 	/System/Library/Frameworks/ApplicationServices.framework/Versions/A/Frameworks/ATS.framework/Versions/A/Resources/libTrueTypeScaler.dylib
0x00000001296ba000 	/System/Library/Frameworks/OpenGL.framework/Resources/GLEngine.bundle/GLEngine
0x000000004df63000 	/System/Library/Frameworks/OpenGL.framework/Versions/A/Libraries/libGLProgrammability.dylib
0x000000012989f000 	/System/Library/Extensions/AppleIntelBDWGraphicsGLDriver.bundle/Contents/MacOS/AppleIntelBDWGraphicsGLDriver
0x000000004df63000 	/System/Library/PrivateFrameworks/GPUSupport.framework/Versions/A/Libraries/libGPUSupportMercury.dylib
0x000000012a009000 	/System/Library/Frameworks/OpenGL.framework/Resources//GLRendererFloat.bundle/GLRendererFloat
0x000000004df63000 	/System/Library/Frameworks/OpenCL.framework/Versions/A/Libraries/libcldcpuengine.dylib
0x000000004df63000 	/usr/lib/libcrypto.0.9.8.dylib
0x000000004df63000 	/System/Library/PrivateFrameworks/TrustEvaluationAgent.framework/Versions/A/TrustEvaluationAgent
0x000000012a03d000 	/System/Library/Extensions/AppleIntelBDWGraphicsMTLDriver.bundle/Contents/MacOS/AppleIntelBDWGraphicsMTLDriver
0x000000004df63000 	/System/Library/PrivateFrameworks/FamilyControls.framework/Versions/A/FamilyControls
0x000000004df63000 	/System/Library/PrivateFrameworks/CommerceKit.framework/Versions/A/Frameworks/CommerceCore.framework/Versions/A/CommerceCore
0x000000004df63000 	/System/Library/PrivateFrameworks/SystemAdministration.framework/Versions/A/SystemAdministration
0x000000004df63000 	/System/Library/PrivateFrameworks/AppContainer.framework/Versions/A/AppContainer
0x000000004df63000 	/System/Library/PrivateFrameworks/SecCodeWrapper.framework/Versions/A/SecCodeWrapper
0x000000004df63000 	/System/Library/Frameworks/DirectoryService.framework/Versions/A/DirectoryService
0x000000004df63000 	/System/Library/PrivateFrameworks/DiskImages.framework/Versions/A/DiskImages
0x000000004df63000 	/System/Library/PrivateFrameworks/LoginUIKit.framework/Versions/A/Frameworks/LoginUICore.framework/Versions/A/LoginUICore
0x000000004df63000 	/usr/lib/libCoreStorage.dylib
0x000000004df63000 	/usr/lib/libcsfde.dylib
0x000000004df63000 	/usr/lib/libodfde.dylib
0x000000004df63000 	/System/Library/Frameworks/DiscRecording.framework/Versions/A/DiscRecording
0x000000004df63000 	/usr/lib/libcurl.4.dylib
0x000000004df63000 	/System/Library/PrivateFrameworks/MediaKit.framework/Versions/A/MediaKit
0x000000004df63000 	/System/Library/PrivateFrameworks/ProtectedCloudStorage.framework/Versions/A/ProtectedCloudStorage
0x000000004df63000 	/System/Library/PrivateFrameworks/EFILogin.framework/Versions/A/EFILogin
0x000000004df63000 	/usr/lib/libutil.dylib
0x000000004df63000 	/System/Library/Frameworks/LDAP.framework/Versions/A/LDAP
0x000000004df63000 	/usr/lib/libsasl2.2.dylib
0x000000004df63000 	/System/Library/PrivateFrameworks/CoreDaemon.framework/Versions/B/CoreDaemon
0x000000004df63000 	/System/Library/PrivateFrameworks/AppleSRP.framework/Versions/A/AppleSRP
0x000000004df63000 	/System/Library/PrivateFrameworks/APFS.framework/Versions/A/APFS
0x000000012b7b0000 	/Library/Java/JavaVirtualMachines/jdk1.8.0_111.jdk/Contents/Home/jre/lib/libfontmanager.dylib
0x000000012b845000 	/Users/miguelgascon/NetBeansProjects/target/natives/liblwjgl.dylib
0x0000000127c9b000 	/Library/Java/JavaVirtualMachines/jdk1.8.0_111.jdk/Contents/Home/jre/lib/libjawt.dylib
0x000000004df63000 	/System/Library/PrivateFrameworks/ViewBridge.framework/Versions/A/ViewBridge
0x000000004df63000 	/System/Library/PrivateFrameworks/XPCService.framework/Versions/A/XPCService
0x000000004df63000 	/System/Library/PrivateFrameworks/AppSandbox.framework/Versions/A/AppSandbox
0x000000004df63000 	/usr/lib/libsandbox.1.dylib
0x000000004df63000 	/usr/lib/libMatch.1.dylib
0x0000000127cb8000 	/Users/miguelgascon/NetBeansProjects/target/natives/libjinput-osx.jnilib
0x000000012e193000 	/System/Library/Extensions/IOHIDFamily.kext/Contents/PlugIns/IOHIDLib.plugin/Contents/MacOS/IOHIDLib
0x000000012e1e7000 	/Library/Java/JavaVirtualMachines/jdk1.8.0_111.jdk/Contents/Home/jre/lib/libnio.dylib
0x000000012e1f7000 	/Library/Java/JavaVirtualMachines/jdk1.8.0_111.jdk/Contents/Home/jre/lib/./libnet.dylib
0x000000012e212000 	/Library/Java/JavaVirtualMachines/jdk1.8.0_111.jdk/Contents/Home/jre/lib/libjpeg.dylib
0x0000000147305000 	/Library/Java/JavaVirtualMachines/jdk1.8.0_111.jdk/Contents/Home/jre/lib/liblcms.dylib
0x000000004df63000 	/System/Library/Frameworks/ApplicationServices.framework/Versions/A/Frameworks/ATS.framework/Versions/A/Resources/libType1Scaler.dylib

VM Arguments:
jvm_args: -Djava.library.path=target/natives 
java_command: ca.qc.bdeb.projetIntegrateur.Main
java_class_path (initial): /Users/miguelgascon/NetBeansProjects/target/classes:/Users/miguelgascon/.m2/repository/org/slick2d/slick2d-core/1.0.2/slick2d-core-1.0.2.jar:/Users/miguelgascon/.m2/repository/org/lwjgl/lwjgl/lwjgl/2.9.3/lwjgl-2.9.3.jar:/Users/miguelgascon/.m2/repository/org/lwjgl/lwjgl/lwjgl-platform/2.9.3/lwjgl-platform-2.9.3-natives-windows.jar:/Users/miguelgascon/.m2/repository/org/lwjgl/lwjgl/lwjgl-platform/2.9.3/lwjgl-platform-2.9.3-natives-linux.jar:/Users/miguelgascon/.m2/repository/org/lwjgl/lwjgl/lwjgl-platform/2.9.3/lwjgl-platform-2.9.3-natives-osx.jar:/Users/miguelgascon/.m2/repository/net/java/jinput/jinput/2.0.5/jinput-2.0.5.jar:/Users/miguelgascon/.m2/repository/net/java/jutils/jutils/1.0.0/jutils-1.0.0.jar:/Users/miguelgascon/.m2/repository/net/java/jinput/jinput-platform/2.0.5/jinput-platform-2.0.5-natives-linux.jar:/Users/miguelgascon/.m2/repository/net/java/jinput/jinput-platform/2.0.5/jinput-platform-2.0.5-natives-windows.jar:/Users/miguelgascon/.m2/repository/net/java/jinput/jinput-platform/2.0.5/jinput-platform-2.0.5-natives-osx.jar:/Users/miguelgascon/.m2/repository/org/lwjgl/lwjgl/3.1.1/lwjgl-3.1.1-natives-windows.jar:/Users/miguelgascon/.m2/repository/com/googlecode/mavennatives/maven-nativedependencies-plugin/0.0.7/maven-nativedependencies-plugin-0.0.7.jar:/Users/miguelgascon/.m2/repository/org/apache/maven/maven-artifact/2.0.10/maven-artifact-2.0.10.jar:/Users/miguelgascon/.m2/repository/org/apache/maven/maven-plugin-api/2.0.10/maven-plugin-api-2.0.10.jar:/Users/miguelgascon/.m2/repository/org/apache/maven/maven-project/2.0.10/maven-project-2.0.10.jar:/Users/miguelgascon/.m2/repository/org/apache/maven/maven-settings/2.0.10/maven-settings-2.0.10.jar:/Users/miguelgascon/.m2/repository/org/apache/maven/maven-profile/2.0.10/maven-profile-2.0.10.jar:/Users/miguelgascon/.m2/repository/org/apache/maven/maven-artifact-manager/2.0.10/maven-artifact-manager-2.0.10.jar:/Users/miguelgascon/.m2/repository/org/apache/maven/maven-plugin-regi
Launcher Type: SUN_STANDARD

Environment Variables:
JAVA_HOME=/Library/Java/JavaVirtualMachines/jdk1.8.0_111.jdk/Contents/Home
PATH=/usr/bin:/bin:/usr/sbin:/sbin
SHELL=/bin/bash

Signal Handlers:
SIGSEGV: [libjvm.dylib+0x5b03ed], sa_mask[0]=11111111011111110111111111111111, sa_flags=SA_ONSTACK|SA_RESTART|SA_SIGINFO
SIGBUS: [libjvm.dylib+0x5b03ed], sa_mask[0]=11111111011111110111111111111111, sa_flags=SA_RESTART|SA_SIGINFO
SIGFPE: [libjvm.dylib+0x48711c], sa_mask[0]=11111111011111110111111111111111, sa_flags=SA_RESTART|SA_SIGINFO
SIGPIPE: [libjvm.dylib+0x48711c], sa_mask[0]=11111111011111110111111111111111, sa_flags=SA_RESTART|SA_SIGINFO
SIGXFSZ: [libjvm.dylib+0x48711c], sa_mask[0]=11111111011111110111111111111111, sa_flags=SA_RESTART|SA_SIGINFO
SIGILL: [libjvm.dylib+0x48711c], sa_mask[0]=11111111011111110111111111111111, sa_flags=SA_RESTART|SA_SIGINFO
SIGUSR1: SIG_DFL, sa_mask[0]=00000000000000000000000000000000, sa_flags=none
SIGUSR2: [libjvm.dylib+0x486c3a], sa_mask[0]=00100000000000000000000000000000, sa_flags=SA_RESTART|SA_SIGINFO
SIGHUP: [libjvm.dylib+0x485211], sa_mask[0]=11111111011111110111111111111111, sa_flags=SA_RESTART|SA_SIGINFO
SIGINT: SIG_IGN, sa_mask[0]=00000000000000000000000000000000, sa_flags=none
SIGTERM: [libjvm.dylib+0x485211], sa_mask[0]=11111111011111110111111111111111, sa_flags=SA_RESTART|SA_SIGINFO
SIGQUIT: [libjvm.dylib+0x485211], sa_mask[0]=11111111011111110111111111111111, sa_flags=SA_RESTART|SA_SIGINFO


---------------  S Y S T E M  ---------------

OS:Bsduname:Darwin 16.5.0 Darwin Kernel Version 16.5.0: Fri Mar  3 16:52:33 PST 2017; root:xnu-3789.51.2~3/RELEASE_X86_64 x86_64
rlimit: STACK 8192k, CORE 0k, NPROC 709, NOFILE 10240, AS infinity
load average:1.73 1.40 1.36

CPU:total 4 (2 cores per cpu, 2 threads per core) family 6 model 61 stepping 4, cmov, cx8, fxsr, mmx, sse, sse2, sse3, ssse3, sse4.1, sse4.2, popcnt, avx, avx2, aes, clmul, erms, 3dnowpref, lzcnt, ht, tsc, tscinvbit, bmi1, bmi2, adx

Memory: 4k page, physical 8388608k(932364k free)

/proc/meminfo:


vm_info: Java HotSpot(TM) 64-Bit Server VM (25.111-b14) for bsd-amd64 JRE (1.8.0_111-b14), built on Sep 22 2016 15:31:41 by "java_re" with gcc 4.2.1 (Based on Apple Inc. build 5658) (LLVM build 2336.11.00)

time: Sat May 20 13:48:09 2017
elapsed time: 33 seconds (0d 0h 0m 33s)

